00:24:42.733 WARN  ~~ LOOPS: 14. ENTITY #: 929//665. VIEW #: 6. BACKLOGGED :: 114.857%! ~~ 
00:24:56.877 WARN  ~~ LOOPS: 13. ENTITY #: 1274//786. VIEW #: 6. BACKLOGGED :: 138.462%! ~~ 
00:24:57.889 WARN  ~~ LOOPS: 11. ENTITY #: 1261//990. VIEW #: 6. BACKLOGGED :: 164.455%! ~~ 
00:24:58.962 WARN  ~~ LOOPS: 12. ENTITY #: 1261//988. VIEW #: 6. BACKLOGGED :: 162.250%! ~~ 
00:24:59.994 WARN  ~~ LOOPS: 11. ENTITY #: 1087//947. VIEW #: 6. BACKLOGGED :: 178.364%! ~~ 
00:25:01.003 WARN  ~~ LOOPS: 14. ENTITY #: 478//493. VIEW #: 6. BACKLOGGED :: 114.857%! ~~ 
00:25:26.077 WARN  ~~ LOOPS: 13. ENTITY #: 1334//774. VIEW #: 6. BACKLOGGED :: 127.615%! ~~ 
00:25:27.169 WARN  ~~ LOOPS: 11. ENTITY #: 1822//1302. VIEW #: 6. BACKLOGGED :: 181.636%! ~~ 
00:25:28.236 WARN  ~~ LOOPS: 8. ENTITY #: 1935//1571. VIEW #: 6. BACKLOGGED :: 291.000%! ~~ 
00:25:29.378 WARN  ~~ LOOPS: 8. ENTITY #: 1842//1533. VIEW #: 6. BACKLOGGED :: 316.875%! ~~ 
00:25:30.444 WARN  ~~ LOOPS: 8. ENTITY #: 1799//1452. VIEW #: 6. BACKLOGGED :: 301.500%! ~~ 
00:25:31.482 WARN  ~~ LOOPS: 8. ENTITY #: 1864//1481. VIEW #: 6. BACKLOGGED :: 265.500%! ~~ 
00:25:32.508 WARN  ~~ LOOPS: 7. ENTITY #: 1813//1468. VIEW #: 6. BACKLOGGED :: 318.000%! ~~ 
00:25:33.622 WARN  ~~ LOOPS: 8. ENTITY #: 1807//1448. VIEW #: 6. BACKLOGGED :: 296.625%! ~~ 
00:25:34.662 WARN  ~~ LOOPS: 7. ENTITY #: 1847//1480. VIEW #: 6. BACKLOGGED :: 313.286%! ~~ 
00:25:35.827 WARN  ~~ LOOPS: 8. ENTITY #: 1698//1506. VIEW #: 6. BACKLOGGED :: 316.125%! ~~ 
00:25:36.827 WARN  ~~ LOOPS: 9. ENTITY #: 1347//1203. VIEW #: 6. BACKLOGGED :: 232.667%! ~~ 
00:25:37.852 WARN  ~~ LOOPS: 12. ENTITY #: 954//841. VIEW #: 6. BACKLOGGED :: 159.250%! ~~ 
00:26:54.029 WARN  ~~ LOOPS: 13. ENTITY #: 1447//831. VIEW #: 4. BACKLOGGED :: 131.538%! ~~ 
00:26:55.169 WARN  ~~ LOOPS: 10. ENTITY #: 1944//1413. VIEW #: 4. BACKLOGGED :: 226.200%! ~~ 
00:26:56.301 WARN  ~~ LOOPS: 7. ENTITY #: 1964//1614. VIEW #: 4. BACKLOGGED :: 369.857%! ~~ 
00:26:57.331 WARN  ~~ LOOPS: 6. ENTITY #: 1999//1645. VIEW #: 4. BACKLOGGED :: 368.000%! ~~ 
00:26:58.366 WARN  ~~ LOOPS: 6. ENTITY #: 2036//1651. VIEW #: 4. BACKLOGGED :: 398.500%! ~~ 
00:26:59.453 WARN  ~~ LOOPS: 6. ENTITY #: 2080//1700. VIEW #: 4. BACKLOGGED :: 401.000%! ~~ 
00:27:00.496 WARN  ~~ LOOPS: 6. ENTITY #: 2117//1738. VIEW #: 4. BACKLOGGED :: 405.000%! ~~ 
00:27:01.719 WARN  ~~ LOOPS: 6. ENTITY #: 2192//1804. VIEW #: 4. BACKLOGGED :: 470.000%! ~~ 
00:27:02.886 WARN  ~~ LOOPS: 6. ENTITY #: 2081//1829. VIEW #: 4. BACKLOGGED :: 414.000%! ~~ 
00:27:03.939 WARN  ~~ LOOPS: 6. ENTITY #: 1941//1711. VIEW #: 4. BACKLOGGED :: 399.000%! ~~ 
00:27:05.064 WARN  ~~ LOOPS: 7. ENTITY #: 1710//1522. VIEW #: 4. BACKLOGGED :: 359.143%! ~~ 
00:27:06.090 WARN  ~~ LOOPS: 8. ENTITY #: 1444//1259. VIEW #: 4. BACKLOGGED :: 288.375%! ~~ 
00:27:07.136 WARN  ~~ LOOPS: 10. ENTITY #: 1013//908. VIEW #: 4. BACKLOGGED :: 216.300%! ~~ 
00:27:41.377 WARN  ~~ LOOPS: 11. ENTITY #: 1358//905. VIEW #: 5. BACKLOGGED :: 189.273%! ~~ 
00:27:42.404 WARN  ~~ LOOPS: 8. ENTITY #: 1377//1035. VIEW #: 5. BACKLOGGED :: 271.875%! ~~ 
00:27:43.454 WARN  ~~ LOOPS: 9. ENTITY #: 1692//1214. VIEW #: 5. BACKLOGGED :: 241.333%! ~~ 
00:27:44.610 WARN  ~~ LOOPS: 7. ENTITY #: 2056//1571. VIEW #: 5. BACKLOGGED :: 303.429%! ~~ 
00:27:45.669 WARN  ~~ LOOPS: 5. ENTITY #: 2070//1742. VIEW #: 5. BACKLOGGED :: 444.000%! ~~ 
00:27:46.736 WARN  ~~ LOOPS: 5. ENTITY #: 2001//1711. VIEW #: 5. BACKLOGGED :: 452.400%! ~~ 
00:27:47.799 WARN  ~~ LOOPS: 6. ENTITY #: 2116//1722. VIEW #: 5. BACKLOGGED :: 362.000%! ~~ 
00:27:48.937 WARN  ~~ LOOPS: 6. ENTITY #: 2294//1895. VIEW #: 5. BACKLOGGED :: 381.500%! ~~ 
00:27:50.140 WARN  ~~ LOOPS: 6. ENTITY #: 2451//2040. VIEW #: 5. BACKLOGGED :: 413.000%! ~~ 
00:27:51.235 WARN  ~~ LOOPS: 5. ENTITY #: 2680//2265. VIEW #: 5. BACKLOGGED :: 410.400%! ~~ 
00:29:23.058 WARN  ~~ LOOPS: 9. ENTITY #: 1638//1120. VIEW #: 5. BACKLOGGED :: 232.333%! ~~ 
00:29:24.074 WARN  ~~ LOOPS: 11. ENTITY #: 1427//1204. VIEW #: 5. BACKLOGGED :: 179.182%! ~~ 
00:30:14.289 WARN  ~~ LOOPS: 13. ENTITY #: 1610//679. VIEW #: 5. BACKLOGGED :: 136.385%! ~~ 
00:30:15.299 WARN  ~~ LOOPS: 6. ENTITY #: 1404//1243. VIEW #: 5. BACKLOGGED :: 376.500%! ~~ 
00:30:16.333 WARN  ~~ LOOPS: 15. ENTITY #: 1079//836. VIEW #: 5. BACKLOGGED :: 108.000%! ~~ 
00:30:23.488 WARN  ~~ LOOPS: 8. ENTITY #: 1628//1248. VIEW #: 5. BACKLOGGED :: 264.375%! ~~ 
00:30:24.563 WARN  ~~ LOOPS: 10. ENTITY #: 1180//905. VIEW #: 5. BACKLOGGED :: 217.800%! ~~ 
00:30:25.576 WARN  ~~ LOOPS: 13. ENTITY #: 1175//902. VIEW #: 5. BACKLOGGED :: 127.846%! ~~ 
00:30:26.584 WARN  ~~ LOOPS: 15. ENTITY #: 1169//896. VIEW #: 5. BACKLOGGED :: 102.200%! ~~ 
00:30:27.617 WARN  ~~ LOOPS: 15. ENTITY #: 1175//893. VIEW #: 5. BACKLOGGED :: 106.200%! ~~ 
00:30:28.619 WARN  ~~ LOOPS: 15. ENTITY #: 400//507. VIEW #: 5. BACKLOGGED :: 100.400%! ~~ 
00:30:40.888 WARN  ~~ LOOPS: 11. ENTITY #: 1737//909. VIEW #: 5. BACKLOGGED :: 207.818%! ~~ 
00:30:41.942 WARN  ~~ LOOPS: 8. ENTITY #: 1179//1027. VIEW #: 5. BACKLOGGED :: 297.375%! ~~ 
00:31:53.268 WARN  ~~ LOOPS: 12. ENTITY #: 1691//1181. VIEW #: 5. BACKLOGGED :: 161.500%! ~~ 
00:31:54.311 WARN  ~~ LOOPS: 9. ENTITY #: 2027//1570. VIEW #: 5. BACKLOGGED :: 229.000%! ~~ 
00:31:55.396 WARN  ~~ LOOPS: 8. ENTITY #: 2268//1857. VIEW #: 5. BACKLOGGED :: 278.250%! ~~ 
00:31:56.511 WARN  ~~ LOOPS: 7. ENTITY #: 2474//2079. VIEW #: 5. BACKLOGGED :: 333.857%! ~~ 
00:31:57.630 WARN  ~~ LOOPS: 6. ENTITY #: 2649//2266. VIEW #: 5. BACKLOGGED :: 377.500%! ~~ 
00:31:58.818 WARN  ~~ LOOPS: 6. ENTITY #: 2834//2443. VIEW #: 5. BACKLOGGED :: 392.000%! ~~ 
00:34:34.694 WARN  ~~ LOOPS: 11. ENTITY #: 2069//1375. VIEW #: 2. BACKLOGGED :: 175.091%! ~~ 
00:34:35.724 WARN  ~~ LOOPS: 7. ENTITY #: 2592//2044. VIEW #: 3. BACKLOGGED :: 298.714%! ~~ 
00:34:36.845 WARN  ~~ LOOPS: 6. ENTITY #: 3037//2530. VIEW #: 3. BACKLOGGED :: 370.000%! ~~ 
00:34:38.015 WARN  ~~ LOOPS: 5. ENTITY #: 3413//2941. VIEW #: 3. BACKLOGGED :: 420.000%! ~~ 
00:37:08.506 WARN  ~~ LOOPS: 12. ENTITY #: 1385//953. VIEW #: 2. BACKLOGGED :: 139.000%! ~~ 
00:37:09.529 WARN  ~~ LOOPS: 10. ENTITY #: 1720//1317. VIEW #: 3. BACKLOGGED :: 200.100%! ~~ 
00:37:10.668 WARN  ~~ LOOPS: 9. ENTITY #: 2018//1637. VIEW #: 3. BACKLOGGED :: 257.333%! ~~ 
00:37:11.771 WARN  ~~ LOOPS: 8. ENTITY #: 2288//1919. VIEW #: 3. BACKLOGGED :: 306.000%! ~~ 
00:37:12.808 WARN  ~~ LOOPS: 7. ENTITY #: 2518//2176. VIEW #: 3. BACKLOGGED :: 339.000%! ~~ 
00:37:13.968 WARN  ~~ LOOPS: 6. ENTITY #: 2645//2355. VIEW #: 3. BACKLOGGED :: 433.500%! ~~ 
00:37:15.187 WARN  ~~ LOOPS: 6. ENTITY #: 2734//2448. VIEW #: 3. BACKLOGGED :: 477.500%! ~~ 
00:37:16.313 WARN  ~~ LOOPS: 5. ENTITY #: 2763//2501. VIEW #: 3. BACKLOGGED :: 532.800%! ~~ 
01:03:11.216 WARN  ~~ LOOPS: 15. ENTITY #: 1075//848. VIEW #: 7. BACKLOGGED :: 105.800%! ~~ 
01:03:12.231 WARN  ~~ LOOPS: 14. ENTITY #: 1122//882. VIEW #: 7. BACKLOGGED :: 105.857%! ~~ 
01:04:23.862 WARN  ~~ LOOPS: 15. ENTITY #: 1239//926. VIEW #: 7. BACKLOGGED :: 108.600%! ~~ 
01:05:01.443 WARN  ~~ LOOPS: 14. ENTITY #: 1147//887. VIEW #: 7. BACKLOGGED :: 106.500%! ~~ 
01:05:02.461 WARN  ~~ LOOPS: 14. ENTITY #: 880//726. VIEW #: 7. BACKLOGGED :: 118.500%! ~~ 
01:07:50.638 WARN  ~~ LOOPS: 15. ENTITY #: 1194//924. VIEW #: 7. BACKLOGGED :: 105.600%! ~~ 
01:07:51.652 WARN  ~~ LOOPS: 14. ENTITY #: 1232//1007. VIEW #: 7. BACKLOGGED :: 113.786%! ~~ 
01:07:52.667 WARN  ~~ LOOPS: 14. ENTITY #: 1139//961. VIEW #: 7. BACKLOGGED :: 106.929%! ~~ 
01:22:52.382 WARN  ~~ LOOPS: 15. ENTITY #: 1026//776. VIEW #: 5. BACKLOGGED :: 103.800%! ~~ 
01:22:53.420 WARN  ~~ LOOPS: 14. ENTITY #: 932//744. VIEW #: 5. BACKLOGGED :: 105.643%! ~~ 
01:22:57.484 WARN  ~~ LOOPS: 13. ENTITY #: 1003//833. VIEW #: 5. BACKLOGGED :: 111.923%! ~~ 
01:23:23.739 WARN  ~~ LOOPS: 14. ENTITY #: 902//787. VIEW #: 5. BACKLOGGED :: 105.214%! ~~ 
01:24:12.138 WARN  ~~ LOOPS: 13. ENTITY #: 1178//962. VIEW #: 5. BACKLOGGED :: 112.615%! ~~ 
01:24:13.143 WARN  ~~ LOOPS: 14. ENTITY #: 1152//924. VIEW #: 5. BACKLOGGED :: 105.429%! ~~ 
01:24:14.170 WARN  ~~ LOOPS: 14. ENTITY #: 1118//920. VIEW #: 5. BACKLOGGED :: 106.071%! ~~ 
01:25:51.227 WARN  ~~ LOOPS: 14. ENTITY #: 1074//866. VIEW #: 5. BACKLOGGED :: 104.143%! ~~ 
01:25:52.228 WARN  ~~ LOOPS: 14. ENTITY #: 1084//847. VIEW #: 5. BACKLOGGED :: 102.643%! ~~ 
01:26:53.706 WARN  ~~ LOOPS: 14. ENTITY #: 1057//711. VIEW #: 5. BACKLOGGED :: 119.143%! ~~ 
01:26:54.744 WARN  ~~ LOOPS: 13. ENTITY #: 1229//947. VIEW #: 5. BACKLOGGED :: 132.923%! ~~ 
01:26:55.802 WARN  ~~ LOOPS: 12. ENTITY #: 1423//1117. VIEW #: 5. BACKLOGGED :: 136.000%! ~~ 
01:26:56.815 WARN  ~~ LOOPS: 11. ENTITY #: 1561//1276. VIEW #: 5. BACKLOGGED :: 158.727%! ~~ 
01:26:57.900 WARN  ~~ LOOPS: 9. ENTITY #: 1703//1436. VIEW #: 5. BACKLOGGED :: 185.000%! ~~ 
01:26:58.982 WARN  ~~ LOOPS: 9. ENTITY #: 1592//1416. VIEW #: 5. BACKLOGGED :: 213.667%! ~~ 
01:27:00.011 WARN  ~~ LOOPS: 8. ENTITY #: 1492//1316. VIEW #: 5. BACKLOGGED :: 211.125%! ~~ 
01:27:01.081 WARN  ~~ LOOPS: 10. ENTITY #: 1473//1258. VIEW #: 5. BACKLOGGED :: 167.400%! ~~ 
01:27:02.113 WARN  ~~ LOOPS: 11. ENTITY #: 1458//1240. VIEW #: 5. BACKLOGGED :: 167.182%! ~~ 
01:27:03.161 WARN  ~~ LOOPS: 11. ENTITY #: 1415//1218. VIEW #: 5. BACKLOGGED :: 156.000%! ~~ 
01:27:04.184 WARN  ~~ LOOPS: 11. ENTITY #: 1356//1162. VIEW #: 5. BACKLOGGED :: 154.364%! ~~ 
01:27:05.200 WARN  ~~ LOOPS: 11. ENTITY #: 1261//1086. VIEW #: 5. BACKLOGGED :: 158.727%! ~~ 
01:27:06.240 WARN  ~~ LOOPS: 12. ENTITY #: 1166//983. VIEW #: 5. BACKLOGGED :: 145.500%! ~~ 
01:27:07.289 WARN  ~~ LOOPS: 13. ENTITY #: 1105//907. VIEW #: 5. BACKLOGGED :: 129.000%! ~~ 
01:27:08.326 WARN  ~~ LOOPS: 12. ENTITY #: 1046//854. VIEW #: 5. BACKLOGGED :: 130.750%! ~~ 
01:27:09.351 WARN  ~~ LOOPS: 14. ENTITY #: 978//792. VIEW #: 5. BACKLOGGED :: 112.714%! ~~ 
01:27:33.648 WARN  ~~ LOOPS: 15. ENTITY #: 352//138. VIEW #: 5. BACKLOGGED :: 114.800%! ~~ 
01:27:34.796 WARN  ~~ LOOPS: 9. ENTITY #: 344//127. VIEW #: 5. BACKLOGGED :: 272.333%! ~~ 
01:27:36.114 WARN  ~~ LOOPS: 3. ENTITY #: 343//121. VIEW #: 5. BACKLOGGED :: 1126.000%! ~~ 
01:27:41.639 WARN  ~~ LOOPS: 1. ENTITY #: 343//119. VIEW #: 5. BACKLOGGED :: 15729.000%! ~~ 
13:06:27.743 WARN  Ill-sized key request! Kicking player and giving 1 warning. 
13:07:01.051 WARN  Invalid key offered! Kicking player and giving 1 warning. 
13:25:40.756 WARN  Player tried to spawn when the arena is closed! Kicking player and giving 1 warning. 
13:26:36.296 WARN  Player tried to spawn when the arena is closed! 
13:27:03.351 WARN  Player tried to spawn when the arena is closed! 
13:27:54.590 WARN  Player tried to spawn when the arena is closed! Kicking player and giving 1 warning. 
13:30:15.870 WARN  Player tried to spawn when the arena is closed! Kicking player. 
13:30:20.087 WARN  Player tried to spawn when the arena is closed! Kicking. Player now has 1 warnings. 
13:31:45.002 WARN  Player tried to spawn when the arena is closed! Kicking player. 
13:31:49.506 WARN  Player tried to spawn when the arena is closed! Kicking player. 
13:32:37.742 WARN  Player tried to spawn when the arena is closed! Player has been disconnected. 
13:32:39.976 WARN  Player tried to spawn when the arena is closed! Player has been disconnected. 
20:33:20.451 WARN  Malformed command packet! Kicking player and giving 1 warning. 
