00:02:14.689 WARN  ~~ LOOPS: 13. ENTITY #: 985//673. VIEW #: 8. BACKLOGGED :: 134.077%! ~~ 
00:02:15.721 WARN  ~~ LOOPS: 12. ENTITY #: 1145//857. VIEW #: 8. BACKLOGGED :: 138.000%! ~~ 
00:02:16.822 WARN  ~~ LOOPS: 12. ENTITY #: 1315//1020. VIEW #: 8. BACKLOGGED :: 172.250%! ~~ 
00:02:17.931 WARN  ~~ LOOPS: 9. ENTITY #: 1445//1169. VIEW #: 8. BACKLOGGED :: 217.667%! ~~ 
00:02:19.016 WARN  ~~ LOOPS: 8. ENTITY #: 1543//1279. VIEW #: 8. BACKLOGGED :: 263.250%! ~~ 
00:02:20.278 WARN  ~~ LOOPS: 8. ENTITY #: 1636//1377. VIEW #: 8. BACKLOGGED :: 311.625%! ~~ 
00:02:21.438 WARN  ~~ LOOPS: 6. ENTITY #: 1509//1407. VIEW #: 8. BACKLOGGED :: 361.500%! ~~ 
00:02:22.495 WARN  ~~ LOOPS: 7. ENTITY #: 779//880. VIEW #: 8. BACKLOGGED :: 349.286%! ~~ 
00:20:21.332 WARN  ~~ LOOPS: 12. ENTITY #: 1025//606. VIEW #: 7. BACKLOGGED :: 144.250%! ~~ 
00:20:22.416 WARN  ~~ LOOPS: 12. ENTITY #: 1217//847. VIEW #: 7. BACKLOGGED :: 161.500%! ~~ 
00:20:23.481 WARN  ~~ LOOPS: 11. ENTITY #: 1323//939. VIEW #: 7. BACKLOGGED :: 182.182%! ~~ 
00:20:24.517 WARN  ~~ LOOPS: 10. ENTITY #: 1250//924. VIEW #: 7. BACKLOGGED :: 204.600%! ~~ 
00:20:25.562 WARN  ~~ LOOPS: 10. ENTITY #: 1218//901. VIEW #: 7. BACKLOGGED :: 192.000%! ~~ 
00:20:26.656 WARN  ~~ LOOPS: 11. ENTITY #: 1197//881. VIEW #: 7. BACKLOGGED :: 193.636%! ~~ 
00:20:27.759 WARN  ~~ LOOPS: 10. ENTITY #: 888//771. VIEW #: 7. BACKLOGGED :: 220.500%! ~~ 
00:20:50.069 WARN  ~~ LOOPS: 14. ENTITY #: 628//430. VIEW #: 7. BACKLOGGED :: 112.929%! ~~ 
00:32:00.339 WARN  ~~ LOOPS: 15. ENTITY #: 416//182. VIEW #: 7. BACKLOGGED :: 102.600%! ~~ 
00:32:02.377 WARN  ~~ LOOPS: 15. ENTITY #: 413//181. VIEW #: 7. BACKLOGGED :: 101.800%! ~~ 
00:32:03.397 WARN  ~~ LOOPS: 15. ENTITY #: 410//180. VIEW #: 7. BACKLOGGED :: 103.200%! ~~ 
00:32:22.708 WARN  ~~ LOOPS: 15. ENTITY #: 388//137. VIEW #: 7. BACKLOGGED :: 100.200%! ~~ 
00:32:30.929 WARN  ~~ LOOPS: 15. ENTITY #: 389//132. VIEW #: 7. BACKLOGGED :: 102.600%! ~~ 
00:32:32.957 WARN  ~~ LOOPS: 15. ENTITY #: 391//137. VIEW #: 7. BACKLOGGED :: 107.000%! ~~ 
00:32:33.996 WARN  ~~ LOOPS: 15. ENTITY #: 391//133. VIEW #: 7. BACKLOGGED :: 101.600%! ~~ 
00:32:35.027 WARN  ~~ LOOPS: 15. ENTITY #: 391//131. VIEW #: 7. BACKLOGGED :: 106.800%! ~~ 
00:32:36.045 WARN  ~~ LOOPS: 15. ENTITY #: 394//134. VIEW #: 7. BACKLOGGED :: 103.600%! ~~ 
00:32:37.088 WARN  ~~ LOOPS: 15. ENTITY #: 394//136. VIEW #: 7. BACKLOGGED :: 108.200%! ~~ 
00:32:38.122 WARN  ~~ LOOPS: 15. ENTITY #: 391//134. VIEW #: 7. BACKLOGGED :: 106.200%! ~~ 
00:32:39.132 WARN  ~~ LOOPS: 14. ENTITY #: 391//133. VIEW #: 7. BACKLOGGED :: 109.714%! ~~ 
00:32:40.171 WARN  ~~ LOOPS: 15. ENTITY #: 392//130. VIEW #: 7. BACKLOGGED :: 108.400%! ~~ 
00:32:41.183 WARN  ~~ LOOPS: 14. ENTITY #: 393//134. VIEW #: 7. BACKLOGGED :: 111.857%! ~~ 
00:32:42.210 WARN  ~~ LOOPS: 15. ENTITY #: 394//134. VIEW #: 7. BACKLOGGED :: 110.200%! ~~ 
00:32:43.221 WARN  ~~ LOOPS: 14. ENTITY #: 393//140. VIEW #: 7. BACKLOGGED :: 114.214%! ~~ 
00:32:44.233 WARN  ~~ LOOPS: 14. ENTITY #: 393//145. VIEW #: 7. BACKLOGGED :: 118.071%! ~~ 
00:32:45.282 WARN  ~~ LOOPS: 14. ENTITY #: 393//144. VIEW #: 7. BACKLOGGED :: 117.214%! ~~ 
00:32:46.324 WARN  ~~ LOOPS: 14. ENTITY #: 391//142. VIEW #: 7. BACKLOGGED :: 122.786%! ~~ 
00:32:47.354 WARN  ~~ LOOPS: 14. ENTITY #: 393//144. VIEW #: 7. BACKLOGGED :: 120.643%! ~~ 
00:32:48.401 WARN  ~~ LOOPS: 14. ENTITY #: 392//145. VIEW #: 7. BACKLOGGED :: 125.357%! ~~ 
00:32:49.410 WARN  ~~ LOOPS: 13. ENTITY #: 391//150. VIEW #: 7. BACKLOGGED :: 128.308%! ~~ 
00:32:50.439 WARN  ~~ LOOPS: 13. ENTITY #: 391//152. VIEW #: 7. BACKLOGGED :: 135.000%! ~~ 
00:32:51.475 WARN  ~~ LOOPS: 13. ENTITY #: 388//151. VIEW #: 7. BACKLOGGED :: 140.077%! ~~ 
00:32:52.486 WARN  ~~ LOOPS: 13. ENTITY #: 386//146. VIEW #: 7. BACKLOGGED :: 133.154%! ~~ 
00:32:53.498 WARN  ~~ LOOPS: 13. ENTITY #: 393//146. VIEW #: 7. BACKLOGGED :: 131.077%! ~~ 
00:32:54.511 WARN  ~~ LOOPS: 13. ENTITY #: 395//146. VIEW #: 7. BACKLOGGED :: 130.154%! ~~ 
00:32:55.532 WARN  ~~ LOOPS: 13. ENTITY #: 399//144. VIEW #: 7. BACKLOGGED :: 132.231%! ~~ 
00:32:56.543 WARN  ~~ LOOPS: 13. ENTITY #: 401//143. VIEW #: 7. BACKLOGGED :: 131.538%! ~~ 
00:32:57.559 WARN  ~~ LOOPS: 13. ENTITY #: 405//144. VIEW #: 6. BACKLOGGED :: 136.154%! ~~ 
00:32:58.568 WARN  ~~ LOOPS: 13. ENTITY #: 404//144. VIEW #: 6. BACKLOGGED :: 133.154%! ~~ 
00:32:59.576 WARN  ~~ LOOPS: 13. ENTITY #: 407//142. VIEW #: 6. BACKLOGGED :: 132.000%! ~~ 
00:33:00.587 WARN  ~~ LOOPS: 13. ENTITY #: 407//141. VIEW #: 7. BACKLOGGED :: 131.077%! ~~ 
00:33:01.602 WARN  ~~ LOOPS: 13. ENTITY #: 411//143. VIEW #: 7. BACKLOGGED :: 131.769%! ~~ 
00:33:02.612 WARN  ~~ LOOPS: 13. ENTITY #: 410//142. VIEW #: 7. BACKLOGGED :: 131.769%! ~~ 
00:33:03.664 WARN  ~~ LOOPS: 13. ENTITY #: 411//141. VIEW #: 7. BACKLOGGED :: 142.385%! ~~ 
00:33:04.683 WARN  ~~ LOOPS: 13. ENTITY #: 412//137. VIEW #: 6. BACKLOGGED :: 136.846%! ~~ 
00:33:05.698 WARN  ~~ LOOPS: 13. ENTITY #: 413//139. VIEW #: 6. BACKLOGGED :: 133.615%! ~~ 
00:33:06.758 WARN  ~~ LOOPS: 13. ENTITY #: 410//138. VIEW #: 6. BACKLOGGED :: 140.308%! ~~ 
00:33:07.778 WARN  ~~ LOOPS: 13. ENTITY #: 410//135. VIEW #: 6. BACKLOGGED :: 135.000%! ~~ 
00:33:08.787 WARN  ~~ LOOPS: 13. ENTITY #: 411//134. VIEW #: 7. BACKLOGGED :: 132.692%! ~~ 
00:33:09.821 WARN  ~~ LOOPS: 13. ENTITY #: 411//137. VIEW #: 7. BACKLOGGED :: 137.538%! ~~ 
00:33:10.850 WARN  ~~ LOOPS: 13. ENTITY #: 414//139. VIEW #: 7. BACKLOGGED :: 139.154%! ~~ 
00:33:11.861 WARN  ~~ LOOPS: 12. ENTITY #: 417//142. VIEW #: 7. BACKLOGGED :: 144.500%! ~~ 
14:44:01.566 WARN  ~~ LOOPS: 12. ENTITY #: 576//297. VIEW #: 1. BACKLOGGED :: 161.000%! ~~ 
14:44:02.601 WARN  ~~ LOOPS: 15. ENTITY #: 577//297. VIEW #: 1. BACKLOGGED :: 106.800%! ~~ 
14:44:07.732 WARN  ~~ LOOPS: 15. ENTITY #: 577//301. VIEW #: 1. BACKLOGGED :: 108.400%! ~~ 
14:44:10.821 WARN  ~~ LOOPS: 14. ENTITY #: 577//299. VIEW #: 1. BACKLOGGED :: 116.143%! ~~ 
14:44:11.849 WARN  ~~ LOOPS: 14. ENTITY #: 578//303. VIEW #: 1. BACKLOGGED :: 117.000%! ~~ 
14:44:12.883 WARN  ~~ LOOPS: 14. ENTITY #: 578//306. VIEW #: 1. BACKLOGGED :: 122.357%! ~~ 
14:44:13.883 WARN  ~~ LOOPS: 14. ENTITY #: 578//308. VIEW #: 1. BACKLOGGED :: 111.000%! ~~ 
14:44:14.907 WARN  ~~ LOOPS: 14. ENTITY #: 578//312. VIEW #: 1. BACKLOGGED :: 118.714%! ~~ 
14:44:15.961 WARN  ~~ LOOPS: 13. ENTITY #: 578//307. VIEW #: 1. BACKLOGGED :: 145.615%! ~~ 
14:47:05.993 WARN  ~~ LOOPS: 15. ENTITY #: 545//249. VIEW #: 1. BACKLOGGED :: 101.600%! ~~ 
14:53:50.665 WARN  Malformed command packet! Kicking player and giving 1 warning. 
14:54:38.227 ERROR [ERROR] A ghost entity has been found! 
14:54:38.227 ERROR Type: Basic 
14:54:38.227 ERROR Position: (272.16666666666663, 5207.833333333333) 
14:54:38.227 ERROR Collision Array:  
14:54:38.227 ERROR Health: -1 
14:54:38.227 WARN  Ghost entity removed successfully. 
16:56:29.596 ERROR [ERROR] A ghost entity has been found! 
16:56:29.596 ERROR Type: Basic 
16:56:29.596 ERROR Position: (202.16666666666666, 282.16666666666663) 
16:56:29.597 ERROR Collision Array:  
16:56:29.597 ERROR Health: 0.44833333333333325 
16:56:29.597 WARN  Ghost entity removed successfully. 
16:56:30.696 ERROR [ERROR] A ghost entity has been found! 
16:56:30.696 ERROR Type: Basic 
16:56:30.696 ERROR Position: (247.16666666666666, 169.16666666666666) 
16:56:30.696 ERROR Collision Array:  
16:56:30.696 ERROR Health: -1 
16:56:30.697 WARN  Ghost entity removed successfully. 
16:56:34.448 ERROR [ERROR] A ghost has been found! 
16:56:34.448 ERROR Type: Basic 
16:56:34.448 ERROR Position: (199.16666666666666, 430.16666666666663) 
16:56:34.448 ERROR Collision Array:  
16:56:34.448 ERROR Health: -1 
16:56:34.448 WARN  Ghost removed successfully. 
16:57:28.172 ERROR [ERROR] A ghost has been found! 
16:57:28.172 ERROR Type: Basic 
16:57:28.172 ERROR Position: (425.16666666666663, 322.16666666666663) 
16:57:28.172 ERROR Collision Array:  
16:57:28.172 ERROR Health: -1 
16:57:28.172 WARN  Ghost removed successfully. 
17:08:02.490 WARN  ~~ LOOPS: 14. ENTITY #: 1224//1037. VIEW #: 1. BACKLOGGED :: 103.714%! ~~ 
18:29:11.231 WARN  Malformed command packet! Kicking player and giving 1 warning. 
18:29:11.231 WARN  Malformed command packet! Kicking. Player now has 2 warnings. 
19:52:45.727 WARN  ~~ LOOPS: 15. ENTITY #: 559//295. VIEW #: 5. BACKLOGGED :: 107.800%! ~~ 
19:52:46.728 WARN  ~~ LOOPS: 13. ENTITY #: 588//327. VIEW #: 5. BACKLOGGED :: 129.462%! ~~ 
19:52:47.729 WARN  ~~ LOOPS: 14. ENTITY #: 620//360. VIEW #: 5. BACKLOGGED :: 106.071%! ~~ 
19:52:48.790 WARN  ~~ LOOPS: 12. ENTITY #: 650//391. VIEW #: 5. BACKLOGGED :: 172.500%! ~~ 
19:52:49.846 WARN  ~~ LOOPS: 12. ENTITY #: 660//417. VIEW #: 5. BACKLOGGED :: 164.000%! ~~ 
19:52:50.899 WARN  ~~ LOOPS: 13. ENTITY #: 662//421. VIEW #: 5. BACKLOGGED :: 137.538%! ~~ 
19:52:51.929 WARN  ~~ LOOPS: 12. ENTITY #: 662//425. VIEW #: 5. BACKLOGGED :: 157.000%! ~~ 
19:52:52.968 WARN  ~~ LOOPS: 12. ENTITY #: 665//425. VIEW #: 5. BACKLOGGED :: 158.500%! ~~ 
19:52:53.971 WARN  ~~ LOOPS: 12. ENTITY #: 665//427. VIEW #: 5. BACKLOGGED :: 142.000%! ~~ 
19:52:55.018 WARN  ~~ LOOPS: 14. ENTITY #: 666//429. VIEW #: 5. BACKLOGGED :: 126.000%! ~~ 
19:53:03.278 WARN  ~~ LOOPS: 14. ENTITY #: 672//429. VIEW #: 5. BACKLOGGED :: 113.143%! ~~ 
19:53:13.574 WARN  ~~ LOOPS: 14. ENTITY #: 692//411. VIEW #: 5. BACKLOGGED :: 116.571%! ~~ 
19:53:14.615 WARN  ~~ LOOPS: 15. ENTITY #: 693//411. VIEW #: 5. BACKLOGGED :: 109.200%! ~~ 
19:53:20.821 WARN  ~~ LOOPS: 16. ENTITY #: 695//421. VIEW #: 5. BACKLOGGED :: 100.313%! ~~ 
19:58:54.505 WARN  ~~ LOOPS: 13. ENTITY #: 1212//926. VIEW #: 5. BACKLOGGED :: 114.692%! ~~ 
19:58:55.570 WARN  ~~ LOOPS: 6. ENTITY #: 1211//918. VIEW #: 5. BACKLOGGED :: 407.000%! ~~ 
19:58:56.800 WARN  ~~ LOOPS: 5. ENTITY #: 1211//924. VIEW #: 5. BACKLOGGED :: 560.400%! ~~ 
19:58:57.986 WARN  ~~ LOOPS: 5. ENTITY #: 1212//940. VIEW #: 5. BACKLOGGED :: 578.400%! ~~ 
19:58:59.180 WARN  ~~ LOOPS: 5. ENTITY #: 1212//937. VIEW #: 5. BACKLOGGED :: 549.600%! ~~ 
19:59:00.338 WARN  ~~ LOOPS: 8. ENTITY #: 1214//936. VIEW #: 5. BACKLOGGED :: 306.375%! ~~ 
19:59:01.387 WARN  ~~ LOOPS: 13. ENTITY #: 1215//937. VIEW #: 5. BACKLOGGED :: 131.769%! ~~ 
19:59:02.485 WARN  ~~ LOOPS: 14. ENTITY #: 1222//940. VIEW #: 5. BACKLOGGED :: 106.714%! ~~ 
19:59:03.558 WARN  ~~ LOOPS: 15. ENTITY #: 1226//943. VIEW #: 5. BACKLOGGED :: 100.200%! ~~ 
19:59:04.699 WARN  ~~ LOOPS: 14. ENTITY #: 1228//947. VIEW #: 5. BACKLOGGED :: 117.000%! ~~ 
19:59:05.839 WARN  ~~ LOOPS: 13. ENTITY #: 1238//958. VIEW #: 5. BACKLOGGED :: 141.692%! ~~ 
19:59:06.983 WARN  ~~ LOOPS: 8. ENTITY #: 1242//967. VIEW #: 5. BACKLOGGED :: 278.625%! ~~ 
19:59:08.124 WARN  ~~ LOOPS: 5. ENTITY #: 1251//961. VIEW #: 5. BACKLOGGED :: 481.800%! ~~ 
19:59:09.278 WARN  ~~ LOOPS: 5. ENTITY #: 1256//980. VIEW #: 5. BACKLOGGED :: 539.400%! ~~ 
19:59:10.558 WARN  ~~ LOOPS: 5. ENTITY #: 1265//980. VIEW #: 5. BACKLOGGED :: 615.600%! ~~ 
19:59:11.859 WARN  ~~ LOOPS: 5. ENTITY #: 1272//983. VIEW #: 5. BACKLOGGED :: 607.800%! ~~ 
19:59:13.143 WARN  ~~ LOOPS: 4. ENTITY #: 374//771. VIEW #: 5. BACKLOGGED :: 843.750%! ~~ 
20:00:21.937 WARN  ~~ LOOPS: 16. ENTITY #: 589//325. VIEW #: 5. BACKLOGGED :: 101.250%! ~~ 
20:00:22.949 WARN  ~~ LOOPS: 13. ENTITY #: 611//351. VIEW #: 5. BACKLOGGED :: 120.000%! ~~ 
20:00:24.011 WARN  ~~ LOOPS: 15. ENTITY #: 634//371. VIEW #: 5. BACKLOGGED :: 117.400%! ~~ 
20:00:25.028 WARN  ~~ LOOPS: 13. ENTITY #: 656//393. VIEW #: 5. BACKLOGGED :: 134.077%! ~~ 
20:00:26.093 WARN  ~~ LOOPS: 13. ENTITY #: 678//415. VIEW #: 5. BACKLOGGED :: 135.923%! ~~ 
20:00:27.118 WARN  ~~ LOOPS: 12. ENTITY #: 696//434. VIEW #: 5. BACKLOGGED :: 151.750%! ~~ 
20:00:28.171 WARN  ~~ LOOPS: 12. ENTITY #: 713//454. VIEW #: 5. BACKLOGGED :: 163.250%! ~~ 
20:00:29.220 WARN  ~~ LOOPS: 11. ENTITY #: 731//470. VIEW #: 5. BACKLOGGED :: 186.000%! ~~ 
20:00:30.248 WARN  ~~ LOOPS: 10. ENTITY #: 746//484. VIEW #: 5. BACKLOGGED :: 191.400%! ~~ 
20:00:31.322 WARN  ~~ LOOPS: 11. ENTITY #: 763//502. VIEW #: 5. BACKLOGGED :: 189.818%! ~~ 
20:00:32.353 WARN  ~~ LOOPS: 10. ENTITY #: 769//509. VIEW #: 5. BACKLOGGED :: 200.400%! ~~ 
20:00:33.432 WARN  ~~ LOOPS: 11. ENTITY #: 770//520. VIEW #: 5. BACKLOGGED :: 188.727%! ~~ 
20:00:34.504 WARN  ~~ LOOPS: 12. ENTITY #: 769//515. VIEW #: 5. BACKLOGGED :: 167.750%! ~~ 
20:00:35.582 WARN  ~~ LOOPS: 12. ENTITY #: 770//512. VIEW #: 5. BACKLOGGED :: 161.500%! ~~ 
20:00:36.652 WARN  ~~ LOOPS: 12. ENTITY #: 771//518. VIEW #: 5. BACKLOGGED :: 165.750%! ~~ 
20:00:37.697 WARN  ~~ LOOPS: 12. ENTITY #: 771//519. VIEW #: 5. BACKLOGGED :: 156.500%! ~~ 
20:00:38.735 WARN  ~~ LOOPS: 12. ENTITY #: 774//523. VIEW #: 5. BACKLOGGED :: 149.000%! ~~ 
20:00:39.791 WARN  ~~ LOOPS: 13. ENTITY #: 775//526. VIEW #: 5. BACKLOGGED :: 142.154%! ~~ 
20:00:40.867 WARN  ~~ LOOPS: 13. ENTITY #: 772//528. VIEW #: 5. BACKLOGGED :: 146.077%! ~~ 
20:00:41.904 WARN  ~~ LOOPS: 12. ENTITY #: 769//524. VIEW #: 5. BACKLOGGED :: 141.000%! ~~ 
20:00:42.956 WARN  ~~ LOOPS: 12. ENTITY #: 764//521. VIEW #: 5. BACKLOGGED :: 162.000%! ~~ 
20:00:44.007 WARN  ~~ LOOPS: 12. ENTITY #: 762//517. VIEW #: 5. BACKLOGGED :: 162.000%! ~~ 
20:00:45.071 WARN  ~~ LOOPS: 12. ENTITY #: 760//520. VIEW #: 5. BACKLOGGED :: 146.250%! ~~ 
20:00:46.108 WARN  ~~ LOOPS: 12. ENTITY #: 754//516. VIEW #: 5. BACKLOGGED :: 153.500%! ~~ 
20:00:47.144 WARN  ~~ LOOPS: 12. ENTITY #: 748//510. VIEW #: 5. BACKLOGGED :: 158.000%! ~~ 
20:00:48.229 WARN  ~~ LOOPS: 13. ENTITY #: 743//504. VIEW #: 5. BACKLOGGED :: 148.385%! ~~ 
20:00:49.303 WARN  ~~ LOOPS: 12. ENTITY #: 735//496. VIEW #: 5. BACKLOGGED :: 154.500%! ~~ 
20:00:50.379 WARN  ~~ LOOPS: 13. ENTITY #: 728//489. VIEW #: 5. BACKLOGGED :: 145.846%! ~~ 
20:00:51.433 WARN  ~~ LOOPS: 13. ENTITY #: 720//480. VIEW #: 5. BACKLOGGED :: 141.462%! ~~ 
20:00:52.478 WARN  ~~ LOOPS: 12. ENTITY #: 710//473. VIEW #: 5. BACKLOGGED :: 136.750%! ~~ 
20:00:53.514 WARN  ~~ LOOPS: 14. ENTITY #: 704//457. VIEW #: 5. BACKLOGGED :: 119.571%! ~~ 
20:01:30.868 WARN  ~~ LOOPS: 16. ENTITY #: 600//361. VIEW #: 6. BACKLOGGED :: 102.938%! ~~ 
20:01:49.519 WARN  ~~ LOOPS: 14. ENTITY #: 638//414. VIEW #: 6. BACKLOGGED :: 105.214%! ~~ 
20:01:50.581 WARN  ~~ LOOPS: 15. ENTITY #: 644//417. VIEW #: 6. BACKLOGGED :: 110.200%! ~~ 
20:01:51.676 WARN  ~~ LOOPS: 13. ENTITY #: 654//422. VIEW #: 6. BACKLOGGED :: 152.077%! ~~ 
20:01:52.690 WARN  ~~ LOOPS: 10. ENTITY #: 665//432. VIEW #: 6. BACKLOGGED :: 191.400%! ~~ 
20:01:53.748 WARN  ~~ LOOPS: 10. ENTITY #: 673//434. VIEW #: 6. BACKLOGGED :: 189.900%! ~~ 
20:01:54.989 WARN  ~~ LOOPS: 9. ENTITY #: 675//436. VIEW #: 6. BACKLOGGED :: 276.000%! ~~ 
20:01:56.083 WARN  ~~ LOOPS: 10. ENTITY #: 681//447. VIEW #: 6. BACKLOGGED :: 220.800%! ~~ 
20:01:57.179 WARN  ~~ LOOPS: 13. ENTITY #: 686//447. VIEW #: 6. BACKLOGGED :: 150.462%! ~~ 
20:01:58.198 WARN  ~~ LOOPS: 11. ENTITY #: 659//443. VIEW #: 6. BACKLOGGED :: 158.182%! ~~ 
20:01:59.234 WARN  ~~ LOOPS: 14. ENTITY #: 660//421. VIEW #: 6. BACKLOGGED :: 120.000%! ~~ 
