17:14:35.201 WARN  Malformed command packet! Player has been disconnected. 
17:14:35.284 WARN  Malformed command packet! Player has been disconnected. 
17:22:16.846 WARN  ~~ LOOPS: 14. ENTITY #: 426//203. VIEW #: 7. BACKLOGGED :: 112.286%! ~~ 
17:22:36.637 WARN  ~~ LOOPS: 10. ENTITY #: 397//172. VIEW #: 7. BACKLOGGED :: 122.700%! ~~ 
17:25:58.832 WARN  ~~ LOOPS: 13. ENTITY #: 425//134. VIEW #: 6. BACKLOGGED :: 120.462%! ~~ 
17:26:19.442 WARN  ~~ LOOPS: 13. ENTITY #: 444//208. VIEW #: 6. BACKLOGGED :: 118.846%! ~~ 
17:26:42.879 WARN  ~~ LOOPS: 9. ENTITY #: 376//117. VIEW #: 5. BACKLOGGED :: 184.000%! ~~ 
17:27:44.868 WARN  ~~ LOOPS: 2. ENTITY #: 359//196. VIEW #: 6. BACKLOGGED :: 280.500%! ~~ 
17:27:45.896 WARN  ~~ LOOPS: 9. ENTITY #: 359//197. VIEW #: 6. BACKLOGGED :: 142.333%! ~~ 
17:27:46.906 WARN  ~~ LOOPS: 11. ENTITY #: 370//205. VIEW #: 6. BACKLOGGED :: 117.273%! ~~ 
17:27:48.937 WARN  ~~ LOOPS: 13. ENTITY #: 372//204. VIEW #: 6. BACKLOGGED :: 110.308%! ~~ 
17:27:58.257 WARN  ~~ LOOPS: 5. ENTITY #: 347//205. VIEW #: 6. BACKLOGGED :: 190.800%! ~~ 
17:28:46.148 WARN  ~~ LOOPS: 10. ENTITY #: 419//163. VIEW #: 6. BACKLOGGED :: 117.300%! ~~ 
17:30:42.018 WARN  ~~ LOOPS: 21. ENTITY #: 403//143. VIEW #: 4. BACKLOGGED :: 133.714%! ~~ 
17:43:56.758 WARN  ~~ LOOPS: 13. ENTITY #: 365//182. VIEW #: 3. BACKLOGGED :: 109.385%! ~~ 
17:47:45.620 WARN  ~~ LOOPS: 13. ENTITY #: 401//200. VIEW #: 4. BACKLOGGED :: 109.615%! ~~ 
17:48:45.871 WARN  ~~ LOOPS: 12. ENTITY #: 448//254. VIEW #: 4. BACKLOGGED :: 102.000%! ~~ 
17:49:48.449 WARN  ~~ LOOPS: 14. ENTITY #: 510//225. VIEW #: 4. BACKLOGGED :: 144.643%! ~~ 
17:49:52.649 WARN  ~~ LOOPS: 14. ENTITY #: 513//227. VIEW #: 4. BACKLOGGED :: 116.357%! ~~ 
17:50:00.246 WARN  ~~ LOOPS: 15. ENTITY #: 505//215. VIEW #: 4. BACKLOGGED :: 102.000%! ~~ 
17:50:03.421 WARN  ~~ LOOPS: 15. ENTITY #: 513//218. VIEW #: 4. BACKLOGGED :: 124.400%! ~~ 
17:50:08.664 WARN  ~~ LOOPS: 13. ENTITY #: 518//223. VIEW #: 4. BACKLOGGED :: 125.077%! ~~ 
17:50:10.713 WARN  ~~ LOOPS: 14. ENTITY #: 497//205. VIEW #: 4. BACKLOGGED :: 116.357%! ~~ 
17:50:30.650 WARN  ~~ LOOPS: 10. ENTITY #: 461//158. VIEW #: 4. BACKLOGGED :: 154.200%! ~~ 
17:52:28.628 WARN  ~~ LOOPS: 10. ENTITY #: 421//198. VIEW #: 4. BACKLOGGED :: 124.200%! ~~ 
17:52:35.837 WARN  ~~ LOOPS: 15. ENTITY #: 417//190. VIEW #: 4. BACKLOGGED :: 104.800%! ~~ 
17:52:45.061 WARN  ~~ LOOPS: 12. ENTITY #: 417//191. VIEW #: 4. BACKLOGGED :: 102.750%! ~~ 
17:53:00.499 WARN  ~~ LOOPS: 11. ENTITY #: 419//221. VIEW #: 4. BACKLOGGED :: 109.091%! ~~ 
17:53:26.672 WARN  ~~ LOOPS: 13. ENTITY #: 420//225. VIEW #: 4. BACKLOGGED :: 107.538%! ~~ 
17:54:35.919 WARN  ~~ LOOPS: 11. ENTITY #: 421//224. VIEW #: 4. BACKLOGGED :: 124.091%! ~~ 
17:55:24.625 WARN  ~~ LOOPS: 10. ENTITY #: 418//187. VIEW #: 3. BACKLOGGED :: 147.000%! ~~ 
17:55:48.617 WARN  ~~ LOOPS: 11. ENTITY #: 418//200. VIEW #: 4. BACKLOGGED :: 124.636%! ~~ 
17:55:49.652 WARN  ~~ LOOPS: 12. ENTITY #: 419//202. VIEW #: 4. BACKLOGGED :: 113.500%! ~~ 
17:56:27.630 WARN  ~~ LOOPS: 13. ENTITY #: 418//214. VIEW #: 4. BACKLOGGED :: 128.769%! ~~ 
17:56:28.651 WARN  ~~ LOOPS: 15. ENTITY #: 420//219. VIEW #: 3. BACKLOGGED :: 101.200%! ~~ 
17:57:31.506 WARN  ~~ LOOPS: 7. ENTITY #: 393//206. VIEW #: 3. BACKLOGGED :: 218.571%! ~~ 
17:57:55.022 WARN  ~~ LOOPS: 12. ENTITY #: 394//191. VIEW #: 3. BACKLOGGED :: 119.750%! ~~ 
18:00:31.031 WARN  ~~ LOOPS: 16. ENTITY #: 353//164. VIEW #: 2. BACKLOGGED :: 116.438%! ~~ 
18:05:42.259 WARN  ~~ LOOPS: 12. ENTITY #: 406//182. VIEW #: 3. BACKLOGGED :: 104.000%! ~~ 
18:07:24.035 WARN  ~~ LOOPS: 14. ENTITY #: 395//145. VIEW #: 3. BACKLOGGED :: 122.143%! ~~ 
18:12:12.499 WARN  ~~ LOOPS: 11. ENTITY #: 399//185. VIEW #: 4. BACKLOGGED :: 123.273%! ~~ 
18:12:28.480 WARN  ~~ LOOPS: 16. ENTITY #: 404//176. VIEW #: 5. BACKLOGGED :: 120.750%! ~~ 
18:13:44.905 WARN  ~~ LOOPS: 13. ENTITY #: 402//200. VIEW #: 4. BACKLOGGED :: 127.615%! ~~ 
18:14:16.868 WARN  ~~ LOOPS: 10. ENTITY #: 430//208. VIEW #: 4. BACKLOGGED :: 112.800%! ~~ 
18:14:18.911 WARN  ~~ LOOPS: 12. ENTITY #: 416//201. VIEW #: 4. BACKLOGGED :: 137.500%! ~~ 
18:14:26.245 WARN  ~~ LOOPS: 8. ENTITY #: 444//217. VIEW #: 5. BACKLOGGED :: 144.750%! ~~ 
18:14:27.263 WARN  ~~ LOOPS: 11. ENTITY #: 446//220. VIEW #: 5. BACKLOGGED :: 156.273%! ~~ 
18:14:28.287 WARN  ~~ LOOPS: 14. ENTITY #: 454//224. VIEW #: 5. BACKLOGGED :: 110.143%! ~~ 
18:14:29.422 WARN  ~~ LOOPS: 12. ENTITY #: 453//228. VIEW #: 5. BACKLOGGED :: 104.500%! ~~ 
18:14:30.435 WARN  ~~ LOOPS: 12. ENTITY #: 455//229. VIEW #: 5. BACKLOGGED :: 155.250%! ~~ 
18:14:38.858 WARN  ~~ LOOPS: 15. ENTITY #: 468//233. VIEW #: 5. BACKLOGGED :: 103.000%! ~~ 
18:14:47.245 WARN  ~~ LOOPS: 16. ENTITY #: 472//248. VIEW #: 6. BACKLOGGED :: 106.688%! ~~ 
18:15:20.081 WARN  ~~ LOOPS: 11. ENTITY #: 434//170. VIEW #: 6. BACKLOGGED :: 122.182%! ~~ 
18:15:28.286 WARN  ~~ LOOPS: 13. ENTITY #: 448//181. VIEW #: 6. BACKLOGGED :: 105.231%! ~~ 
18:16:34.472 WARN  ~~ LOOPS: 9. ENTITY #: 424//142. VIEW #: 6. BACKLOGGED :: 103.333%! ~~ 
18:16:44.689 WARN  ~~ LOOPS: 11. ENTITY #: 475//180. VIEW #: 6. BACKLOGGED :: 128.727%! ~~ 
18:16:55.929 WARN  ~~ LOOPS: 9. ENTITY #: 448//178. VIEW #: 6. BACKLOGGED :: 143.667%! ~~ 
18:19:14.266 WARN  ~~ LOOPS: 9. ENTITY #: 425//132. VIEW #: 5. BACKLOGGED :: 100.667%! ~~ 
18:19:36.468 WARN  ~~ LOOPS: 17. ENTITY #: 417//158. VIEW #: 5. BACKLOGGED :: 105.353%! ~~ 
18:19:37.482 WARN  ~~ LOOPS: 14. ENTITY #: 414//150. VIEW #: 5. BACKLOGGED :: 107.357%! ~~ 
18:21:41.166 WARN  ~~ LOOPS: 9. ENTITY #: 388//93. VIEW #: 5. BACKLOGGED :: 108.333%! ~~ 
18:22:09.053 WARN  ~~ LOOPS: 8. ENTITY #: 446//212. VIEW #: 5. BACKLOGGED :: 140.625%! ~~ 
18:22:10.090 WARN  ~~ LOOPS: 14. ENTITY #: 440//209. VIEW #: 5. BACKLOGGED :: 111.857%! ~~ 
18:22:53.089 WARN  Malformed command packet! Player has been disconnected. 
18:24:55.819 WARN  ~~ LOOPS: 8. ENTITY #: 422//128. VIEW #: 4. BACKLOGGED :: 112.125%! ~~ 
18:26:28.856 WARN  ~~ LOOPS: 10. ENTITY #: 401//114. VIEW #: 5. BACKLOGGED :: 150.900%! ~~ 
18:27:31.942 WARN  ~~ LOOPS: 8. ENTITY #: 418//166. VIEW #: 6. BACKLOGGED :: 106.500%! ~~ 
18:27:44.862 WARN  ~~ LOOPS: 10. ENTITY #: 470//193. VIEW #: 6. BACKLOGGED :: 117.900%! ~~ 
18:29:26.257 WARN  ~~ LOOPS: 4. ENTITY #: 453//158. VIEW #: 6. BACKLOGGED :: 163.500%! ~~ 
18:29:52.035 WARN  ~~ LOOPS: 19. ENTITY #: 424//120. VIEW #: 5. BACKLOGGED :: 110.684%! ~~ 
18:30:02.336 WARN  ~~ LOOPS: 13. ENTITY #: 463//179. VIEW #: 5. BACKLOGGED :: 114.923%! ~~ 
18:30:28.418 WARN  ~~ LOOPS: 14. ENTITY #: 513//252. VIEW #: 5. BACKLOGGED :: 126.857%! ~~ 
18:30:53.223 WARN  ~~ LOOPS: 4. ENTITY #: 467//206. VIEW #: 5. BACKLOGGED :: 158.250%! ~~ 
18:31:10.676 WARN  ~~ LOOPS: 14. ENTITY #: 446//205. VIEW #: 5. BACKLOGGED :: 110.571%! ~~ 
18:31:31.223 WARN  ~~ LOOPS: 2. ENTITY #: 436//160. VIEW #: 4. BACKLOGGED :: 319.500%! ~~ 
18:32:40.243 WARN  ~~ LOOPS: 7. ENTITY #: 400//116. VIEW #: 4. BACKLOGGED :: 166.714%! ~~ 
18:35:46.242 WARN  ~~ LOOPS: 7. ENTITY #: 399//134. VIEW #: 4. BACKLOGGED :: 172.286%! ~~ 
18:36:10.064 WARN  ~~ LOOPS: 7. ENTITY #: 409//126. VIEW #: 4. BACKLOGGED :: 297.000%! ~~ 
18:36:11.089 WARN  ~~ LOOPS: 13. ENTITY #: 412//134. VIEW #: 4. BACKLOGGED :: 139.615%! ~~ 
18:59:38.636 WARN  ~~ LOOPS: 14. ENTITY #: 550//262. VIEW #: 1. BACKLOGGED :: 117.214%! ~~ 
18:59:43.875 WARN  ~~ LOOPS: 11. ENTITY #: 699//314. VIEW #: 1. BACKLOGGED :: 209.727%! ~~ 
18:59:44.991 WARN  ~~ LOOPS: 6. ENTITY #: 700//423. VIEW #: 1. BACKLOGGED :: 445.000%! ~~ 
18:59:46.018 WARN  ~~ LOOPS: 7. ENTITY #: 700//426. VIEW #: 1. BACKLOGGED :: 336.857%! ~~ 
18:59:47.041 WARN  ~~ LOOPS: 9. ENTITY #: 700//427. VIEW #: 1. BACKLOGGED :: 231.667%! ~~ 
18:59:48.063 WARN  ~~ LOOPS: 11. ENTITY #: 700//428. VIEW #: 1. BACKLOGGED :: 182.182%! ~~ 
18:59:49.149 WARN  ~~ LOOPS: 10. ENTITY #: 700//422. VIEW #: 1. BACKLOGGED :: 207.900%! ~~ 
18:59:50.265 WARN  ~~ LOOPS: 9. ENTITY #: 700//430. VIEW #: 1. BACKLOGGED :: 272.667%! ~~ 
18:59:51.387 WARN  ~~ LOOPS: 9. ENTITY #: 700//423. VIEW #: 1. BACKLOGGED :: 269.667%! ~~ 
18:59:52.502 WARN  ~~ LOOPS: 10. ENTITY #: 700//430. VIEW #: 1. BACKLOGGED :: 227.400%! ~~ 
18:59:53.513 WARN  ~~ LOOPS: 9. ENTITY #: 700//419. VIEW #: 1. BACKLOGGED :: 226.000%! ~~ 
18:59:54.543 WARN  ~~ LOOPS: 9. ENTITY #: 700//432. VIEW #: 1. BACKLOGGED :: 237.000%! ~~ 
18:59:55.546 WARN  ~~ LOOPS: 8. ENTITY #: 700//420. VIEW #: 1. BACKLOGGED :: 251.250%! ~~ 
18:59:56.634 WARN  ~~ LOOPS: 9. ENTITY #: 700//432. VIEW #: 1. BACKLOGGED :: 262.333%! ~~ 
18:59:57.658 WARN  ~~ LOOPS: 8. ENTITY #: 700//420. VIEW #: 1. BACKLOGGED :: 274.875%! ~~ 
18:59:58.689 WARN  ~~ LOOPS: 8. ENTITY #: 700//434. VIEW #: 1. BACKLOGGED :: 287.250%! ~~ 
18:59:59.804 WARN  ~~ LOOPS: 8. ENTITY #: 700//420. VIEW #: 1. BACKLOGGED :: 294.375%! ~~ 
19:00:00.895 WARN  ~~ LOOPS: 8. ENTITY #: 700//432. VIEW #: 1. BACKLOGGED :: 307.500%! ~~ 
19:00:02.001 WARN  ~~ LOOPS: 7. ENTITY #: 700//422. VIEW #: 1. BACKLOGGED :: 360.429%! ~~ 
19:00:03.135 WARN  ~~ LOOPS: 7. ENTITY #: 700//431. VIEW #: 1. BACKLOGGED :: 384.857%! ~~ 
19:00:04.263 WARN  ~~ LOOPS: 7. ENTITY #: 700//422. VIEW #: 1. BACKLOGGED :: 362.571%! ~~ 
19:00:05.350 WARN  ~~ LOOPS: 7. ENTITY #: 700//426. VIEW #: 1. BACKLOGGED :: 364.286%! ~~ 
19:00:06.376 WARN  ~~ LOOPS: 6. ENTITY #: 700//430. VIEW #: 1. BACKLOGGED :: 401.000%! ~~ 
19:00:07.399 WARN  ~~ LOOPS: 6. ENTITY #: 700//423. VIEW #: 1. BACKLOGGED :: 406.000%! ~~ 
19:00:08.431 WARN  ~~ LOOPS: 6. ENTITY #: 700//432. VIEW #: 1. BACKLOGGED :: 395.500%! ~~ 
19:00:09.573 WARN  ~~ LOOPS: 7. ENTITY #: 700//423. VIEW #: 1. BACKLOGGED :: 387.429%! ~~ 
19:00:10.677 WARN  ~~ LOOPS: 6. ENTITY #: 700//422. VIEW #: 1. BACKLOGGED :: 451.500%! ~~ 
19:00:11.822 WARN  ~~ LOOPS: 6. ENTITY #: 700//434. VIEW #: 1. BACKLOGGED :: 465.000%! ~~ 
19:00:12.917 WARN  ~~ LOOPS: 5. ENTITY #: 773//437. VIEW #: 1. BACKLOGGED :: 546.600%! ~~ 
19:00:13.991 WARN  ~~ LOOPS: 3. ENTITY #: 849//517. VIEW #: 1. BACKLOGGED :: 889.000%! ~~ 
19:00:15.321 WARN  ~~ LOOPS: 3. ENTITY #: 900//598. VIEW #: 1. BACKLOGGED :: 1224.000%! ~~ 
19:00:16.720 WARN  ~~ LOOPS: 3. ENTITY #: 900//632. VIEW #: 1. BACKLOGGED :: 1228.000%! ~~ 
19:00:18.017 WARN  ~~ LOOPS: 3. ENTITY #: 900//635. VIEW #: 1. BACKLOGGED :: 1177.000%! ~~ 
19:00:19.259 WARN  ~~ LOOPS: 3. ENTITY #: 900//624. VIEW #: 1. BACKLOGGED :: 1119.000%! ~~ 
19:00:20.474 WARN  ~~ LOOPS: 3. ENTITY #: 900//621. VIEW #: 1. BACKLOGGED :: 1043.000%! ~~ 
19:00:21.618 WARN  ~~ LOOPS: 3. ENTITY #: 900//624. VIEW #: 1. BACKLOGGED :: 1023.000%! ~~ 
19:00:22.694 WARN  ~~ LOOPS: 3. ENTITY #: 900//616. VIEW #: 1. BACKLOGGED :: 958.000%! ~~ 
19:00:23.967 WARN  ~~ LOOPS: 3. ENTITY #: 900//648. VIEW #: 1. BACKLOGGED :: 1081.000%! ~~ 
19:00:25.010 WARN  ~~ LOOPS: 3. ENTITY #: 900//619. VIEW #: 1. BACKLOGGED :: 914.000%! ~~ 
19:00:26.333 WARN  ~~ LOOPS: 4. ENTITY #: 900//625. VIEW #: 1. BACKLOGGED :: 841.500%! ~~ 
19:00:27.642 WARN  ~~ LOOPS: 4. ENTITY #: 900//623. VIEW #: 1. BACKLOGGED :: 868.500%! ~~ 
19:00:28.905 WARN  ~~ LOOPS: 4. ENTITY #: 900//617. VIEW #: 1. BACKLOGGED :: 828.750%! ~~ 
19:00:30.205 WARN  ~~ LOOPS: 4. ENTITY #: 900//644. VIEW #: 1. BACKLOGGED :: 813.750%! ~~ 
19:00:31.461 WARN  ~~ LOOPS: 4. ENTITY #: 900//626. VIEW #: 1. BACKLOGGED :: 823.500%! ~~ 
19:00:32.506 WARN  ~~ LOOPS: 3. ENTITY #: 900//619. VIEW #: 1. BACKLOGGED :: 905.000%! ~~ 
19:00:33.828 WARN  ~~ LOOPS: 4. ENTITY #: 900//623. VIEW #: 1. BACKLOGGED :: 840.000%! ~~ 
19:00:35.243 WARN  ~~ LOOPS: 4. ENTITY #: 900//641. VIEW #: 1. BACKLOGGED :: 933.000%! ~~ 
19:00:36.523 WARN  ~~ LOOPS: 4. ENTITY #: 900//623. VIEW #: 1. BACKLOGGED :: 846.000%! ~~ 
19:00:37.597 WARN  ~~ LOOPS: 3. ENTITY #: 900//625. VIEW #: 1. BACKLOGGED :: 885.000%! ~~ 
19:00:38.672 WARN  ~~ LOOPS: 3. ENTITY #: 900//620. VIEW #: 1. BACKLOGGED :: 954.000%! ~~ 
19:00:39.771 WARN  ~~ LOOPS: 3. ENTITY #: 900//624. VIEW #: 1. BACKLOGGED :: 976.000%! ~~ 
19:00:40.884 WARN  ~~ LOOPS: 3. ENTITY #: 900//633. VIEW #: 1. BACKLOGGED :: 911.000%! ~~ 
19:00:42.012 WARN  ~~ LOOPS: 3. ENTITY #: 900//636. VIEW #: 1. BACKLOGGED :: 1009.000%! ~~ 
19:00:43.053 WARN  ~~ LOOPS: 3. ENTITY #: 900//625. VIEW #: 1. BACKLOGGED :: 911.000%! ~~ 
19:00:44.158 WARN  ~~ LOOPS: 3. ENTITY #: 900//622. VIEW #: 1. BACKLOGGED :: 922.000%! ~~ 
19:00:45.219 WARN  ~~ LOOPS: 3. ENTITY #: 900//625. VIEW #: 1. BACKLOGGED :: 939.000%! ~~ 
19:00:46.289 WARN  ~~ LOOPS: 3. ENTITY #: 900//617. VIEW #: 1. BACKLOGGED :: 944.000%! ~~ 
19:00:47.392 WARN  ~~ LOOPS: 3. ENTITY #: 900//649. VIEW #: 1. BACKLOGGED :: 975.000%! ~~ 
19:00:48.570 WARN  ~~ LOOPS: 3. ENTITY #: 900//620. VIEW #: 1. BACKLOGGED :: 981.000%! ~~ 
19:00:49.702 WARN  ~~ LOOPS: 3. ENTITY #: 900//629. VIEW #: 1. BACKLOGGED :: 1011.000%! ~~ 
19:00:50.881 WARN  ~~ LOOPS: 3. ENTITY #: 900//619. VIEW #: 1. BACKLOGGED :: 1052.000%! ~~ 
19:00:52.052 WARN  ~~ LOOPS: 3. ENTITY #: 900//624. VIEW #: 1. BACKLOGGED :: 972.000%! ~~ 
19:00:53.260 WARN  ~~ LOOPS: 3. ENTITY #: 399//456. VIEW #: 1. BACKLOGGED :: 1122.000%! ~~ 
19:00:54.271 WARN  ~~ LOOPS: 11. ENTITY #: 399//140. VIEW #: 1. BACKLOGGED :: 171.818%! ~~ 
19:00:55.280 WARN  ~~ LOOPS: 12. ENTITY #: 399//123. VIEW #: 1. BACKLOGGED :: 150.750%! ~~ 
19:00:56.289 WARN  ~~ LOOPS: 13. ENTITY #: 399//110. VIEW #: 1. BACKLOGGED :: 131.769%! ~~ 
19:00:57.302 WARN  ~~ LOOPS: 14. ENTITY #: 399//94. VIEW #: 1. BACKLOGGED :: 119.357%! ~~ 
19:00:58.312 WARN  ~~ LOOPS: 14. ENTITY #: 399//89. VIEW #: 1. BACKLOGGED :: 103.714%! ~~ 
19:01:02.374 WARN  ~~ LOOPS: 15. ENTITY #: 399//72. VIEW #: 1. BACKLOGGED :: 104.600%! ~~ 
19:01:06.461 WARN  ~~ LOOPS: 10. ENTITY #: 399//61. VIEW #: 1. BACKLOGGED :: 131.700%! ~~ 
19:01:11.536 WARN  ~~ LOOPS: 14. ENTITY #: 399//67. VIEW #: 1. BACKLOGGED :: 102.643%! ~~ 
19:01:48.144 WARN  ~~ LOOPS: 15. ENTITY #: 400//81. VIEW #: 1. BACKLOGGED :: 108.600%! ~~ 
19:01:49.153 WARN  ~~ LOOPS: 12. ENTITY #: 400//102. VIEW #: 1. BACKLOGGED :: 146.500%! ~~ 
19:01:50.164 WARN  ~~ LOOPS: 12. ENTITY #: 400//93. VIEW #: 1. BACKLOGGED :: 149.000%! ~~ 
19:01:51.176 WARN  ~~ LOOPS: 12. ENTITY #: 400//98. VIEW #: 1. BACKLOGGED :: 157.750%! ~~ 
19:01:52.232 WARN  ~~ LOOPS: 13. ENTITY #: 400//97. VIEW #: 1. BACKLOGGED :: 141.000%! ~~ 
19:01:53.280 WARN  ~~ LOOPS: 13. ENTITY #: 400//95. VIEW #: 1. BACKLOGGED :: 142.154%! ~~ 
19:01:54.290 WARN  ~~ LOOPS: 12. ENTITY #: 400//89. VIEW #: 1. BACKLOGGED :: 148.250%! ~~ 
19:01:55.312 WARN  ~~ LOOPS: 13. ENTITY #: 400//94. VIEW #: 1. BACKLOGGED :: 138.462%! ~~ 
19:01:56.321 WARN  ~~ LOOPS: 13. ENTITY #: 400//89. VIEW #: 1. BACKLOGGED :: 126.692%! ~~ 
19:01:57.338 WARN  ~~ LOOPS: 14. ENTITY #: 400//79. VIEW #: 1. BACKLOGGED :: 117.000%! ~~ 
19:01:58.347 WARN  ~~ LOOPS: 14. ENTITY #: 400//81. VIEW #: 1. BACKLOGGED :: 116.786%! ~~ 
19:01:59.395 WARN  ~~ LOOPS: 13. ENTITY #: 400//86. VIEW #: 1. BACKLOGGED :: 129.000%! ~~ 
19:02:00.442 WARN  ~~ LOOPS: 13. ENTITY #: 400//90. VIEW #: 1. BACKLOGGED :: 138.000%! ~~ 
19:02:01.453 WARN  ~~ LOOPS: 12. ENTITY #: 403//103. VIEW #: 1. BACKLOGGED :: 152.250%! ~~ 
19:02:02.518 WARN  ~~ LOOPS: 10. ENTITY #: 409//114. VIEW #: 1. BACKLOGGED :: 220.200%! ~~ 
19:02:03.569 WARN  ~~ LOOPS: 10. ENTITY #: 409//125. VIEW #: 1. BACKLOGGED :: 213.900%! ~~ 
19:02:04.631 WARN  ~~ LOOPS: 10. ENTITY #: 409//123. VIEW #: 1. BACKLOGGED :: 215.400%! ~~ 
19:02:05.672 WARN  ~~ LOOPS: 10. ENTITY #: 409//119. VIEW #: 1. BACKLOGGED :: 211.200%! ~~ 
19:02:06.684 WARN  ~~ LOOPS: 10. ENTITY #: 409//125. VIEW #: 1. BACKLOGGED :: 197.100%! ~~ 
19:02:07.755 WARN  ~~ LOOPS: 10. ENTITY #: 409//119. VIEW #: 1. BACKLOGGED :: 225.900%! ~~ 
19:02:08.835 WARN  ~~ LOOPS: 11. ENTITY #: 410//124. VIEW #: 2. BACKLOGGED :: 193.636%! ~~ 
19:02:09.846 WARN  ~~ LOOPS: 10. ENTITY #: 407//123. VIEW #: 2. BACKLOGGED :: 194.400%! ~~ 
19:02:10.879 WARN  ~~ LOOPS: 10. ENTITY #: 413//119. VIEW #: 2. BACKLOGGED :: 216.000%! ~~ 
19:02:11.894 WARN  ~~ LOOPS: 9. ENTITY #: 413//132. VIEW #: 2. BACKLOGGED :: 225.333%! ~~ 
19:02:12.984 WARN  ~~ LOOPS: 9. ENTITY #: 413//125. VIEW #: 2. BACKLOGGED :: 250.333%! ~~ 
19:02:14.001 WARN  ~~ LOOPS: 10. ENTITY #: 416//132. VIEW #: 2. BACKLOGGED :: 202.200%! ~~ 
19:02:15.034 WARN  ~~ LOOPS: 11. ENTITY #: 419//127. VIEW #: 2. BACKLOGGED :: 184.364%! ~~ 
19:02:16.065 WARN  ~~ LOOPS: 10. ENTITY #: 422//139. VIEW #: 2. BACKLOGGED :: 207.300%! ~~ 
19:02:17.077 WARN  ~~ LOOPS: 10. ENTITY #: 421//137. VIEW #: 2. BACKLOGGED :: 202.200%! ~~ 
19:02:18.089 WARN  ~~ LOOPS: 10. ENTITY #: 421//137. VIEW #: 2. BACKLOGGED :: 193.500%! ~~ 
19:02:19.166 WARN  ~~ LOOPS: 10. ENTITY #: 421//136. VIEW #: 1. BACKLOGGED :: 228.300%! ~~ 
19:02:20.180 WARN  ~~ LOOPS: 10. ENTITY #: 418//131. VIEW #: 1. BACKLOGGED :: 202.200%! ~~ 
19:02:21.248 WARN  ~~ LOOPS: 11. ENTITY #: 418//134. VIEW #: 1. BACKLOGGED :: 190.364%! ~~ 
19:02:22.299 WARN  ~~ LOOPS: 11. ENTITY #: 415//132. VIEW #: 1. BACKLOGGED :: 185.727%! ~~ 
19:02:23.310 WARN  ~~ LOOPS: 10. ENTITY #: 421//126. VIEW #: 1. BACKLOGGED :: 201.600%! ~~ 
19:02:24.380 WARN  ~~ LOOPS: 11. ENTITY #: 418//135. VIEW #: 1. BACKLOGGED :: 193.636%! ~~ 
19:02:25.507 WARN  ~~ LOOPS: 11. ENTITY #: 421//134. VIEW #: 1. BACKLOGGED :: 187.909%! ~~ 
19:02:26.508 WARN  ~~ LOOPS: 10. ENTITY #: 427//134. VIEW #: 1. BACKLOGGED :: 198.600%! ~~ 
19:02:27.508 WARN  ~~ LOOPS: 10. ENTITY #: 430//145. VIEW #: 1. BACKLOGGED :: 198.000%! ~~ 
19:02:28.513 WARN  ~~ LOOPS: 9. ENTITY #: 433//142. VIEW #: 1. BACKLOGGED :: 230.000%! ~~ 
19:02:29.533 WARN  ~~ LOOPS: 9. ENTITY #: 436//150. VIEW #: 1. BACKLOGGED :: 239.000%! ~~ 
19:02:30.545 WARN  ~~ LOOPS: 9. ENTITY #: 436//148. VIEW #: 1. BACKLOGGED :: 227.667%! ~~ 
19:02:31.573 WARN  ~~ LOOPS: 10. ENTITY #: 442//154. VIEW #: 1. BACKLOGGED :: 213.300%! ~~ 
19:02:32.612 WARN  ~~ LOOPS: 10. ENTITY #: 442//154. VIEW #: 1. BACKLOGGED :: 210.000%! ~~ 
19:02:33.631 WARN  ~~ LOOPS: 9. ENTITY #: 442//155. VIEW #: 1. BACKLOGGED :: 227.667%! ~~ 
19:02:34.689 WARN  ~~ LOOPS: 10. ENTITY #: 445//158. VIEW #: 1. BACKLOGGED :: 219.900%! ~~ 
19:02:35.772 WARN  ~~ LOOPS: 10. ENTITY #: 445//158. VIEW #: 1. BACKLOGGED :: 223.800%! ~~ 
19:02:36.783 WARN  ~~ LOOPS: 9. ENTITY #: 451//162. VIEW #: 1. BACKLOGGED :: 232.000%! ~~ 
19:02:37.801 WARN  ~~ LOOPS: 9. ENTITY #: 451//159. VIEW #: 1. BACKLOGGED :: 223.333%! ~~ 
19:02:38.869 WARN  ~~ LOOPS: 10. ENTITY #: 454//164. VIEW #: 1. BACKLOGGED :: 219.600%! ~~ 
19:02:39.910 WARN  ~~ LOOPS: 9. ENTITY #: 454//161. VIEW #: 1. BACKLOGGED :: 244.333%! ~~ 
19:02:40.924 WARN  ~~ LOOPS: 8. ENTITY #: 454//169. VIEW #: 1. BACKLOGGED :: 276.750%! ~~ 
19:02:41.955 WARN  ~~ LOOPS: 9. ENTITY #: 457//162. VIEW #: 1. BACKLOGGED :: 245.333%! ~~ 
19:02:43.023 WARN  ~~ LOOPS: 9. ENTITY #: 454//172. VIEW #: 1. BACKLOGGED :: 255.333%! ~~ 
19:02:44.035 WARN  ~~ LOOPS: 8. ENTITY #: 454//162. VIEW #: 1. BACKLOGGED :: 269.250%! ~~ 
19:02:45.055 WARN  ~~ LOOPS: 8. ENTITY #: 454//168. VIEW #: 1. BACKLOGGED :: 277.875%! ~~ 
19:02:46.083 WARN  ~~ LOOPS: 9. ENTITY #: 454//162. VIEW #: 1. BACKLOGGED :: 247.000%! ~~ 
19:02:47.152 WARN  ~~ LOOPS: 9. ENTITY #: 457//170. VIEW #: 1. BACKLOGGED :: 255.333%! ~~ 
19:02:48.230 WARN  ~~ LOOPS: 9. ENTITY #: 457//164. VIEW #: 1. BACKLOGGED :: 258.000%! ~~ 
19:02:49.307 WARN  ~~ LOOPS: 8. ENTITY #: 454//174. VIEW #: 1. BACKLOGGED :: 280.875%! ~~ 
19:02:50.350 WARN  ~~ LOOPS: 9. ENTITY #: 457//166. VIEW #: 1. BACKLOGGED :: 246.333%! ~~ 
19:02:51.430 WARN  ~~ LOOPS: 9. ENTITY #: 460//176. VIEW #: 1. BACKLOGGED :: 258.667%! ~~ 
19:02:52.517 WARN  ~~ LOOPS: 8. ENTITY #: 463//167. VIEW #: 1. BACKLOGGED :: 305.625%! ~~ 
19:02:53.576 WARN  ~~ LOOPS: 8. ENTITY #: 463//180. VIEW #: 1. BACKLOGGED :: 295.125%! ~~ 
19:02:54.593 WARN  ~~ LOOPS: 7. ENTITY #: 460//171. VIEW #: 1. BACKLOGGED :: 331.286%! ~~ 
19:02:55.629 WARN  ~~ LOOPS: 8. ENTITY #: 460//178. VIEW #: 1. BACKLOGGED :: 289.125%! ~~ 
19:02:56.644 WARN  ~~ LOOPS: 8. ENTITY #: 460//171. VIEW #: 1. BACKLOGGED :: 269.625%! ~~ 
19:02:57.718 WARN  ~~ LOOPS: 9. ENTITY #: 457//172. VIEW #: 1. BACKLOGGED :: 263.000%! ~~ 
19:02:58.732 WARN  ~~ LOOPS: 8. ENTITY #: 454//165. VIEW #: 1. BACKLOGGED :: 271.500%! ~~ 
19:02:59.794 WARN  ~~ LOOPS: 9. ENTITY #: 451//167. VIEW #: 1. BACKLOGGED :: 258.333%! ~~ 
19:03:00.879 WARN  ~~ LOOPS: 9. ENTITY #: 448//160. VIEW #: 1. BACKLOGGED :: 261.667%! ~~ 
19:03:01.977 WARN  ~~ LOOPS: 9. ENTITY #: 448//164. VIEW #: 1. BACKLOGGED :: 248.000%! ~~ 
19:03:02.990 WARN  ~~ LOOPS: 9. ENTITY #: 448//157. VIEW #: 1. BACKLOGGED :: 234.667%! ~~ 
19:03:03.991 WARN  ~~ LOOPS: 9. ENTITY #: 448//165. VIEW #: 1. BACKLOGGED :: 221.333%! ~~ 
19:03:05.012 WARN  ~~ LOOPS: 9. ENTITY #: 448//156. VIEW #: 1. BACKLOGGED :: 243.667%! ~~ 
19:03:06.025 WARN  ~~ LOOPS: 9. ENTITY #: 448//165. VIEW #: 1. BACKLOGGED :: 231.333%! ~~ 
19:03:07.059 WARN  ~~ LOOPS: 9. ENTITY #: 448//161. VIEW #: 1. BACKLOGGED :: 247.000%! ~~ 
19:03:08.090 WARN  ~~ LOOPS: 9. ENTITY #: 454//164. VIEW #: 1. BACKLOGGED :: 242.667%! ~~ 
19:03:09.221 WARN  ~~ LOOPS: 9. ENTITY #: 457//170. VIEW #: 1. BACKLOGGED :: 279.000%! ~~ 
19:03:10.315 WARN  ~~ LOOPS: 7. ENTITY #: 460//169. VIEW #: 1. BACKLOGGED :: 329.571%! ~~ 
19:03:11.372 WARN  ~~ LOOPS: 8. ENTITY #: 466//171. VIEW #: 1. BACKLOGGED :: 294.375%! ~~ 
19:03:12.384 WARN  ~~ LOOPS: 8. ENTITY #: 464//182. VIEW #: 1. BACKLOGGED :: 276.000%! ~~ 
19:03:13.390 WARN  ~~ LOOPS: 7. ENTITY #: 467//175. VIEW #: 1. BACKLOGGED :: 330.429%! ~~ 
19:03:14.389 WARN  ~~ LOOPS: 7. ENTITY #: 472//185. VIEW #: 1. BACKLOGGED :: 298.286%! ~~ 
19:03:15.401 WARN  ~~ LOOPS: 8. ENTITY #: 469//181. VIEW #: 1. BACKLOGGED :: 271.875%! ~~ 
19:03:16.406 WARN  ~~ LOOPS: 8. ENTITY #: 472//186. VIEW #: 1. BACKLOGGED :: 270.375%! ~~ 
19:03:17.420 WARN  ~~ LOOPS: 8. ENTITY #: 475//181. VIEW #: 1. BACKLOGGED :: 274.125%! ~~ 
19:03:18.450 WARN  ~~ LOOPS: 8. ENTITY #: 475//188. VIEW #: 1. BACKLOGGED :: 288.375%! ~~ 
19:03:19.463 WARN  ~~ LOOPS: 8. ENTITY #: 472//184. VIEW #: 1. BACKLOGGED :: 274.875%! ~~ 
19:03:20.493 WARN  ~~ LOOPS: 8. ENTITY #: 469//186. VIEW #: 1. BACKLOGGED :: 288.000%! ~~ 
19:03:21.549 WARN  ~~ LOOPS: 8. ENTITY #: 469//179. VIEW #: 1. BACKLOGGED :: 295.875%! ~~ 
19:03:22.604 WARN  ~~ LOOPS: 8. ENTITY #: 466//179. VIEW #: 1. BACKLOGGED :: 293.625%! ~~ 
19:03:23.669 WARN  ~~ LOOPS: 8. ENTITY #: 463//176. VIEW #: 1. BACKLOGGED :: 289.875%! ~~ 
19:03:24.704 WARN  ~~ LOOPS: 7. ENTITY #: 460//170. VIEW #: 1. BACKLOGGED :: 346.714%! ~~ 
19:03:25.808 WARN  ~~ LOOPS: 7. ENTITY #: 460//177. VIEW #: 1. BACKLOGGED :: 372.429%! ~~ 
19:03:26.854 WARN  ~~ LOOPS: 7. ENTITY #: 460//170. VIEW #: 1. BACKLOGGED :: 321.857%! ~~ 
19:03:27.961 WARN  ~~ LOOPS: 8. ENTITY #: 460//175. VIEW #: 1. BACKLOGGED :: 313.500%! ~~ 
19:03:29.009 WARN  ~~ LOOPS: 9. ENTITY #: 460//169. VIEW #: 1. BACKLOGGED :: 249.667%! ~~ 
19:03:30.023 WARN  ~~ LOOPS: 8. ENTITY #: 460//175. VIEW #: 1. BACKLOGGED :: 273.375%! ~~ 
19:03:31.071 WARN  ~~ LOOPS: 8. ENTITY #: 460//167. VIEW #: 1. BACKLOGGED :: 295.875%! ~~ 
19:03:32.159 WARN  ~~ LOOPS: 8. ENTITY #: 460//175. VIEW #: 1. BACKLOGGED :: 308.250%! ~~ 
19:03:33.308 WARN  ~~ LOOPS: 8. ENTITY #: 460//170. VIEW #: 1. BACKLOGGED :: 325.125%! ~~ 
19:03:34.309 WARN  ~~ LOOPS: 7. ENTITY #: 460//174. VIEW #: 1. BACKLOGGED :: 327.000%! ~~ 
19:03:35.319 WARN  ~~ LOOPS: 8. ENTITY #: 460//172. VIEW #: 1. BACKLOGGED :: 280.875%! ~~ 
19:03:36.414 WARN  ~~ LOOPS: 9. ENTITY #: 466//173. VIEW #: 1. BACKLOGGED :: 263.667%! ~~ 
19:03:37.447 WARN  ~~ LOOPS: 8. ENTITY #: 466//178. VIEW #: 1. BACKLOGGED :: 285.750%! ~~ 
19:03:38.454 WARN  ~~ LOOPS: 8. ENTITY #: 469//176. VIEW #: 1. BACKLOGGED :: 270.375%! ~~ 
19:03:39.554 WARN  ~~ LOOPS: 8. ENTITY #: 472//188. VIEW #: 1. BACKLOGGED :: 289.875%! ~~ 
19:03:40.580 WARN  ~~ LOOPS: 8. ENTITY #: 475//181. VIEW #: 1. BACKLOGGED :: 282.000%! ~~ 
19:03:41.659 WARN  ~~ LOOPS: 8. ENTITY #: 477//190. VIEW #: 1. BACKLOGGED :: 302.250%! ~~ 
19:03:42.659 WARN  ~~ LOOPS: 7. ENTITY #: 478//184. VIEW #: 1. BACKLOGGED :: 318.857%! ~~ 
19:03:43.699 WARN  ~~ LOOPS: 7. ENTITY #: 481//191. VIEW #: 1. BACKLOGGED :: 346.286%! ~~ 
19:03:44.814 WARN  ~~ LOOPS: 8. ENTITY #: 481//181. VIEW #: 1. BACKLOGGED :: 318.750%! ~~ 
19:03:45.899 WARN  ~~ LOOPS: 7. ENTITY #: 481//191. VIEW #: 1. BACKLOGGED :: 358.714%! ~~ 
19:03:46.901 WARN  ~~ LOOPS: 7. ENTITY #: 484//186. VIEW #: 1. BACKLOGGED :: 333.000%! ~~ 
19:03:47.924 WARN  ~~ LOOPS: 8. ENTITY #: 484//180. VIEW #: 1. BACKLOGGED :: 282.375%! ~~ 
19:03:48.982 WARN  ~~ LOOPS: 8. ENTITY #: 487//190. VIEW #: 1. BACKLOGGED :: 295.500%! ~~ 
19:03:49.982 WARN  ~~ LOOPS: 7. ENTITY #: 484//183. VIEW #: 1. BACKLOGGED :: 319.714%! ~~ 
19:03:51.055 WARN  ~~ LOOPS: 7. ENTITY #: 481//187. VIEW #: 1. BACKLOGGED :: 330.000%! ~~ 
19:03:52.065 WARN  ~~ LOOPS: 7. ENTITY #: 478//174. VIEW #: 1. BACKLOGGED :: 321.429%! ~~ 
19:03:53.078 WARN  ~~ LOOPS: 10. ENTITY #: 399//112. VIEW #: 1. BACKLOGGED :: 203.400%! ~~ 
19:03:54.104 WARN  ~~ LOOPS: 15. ENTITY #: 399//65. VIEW #: 1. BACKLOGGED :: 105.600%! ~~ 
19:49:34.849 ERROR sockets is not defined
ReferenceError: sockets is not defined
    at Entity.define (/home/ubuntu/workspace/arras.io/src/server/server.js:1747:4)
    at exportDefintionsToClient (/home/ubuntu/workspace/arras.io/src/server/server.js:2478:14)
    at Object.<anonymous> (/home/ubuntu/workspace/arras.io/src/server/server.js:2502:4)
    at Module._compile (module.js:624:30)
    at Object.Module._extensions..js (module.js:635:10)
    at Module.load (module.js:545:32)
    at tryModuleLoad (module.js:508:12)
    at Function.Module._load (module.js:500:3)
    at Function.Module.runMain (module.js:665:10)
    at startup (bootstrap_node.js:187:16) 
19:49:34.849 ERROR testbed_misc_4 
19:49:34.851 ERROR {"PARENT":[{"PARENT":[{"LABEL":"Unknown Class","TYPE":"tank","DAMAGE_CLASS":2,"DANGER":5,"MOTION_TYPE":"motor","FACING_TYPE":"toTarget","SIZE":12,"MAX_CHILDREN":0,"DAMAGE_EFFECTS":false,"BODY":{"ACCELERATION":1.6,"SPEED":5.25,"HEALTH":20,"DAMAGE":3,"PENETRATION":1.05,"SHIELD":8,"REGEN":0.025,"FOV":1,"DENSITY":0.5,"PUSHABILITY":0.9,"HETERO":3},"GUNS":[],"TURRETS":[],"GIVE_KILL_MESSAGE":true,"DRAW_HEALTH":true,"HAS_NO_SKILL_POINTS":false,"COLOR_OVERRIDE":-1,"DONT_HIT_OBSTACLES":false,"IGNORE_SHAPES":false,"LAYER":-1,"INVISIBLE":[0,0,1],"index":32,"mockup":{"body":{"type":7,"id":32,"index":32,"x":0,"y":0,"vx":0,"vy":0,"size":12,"rsize":12,"status":1,"health":1,"shield":1,"facing":0,"vfacing":0,"twiggle":false,"layer":5,"color":16,"name":"Unknown Class","score":0,"guns":[],"turrets":[],"alpha":1,"position":{"middle":{"x":0,"y":0},"axis":2,"points":[{"x":1,"y":0},{"x":-1,"y":0},{"x":0,"y":1}]}},"position":{"middle":{"x":0,"y":0},"axis":2,"points":[{"x":1,"y":0},{"x":-1,"y":0},{"x":0,"y":1}]}}}],"LABEL":"Testbed Parent","DANGER":8,"BODY":{"SHIELD":15,"REGEN":5,"HEALTH":15,"DAMAGE":5,"DENSITY":15,"FOV":1.25,"SPEED":6.0375},"GUNS":[{"POSITION":[18,10,-1.4,0,0,0,0],"PROPERTIES":{"SHOOT_SETTINGS":{"reload":13.5,"recoil":0.35,"shudder":0.1,"size":1,"health":2,"damage":1.5,"pen":2,"speed":5.625,"maxSpeed":2,"range":1.25,"density":4,"spray":15,"resist":1},"TYPE":[{"LABEL":"Bullet","TYPE":"bullet","ACCEPTS_SCORE":false,"BODY":{"PENETRATION":1,"SPEED":3.75,"RANGE":90,"DENSITY":1.25,"HEALTH":0.165,"DAMAGE":6,"PUSHABILITY":0.3},"FACING_TYPE":"smoothWithMotion","CAN_GO_OUTSIDE_ROOM":true,"HITS_OWN_TYPE":"never","DIE_AT_RANGE":true,"index":17,"mockup":{"body":{"type":1,"id":17,"index":17,"x":0,"y":0,"vx":0,"vy":0,"size":1,"rsize":1,"status":1,"health":1,"shield":null,"facing":0,"vfacing":0,"twiggle":false,"layer":0,"color":16,"name":"Bullet","score":0,"guns":[],"turrets":[],"alpha":1,"position":{"middle":{"x":0,"y":0},"axis":2,"points":[{"x":1,"y":0},{"x":-1,"y":0},{"x":0,"y":1}]}},"position":{"middle":{"x":0,"y":0},"axis":2,"points":[{"x":1,"y":0},{"x":-1,"y":0},{"x":0,"y":1}]}}},{"SHAPE":5}]}}],"index":197,"mockup":{"body":{"type":7,"id":281,"index":197,"x":0,"y":0,"vx":0,"vy":0,"size":12,"rsize":12,"status":1,"health":1,"shield":1,"facing":0,"vfacing":0,"twiggle":false,"layer":5,"color":16,"name":"Testbed Parent","score":0,"guns":[{"time":0,"power":0}],"turrets":[],"alpha":1,"position":{"middle":{"x":0.444643,"y":0},"axis":2.88929,"points":[{"x":1.8,"y":0.5},{"x":-1,"y":0},{"x":1.8,"y":-0.5}]}},"position":{"middle":{"x":0.444643,"y":0},"axis":2.88929,"points":[{"x":1.8,"y":0.5},{"x":-1,"y":0},{"x":1.8,"y":-0.5}]}}}],"LABEL":"Page 4","UPGRADES_TIER_3":[null,{"PARENT":[{"LABEL":"Unknown Class","TYPE":"tank","DAMAGE_CLASS":2,"DANGER":5,"MOTION_TYPE":"motor","FACING_TYPE":"toTarget","SIZE":12,"MAX_CHILDREN":0,"DAMAGE_EFFECTS":false,"BODY":{"ACCELERATION":1.6,"SPEED":5.25,"HEALTH":20,"DAMAGE":3,"PENETRATION":1.05,"SHIELD":8,"REGEN":0.025,"FOV":1,"DENSITY":0.5,"PUSHABILITY":0.9,"HETERO":3},"GUNS":[],"TURRETS":[],"GIVE_KILL_MESSAGE":true,"DRAW_HEALTH":true,"HAS_NO_SKILL_POINTS":false,"COLOR_OVERRIDE":-1,"DONT_HIT_OBSTACLES":false,"IGNORE_SHAPES":false,"LAYER":-1,"INVISIBLE":[0,0,1],"index":32,"mockup":{"body":{"type":7,"id":32,"index":32,"x":0,"y":0,"vx":0,"vy":0,"size":12,"rsize":12,"status":1,"health":1,"shield":1,"facing":0,"vfacing":0,"twiggle":false,"layer":5,"color":16,"name":"Unknown Class","score":0,"guns":[],"turrets":[],"alpha":1,"position":{"middle":{"x":0,"y":0},"axis":2,"points":[{"x":1,"y":0},{"x":-1,"y":0},{"x":0,"y":1}]}},"position":{"middle":{"x":0,"y":0},"axis":2,"points":[{"x":1,"y":0},{"x":-1,"y":0},{"x":0,"y":1}]}}}],"LABEL":"Death Star","DANGER":8,"SIZE":15,"COLOR":27,"GUNS":[{"POSITION":[17,16,1,0,0,0,0],"PROPERTIES":{"SHOOT_SETTINGS":{"reload":96,"recoil":2.2399999999999998,"shudder":0.1,"size":1,"health":1.5,"damage":1.7249999999999999,"pen":1.25,"speed":3.8249999999999997,"maxSpeed":0.8,"range":1,"density":1.5,"spray":15,"resist":1.15},"TYPE":{"LABEL":"Bullet","TYPE":"bullet","ACCEPTS_SCORE":false,"BODY":{"PENETRATION":1,"SPEED":3.75,"RANGE":90,"DENSITY":1.25,"HEALTH":0.165,"DAMAGE":6,"PUSHABILITY":0.3},"FACING_TYPE":"smoothWithMotion","CAN_GO_OUTSIDE_ROOM":true,"HITS_OWN_TYPE":"never","DIE_AT_RANGE":true,"index":17,"mockup":{"body":{"type":1,"id":17,"index":17,"x":0,"y":0,"vx":0,"vy":0,"size":1,"rsize":1,"status":1,"health":1,"shield":null,"facing":0,"vfacing":0,"twiggle":false,"layer":0,"color":16,"name":"Bullet","score":0,"guns":[],"turrets":[],"alpha":1,"position":{"middle":{"x":0,"y":0},"axis":2,"points":[{"x":1,"y":0},{"x":-1,"y":0},{"x":0,"y":1}]}},"position":{"middle":{"x":0,"y":0},"axis":2,"points":[{"x":1,"y":0},{"x":-1,"y":0},{"x":0,"y":1}]}}}}},{"POSITION":[17,16,1,0,0,120,0],"PROPERTIES":{"SHOOT_SETTINGS":{"reload":96,"recoil":2.2399999999999998,"shudder":0.1,"size":1,"health":1.5,"damage":1.7249999999999999,"pen":1.25,"speed":3.8249999999999997,"maxSpeed":0.8,"range":1,"density":1.5,"spray":15,"resist":1.15},"TYPE":{"LABEL":"Bullet","TYPE":"bullet","ACCEPTS_SCORE":false,"BODY":{"PENETRATION":1,"SPEED":3.75,"RANGE":90,"DENSITY":1.25,"HEALTH":0.165,"DAMAGE":6,"PUSHABILITY":0.3},"FACING_TYPE":"smoothWithMotion","CAN_GO_OUTSIDE_ROOM":true,"HITS_OWN_TYPE":"never","DIE_AT_RANGE":true,"index":17,"mockup":{"body":{"type":1,"id":17,"index":17,"x":0,"y":0,"vx":0,"vy":0,"size":1,"rsize":1,"status":1,"health":1,"shield":null,"facing":0,"vfacing":0,"twiggle":false,"layer":0,"color":16,"name":"Bullet","score":0,"guns":[],"turrets":[],"alpha":1,"position":{"middle":{"x":0,"y":0},"axis":2,"points":[{"x":1,"y":0},{"x":-1,"y":0},{"x":0,"y":1}]}},"position":{"middle":{"x":0,"y":0},"axis":2,"points":[{"x":1,"y":0},{"x":-1,"y":0},{"x":0,"y":1}]}}}}},{"POSITION":[17,16,1,0,0,240,0],"PROPERTIES":{"SHOOT_SETTINGS":{"reload":96,"recoil":2.2399999999999998,"shudder":0.1,"size":1,"health":1.5,"damage":1.7249999999999999,"pen":1.25,"speed":3.8249999999999997,"maxSpeed":0.8,"range":1,"density":1.5,"spray":15,"resist":1.15},"TYPE":{"LABEL":"Bullet","TYPE":"bullet","ACCEPTS_SCORE":false,"BODY":{"PENETRATION":1,"SPEED":3.75,"RANGE":90,"DENSITY":1.25,"HEALTH":0.165,"DAMAGE":6,"PUSHABILITY":0.3},"FACING_TYPE":"smoothWithMotion","CAN_GO_OUTSIDE_ROOM":true,"HITS_OWN_TYPE":"never","DIE_AT_RANGE":true,"index":17,"mockup":{"body":{"type":1,"id":17,"index":17,"x":0,"y":0,"vx":0,"vy":0,"size":1,"rsize":1,"status":1,"health":1,"shield":null,"facing":0,"vfacing":0,"twiggle":false,"layer":0,"color":16,"name":"Bullet","score":0,"guns":[],"turrets":[],"alpha":1,"position":{"middle":{"x":0,"y":0},"axis":2,"points":[{"x":1,"y":0},{"x":-1,"y":0},{"x":0,"y":1}]}},"position":{"middle":{"x":0,"y":0},"axis":2,"points":[{"x":1,"y":0},{"x":-1,"y":0},{"x":0,"y":1}]}}}}},{"POSITION":[17,16,1,0,0,60,0.05],"PROPERTIES":{"SHOOT_SETTINGS":{"reload":96,"recoil":2.2399999999999998,"shudder":0.1,"size":1,"health":1.5,"damage":1.7249999999999999,"pen":1.25,"speed":3.8249999999999997,"maxSpeed":0.8,"range":1,"density":1.5,"spray":15,"resist":1.15},"TYPE":{"LABEL":"Bullet","TYPE":"bullet","ACCEPTS_SCORE":false,"BODY":{"PENETRATION":1,"SPEED":3.75,"RANGE":90,"DENSITY":1.25,"HEALTH":0.165,"DAMAGE":6,"PUSHABILITY":0.3},"FACING_TYPE":"smoothWithMotion","CAN_GO_OUTSIDE_ROOM":true,"HITS_OWN_TYPE":"never","DIE_AT_RANGE":true,"index":17,"mockup":{"body":{"type":1,"id":17,"index":17,"x":0,"y":0,"vx":0,"vy":0,"size":1,"rsize":1,"status":1,"health":1,"shield":null,"facing":0,"vfacing":0,"twiggle":false,"layer":0,"color":16,"name":"Bullet","score":0,"guns":[],"turrets":[],"alpha":1,"position":{"middle":{"x":0,"y":0},"axis":2,"points":[{"x":1,"y":0},{"x":-1,"y":0},{"x":0,"y":1}]}},"position":{"middle":{"x":0,"y":0},"axis":2,"points":[{"x":1,"y":0},{"x":-1,"y":0},{"x":0,"y":1}]}}}}},{"POSITION":[17,16,1,0,0,180,0.05],"PROPERTIES":{"SHOOT_SETTINGS":{"reload":96,"recoil":2.2399999999999998,"shudder":0.1,"size":1,"health":1.5,"damage":1.7249999999999999,"pen":1.25,"speed":3.8249999999999997,"maxSpeed":0.8,"range":1,"density":1.5,"spray":15,"resist":1.15},"TYPE":{"LABEL":"Bullet","TYPE":"bullet","ACCEPTS_SCORE":false,"BODY":{"PENETRATION":1,"SPEED":3.75,"RANGE":90,"DENSITY":1.25,"HEALTH":0.165,"DAMAGE":6,"PUSHABILITY":0.3},"FACING_TYPE":"smoothWithMotion","CAN_GO_OUTSIDE_ROOM":true,"HITS_OWN_TYPE":"never","DIE_AT_RANGE":true,"index":17,"mockup":{"body":{"type":1,"id":17,"index":17,"x":0,"y":0,"vx":0,"vy":0,"size":1,"rsize":1,"status":1,"health":1,"shield":null,"facing":0,"vfacing":0,"twiggle":false,"layer":0,"color":16,"name":"Bullet","score":0,"guns":[],"turrets":[],"alpha":1,"position":{"middle":{"x":0,"y":0},"axis":2,"points":[{"x":1,"y":0},{"x":-1,"y":0},{"x":0,"y":1}]}},"position":{"middle":{"x":0,"y":0},"axis":2,"points":[{"x":1,"y":0},{"x":-1,"y":0},{"x":0,"y":1}]}}}}},{"POSITION":[17,16,1,0,0,300,0.05],"PROPERTIES":{"SHOOT_SETTINGS":{"reload":96,"recoil":2.2399999999999998,"shudder":0.1,"size":1,"health":1.5,"damage":1.7249999999999999,"pen":1.25,"speed":3.8249999999999997,"maxSpeed":0.8,"range":1,"density":1.5,"spray":15,"resist":1.15},"TYPE":{"LABEL":"Bullet","TYPE":"bullet","ACCEPTS_SCORE":false,"BODY":{"PENETRATION":1,"SPEED":3.75,"RANGE":90,"DENSITY":1.25,"HEALTH":0.165,"DAMAGE":6,"PUSHABILITY":0.3},"FACING_TYPE":"smoothWithMotion","CAN_GO_OUTSIDE_ROOM":true,"HITS_OWN_TYPE":"never","DIE_AT_RANGE":true,"index":17,"mockup":{"body":{"type":1,"id":17,"index":17,"x":0,"y":0,"vx":0,"vy":0,"size":1,"rsize":1,"status":1,"health":1,"shield":null,"facing":0,"vfacing":0,"twiggle":false,"layer":0,"color":16,"name":"Bullet","score":0,"guns":[],"turrets":[],"alpha":1,"position":{"middle":{"x":0,"y":0},"axis":2,"points":[{"x":1,"y":0},{"x":-1,"y":0},{"x":0,"y":1}]}},"position":{"middle":{"x":0,"y":0},"axis":2,"points":[{"x":1,"y":0},{"x":-1,"y":0},{"x":0,"y":1}]}}}}}],"index":284,"mockup":{"body":{"type":7,"id":450,"index":284,"x":0,"y":0,"vx":0,"vy":0,"size":12,"rsize":12,"status":1,"health":1,"shield":1,"facing":0,"vfacing":0,"twiggle":false,"layer":5,"color":27,"name":"Death Star","score":0,"guns":[{"time":0,"power":0},{"time":0,"power":0},{"time":0,"power":0},{"time":0,"power":0},{"time":0,"power":0},{"time":0,"power":0}],"turrets":[],"alpha":1,"position":{"middle":{"x":0,"y":0},"axis":3.75766,"points":[{"x":-1.54282,"y":-1.07224},{"x":1.54282,"y":1.07224},{"x":1.54282,"y":-1.07224}]}},"position":{"middle":{"x":0,"y":0},"axis":3.75766,"points":[{"x":-1.54282,"y":-1.07224},{"x":1.54282,"y":1.07224},{"x":1.54282,"y":-1.07224}]}}},{"PARENT":[{"LABEL":"Unknown Class","TYPE":"tank","DAMAGE_CLASS":2,"DANGER":5,"MOTION_TYPE":"motor","FACING_TYPE":"toTarget","SIZE":12,"MAX_CHILDREN":0,"DAMAGE_EFFECTS":false,"BODY":{"ACCELERATION":1.6,"SPEED":5.25,"HEALTH":20,"DAMAGE":3,"PENETRATION":1.05,"SHIELD":8,"REGEN":0.025,"FOV":1,"DENSITY":0.5,"PUSHABILITY":0.9,"HETERO":3},"GUNS":[],"TURRETS":[],"GIVE_KILL_MESSAGE":true,"DRAW_HEALTH":true,"HAS_NO_SKILL_POINTS":false,"COLOR_OVERRIDE":-1,"DONT_HIT_OBSTACLES":false,"IGNORE_SHAPES":false,"LAYER":-1,"INVISIBLE":[0,0,1],"index":32,"mockup":{"body":{"type":7,"id":32,"index":32,"x":0,"y":0,"vx":0,"vy":0,"size":12,"rsize":12,"status":1,"health":1,"shield":1,"facing":0,"vfacing":0,"twiggle":false,"layer":5,"color":16,"name":"Unknown Class","score":0,"guns":[],"turrets":[],"alpha":1,"position":{"middle":{"x":0,"y":0},"axis":2,"points":[{"x":1,"y":0},{"x":-1,"y":0},{"x":0,"y":1}]}},"position":{"middle":{"x":0,"y":0},"axis":2,"points":[{"x":1,"y":0},{"x":-1,"y":0},{"x":0,"y":1}]}}}],"LABEL":"Blaster","GUNS":[{"POSITION":[9,10,1.6,8,0,0,0],"PROPERTIES":{"SHOOT_SETTINGS":{"reload":9,"recoil":0.9519999999999998,"shudder":0.21250000000000002,"size":1.1,"health":0.875,"damage":0.5249999999999999,"pen":0.75,"speed":3.8249999999999997,"maxSpeed":0.27999999999999997,"range":0.75,"density":0.5,"spray":56.25,"resist":0.8},"TYPE":{"LABEL":"Bullet","TYPE":"bullet","ACCEPTS_SCORE":false,"BODY":{"PENETRATION":1,"SPEED":3.75,"RANGE":90,"DENSITY":1.25,"HEALTH":0.165,"DAMAGE":6,"PUSHABILITY":0.3},"FACING_TYPE":"smoothWithMotion","CAN_GO_OUTSIDE_ROOM":true,"HITS_OWN_TYPE":"never","DIE_AT_RANGE":true,"index":17,"mockup":{"body":{"type":1,"id":17,"index":17,"x":0,"y":0,"vx":0,"vy":0,"size":1,"rsize":1,"status":1,"health":1,"shield":null,"facing":0,"vfacing":0,"twiggle":false,"layer":0,"color":16,"name":"Bullet","score":0,"guns":[],"turrets":[],"alpha":1,"position":{"middle":{"x":0,"y":0},"axis":2,"points":[{"x":1,"y":0},{"x":-1,"y":0},{"x":0,"y":1}]}},"position":{"middle":{"x":0,"y":0},"axis":2,"points":[{"x":1,"y":0},{"x":-1,"y":0},{"x":0,"y":1}]}}}}}],"index":285,"mockup":{"body":{"type":7,"id":451,"index":285,"x":0,"y":0,"vx":0,"vy":0,"size":12,"rsize":12,"status":1,"health":1,"shield":1,"facing":0,"vfacing":0,"twiggle":false,"layer":5,"color":16,"name":"Blaster","score":0,"guns":[{"time":0,"power":0}],"turrets":[],"alpha":1,"position":{"middle":{"x":0.468519,"y":0},"axis":2.93704,"points":[{"x":1.7,"y":0.8},{"x":-1,"y":0},{"x":1.7,"y":-0.8}]}},"position":{"middle":{"x":0.468519,"y":0},"axis":2.93704,"points":[{"x":1.7,"y":0.8},{"x":-1,"y":0},{"x":1.7,"y":-0.8}]}}},{"PARENT":[{"LABEL":"Unknown Class","TYPE":"tank","DAMAGE_CLASS":2,"DANGER":5,"MOTION_TYPE":"motor","FACING_TYPE":"toTarget","SIZE":12,"MAX_CHILDREN":0,"DAMAGE_EFFECTS":false,"BODY":{"ACCELERATION":1.6,"SPEED":5.25,"HEALTH":20,"DAMAGE":3,"PENETRATION":1.05,"SHIELD":8,"REGEN":0.025,"FOV":1,"DENSITY":0.5,"PUSHABILITY":0.9,"HETERO":3},"GUNS":[],"TURRETS":[],"GIVE_KILL_MESSAGE":true,"DRAW_HEALTH":true,"HAS_NO_SKILL_POINTS":false,"COLOR_OVERRIDE":-1,"DONT_HIT_OBSTACLES":false,"IGNORE_SHAPES":false,"LAYER":-1,"INVISIBLE":[0,0,1],"index":32,"mockup":{"body":{"type":7,"id":32,"index":32,"x":0,"y":0,"vx":0,"vy":0,"size":12,"rsize":12,"status":1,"health":1,"shield":1,"facing":0,"vfacing":0,"twiggle":false,"layer":5,"color":16,"name":"Unknown Class","score":0,"guns":[],"turrets":[],"alpha":1,"position":{"middle":{"x":0,"y":0},"axis":2,"points":[{"x":1,"y":0},{"x":-1,"y":0},{"x":0,"y":1}]}},"position":{"middle":{"x":0,"y":0},"axis":2,"points":[{"x":1,"y":0},{"x":-1,"y":0},{"x":0,"y":1}]}}}],"LABEL":"Tri-Blaster","GUNS":[{"POSITION":[9,10,1.6,8,2,16,0.5],"PROPERTIES":{"SHOOT_SETTINGS":{"reload":11.25,"recoil":0.9519999999999998,"shudder":0.21250000000000002,"size":1.1,"health":0.875,"damage":0.5249999999999999,"pen":0.75,"speed":3.8249999999999997,"maxSpeed":0.27999999999999997,"range":0.75,"density":0.5,"spray":56.25,"resist":0.8},"TYPE":{"LABEL":"Bullet","TYPE":"bullet","ACCEPTS_SCORE":false,"BODY":{"PENETRATION":1,"SPEED":3.75,"RANGE":90,"DENSITY":1.25,"HEALTH":0.165,"DAMAGE":6,"PUSHABILITY":0.3},"FACING_TYPE":"smoothWithMotion","CAN_GO_OUTSIDE_ROOM":true,"HITS_OWN_TYPE":"never","DIE_AT_RANGE":true,"index":17,"mockup":{"body":{"type":1,"id":17,"index":17,"x":0,"y":0,"vx":0,"vy":0,"size":1,"rsize":1,"status":1,"health":1,"shield":null,"facing":0,"vfacing":0,"twiggle":false,"layer":0,"color":16,"name":"Bullet","score":0,"guns":[],"turrets":[],"alpha":1,"position":{"middle":{"x":0,"y":0},"axis":2,"points":[{"x":1,"y":0},{"x":-1,"y":0},{"x":0,"y":1}]}},"position":{"middle":{"x":0,"y":0},"axis":2,"points":[{"x":1,"y":0},{"x":-1,"y":0},{"x":0,"y":1}]}}}}},{"POSITION":[9,10,1.6,8,-2,-16,0.5],"PROPERTIES":{"SHOOT_SETTINGS":{"reload":11.25,"recoil":0.9519999999999998,"shudder":0.21250000000000002,"size":1.1,"health":0.875,"damage":0.5249999999999999,"pen":0.75,"speed":3.8249999999999997,"maxSpeed":0.27999999999999997,"range":0.75,"density":0.5,"spray":56.25,"resist":0.8},"TYPE":{"LABEL":"Bullet","TYPE":"bullet","ACCEPTS_SCORE":false,"BODY":{"PENETRATION":1,"SPEED":3.75,"RANGE":90,"DENSITY":1.25,"HEALTH":0.165,"DAMAGE":6,"PUSHABILITY":0.3},"FACING_TYPE":"smoothWithMotion","CAN_GO_OUTSIDE_ROOM":true,"HITS_OWN_TYPE":"never","DIE_AT_RANGE":true,"index":17,"mockup":{"body":{"type":1,"id":17,"index":17,"x":0,"y":0,"vx":0,"vy":0,"size":1,"rsize":1,"status":1,"health":1,"shield":null,"facing":0,"vfacing":0,"twiggle":false,"layer":0,"color":16,"name":"Bullet","score":0,"guns":[],"turrets":[],"alpha":1,"position":{"middle":{"x":0,"y":0},"axis":2,"points":[{"x":1,"y":0},{"x":-1,"y":0},{"x":0,"y":1}]}},"position":{"middle":{"x":0,"y":0},"axis":2,"points":[{"x":1,"y":0},{"x":-1,"y":0},{"x":0,"y":1}]}}}}},{"POSITION":[11,10,1.6,8,0,0,0],"PROPERTIES":{"SHOOT_SETTINGS":{"reload":11.25,"recoil":0.9519999999999998,"shudder":0.21250000000000002,"size":1.1,"health":0.875,"damage":0.5249999999999999,"pen":0.75,"speed":3.8249999999999997,"maxSpeed":0.27999999999999997,"range":0.75,"density":0.5,"spray":56.25,"resist":0.8},"TYPE":{"LABEL":"Bullet","TYPE":"bullet","ACCEPTS_SCORE":false,"BODY":{"PENETRATION":1,"SPEED":3.75,"RANGE":90,"DENSITY":1.25,"HEALTH":0.165,"DAMAGE":6,"PUSHABILITY":0.3},"FACING_TYPE":"smoothWithMotion","CAN_GO_OUTSIDE_ROOM":true,"HITS_OWN_TYPE":"never","DIE_AT_RANGE":true,"index":17,"mockup":{"body":{"type":1,"id":17,"index":17,"x":0,"y":0,"vx":0,"vy":0,"size":1,"rsize":1,"status":1,"health":1,"shield":null,"facing":0,"vfacing":0,"twiggle":false,"layer":0,"color":16,"name":"Bullet","score":0,"guns":[],"turrets":[],"alpha":1,"position":{"middle":{"x":0,"y":0},"axis":2,"points":[{"x":1,"y":0},{"x":-1,"y":0},{"x":0,"y":1}]}},"position":{"middle":{"x":0,"y":0},"axis":2,"points":[{"x":1,"y":0},{"x":-1,"y":0},{"x":0,"y":1}]}}}}}],"index":286,"mockup":{"body":{"type":7,"id":452,"index":286,"x":0,"y":0,"vx":0,"vy":0,"size":12,"rsize":12,"status":1,"health":1,"shield":1,"facing":0,"vfacing":0,"twiggle":false,"layer":5,"color":16,"name":"Tri-Blaster","score":0,"guns":[{"time":0,"power":0},{"time":0,"power":0},{"time":0,"power":0}],"turrets":[],"alpha":1,"position":{"middle":{"x":0.600902,"y":0},"axis":3.25974,"points":[{"x":1.9,"y":0.8},{"x":-1,"y":0},{"x":1.35851,"y":-1.42985},{"x":1.35851,"y":1.42985}]}},"position":{"middle":{"x":0.600902,"y":0},"axis":3.25974,"points":[{"x":1.9,"y":0.8},{"x":-1,"y":0},{"x":1.35851,"y":-1.42985},{"x":1.35851,"y":1.42985}]}}},{"PARENT":[{"LABEL":"Unknown Class","TYPE":"tank","DAMAGE_CLASS":2,"DANGER":5,"MOTION_TYPE":"motor","FACING_TYPE":"toTarget","SIZE":12,"MAX_CHILDREN":0,"DAMAGE_EFFECTS":false,"BODY":{"ACCELERATION":1.6,"SPEED":5.25,"HEALTH":20,"DAMAGE":3,"PENETRATION":1.05,"SHIELD":8,"REGEN":0.025,"FOV":1,"DENSITY":0.5,"PUSHABILITY":0.9,"HETERO":3},"GUNS":[],"TURRETS":[],"GIVE_KILL_MESSAGE":true,"DRAW_HEALTH":true,"HAS_NO_SKILL_POINTS":false,"COLOR_OVERRIDE":-1,"DONT_HIT_OBSTACLES":false,"IGNORE_SHAPES":false,"LAYER":-1,"INVISIBLE":[0,0,1],"index":32,"mockup":{"body":{"type":7,"id":32,"index":32,"x":0,"y":0,"vx":0,"vy":0,"size":12,"rsize":12,"status":1,"health":1,"shield":1,"facing":0,"vfacing":0,"twiggle":false,"layer":5,"color":16,"name":"Unknown Class","score":0,"guns":[],"turrets":[],"alpha":1,"position":{"middle":{"x":0,"y":0},"axis":2,"points":[{"x":1,"y":0},{"x":-1,"y":0},{"x":0,"y":1}]}},"position":{"middle":{"x":0,"y":0},"axis":2,"points":[{"x":1,"y":0},{"x":-1,"y":0},{"x":0,"y":1}]}}}],"LABEL":"Gatling Gun","DANGER":7,"BODY":{"FOV":1.1},"GUNS":[{"POSITION":[17,10,1.4,8,0,0,0],"PROPERTIES":{"SHOOT_SETTINGS":{"reload":11.25,"recoil":1.4896,"shudder":0.136,"size":1,"health":0.5599999999999999,"damage":0.5249999999999999,"pen":1.1,"speed":5.625,"maxSpeed":1,"range":1.1,"density":1.25,"spray":18.75,"resist":1.1},"TYPE":{"LABEL":"Bullet","TYPE":"bullet","ACCEPTS_SCORE":false,"BODY":{"PENETRATION":1,"SPEED":3.75,"RANGE":90,"DENSITY":1.25,"HEALTH":0.165,"DAMAGE":6,"PUSHABILITY":0.3},"FACING_TYPE":"smoothWithMotion","CAN_GO_OUTSIDE_ROOM":true,"HITS_OWN_TYPE":"never","DIE_AT_RANGE":true,"index":17,"mockup":{"body":{"type":1,"id":17,"index":17,"x":0,"y":0,"vx":0,"vy":0,"size":1,"rsize":1,"status":1,"health":1,"shield":null,"facing":0,"vfacing":0,"twiggle":false,"layer":0,"color":16,"name":"Bullet","score":0,"guns":[],"turrets":[],"alpha":1,"position":{"middle":{"x":0,"y":0},"axis":2,"points":[{"x":1,"y":0},{"x":-1,"y":0},{"x":0,"y":1}]}},"position":{"middle":{"x":0,"y":0},"axis":2,"points":[{"x":1,"y":0},{"x":-1,"y":0},{"x":0,"y":1}]}}}}}],"index":287,"mockup":{"body":{"type":7,"id":453,"index":287,"x":0,"y":0,"vx":0,"vy":0,"size":12,"rsize":12,"status":1,"health":1,"shield":1,"facing":0,"vfacing":0,"twiggle":false,"layer":5,"color":16,"name":"Gatling Gun","score":0,"guns":[{"time":0,"power":0}],"turrets":[],"alpha":1,"position":{"middle":{"x":0.82,"y":0},"axis":3.64,"points":[{"x":2.5,"y":0.7},{"x":-1,"y":0},{"x":2.5,"y":-0.7}]}},"position":{"middle":{"x":0.82,"y":0},"axis":3.64,"points":[{"x":2.5,"y":0.7},{"x":-1,"y":0},{"x":2.5,"y":-0.7}]}}},{"PARENT":[{"LABEL":"Unknown Class","TYPE":"tank","DAMAGE_CLASS":2,"DANGER":5,"MOTION_TYPE":"motor","FACING_TYPE":"toTarget","SIZE":12,"MAX_CHILDREN":0,"DAMAGE_EFFECTS":false,"BODY":{"ACCELERATION":1.6,"SPEED":5.25,"HEALTH":20,"DAMAGE":3,"PENETRATION":1.05,"SHIELD":8,"REGEN":0.025,"FOV":1,"DENSITY":0.5,"PUSHABILITY":0.9,"HETERO":3},"GUNS":[],"TURRETS":[],"GIVE_KILL_MESSAGE":true,"DRAW_HEALTH":true,"HAS_NO_SKILL_POINTS":false,"COLOR_OVERRIDE":-1,"DONT_HIT_OBSTACLES":false,"IGNORE_SHAPES":false,"LAYER":-1,"INVISIBLE":[0,0,1],"index":32,"mockup":{"body":{"type":7,"id":32,"index":32,"x":0,"y":0,"vx":0,"vy":0,"size":12,"rsize":12,"status":1,"health":1,"shield":1,"facing":0,"vfacing":0,"twiggle":false,"layer":5,"color":16,"name":"Unknown Class","score":0,"guns":[],"turrets":[],"alpha":1,"position":{"middle":{"x":0,"y":0},"axis":2,"points":[{"x":1,"y":0},{"x":-1,"y":0},{"x":0,"y":1}]}},"position":{"middle":{"x":0,"y":0},"axis":2,"points":[{"x":1,"y":0},{"x":-1,"y":0},{"x":0,"y":1}]}}}],"LABEL":"Charger","DANGER":7,"BODY":{"FOV":1.25},"GUNS":[{"POSITION":[8,0.1,-55,22,0,0,0]},{"POSITION":[16,10,1.4,8,0,0,0],"PROPERTIES":{"SHOOT_SETTINGS":{"reload":9.5625,"recoil":1.4896,"shudder":0.068,"size":1,"health":0.5599999999999999,"damage":0.5249999999999999,"pen":1.1,"speed":4.21875,"maxSpeed":0.75,"range":1.815,"density":1.25,"spray":21.5625,"resist":1.1},"TYPE":[{"LABEL":"Bullet","TYPE":"bullet","ACCEPTS_SCORE":false,"BODY":{"PENETRATION":1,"SPEED":3.75,"RANGE":90,"DENSITY":1.25,"HEALTH":0.165,"DAMAGE":6,"PUSHABILITY":0.3},"FACING_TYPE":"smoothWithMotion","CAN_GO_OUTSIDE_ROOM":true,"HITS_OWN_TYPE":"never","DIE_AT_RANGE":true,"index":17,"mockup":{"body":{"type":1,"id":17,"index":17,"x":0,"y":0,"vx":0,"vy":0,"size":1,"rsize":1,"status":1,"health":1,"shield":null,"facing":0,"vfacing":0,"twiggle":false,"layer":0,"color":16,"name":"Bullet","score":0,"guns":[],"turrets":[],"alpha":1,"position":{"middle":{"x":0,"y":0},"axis":2,"points":[{"x":1,"y":0},{"x":-1,"y":0},{"x":0,"y":1}]}},"position":{"middle":{"x":0,"y":0},"axis":2,"points":[{"x":1,"y":0},{"x":-1,"y":0},{"x":0,"y":1}]}}},{"MOTION_TYPE":"accelerate"}]}}],"index":288,"mockup":{"body":{"type":7,"id":454,"index":288,"x":0,"y":0,"vx":0,"vy":0,"size":12,"rsize":12,"status":1,"health":1,"shield":1,"facing":0,"vfacing":0,"twiggle":false,"layer":5,"color":16,"name":"Charger","score":0,"guns":[{"time":0,"power":0},{"time":0,"power":0}],"turrets":[],"alpha":1,"position":{"middle":{"x":1,"y":0},"axis":4.00001,"points":[{"x":3,"y":0.005},{"x":-1,"y":0},{"x":3,"y":-0.005}]}},"position":{"middle":{"x":1,"y":0},"axis":4.00001,"points":[{"x":3,"y":0.005},{"x":-1,"y":0},{"x":3,"y":-0.005}]}}}],"index":207} 
20:56:45.276 WARN  Malformed command packet! Player has been disconnected. 
21:18:21.783 WARN  Malformed command packet! Player has been disconnected. 
21:18:25.497 WARN  Malformed command packet! Player has been disconnected. 
21:18:25.570 WARN  Malformed command packet! Player has been disconnected. 
21:19:45.078 WARN  Malformed command packet! Player has been disconnected. 
21:19:45.207 WARN  Malformed command packet! Player has been disconnected. 
21:27:29.829 WARN  Player tried to spawn when the arena is closed! Player has been disconnected. 
21:27:45.320 WARN  Player tried to spawn when the arena is closed! Player has been disconnected. 
21:57:07.496 WARN  Malformed command packet! Player has been disconnected. 
21:57:07.539 WARN  Malformed command packet! Player has been disconnected. 
22:02:29.952 WARN  ~~ LOOPS: 15. ENTITY #: 491//299. VIEW #: 10. BACKLOGGED :: 118.000%! ~~ 
22:05:36.486 WARN  ~~ LOOPS: 14. ENTITY #: 479//221. VIEW #: 8. BACKLOGGED :: 109.714%! ~~ 
22:16:34.398 WARN  ~~ LOOPS: 14. ENTITY #: 491//132. VIEW #: 9. BACKLOGGED :: 107.571%! ~~ 
22:18:20.370 WARN  ~~ LOOPS: 14. ENTITY #: 442//134. VIEW #: 11. BACKLOGGED :: 116.571%! ~~ 
22:34:20.527 WARN  Unknown beta-command request! Player has been disconnected. 
22:55:14.579 WARN  Malformed command packet! Player has been disconnected. 
22:58:07.479 WARN  Malformed command packet! Player has been disconnected. 
22:58:19.298 WARN  Malformed command packet! Player has been disconnected. 
23:12:41.759 WARN  ~~ LOOPS: 12. ENTITY #: 488//217. VIEW #: 11. BACKLOGGED :: 143.750%! ~~ 
23:12:56.056 WARN  ~~ LOOPS: 4. ENTITY #: 517//228. VIEW #: 11. BACKLOGGED :: 1191.750%! ~~ 
23:12:57.057 WARN  ~~ LOOPS: 7. ENTITY #: 516//218. VIEW #: 11. BACKLOGGED :: 111.000%! ~~ 
23:13:10.167 WARN  ~~ LOOPS: 3. ENTITY #: 506//217. VIEW #: 11. BACKLOGGED :: 171.000%! ~~ 
23:13:12.082 WARN  ~~ LOOPS: 1. ENTITY #: 507//209. VIEW #: 11. BACKLOGGED :: 264.000%! ~~ 
23:13:13.962 WARN  ~~ LOOPS: 1. ENTITY #: 501//214. VIEW #: 11. BACKLOGGED :: 339.000%! ~~ 
23:13:15.937 WARN  ~~ LOOPS: 1. ENTITY #: 499//207. VIEW #: 11. BACKLOGGED :: 411.000%! ~~ 
23:13:19.011 WARN  ~~ LOOPS: 1. ENTITY #: 502//204. VIEW #: 11. BACKLOGGED :: 699.000%! ~~ 
23:13:21.775 WARN  ~~ LOOPS: 1. ENTITY #: 502//212. VIEW #: 11. BACKLOGGED :: 780.000%! ~~ 
23:13:25.130 WARN  ~~ LOOPS: 1. ENTITY #: 505//213. VIEW #: 11. BACKLOGGED :: 1017.000%! ~~ 
23:13:29.016 WARN  ~~ LOOPS: 1. ENTITY #: 503//211. VIEW #: 11. BACKLOGGED :: 2190.000%! ~~ 
23:13:35.796 WARN  ~~ LOOPS: 1. ENTITY #: 499//211. VIEW #: 11. BACKLOGGED :: 7110.000%! ~~ 
23:13:48.383 WARN  ~~ LOOPS: 1. ENTITY #: 503//219. VIEW #: 11. BACKLOGGED :: 22995.000%! ~~ 
23:13:51.816 WARN  ~~ LOOPS: 1. ENTITY #: 503//214. VIEW #: 11. BACKLOGGED :: 888.000%! ~~ 
23:13:56.638 WARN  ~~ LOOPS: 1. ENTITY #: 502//211. VIEW #: 11. BACKLOGGED :: 4842.000%! ~~ 
23:14:09.572 WARN  ~~ LOOPS: 20. ENTITY #: 467//160. VIEW #: 8. BACKLOGGED :: 431.250%! ~~ 
23:23:02.980 WARN  Malformed command packet! Player has been disconnected. 
23:24:56.518 WARN  Player tried to spawn when the arena is closed! Player has been disconnected. 
23:25:09.664 WARN  Player tried to spawn when the arena is closed! Player has been disconnected. 
23:29:28.471 WARN  Player tried to spawn when the arena is closed! Player has been disconnected. 
23:29:29.303 WARN  Player tried to spawn when the arena is closed! Player has been disconnected. 
23:29:30.778 WARN  Player tried to spawn when the arena is closed! Player has been disconnected. 
