01:16:11.484 ERROR [ERROR] A ghost entity has been found! 
01:16:11.485 ERROR Type: Basic 
01:16:11.485 ERROR Position: (293.16666666666663, 5092.833333333333) 
01:16:11.485 ERROR Collision Array:  
01:16:11.485 ERROR Health: -1 
01:16:11.486 WARN  Ghost entity removed successfully. 
01:21:52.420 ERROR [ERROR] A ghost has been found! 
01:21:52.420 ERROR Type: Sentry 
01:21:52.420 ERROR Position: (4474.709454547066, 5132.48075492213) 
01:21:52.420 ERROR Collision Array:  
01:21:52.420 ERROR Health: 0.7783333333333335 
01:21:52.420 WARN  Ghost removed successfully. 
01:21:52.420 ERROR [ERROR] A ghost has been found! 
01:21:52.420 ERROR Type: Sentry 
01:21:52.420 ERROR Position: (4474.709454547066, 5132.48075492213) 
01:21:52.420 ERROR Collision Array:  
01:21:52.420 ERROR Health: 0.7783333333333335 
01:21:52.420 WARN  Ghost removed successfully. 
01:21:52.420 ERROR [ERROR] A ghost has been found! 
01:21:52.420 ERROR Type: Sentry 
01:21:52.420 ERROR Position: (4474.709454547066, 5132.48075492213) 
01:21:52.420 ERROR Collision Array:  
01:21:52.420 ERROR Health: 0.7783333333333335 
01:21:52.421 WARN  Ghost removed successfully. 
01:21:52.421 ERROR [ERROR] A ghost has been found! 
01:21:52.421 ERROR Type: Sentry 
01:21:52.421 ERROR Position: (4474.709454547066, 5132.48075492213) 
01:21:52.421 ERROR Collision Array:  
01:21:52.421 ERROR Health: 0.7783333333333335 
01:21:52.421 WARN  Ghost removed successfully. 
01:21:52.421 ERROR [ERROR] A ghost has been found! 
01:21:52.421 ERROR Type: Sentry 
01:21:52.421 ERROR Position: (4474.709454547066, 5132.48075492213) 
01:21:52.421 ERROR Collision Array:  
01:21:52.421 ERROR Health: 0.7783333333333335 
01:21:52.421 WARN  Ghost removed successfully. 
01:21:52.421 ERROR [ERROR] A ghost has been found! 
01:21:52.421 ERROR Type: Sentry 
01:21:52.421 ERROR Position: (4474.709454547066, 5132.48075492213) 
01:21:52.421 ERROR Collision Array:  
01:21:52.421 ERROR Health: 0.7783333333333335 
01:21:52.421 WARN  Ghost removed successfully. 
01:21:52.421 ERROR [ERROR] A ghost has been found! 
01:21:52.421 ERROR Type: Sentry 
01:21:52.421 ERROR Position: (4474.709454547066, 5132.48075492213) 
01:21:52.421 ERROR Collision Array:  
01:21:52.421 ERROR Health: 0.7783333333333335 
01:21:52.422 WARN  Ghost removed successfully. 
01:21:52.422 ERROR [ERROR] A ghost has been found! 
01:21:52.422 ERROR Type: Sentry 
01:21:52.422 ERROR Position: (4474.709454547066, 5132.48075492213) 
01:21:52.422 ERROR Collision Array:  
01:21:52.422 ERROR Health: 0.7783333333333335 
01:21:52.422 WARN  Ghost removed successfully. 
01:21:52.422 ERROR [ERROR] A ghost has been found! 
01:21:52.422 ERROR Type: Sentry 
01:21:52.422 ERROR Position: (4474.709454547066, 5132.48075492213) 
01:21:52.422 ERROR Collision Array:  
01:21:52.422 ERROR Health: 0.7783333333333335 
01:21:52.422 WARN  Ghost removed successfully. 
01:21:52.422 ERROR [ERROR] A ghost has been found! 
01:21:52.422 ERROR Type: Sentry 
01:21:52.422 ERROR Position: (4474.709454547066, 5132.48075492213) 
01:21:52.422 ERROR Collision Array:  
01:21:52.422 ERROR Health: 0.7783333333333335 
01:21:52.422 WARN  Ghost removed successfully. 
01:21:52.422 ERROR [ERROR] A ghost has been found! 
01:21:52.422 ERROR Type: Sentry 
01:21:52.422 ERROR Position: (4474.709454547066, 5132.48075492213) 
01:21:52.422 ERROR Collision Array:  
01:21:52.422 ERROR Health: 0.7783333333333335 
01:21:52.422 WARN  Ghost removed successfully. 
01:21:52.422 ERROR [ERROR] A ghost has been found! 
01:21:52.422 ERROR Type: Sentry 
01:21:52.422 ERROR Position: (4474.709454547066, 5132.48075492213) 
01:21:52.422 ERROR Collision Array:  
01:21:52.422 ERROR Health: 0.7783333333333335 
01:21:52.422 WARN  Ghost removed successfully. 
01:21:52.422 ERROR [ERROR] A ghost has been found! 
01:21:52.422 ERROR Type: Sentry 
01:21:52.423 ERROR Position: (4474.709454547066, 5132.48075492213) 
01:21:52.423 ERROR Collision Array:  
01:21:52.423 ERROR Health: 0.7783333333333335 
01:21:52.423 WARN  Ghost removed successfully. 
01:21:52.423 ERROR [ERROR] A ghost has been found! 
01:21:52.423 ERROR Type: Sentry 
01:21:52.423 ERROR Position: (4474.709454547066, 5132.48075492213) 
01:21:52.423 ERROR Collision Array:  
01:21:52.423 ERROR Health: 0.7783333333333335 
01:21:52.423 WARN  Ghost removed successfully. 
01:21:52.423 ERROR [ERROR] A ghost has been found! 
01:21:52.423 ERROR Type: Sentry 
01:21:52.423 ERROR Position: (4474.709454547066, 5132.48075492213) 
01:21:52.423 ERROR Collision Array:  
01:21:52.423 ERROR Health: 0.7783333333333335 
01:21:52.423 WARN  Ghost removed successfully. 
01:21:52.423 ERROR [ERROR] A ghost has been found! 
01:21:52.423 ERROR Type: Sentry 
01:21:52.423 ERROR Position: (4474.709454547066, 5132.48075492213) 
01:21:52.423 ERROR Collision Array:  
01:21:52.423 ERROR Health: 0.7783333333333335 
01:21:52.423 WARN  Ghost removed successfully. 
01:21:52.423 ERROR [ERROR] A ghost has been found! 
01:21:52.423 ERROR Type: Sentry 
01:21:52.423 ERROR Position: (4474.709454547066, 5132.48075492213) 
01:21:52.423 ERROR Collision Array:  
01:21:52.423 ERROR Health: 0.7783333333333335 
01:21:52.423 WARN  Ghost removed successfully. 
01:21:52.423 ERROR [ERROR] A ghost has been found! 
01:21:52.423 ERROR Type: Sentry 
01:21:52.423 ERROR Position: (4474.709454547066, 5132.48075492213) 
01:21:52.424 ERROR Collision Array:  
01:21:52.424 ERROR Health: 0.7783333333333335 
01:21:52.424 WARN  Ghost removed successfully. 
01:21:52.424 ERROR [ERROR] A ghost has been found! 
01:21:52.424 ERROR Type: Sentry 
01:21:52.424 ERROR Position: (4474.709454547066, 5132.48075492213) 
01:21:52.424 ERROR Collision Array:  
01:21:52.424 ERROR Health: 0.7783333333333335 
01:21:52.424 WARN  Ghost removed successfully. 
01:21:52.424 ERROR [ERROR] A ghost has been found! 
01:21:52.424 ERROR Type: Sentry 
01:21:52.424 ERROR Position: (4474.709454547066, 5132.48075492213) 
01:21:52.424 ERROR Collision Array:  
01:21:52.424 ERROR Health: 0.7783333333333335 
01:21:52.424 WARN  Ghost removed successfully. 
01:21:52.424 ERROR [ERROR] A ghost has been found! 
01:21:52.424 ERROR Type: Sentry 
01:21:52.424 ERROR Position: (4474.709454547066, 5132.48075492213) 
01:21:52.424 ERROR Collision Array:  
01:21:52.424 ERROR Health: 0.7783333333333335 
01:21:52.424 WARN  Ghost removed successfully. 
01:21:52.424 ERROR [ERROR] A ghost has been found! 
01:21:52.424 ERROR Type: Sentry 
01:21:52.424 ERROR Position: (4474.709454547066, 5132.48075492213) 
01:21:52.424 ERROR Collision Array:  
01:21:52.424 ERROR Health: 0.7783333333333335 
01:21:52.424 WARN  Ghost removed successfully. 
01:21:52.424 ERROR [ERROR] A ghost has been found! 
01:21:52.424 ERROR Type: Sentry 
01:21:52.424 ERROR Position: (4474.709454547066, 5132.48075492213) 
01:21:52.424 ERROR Collision Array:  
01:21:52.424 ERROR Health: 0.7783333333333335 
01:21:52.424 WARN  Ghost removed successfully. 
01:21:52.424 ERROR [ERROR] A ghost has been found! 
01:21:52.424 ERROR Type: Sentry 
01:21:52.424 ERROR Position: (4474.709454547066, 5132.48075492213) 
01:21:52.424 ERROR Collision Array:  
01:21:52.424 ERROR Health: 0.7783333333333335 
01:21:52.424 WARN  Ghost removed successfully. 
01:21:52.425 ERROR [ERROR] A ghost has been found! 
01:21:52.425 ERROR Type: Sentry 
01:21:52.425 ERROR Position: (4474.709454547066, 5132.48075492213) 
01:21:52.425 ERROR Collision Array:  
01:21:52.425 ERROR Health: 0.7783333333333335 
01:21:52.425 WARN  Ghost removed successfully. 
01:21:52.425 ERROR [ERROR] A ghost has been found! 
01:21:52.425 ERROR Type: Sentry 
01:21:52.425 ERROR Position: (4474.709454547066, 5132.48075492213) 
01:21:52.425 ERROR Collision Array:  
01:21:52.425 ERROR Health: 0.7783333333333335 
01:21:52.425 WARN  Ghost removed successfully. 
01:21:52.425 ERROR [ERROR] A ghost has been found! 
01:21:52.425 ERROR Type: Sentry 
01:21:52.425 ERROR Position: (4474.709454547066, 5132.48075492213) 
01:21:52.425 ERROR Collision Array:  
01:21:52.425 ERROR Health: 0.7783333333333335 
01:21:52.425 WARN  Ghost removed successfully. 
01:21:52.425 ERROR [ERROR] A ghost has been found! 
01:21:52.425 ERROR Type: Sentry 
01:21:52.425 ERROR Position: (4474.709454547066, 5132.48075492213) 
01:21:52.425 ERROR Collision Array:  
01:21:52.425 ERROR Health: 0.7783333333333335 
01:21:52.425 WARN  Ghost removed successfully. 
01:21:52.425 ERROR [ERROR] A ghost has been found! 
01:21:52.425 ERROR Type: Sentry 
01:21:52.425 ERROR Position: (4474.709454547066, 5132.48075492213) 
01:21:52.425 ERROR Collision Array:  
01:21:52.425 ERROR Health: 0.7783333333333335 
01:21:52.425 WARN  Ghost removed successfully. 
01:21:52.426 ERROR [ERROR] A ghost has been found! 
01:21:52.426 ERROR Type: Sentry 
01:21:52.426 ERROR Position: (4474.709454547066, 5132.48075492213) 
01:21:52.426 ERROR Collision Array:  
01:21:52.426 ERROR Health: 0.7783333333333335 
01:21:52.426 WARN  Ghost removed successfully. 
01:21:52.426 ERROR [ERROR] A ghost has been found! 
01:21:52.426 ERROR Type: Sentry 
01:21:52.426 ERROR Position: (4474.709454547066, 5132.48075492213) 
01:21:52.426 ERROR Collision Array:  
01:21:52.426 ERROR Health: 0.7783333333333335 
01:21:52.426 WARN  Ghost removed successfully. 
01:21:52.426 ERROR [ERROR] A ghost has been found! 
01:21:52.426 ERROR Type: Sentry 
01:21:52.426 ERROR Position: (4474.709454547066, 5132.48075492213) 
01:21:52.426 ERROR Collision Array:  
01:21:52.426 ERROR Health: 0.7783333333333335 
01:21:52.426 WARN  Ghost removed successfully. 
01:21:52.426 ERROR [ERROR] A ghost has been found! 
01:21:52.426 ERROR Type: Sentry 
01:21:52.426 ERROR Position: (4474.709454547066, 5132.48075492213) 
01:21:52.426 ERROR Collision Array:  
01:21:52.426 ERROR Health: 0.7783333333333335 
01:21:52.426 WARN  Ghost removed successfully. 
01:21:52.426 ERROR [ERROR] A ghost has been found! 
01:21:52.426 ERROR Type: Sentry 
01:21:52.426 ERROR Position: (4474.709454547066, 5132.48075492213) 
01:21:52.426 ERROR Collision Array:  
01:21:52.426 ERROR Health: 0.7783333333333335 
01:21:52.426 WARN  Ghost removed successfully. 
01:21:52.426 ERROR [ERROR] A ghost has been found! 
01:21:52.426 ERROR Type: Sentry 
01:21:52.426 ERROR Position: (4474.709454547066, 5132.48075492213) 
01:21:52.426 ERROR Collision Array:  
01:21:52.426 ERROR Health: 0.7783333333333335 
01:21:52.426 WARN  Ghost removed successfully. 
01:21:52.426 ERROR [ERROR] A ghost has been found! 
01:21:52.426 ERROR Type: Sentry 
01:21:52.426 ERROR Position: (4474.709454547066, 5132.48075492213) 
01:21:52.426 ERROR Collision Array:  
01:21:52.426 ERROR Health: 0.7783333333333335 
01:21:52.426 WARN  Ghost removed successfully. 
01:21:52.426 ERROR [ERROR] A ghost has been found! 
01:21:52.427 ERROR Type: Sentry 
01:21:52.427 ERROR Position: (4474.709454547066, 5132.48075492213) 
01:21:52.427 ERROR Collision Array:  
01:21:52.427 ERROR Health: 0.7783333333333335 
01:21:52.427 WARN  Ghost removed successfully. 
01:21:52.427 ERROR [ERROR] A ghost has been found! 
01:21:52.427 ERROR Type: Sentry 
01:21:52.427 ERROR Position: (4474.709454547066, 5132.48075492213) 
01:21:52.427 ERROR Collision Array:  
01:21:52.427 ERROR Health: 0.7783333333333335 
01:21:52.427 WARN  Ghost removed successfully. 
01:21:52.427 ERROR [ERROR] A ghost has been found! 
01:21:52.427 ERROR Type: Sentry 
01:21:52.427 ERROR Position: (4474.709454547066, 5132.48075492213) 
01:21:52.427 ERROR Collision Array:  
01:21:52.427 ERROR Health: 0.7783333333333335 
01:21:52.427 WARN  Ghost removed successfully. 
01:21:52.427 ERROR [ERROR] A ghost has been found! 
01:21:52.427 ERROR Type: Sentry 
01:21:52.427 ERROR Position: (4474.709454547066, 5132.48075492213) 
01:21:52.427 ERROR Collision Array:  
01:21:52.427 ERROR Health: 0.7783333333333335 
01:21:52.427 WARN  Ghost removed successfully. 
01:21:52.427 ERROR [ERROR] A ghost has been found! 
01:21:52.427 ERROR Type: Sentry 
01:21:52.427 ERROR Position: (4474.709454547066, 5132.48075492213) 
01:21:52.427 ERROR Collision Array:  
01:21:52.427 ERROR Health: 0.7783333333333335 
01:21:52.427 WARN  Ghost removed successfully. 
01:21:52.427 ERROR [ERROR] A ghost has been found! 
01:21:52.428 ERROR Type: Sentry 
01:21:52.428 ERROR Position: (4474.709454547066, 5132.48075492213) 
01:21:52.428 ERROR Collision Array:  
01:21:52.428 ERROR Health: 0.7783333333333335 
01:21:52.428 WARN  Ghost removed successfully. 
01:21:52.428 ERROR [ERROR] A ghost has been found! 
01:21:52.428 ERROR Type: Sentry 
01:21:52.428 ERROR Position: (4474.709454547066, 5132.48075492213) 
01:21:52.428 ERROR Collision Array:  
01:21:52.428 ERROR Health: 0.7783333333333335 
01:21:52.428 WARN  Ghost removed successfully. 
01:21:52.428 ERROR [ERROR] A ghost has been found! 
01:21:52.428 ERROR Type: Sentry 
01:21:52.428 ERROR Position: (4474.709454547066, 5132.48075492213) 
01:21:52.428 ERROR Collision Array:  
01:21:52.428 ERROR Health: 0.7783333333333335 
01:21:52.428 WARN  Ghost removed successfully. 
01:21:52.428 ERROR [ERROR] A ghost has been found! 
01:21:52.428 ERROR Type: Sentry 
01:21:52.428 ERROR Position: (4474.709454547066, 5132.48075492213) 
01:21:52.428 ERROR Collision Array:  
01:21:52.428 ERROR Health: 0.7783333333333335 
01:21:52.428 WARN  Ghost removed successfully. 
01:21:52.428 ERROR [ERROR] A ghost has been found! 
01:21:52.428 ERROR Type: Sentry 
01:21:52.428 ERROR Position: (4474.709454547066, 5132.48075492213) 
01:21:52.428 ERROR Collision Array:  
01:21:52.428 ERROR Health: 0.7783333333333335 
01:21:52.428 WARN  Ghost removed successfully. 
01:21:52.428 ERROR [ERROR] A ghost has been found! 
01:21:52.428 ERROR Type: Sentry 
01:21:52.428 ERROR Position: (4474.709454547066, 5132.48075492213) 
01:21:52.428 ERROR Collision Array:  
01:21:52.429 ERROR Health: 0.7783333333333335 
01:21:52.429 WARN  Ghost removed successfully. 
01:21:52.429 ERROR [ERROR] A ghost has been found! 
01:21:52.429 ERROR Type: Sentry 
01:21:52.429 ERROR Position: (4474.709454547066, 5132.48075492213) 
01:21:52.429 ERROR Collision Array:  
01:21:52.429 ERROR Health: 0.7783333333333335 
01:21:52.429 WARN  Ghost removed successfully. 
01:21:52.429 ERROR [ERROR] A ghost has been found! 
01:21:52.429 ERROR Type: Sentry 
01:21:52.429 ERROR Position: (4474.709454547066, 5132.48075492213) 
01:21:52.429 ERROR Collision Array:  
01:21:52.429 ERROR Health: 0.7783333333333335 
01:21:52.429 WARN  Ghost removed successfully. 
01:21:52.429 ERROR [ERROR] A ghost has been found! 
01:21:52.429 ERROR Type: Sentry 
01:21:52.429 ERROR Position: (4474.709454547066, 5132.48075492213) 
01:21:52.429 ERROR Collision Array:  
01:21:52.429 ERROR Health: 0.7783333333333335 
01:21:52.429 WARN  Ghost removed successfully. 
01:21:52.429 ERROR [ERROR] A ghost has been found! 
01:21:52.429 ERROR Type: Sentry 
01:21:52.429 ERROR Position: (4474.709454547066, 5132.48075492213) 
01:21:52.429 ERROR Collision Array:  
01:21:52.429 ERROR Health: 0.7783333333333335 
01:21:52.429 WARN  Ghost removed successfully. 
01:21:52.429 ERROR [ERROR] A ghost has been found! 
01:21:52.429 ERROR Type: Sentry 
01:21:52.429 ERROR Position: (4474.709454547066, 5132.48075492213) 
01:21:52.429 ERROR Collision Array:  
01:21:52.429 ERROR Health: 0.7783333333333335 
01:21:52.429 WARN  Ghost removed successfully. 
01:21:52.429 ERROR [ERROR] A ghost has been found! 
01:21:52.429 ERROR Type: Sentry 
01:21:52.430 ERROR Position: (4474.709454547066, 5132.48075492213) 
01:21:52.430 ERROR Collision Array:  
01:21:52.430 ERROR Health: 0.7783333333333335 
01:21:52.430 WARN  Ghost removed successfully. 
01:21:52.430 ERROR [ERROR] A ghost has been found! 
01:21:52.430 ERROR Type: Sentry 
01:21:52.430 ERROR Position: (4474.709454547066, 5132.48075492213) 
01:21:52.430 ERROR Collision Array:  
01:21:52.430 ERROR Health: 0.7783333333333335 
01:21:52.430 WARN  Ghost removed successfully. 
01:21:52.430 ERROR [ERROR] A ghost has been found! 
01:21:52.430 ERROR Type: Sentry 
01:21:52.430 ERROR Position: (4474.709454547066, 5132.48075492213) 
01:21:52.430 ERROR Collision Array:  
01:21:52.430 ERROR Health: 0.7783333333333335 
01:21:52.430 WARN  Ghost removed successfully. 
01:21:52.430 ERROR [ERROR] A ghost has been found! 
01:21:52.430 ERROR Type: Sentry 
01:21:52.430 ERROR Position: (4474.709454547066, 5132.48075492213) 
01:21:52.430 ERROR Collision Array:  
01:21:52.430 ERROR Health: 0.7783333333333335 
01:21:52.430 WARN  Ghost removed successfully. 
01:21:52.430 ERROR [ERROR] A ghost has been found! 
01:21:52.430 ERROR Type: Sentry 
01:21:52.430 ERROR Position: (4474.709454547066, 5132.48075492213) 
01:21:52.430 ERROR Collision Array:  
01:21:52.430 ERROR Health: 0.7783333333333335 
01:21:52.430 WARN  Ghost removed successfully. 
01:21:52.430 ERROR [ERROR] A ghost has been found! 
01:21:52.430 ERROR Type: Sentry 
01:21:52.430 ERROR Position: (4474.709454547066, 5132.48075492213) 
01:21:52.430 ERROR Collision Array:  
01:21:52.431 ERROR Health: 0.7783333333333335 
01:21:52.431 WARN  Ghost removed successfully. 
01:21:52.431 ERROR [ERROR] A ghost has been found! 
01:21:52.431 ERROR Type: Sentry 
01:21:52.431 ERROR Position: (4474.709454547066, 5132.48075492213) 
01:21:52.431 ERROR Collision Array:  
01:21:52.431 ERROR Health: 0.7783333333333335 
01:21:52.431 WARN  Ghost removed successfully. 
01:21:52.431 ERROR [ERROR] A ghost has been found! 
01:21:52.431 ERROR Type: Sentry 
01:21:52.431 ERROR Position: (4474.709454547066, 5132.48075492213) 
01:21:52.431 ERROR Collision Array:  
01:21:52.431 ERROR Health: 0.7783333333333335 
01:21:52.431 WARN  Ghost removed successfully. 
01:21:52.431 ERROR [ERROR] A ghost has been found! 
01:21:52.431 ERROR Type: Sentry 
01:21:52.431 ERROR Position: (4474.709454547066, 5132.48075492213) 
01:21:52.431 ERROR Collision Array:  
01:21:52.431 ERROR Health: 0.7783333333333335 
01:21:52.431 WARN  Ghost removed successfully. 
01:21:52.431 ERROR [ERROR] A ghost has been found! 
01:21:52.431 ERROR Type: Sentry 
01:21:52.431 ERROR Position: (4474.709454547066, 5132.48075492213) 
01:21:52.431 ERROR Collision Array:  
01:21:52.431 ERROR Health: 0.7783333333333335 
01:21:52.431 WARN  Ghost removed successfully. 
01:21:52.431 ERROR [ERROR] A ghost has been found! 
01:21:52.431 ERROR Type: Sentry 
01:21:52.432 ERROR Position: (4474.709454547066, 5132.48075492213) 
01:21:52.432 ERROR Collision Array:  
01:21:52.432 ERROR Health: 0.7783333333333335 
01:21:52.432 WARN  Ghost removed successfully. 
01:21:52.432 ERROR [ERROR] A ghost has been found! 
01:21:52.432 ERROR Type: Sentry 
01:21:52.432 ERROR Position: (4474.709454547066, 5132.48075492213) 
01:21:52.432 ERROR Collision Array:  
01:21:52.432 ERROR Health: 0.7783333333333335 
01:21:52.432 WARN  Ghost removed successfully. 
01:21:52.432 ERROR [ERROR] A ghost has been found! 
01:21:52.432 ERROR Type: Sentry 
01:21:52.432 ERROR Position: (4474.709454547066, 5132.48075492213) 
01:21:52.432 ERROR Collision Array:  
01:21:52.432 ERROR Health: 0.7783333333333335 
01:21:52.432 WARN  Ghost removed successfully. 
01:21:52.432 ERROR [ERROR] A ghost has been found! 
01:21:52.432 ERROR Type: Sentry 
01:21:52.432 ERROR Position: (4474.709454547066, 5132.48075492213) 
01:21:52.432 ERROR Collision Array:  
01:21:52.432 ERROR Health: 0.7783333333333335 
01:21:52.432 WARN  Ghost removed successfully. 
01:21:52.432 ERROR [ERROR] A ghost has been found! 
01:21:52.432 ERROR Type: Sentry 
01:21:52.432 ERROR Position: (4474.709454547066, 5132.48075492213) 
01:21:52.432 ERROR Collision Array:  
01:21:52.432 ERROR Health: 0.7783333333333335 
01:21:52.432 WARN  Ghost removed successfully. 
01:21:52.432 ERROR [ERROR] A ghost has been found! 
01:21:52.432 ERROR Type: Sentry 
01:21:52.432 ERROR Position: (4474.709454547066, 5132.48075492213) 
01:21:52.432 ERROR Collision Array:  
01:21:52.432 ERROR Health: 0.7783333333333335 
01:21:52.433 WARN  Ghost removed successfully. 
01:21:52.433 ERROR [ERROR] A ghost has been found! 
01:21:52.433 ERROR Type: Sentry 
01:21:52.433 ERROR Position: (4474.709454547066, 5132.48075492213) 
01:21:52.433 ERROR Collision Array:  
01:21:52.433 ERROR Health: 0.7783333333333335 
01:21:52.433 WARN  Ghost removed successfully. 
01:21:52.433 ERROR [ERROR] A ghost has been found! 
01:21:52.433 ERROR Type: Sentry 
01:21:52.433 ERROR Position: (4474.709454547066, 5132.48075492213) 
01:21:52.433 ERROR Collision Array:  
01:21:52.433 ERROR Health: 0.7783333333333335 
01:21:52.433 WARN  Ghost removed successfully. 
01:21:52.433 ERROR [ERROR] A ghost has been found! 
01:21:52.433 ERROR Type: Sentry 
01:21:52.433 ERROR Position: (4474.709454547066, 5132.48075492213) 
01:21:52.433 ERROR Collision Array:  
01:21:52.433 ERROR Health: 0.7783333333333335 
01:21:52.433 WARN  Ghost removed successfully. 
01:21:52.433 ERROR [ERROR] A ghost has been found! 
01:21:52.433 ERROR Type: Sentry 
01:21:52.433 ERROR Position: (4474.709454547066, 5132.48075492213) 
01:21:52.433 ERROR Collision Array:  
01:21:52.433 ERROR Health: 0.7783333333333335 
01:21:52.433 WARN  Ghost removed successfully. 
01:21:52.433 ERROR [ERROR] A ghost has been found! 
01:21:52.433 ERROR Type: Sentry 
01:21:52.433 ERROR Position: (4474.709454547066, 5132.48075492213) 
01:21:52.433 ERROR Collision Array:  
01:21:52.433 ERROR Health: 0.7783333333333335 
01:21:52.434 WARN  Ghost removed successfully. 
01:21:52.434 ERROR [ERROR] A ghost has been found! 
01:21:52.434 ERROR Type: Sentry 
01:21:52.434 ERROR Position: (4474.709454547066, 5132.48075492213) 
01:21:52.434 ERROR Collision Array:  
01:21:52.434 ERROR Health: 0.7783333333333335 
01:21:52.434 WARN  Ghost removed successfully. 
21:30:25.077 WARN  Malformed command packet! Kicking player and giving 1 warning. 
21:46:05.332 WARN  Unknown beta-key request! Kicking player and giving 1 warning. 
21:55:14.598 WARN  ~~ LOOPS: 15. ENTITY #: 293//101. VIEW #: 1. BACKLOGGED :: 100.200%! ~~ 
21:55:15.603 WARN  ~~ LOOPS: 14. ENTITY #: 293//102. VIEW #: 1. BACKLOGGED :: 116.357%! ~~ 
21:55:20.670 WARN  ~~ LOOPS: 15. ENTITY #: 294//102. VIEW #: 1. BACKLOGGED :: 101.400%! ~~ 
21:55:21.679 WARN  ~~ LOOPS: 15. ENTITY #: 294//101. VIEW #: 1. BACKLOGGED :: 101.600%! ~~ 
21:55:22.687 WARN  ~~ LOOPS: 15. ENTITY #: 294//102. VIEW #: 1. BACKLOGGED :: 102.000%! ~~ 
21:55:28.742 WARN  ~~ LOOPS: 15. ENTITY #: 294//102. VIEW #: 1. BACKLOGGED :: 102.400%! ~~ 
21:55:29.748 WARN  ~~ LOOPS: 15. ENTITY #: 294//101. VIEW #: 1. BACKLOGGED :: 100.400%! ~~ 
21:55:30.761 WARN  ~~ LOOPS: 15. ENTITY #: 294//102. VIEW #: 1. BACKLOGGED :: 104.600%! ~~ 
21:55:31.769 WARN  ~~ LOOPS: 15. ENTITY #: 295//101. VIEW #: 1. BACKLOGGED :: 100.800%! ~~ 
21:55:32.786 WARN  ~~ LOOPS: 15. ENTITY #: 289//100. VIEW #: 1. BACKLOGGED :: 104.200%! ~~ 
21:55:33.818 WARN  ~~ LOOPS: 15. ENTITY #: 291//95. VIEW #: 1. BACKLOGGED :: 107.400%! ~~ 
21:55:34.835 WARN  ~~ LOOPS: 15. ENTITY #: 288//93. VIEW #: 1. BACKLOGGED :: 103.200%! ~~ 
21:55:35.855 WARN  ~~ LOOPS: 15. ENTITY #: 294//92. VIEW #: 1. BACKLOGGED :: 104.600%! ~~ 
21:55:36.874 WARN  ~~ LOOPS: 13. ENTITY #: 290//102. VIEW #: 1. BACKLOGGED :: 129.231%! ~~ 
21:55:41.957 WARN  ~~ LOOPS: 15. ENTITY #: 288//88. VIEW #: 1. BACKLOGGED :: 100.400%! ~~ 
21:55:42.990 WARN  ~~ LOOPS: 15. ENTITY #: 288//88. VIEW #: 1. BACKLOGGED :: 107.200%! ~~ 
21:55:43.990 WARN  ~~ LOOPS: 14. ENTITY #: 288//86. VIEW #: 1. BACKLOGGED :: 108.857%! ~~ 
21:55:51.089 WARN  ~~ LOOPS: 15. ENTITY #: 289//88. VIEW #: 1. BACKLOGGED :: 100.800%! ~~ 
21:55:53.107 WARN  ~~ LOOPS: 15. ENTITY #: 290//89. VIEW #: 1. BACKLOGGED :: 104.400%! ~~ 
21:55:54.121 WARN  ~~ LOOPS: 14. ENTITY #: 288//88. VIEW #: 1. BACKLOGGED :: 115.071%! ~~ 
21:55:55.128 WARN  ~~ LOOPS: 14. ENTITY #: 289//87. VIEW #: 1. BACKLOGGED :: 117.000%! ~~ 
21:55:56.133 WARN  ~~ LOOPS: 14. ENTITY #: 288//86. VIEW #: 1. BACKLOGGED :: 113.786%! ~~ 
21:55:57.159 WARN  ~~ LOOPS: 14. ENTITY #: 286//84. VIEW #: 1. BACKLOGGED :: 122.357%! ~~ 
21:55:58.168 WARN  ~~ LOOPS: 14. ENTITY #: 286//84. VIEW #: 1. BACKLOGGED :: 115.714%! ~~ 
21:55:59.175 WARN  ~~ LOOPS: 14. ENTITY #: 287//85. VIEW #: 1. BACKLOGGED :: 114.857%! ~~ 
21:56:00.196 WARN  ~~ LOOPS: 14. ENTITY #: 288//83. VIEW #: 1. BACKLOGGED :: 120.857%! ~~ 
21:56:01.255 WARN  ~~ LOOPS: 14. ENTITY #: 289//85. VIEW #: 1. BACKLOGGED :: 128.571%! ~~ 
21:56:02.267 WARN  ~~ LOOPS: 13. ENTITY #: 287//82. VIEW #: 1. BACKLOGGED :: 133.154%! ~~ 
21:56:03.298 WARN  ~~ LOOPS: 14. ENTITY #: 286//83. VIEW #: 1. BACKLOGGED :: 121.714%! ~~ 
21:56:04.311 WARN  ~~ LOOPS: 14. ENTITY #: 283//78. VIEW #: 1. BACKLOGGED :: 117.214%! ~~ 
21:56:05.344 WARN  ~~ LOOPS: 15. ENTITY #: 284//72. VIEW #: 1. BACKLOGGED :: 106.800%! ~~ 
21:56:15.416 WARN  ~~ LOOPS: 15. ENTITY #: 284//65. VIEW #: 1. BACKLOGGED :: 100.800%! ~~ 
21:56:23.548 WARN  ~~ LOOPS: 15. ENTITY #: 287//63. VIEW #: 1. BACKLOGGED :: 106.800%! ~~ 
21:56:25.581 WARN  ~~ LOOPS: 15. ENTITY #: 288//62. VIEW #: 1. BACKLOGGED :: 102.000%! ~~ 
21:56:27.595 WARN  ~~ LOOPS: 15. ENTITY #: 287//62. VIEW #: 1. BACKLOGGED :: 101.200%! ~~ 
21:56:30.630 WARN  ~~ LOOPS: 15. ENTITY #: 286//70. VIEW #: 1. BACKLOGGED :: 104.800%! ~~ 
21:56:31.641 WARN  ~~ LOOPS: 14. ENTITY #: 286//72. VIEW #: 1. BACKLOGGED :: 119.571%! ~~ 
21:56:32.646 WARN  ~~ LOOPS: 14. ENTITY #: 286//74. VIEW #: 1. BACKLOGGED :: 111.000%! ~~ 
21:56:33.670 WARN  ~~ LOOPS: 15. ENTITY #: 286//73. VIEW #: 1. BACKLOGGED :: 109.600%! ~~ 
21:56:34.676 WARN  ~~ LOOPS: 14. ENTITY #: 286//73. VIEW #: 1. BACKLOGGED :: 115.071%! ~~ 
21:56:35.715 WARN  ~~ LOOPS: 14. ENTITY #: 287//73. VIEW #: 1. BACKLOGGED :: 123.643%! ~~ 
21:56:36.736 WARN  ~~ LOOPS: 13. ENTITY #: 287//73. VIEW #: 1. BACKLOGGED :: 135.231%! ~~ 
21:56:37.751 WARN  ~~ LOOPS: 13. ENTITY #: 287//73. VIEW #: 1. BACKLOGGED :: 134.077%! ~~ 
21:56:38.757 WARN  ~~ LOOPS: 12. ENTITY #: 287//75. VIEW #: 1. BACKLOGGED :: 143.750%! ~~ 
21:56:39.763 WARN  ~~ LOOPS: 12. ENTITY #: 286//80. VIEW #: 1. BACKLOGGED :: 153.500%! ~~ 
21:56:40.785 WARN  ~~ LOOPS: 12. ENTITY #: 288//82. VIEW #: 1. BACKLOGGED :: 159.250%! ~~ 
21:56:41.805 WARN  ~~ LOOPS: 12. ENTITY #: 287//80. VIEW #: 1. BACKLOGGED :: 154.250%! ~~ 
21:56:42.817 WARN  ~~ LOOPS: 13. ENTITY #: 284//71. VIEW #: 1. BACKLOGGED :: 135.231%! ~~ 
21:56:43.852 WARN  ~~ LOOPS: 11. ENTITY #: 285//74. VIEW #: 1. BACKLOGGED :: 181.636%! ~~ 
21:56:44.891 WARN  ~~ LOOPS: 11. ENTITY #: 284//75. VIEW #: 1. BACKLOGGED :: 183.818%! ~~ 
21:56:45.936 WARN  ~~ LOOPS: 11. ENTITY #: 286//73. VIEW #: 1. BACKLOGGED :: 185.182%! ~~ 
21:56:46.952 WARN  ~~ LOOPS: 11. ENTITY #: 284//74. VIEW #: 1. BACKLOGGED :: 176.727%! ~~ 
21:56:47.958 WARN  ~~ LOOPS: 11. ENTITY #: 281//70. VIEW #: 1. BACKLOGGED :: 172.909%! ~~ 
21:56:48.964 WARN  ~~ LOOPS: 13. ENTITY #: 282//66. VIEW #: 1. BACKLOGGED :: 133.385%! ~~ 
21:56:49.981 WARN  ~~ LOOPS: 13. ENTITY #: 283//73. VIEW #: 1. BACKLOGGED :: 135.692%! ~~ 
21:56:51.027 WARN  ~~ LOOPS: 13. ENTITY #: 284//76. VIEW #: 1. BACKLOGGED :: 141.231%! ~~ 
21:56:52.043 WARN  ~~ LOOPS: 12. ENTITY #: 284//78. VIEW #: 1. BACKLOGGED :: 154.250%! ~~ 
21:56:53.069 WARN  ~~ LOOPS: 12. ENTITY #: 284//77. VIEW #: 1. BACKLOGGED :: 157.000%! ~~ 
21:56:54.078 WARN  ~~ LOOPS: 12. ENTITY #: 289//80. VIEW #: 1. BACKLOGGED :: 152.500%! ~~ 
21:56:55.084 WARN  ~~ LOOPS: 11. ENTITY #: 314//99. VIEW #: 1. BACKLOGGED :: 167.727%! ~~ 
21:56:56.090 WARN  ~~ LOOPS: 11. ENTITY #: 301//97. VIEW #: 1. BACKLOGGED :: 174.273%! ~~ 
21:56:57.097 WARN  ~~ LOOPS: 11. ENTITY #: 289//91. VIEW #: 1. BACKLOGGED :: 174.273%! ~~ 
21:56:58.133 WARN  ~~ LOOPS: 12. ENTITY #: 291//82. VIEW #: 1. BACKLOGGED :: 164.250%! ~~ 
21:56:59.143 WARN  ~~ LOOPS: 11. ENTITY #: 291//80. VIEW #: 1. BACKLOGGED :: 175.636%! ~~ 
21:57:00.152 WARN  ~~ LOOPS: 11. ENTITY #: 289//83. VIEW #: 1. BACKLOGGED :: 168.273%! ~~ 
21:57:01.217 WARN  ~~ LOOPS: 13. ENTITY #: 289//85. VIEW #: 1. BACKLOGGED :: 151.385%! ~~ 
21:57:02.279 WARN  ~~ LOOPS: 10. ENTITY #: 288//82. VIEW #: 1. BACKLOGGED :: 220.200%! ~~ 
21:57:03.279 WARN  ~~ LOOPS: 10. ENTITY #: 288//83. VIEW #: 1. BACKLOGGED :: 189.600%! ~~ 
21:57:04.323 WARN  ~~ LOOPS: 13. ENTITY #: 290//78. VIEW #: 1. BACKLOGGED :: 146.769%! ~~ 
21:57:05.333 WARN  ~~ LOOPS: 12. ENTITY #: 309//82. VIEW #: 1. BACKLOGGED :: 153.000%! ~~ 
21:57:06.353 WARN  ~~ LOOPS: 11. ENTITY #: 338//112. VIEW #: 1. BACKLOGGED :: 178.636%! ~~ 
21:57:07.364 WARN  ~~ LOOPS: 9. ENTITY #: 369//141. VIEW #: 1. BACKLOGGED :: 230.667%! ~~ 
21:57:08.441 WARN  ~~ LOOPS: 8. ENTITY #: 384//169. VIEW #: 1. BACKLOGGED :: 306.000%! ~~ 
21:57:09.495 WARN  ~~ LOOPS: 9. ENTITY #: 344//146. VIEW #: 1. BACKLOGGED :: 253.333%! ~~ 
21:57:10.533 WARN  ~~ LOOPS: 10. ENTITY #: 341//128. VIEW #: 1. BACKLOGGED :: 202.800%! ~~ 
21:57:11.551 WARN  ~~ LOOPS: 11. ENTITY #: 329//115. VIEW #: 1. BACKLOGGED :: 175.636%! ~~ 
21:57:12.559 WARN  ~~ LOOPS: 10. ENTITY #: 323//106. VIEW #: 1. BACKLOGGED :: 198.000%! ~~ 
21:57:13.622 WARN  ~~ LOOPS: 11. ENTITY #: 315//97. VIEW #: 1. BACKLOGGED :: 194.455%! ~~ 
21:57:14.624 WARN  ~~ LOOPS: 11. ENTITY #: 302//89. VIEW #: 1. BACKLOGGED :: 165.273%! ~~ 
21:57:15.680 WARN  ~~ LOOPS: 13. ENTITY #: 296//78. VIEW #: 1. BACKLOGGED :: 149.308%! ~~ 
21:57:16.729 WARN  ~~ LOOPS: 13. ENTITY #: 296//77. VIEW #: 1. BACKLOGGED :: 142.846%! ~~ 
21:57:17.729 WARN  ~~ LOOPS: 13. ENTITY #: 294//77. VIEW #: 1. BACKLOGGED :: 131.308%! ~~ 
21:57:18.782 WARN  ~~ LOOPS: 12. ENTITY #: 295//78. VIEW #: 1. BACKLOGGED :: 163.750%! ~~ 
21:57:19.783 WARN  ~~ LOOPS: 12. ENTITY #: 291//74. VIEW #: 1. BACKLOGGED :: 144.750%! ~~ 
21:57:20.820 WARN  ~~ LOOPS: 13. ENTITY #: 291//72. VIEW #: 1. BACKLOGGED :: 144.000%! ~~ 
21:57:21.822 WARN  ~~ LOOPS: 12. ENTITY #: 292//71. VIEW #: 1. BACKLOGGED :: 150.750%! ~~ 
21:57:22.848 WARN  ~~ LOOPS: 13. ENTITY #: 291//64. VIEW #: 1. BACKLOGGED :: 137.077%! ~~ 
21:57:23.848 WARN  ~~ LOOPS: 14. ENTITY #: 290//59. VIEW #: 1. BACKLOGGED :: 109.500%! ~~ 
21:57:24.849 WARN  ~~ LOOPS: 15. ENTITY #: 289//56. VIEW #: 1. BACKLOGGED :: 100.400%! ~~ 
21:57:27.885 WARN  ~~ LOOPS: 15. ENTITY #: 284//59. VIEW #: 1. BACKLOGGED :: 109.000%! ~~ 
21:57:28.890 WARN  ~~ LOOPS: 15. ENTITY #: 287//57. VIEW #: 1. BACKLOGGED :: 100.200%! ~~ 
21:57:29.903 WARN  ~~ LOOPS: 14. ENTITY #: 288//62. VIEW #: 1. BACKLOGGED :: 117.214%! ~~ 
21:57:30.962 WARN  ~~ LOOPS: 13. ENTITY #: 289//68. VIEW #: 1. BACKLOGGED :: 144.692%! ~~ 
21:57:31.983 WARN  ~~ LOOPS: 12. ENTITY #: 288//70. VIEW #: 1. BACKLOGGED :: 155.750%! ~~ 
21:57:32.988 WARN  ~~ LOOPS: 12. ENTITY #: 287//73. VIEW #: 1. BACKLOGGED :: 149.500%! ~~ 
21:57:33.997 WARN  ~~ LOOPS: 11. ENTITY #: 288//74. VIEW #: 1. BACKLOGGED :: 170.182%! ~~ 
21:57:35.062 WARN  ~~ LOOPS: 13. ENTITY #: 286//72. VIEW #: 1. BACKLOGGED :: 152.769%! ~~ 
21:57:36.084 WARN  ~~ LOOPS: 11. ENTITY #: 286//76. VIEW #: 1. BACKLOGGED :: 178.636%! ~~ 
21:57:37.102 WARN  ~~ LOOPS: 10. ENTITY #: 286//81. VIEW #: 1. BACKLOGGED :: 205.800%! ~~ 
21:57:38.161 WARN  ~~ LOOPS: 11. ENTITY #: 285//80. VIEW #: 1. BACKLOGGED :: 188.727%! ~~ 
21:57:39.222 WARN  ~~ LOOPS: 11. ENTITY #: 284//86. VIEW #: 1. BACKLOGGED :: 188.455%! ~~ 
21:57:40.222 WARN  ~~ LOOPS: 9. ENTITY #: 282//89. VIEW #: 1. BACKLOGGED :: 230.333%! ~~ 
21:57:41.284 WARN  ~~ LOOPS: 10. ENTITY #: 283//93. VIEW #: 1. BACKLOGGED :: 220.800%! ~~ 
21:57:42.284 WARN  ~~ LOOPS: 9. ENTITY #: 281//97. VIEW #: 1. BACKLOGGED :: 223.667%! ~~ 
21:57:43.284 WARN  ~~ LOOPS: 9. ENTITY #: 281//96. VIEW #: 1. BACKLOGGED :: 235.000%! ~~ 
21:57:44.311 WARN  ~~ LOOPS: 9. ENTITY #: 281//97. VIEW #: 1. BACKLOGGED :: 251.000%! ~~ 
21:57:45.331 WARN  ~~ LOOPS: 10. ENTITY #: 281//93. VIEW #: 1. BACKLOGGED :: 207.300%! ~~ 
21:57:46.386 WARN  ~~ LOOPS: 9. ENTITY #: 281//93. VIEW #: 1. BACKLOGGED :: 251.333%! ~~ 
21:57:47.416 WARN  ~~ LOOPS: 9. ENTITY #: 281//90. VIEW #: 1. BACKLOGGED :: 243.667%! ~~ 
21:57:48.440 WARN  ~~ LOOPS: 10. ENTITY #: 281//93. VIEW #: 1. BACKLOGGED :: 207.000%! ~~ 
21:57:49.444 WARN  ~~ LOOPS: 10. ENTITY #: 281//92. VIEW #: 1. BACKLOGGED :: 201.600%! ~~ 
21:57:50.503 WARN  ~~ LOOPS: 9. ENTITY #: 281//91. VIEW #: 1. BACKLOGGED :: 250.667%! ~~ 
21:57:51.530 WARN  ~~ LOOPS: 10. ENTITY #: 281//92. VIEW #: 1. BACKLOGGED :: 209.100%! ~~ 
21:57:52.587 WARN  ~~ LOOPS: 11. ENTITY #: 282//91. VIEW #: 1. BACKLOGGED :: 188.182%! ~~ 
21:57:53.618 WARN  ~~ LOOPS: 11. ENTITY #: 282//92. VIEW #: 1. BACKLOGGED :: 181.636%! ~~ 
21:57:54.674 WARN  ~~ LOOPS: 11. ENTITY #: 282//92. VIEW #: 1. BACKLOGGED :: 188.727%! ~~ 
21:57:55.679 WARN  ~~ LOOPS: 10. ENTITY #: 283//92. VIEW #: 1. BACKLOGGED :: 191.700%! ~~ 
21:57:56.684 WARN  ~~ LOOPS: 10. ENTITY #: 284//93. VIEW #: 1. BACKLOGGED :: 204.600%! ~~ 
21:57:57.689 WARN  ~~ LOOPS: 10. ENTITY #: 284//90. VIEW #: 1. BACKLOGGED :: 205.800%! ~~ 
21:57:58.738 WARN  ~~ LOOPS: 10. ENTITY #: 284//93. VIEW #: 1. BACKLOGGED :: 215.700%! ~~ 
21:57:59.744 WARN  ~~ LOOPS: 9. ENTITY #: 284//92. VIEW #: 1. BACKLOGGED :: 224.667%! ~~ 
21:58:00.783 WARN  ~~ LOOPS: 9. ENTITY #: 284//94. VIEW #: 1. BACKLOGGED :: 255.667%! ~~ 
21:58:01.901 WARN  ~~ LOOPS: 9. ENTITY #: 286//92. VIEW #: 1. BACKLOGGED :: 272.333%! ~~ 
21:58:02.960 WARN  ~~ LOOPS: 8. ENTITY #: 286//92. VIEW #: 1. BACKLOGGED :: 296.250%! ~~ 
21:58:03.960 WARN  ~~ LOOPS: 8. ENTITY #: 286//91. VIEW #: 1. BACKLOGGED :: 270.000%! ~~ 
21:58:04.961 WARN  ~~ LOOPS: 9. ENTITY #: 287//93. VIEW #: 1. BACKLOGGED :: 239.000%! ~~ 
21:58:05.994 WARN  ~~ LOOPS: 10. ENTITY #: 289//91. VIEW #: 1. BACKLOGGED :: 210.600%! ~~ 
21:58:06.996 WARN  ~~ LOOPS: 9. ENTITY #: 289//89. VIEW #: 1. BACKLOGGED :: 232.000%! ~~ 
21:58:08.022 WARN  ~~ LOOPS: 8. ENTITY #: 290//91. VIEW #: 1. BACKLOGGED :: 286.125%! ~~ 
21:58:09.036 WARN  ~~ LOOPS: 10. ENTITY #: 291//92. VIEW #: 1. BACKLOGGED :: 204.900%! ~~ 
21:58:10.071 WARN  ~~ LOOPS: 9. ENTITY #: 293//92. VIEW #: 1. BACKLOGGED :: 244.667%! ~~ 
21:58:11.102 WARN  ~~ LOOPS: 10. ENTITY #: 294//86. VIEW #: 1. BACKLOGGED :: 209.700%! ~~ 
21:58:12.102 WARN  ~~ LOOPS: 10. ENTITY #: 293//82. VIEW #: 1. BACKLOGGED :: 192.000%! ~~ 
21:58:13.105 WARN  ~~ LOOPS: 10. ENTITY #: 292//81. VIEW #: 1. BACKLOGGED :: 203.700%! ~~ 
21:58:14.107 WARN  ~~ LOOPS: 10. ENTITY #: 292//80. VIEW #: 1. BACKLOGGED :: 185.700%! ~~ 
21:58:15.111 WARN  ~~ LOOPS: 11. ENTITY #: 285//72. VIEW #: 1. BACKLOGGED :: 176.455%! ~~ 
21:58:16.118 WARN  ~~ LOOPS: 11. ENTITY #: 281//67. VIEW #: 1. BACKLOGGED :: 175.091%! ~~ 
21:58:17.122 WARN  ~~ LOOPS: 12. ENTITY #: 278//61. VIEW #: 1. BACKLOGGED :: 151.500%! ~~ 
21:58:18.129 WARN  ~~ LOOPS: 13. ENTITY #: 278//49. VIEW #: 1. BACKLOGGED :: 129.462%! ~~ 
21:58:21.181 WARN  ~~ LOOPS: 16. ENTITY #: 281//42. VIEW #: 1. BACKLOGGED :: 101.063%! ~~ 
21:58:22.220 WARN  ~~ LOOPS: 15. ENTITY #: 285//43. VIEW #: 1. BACKLOGGED :: 106.800%! ~~ 
21:58:23.225 WARN  ~~ LOOPS: 14. ENTITY #: 287//45. VIEW #: 1. BACKLOGGED :: 110.357%! ~~ 
21:58:24.258 WARN  ~~ LOOPS: 14. ENTITY #: 289//47. VIEW #: 1. BACKLOGGED :: 127.500%! ~~ 
21:58:25.281 WARN  ~~ LOOPS: 14. ENTITY #: 291//47. VIEW #: 1. BACKLOGGED :: 119.571%! ~~ 
21:58:26.287 WARN  ~~ LOOPS: 14. ENTITY #: 295//47. VIEW #: 1. BACKLOGGED :: 111.857%! ~~ 
21:58:27.326 WARN  ~~ LOOPS: 15. ENTITY #: 293//46. VIEW #: 1. BACKLOGGED :: 111.200%! ~~ 
21:58:28.353 WARN  ~~ LOOPS: 13. ENTITY #: 291//46. VIEW #: 1. BACKLOGGED :: 138.231%! ~~ 
21:58:29.360 WARN  ~~ LOOPS: 14. ENTITY #: 290//47. VIEW #: 1. BACKLOGGED :: 115.071%! ~~ 
21:58:30.365 WARN  ~~ LOOPS: 14. ENTITY #: 291//48. VIEW #: 1. BACKLOGGED :: 115.714%! ~~ 
21:58:31.374 WARN  ~~ LOOPS: 14. ENTITY #: 292//49. VIEW #: 1. BACKLOGGED :: 116.357%! ~~ 
21:58:32.379 WARN  ~~ LOOPS: 14. ENTITY #: 294//48. VIEW #: 1. BACKLOGGED :: 112.286%! ~~ 
21:58:33.404 WARN  ~~ LOOPS: 15. ENTITY #: 291//47. VIEW #: 1. BACKLOGGED :: 109.800%! ~~ 
21:58:34.424 WARN  ~~ LOOPS: 14. ENTITY #: 291//48. VIEW #: 1. BACKLOGGED :: 119.143%! ~~ 
21:58:35.440 WARN  ~~ LOOPS: 13. ENTITY #: 291//54. VIEW #: 1. BACKLOGGED :: 134.077%! ~~ 
21:58:36.445 WARN  ~~ LOOPS: 11. ENTITY #: 292//61. VIEW #: 1. BACKLOGGED :: 170.727%! ~~ 
21:58:37.459 WARN  ~~ LOOPS: 11. ENTITY #: 295//65. VIEW #: 1. BACKLOGGED :: 180.545%! ~~ 
21:58:38.466 WARN  ~~ LOOPS: 10. ENTITY #: 294//67. VIEW #: 1. BACKLOGGED :: 198.000%! ~~ 
21:58:39.491 WARN  ~~ LOOPS: 12. ENTITY #: 290//64. VIEW #: 1. BACKLOGGED :: 160.750%! ~~ 
21:58:40.499 WARN  ~~ LOOPS: 11. ENTITY #: 289//60. VIEW #: 1. BACKLOGGED :: 166.909%! ~~ 
21:58:41.508 WARN  ~~ LOOPS: 11. ENTITY #: 289//60. VIEW #: 1. BACKLOGGED :: 181.091%! ~~ 
21:58:42.525 WARN  ~~ LOOPS: 11. ENTITY #: 288//60. VIEW #: 1. BACKLOGGED :: 178.909%! ~~ 
21:58:43.535 WARN  ~~ LOOPS: 11. ENTITY #: 289//59. VIEW #: 1. BACKLOGGED :: 176.182%! ~~ 
21:58:44.575 WARN  ~~ LOOPS: 11. ENTITY #: 290//62. VIEW #: 1. BACKLOGGED :: 184.091%! ~~ 
21:58:45.604 WARN  ~~ LOOPS: 11. ENTITY #: 290//63. VIEW #: 1. BACKLOGGED :: 180.545%! ~~ 
21:58:46.651 WARN  ~~ LOOPS: 11. ENTITY #: 292//63. VIEW #: 1. BACKLOGGED :: 186.000%! ~~ 
21:58:47.657 WARN  ~~ LOOPS: 11. ENTITY #: 293//64. VIEW #: 1. BACKLOGGED :: 165.818%! ~~ 
21:58:48.666 WARN  ~~ LOOPS: 11. ENTITY #: 294//65. VIEW #: 1. BACKLOGGED :: 175.364%! ~~ 
21:58:49.672 WARN  ~~ LOOPS: 11. ENTITY #: 294//66. VIEW #: 1. BACKLOGGED :: 178.364%! ~~ 
21:58:50.716 WARN  ~~ LOOPS: 11. ENTITY #: 294//66. VIEW #: 1. BACKLOGGED :: 185.727%! ~~ 
