02:13:51.694 WARN  Malformed command packet! Kicking player and giving 1 warning. 
02:13:51.843 WARN  Malformed command packet! Kicking. Player now has 2 warnings. 
02:21:40.174 WARN  Malformed command packet! Kicking player and giving 1 warning. 
02:22:02.833 WARN  Malformed command packet! Kicking. Player now has 2 warnings. 
02:58:58.902 ERROR [ERROR] A ghost has been found! 
02:58:58.902 ERROR Type: Basic 
02:58:58.903 ERROR Position: (142.16666666666666, 134.16666666666666) 
02:58:58.903 ERROR Collision Array:  
02:58:58.903 ERROR Health: 0.44833333333333325 
02:58:58.903 WARN  Ghost removed successfully. 
03:13:06.836 WARN  ~~ LOOPS: 13. ENTITY #: 1441//1018. VIEW #: 6. BACKLOGGED :: 138.231%! ~~ 
03:13:07.930 WARN  ~~ LOOPS: 11. ENTITY #: 1653//1381. VIEW #: 6. BACKLOGGED :: 174.545%! ~~ 
03:13:09.020 WARN  ~~ LOOPS: 12. ENTITY #: 1393//1338. VIEW #: 6. BACKLOGGED :: 161.250%! ~~ 
03:13:10.060 WARN  ~~ LOOPS: 13. ENTITY #: 885//894. VIEW #: 6. BACKLOGGED :: 135.231%! ~~ 
03:13:26.435 WARN  ~~ LOOPS: 13. ENTITY #: 1516//1012. VIEW #: 6. BACKLOGGED :: 122.308%! ~~ 
03:13:27.512 WARN  ~~ LOOPS: 10. ENTITY #: 1851//1520. VIEW #: 6. BACKLOGGED :: 189.300%! ~~ 
03:13:28.603 WARN  ~~ LOOPS: 11. ENTITY #: 1553//1515. VIEW #: 6. BACKLOGGED :: 180.545%! ~~ 
03:13:29.659 WARN  ~~ LOOPS: 12. ENTITY #: 899//1000. VIEW #: 6. BACKLOGGED :: 163.500%! ~~ 
03:14:12.379 WARN  ~~ LOOPS: 15. ENTITY #: 1060//919. VIEW #: 5. BACKLOGGED :: 101.200%! ~~ 
03:14:36.658 ERROR [ERROR] A ghost entity has been found! 
03:14:36.658 ERROR Type: Basic 
03:14:36.658 ERROR Position: (310.16666666666663, 5308.833333333333) 
03:14:36.658 ERROR Collision Array:  
03:14:36.658 ERROR Health: 0.4630000000000001 
03:14:36.658 WARN  Ghost entity removed successfully. 
03:20:39.642 WARN  ~~ LOOPS: 15. ENTITY #: 365//252. VIEW #: 5. BACKLOGGED :: 101.000%! ~~ 
03:20:51.886 WARN  ~~ LOOPS: 15. ENTITY #: 352//252. VIEW #: 6. BACKLOGGED :: 100.400%! ~~ 
03:20:52.933 WARN  ~~ LOOPS: 15. ENTITY #: 357//258. VIEW #: 6. BACKLOGGED :: 105.600%! ~~ 
03:20:53.934 WARN  ~~ LOOPS: 14. ENTITY #: 359//263. VIEW #: 6. BACKLOGGED :: 108.214%! ~~ 
03:20:54.962 WARN  ~~ LOOPS: 15. ENTITY #: 358//273. VIEW #: 6. BACKLOGGED :: 111.600%! ~~ 
03:20:55.967 WARN  ~~ LOOPS: 14. ENTITY #: 359//282. VIEW #: 6. BACKLOGGED :: 114.857%! ~~ 
03:20:56.997 WARN  ~~ LOOPS: 14. ENTITY #: 358//282. VIEW #: 6. BACKLOGGED :: 117.429%! ~~ 
03:20:57.999 WARN  ~~ LOOPS: 14. ENTITY #: 360//283. VIEW #: 6. BACKLOGGED :: 113.357%! ~~ 
03:20:59.001 WARN  ~~ LOOPS: 14. ENTITY #: 360//284. VIEW #: 6. BACKLOGGED :: 114.643%! ~~ 
03:21:00.021 WARN  ~~ LOOPS: 14. ENTITY #: 359//283. VIEW #: 6. BACKLOGGED :: 116.786%! ~~ 
03:21:01.044 WARN  ~~ LOOPS: 14. ENTITY #: 361//283. VIEW #: 6. BACKLOGGED :: 119.143%! ~~ 
03:21:02.069 WARN  ~~ LOOPS: 14. ENTITY #: 361//282. VIEW #: 6. BACKLOGGED :: 120.214%! ~~ 
03:21:03.076 WARN  ~~ LOOPS: 14. ENTITY #: 361//271. VIEW #: 6. BACKLOGGED :: 112.929%! ~~ 
03:21:04.088 WARN  ~~ LOOPS: 14. ENTITY #: 363//269. VIEW #: 6. BACKLOGGED :: 117.000%! ~~ 
03:21:05.102 WARN  ~~ LOOPS: 14. ENTITY #: 365//271. VIEW #: 6. BACKLOGGED :: 118.071%! ~~ 
03:21:06.102 WARN  ~~ LOOPS: 14. ENTITY #: 364//271. VIEW #: 6. BACKLOGGED :: 114.857%! ~~ 
03:21:07.140 WARN  ~~ LOOPS: 14. ENTITY #: 372//274. VIEW #: 6. BACKLOGGED :: 115.500%! ~~ 
03:21:08.150 WARN  ~~ LOOPS: 14. ENTITY #: 381//281. VIEW #: 6. BACKLOGGED :: 116.143%! ~~ 
03:21:09.151 WARN  ~~ LOOPS: 13. ENTITY #: 389//288. VIEW #: 6. BACKLOGGED :: 126.000%! ~~ 
03:21:10.151 WARN  ~~ LOOPS: 13. ENTITY #: 393//295. VIEW #: 6. BACKLOGGED :: 129.231%! ~~ 
03:21:11.157 WARN  ~~ LOOPS: 13. ENTITY #: 396//298. VIEW #: 6. BACKLOGGED :: 131.769%! ~~ 
03:21:12.158 WARN  ~~ LOOPS: 13. ENTITY #: 397//301. VIEW #: 6. BACKLOGGED :: 131.769%! ~~ 
03:21:13.195 WARN  ~~ LOOPS: 13. ENTITY #: 401//307. VIEW #: 6. BACKLOGGED :: 140.308%! ~~ 
03:21:14.197 WARN  ~~ LOOPS: 12. ENTITY #: 400//311. VIEW #: 6. BACKLOGGED :: 145.500%! ~~ 
03:21:15.235 WARN  ~~ LOOPS: 13. ENTITY #: 400//316. VIEW #: 6. BACKLOGGED :: 141.231%! ~~ 
03:21:16.236 WARN  ~~ LOOPS: 12. ENTITY #: 401//320. VIEW #: 6. BACKLOGGED :: 143.000%! ~~ 
03:21:17.238 WARN  ~~ LOOPS: 12. ENTITY #: 400//320. VIEW #: 6. BACKLOGGED :: 148.250%! ~~ 
03:21:18.296 WARN  ~~ LOOPS: 13. ENTITY #: 399//318. VIEW #: 6. BACKLOGGED :: 146.769%! ~~ 
03:21:19.300 WARN  ~~ LOOPS: 12. ENTITY #: 394//315. VIEW #: 6. BACKLOGGED :: 149.250%! ~~ 
03:21:20.309 WARN  ~~ LOOPS: 12. ENTITY #: 392//313. VIEW #: 6. BACKLOGGED :: 142.000%! ~~ 
03:21:21.349 WARN  ~~ LOOPS: 13. ENTITY #: 394//313. VIEW #: 6. BACKLOGGED :: 143.308%! ~~ 
03:21:22.406 WARN  ~~ LOOPS: 13. ENTITY #: 394//314. VIEW #: 6. BACKLOGGED :: 146.077%! ~~ 
03:21:23.420 WARN  ~~ LOOPS: 12. ENTITY #: 394//312. VIEW #: 6. BACKLOGGED :: 150.250%! ~~ 
03:37:03.183 WARN  ~~ LOOPS: 15. ENTITY #: 352//150. VIEW #: 5. BACKLOGGED :: 101.200%! ~~ 
03:37:05.212 WARN  ~~ LOOPS: 15. ENTITY #: 352//150. VIEW #: 5. BACKLOGGED :: 101.000%! ~~ 
03:37:11.362 WARN  ~~ LOOPS: 15. ENTITY #: 354//139. VIEW #: 5. BACKLOGGED :: 104.600%! ~~ 
03:37:12.375 WARN  ~~ LOOPS: 15. ENTITY #: 359//140. VIEW #: 5. BACKLOGGED :: 102.400%! ~~ 
03:37:19.486 WARN  ~~ LOOPS: 15. ENTITY #: 354//133. VIEW #: 5. BACKLOGGED :: 101.200%! ~~ 
03:37:21.549 WARN  ~~ LOOPS: 15. ENTITY #: 355//133. VIEW #: 4. BACKLOGGED :: 103.600%! ~~ 
03:37:22.550 WARN  ~~ LOOPS: 14. ENTITY #: 351//132. VIEW #: 4. BACKLOGGED :: 108.214%! ~~ 
03:37:23.579 WARN  ~~ LOOPS: 15. ENTITY #: 351//131. VIEW #: 4. BACKLOGGED :: 107.200%! ~~ 
03:37:24.601 WARN  ~~ LOOPS: 15. ENTITY #: 354//132. VIEW #: 4. BACKLOGGED :: 103.800%! ~~ 
03:37:25.607 WARN  ~~ LOOPS: 14. ENTITY #: 356//133. VIEW #: 4. BACKLOGGED :: 111.000%! ~~ 
03:37:26.645 WARN  ~~ LOOPS: 15. ENTITY #: 356//134. VIEW #: 4. BACKLOGGED :: 111.400%! ~~ 
03:37:27.692 WARN  ~~ LOOPS: 14. ENTITY #: 355//137. VIEW #: 4. BACKLOGGED :: 113.786%! ~~ 
03:37:28.724 WARN  ~~ LOOPS: 15. ENTITY #: 356//135. VIEW #: 4. BACKLOGGED :: 113.000%! ~~ 
03:37:29.725 WARN  ~~ LOOPS: 14. ENTITY #: 355//135. VIEW #: 4. BACKLOGGED :: 112.286%! ~~ 
03:37:30.726 WARN  ~~ LOOPS: 14. ENTITY #: 357//137. VIEW #: 4. BACKLOGGED :: 116.571%! ~~ 
03:37:31.750 WARN  ~~ LOOPS: 14. ENTITY #: 355//134. VIEW #: 4. BACKLOGGED :: 118.714%! ~~ 
03:37:32.750 WARN  ~~ LOOPS: 13. ENTITY #: 359//137. VIEW #: 4. BACKLOGGED :: 118.615%! ~~ 
03:37:33.764 WARN  ~~ LOOPS: 14. ENTITY #: 358//137. VIEW #: 4. BACKLOGGED :: 121.071%! ~~ 
03:37:34.791 WARN  ~~ LOOPS: 14. ENTITY #: 358//137. VIEW #: 4. BACKLOGGED :: 120.429%! ~~ 
03:37:35.833 WARN  ~~ LOOPS: 14. ENTITY #: 361//139. VIEW #: 4. BACKLOGGED :: 123.429%! ~~ 
03:37:36.834 WARN  ~~ LOOPS: 13. ENTITY #: 359//138. VIEW #: 4. BACKLOGGED :: 128.077%! ~~ 
03:37:37.834 WARN  ~~ LOOPS: 13. ENTITY #: 360//138. VIEW #: 4. BACKLOGGED :: 123.000%! ~~ 
03:37:38.876 WARN  ~~ LOOPS: 14. ENTITY #: 359//138. VIEW #: 4. BACKLOGGED :: 127.286%! ~~ 
03:37:39.876 WARN  ~~ LOOPS: 13. ENTITY #: 358//138. VIEW #: 5. BACKLOGGED :: 126.923%! ~~ 
03:37:40.914 WARN  ~~ LOOPS: 14. ENTITY #: 358//137. VIEW #: 5. BACKLOGGED :: 127.071%! ~~ 
03:37:41.915 WARN  ~~ LOOPS: 13. ENTITY #: 359//138. VIEW #: 5. BACKLOGGED :: 127.846%! ~~ 
03:37:42.939 WARN  ~~ LOOPS: 13. ENTITY #: 358//139. VIEW #: 5. BACKLOGGED :: 132.923%! ~~ 
03:37:43.954 WARN  ~~ LOOPS: 13. ENTITY #: 360//137. VIEW #: 5. BACKLOGGED :: 133.846%! ~~ 
03:37:44.956 WARN  ~~ LOOPS: 13. ENTITY #: 357//137. VIEW #: 5. BACKLOGGED :: 130.615%! ~~ 
03:37:45.957 WARN  ~~ LOOPS: 13. ENTITY #: 355//136. VIEW #: 5. BACKLOGGED :: 128.538%! ~~ 
03:37:46.975 WARN  ~~ LOOPS: 13. ENTITY #: 360//142. VIEW #: 5. BACKLOGGED :: 137.308%! ~~ 
03:37:48.011 WARN  ~~ LOOPS: 12. ENTITY #: 362//149. VIEW #: 5. BACKLOGGED :: 143.250%! ~~ 
03:37:49.020 WARN  ~~ LOOPS: 12. ENTITY #: 363//156. VIEW #: 5. BACKLOGGED :: 154.250%! ~~ 
03:37:50.027 WARN  ~~ LOOPS: 12. ENTITY #: 367//157. VIEW #: 5. BACKLOGGED :: 152.750%! ~~ 
03:37:51.036 WARN  ~~ LOOPS: 12. ENTITY #: 362//154. VIEW #: 5. BACKLOGGED :: 152.500%! ~~ 
03:37:52.043 WARN  ~~ LOOPS: 12. ENTITY #: 361//154. VIEW #: 5. BACKLOGGED :: 151.500%! ~~ 
03:37:53.063 WARN  ~~ LOOPS: 12. ENTITY #: 367//156. VIEW #: 5. BACKLOGGED :: 156.250%! ~~ 
03:37:54.111 WARN  ~~ LOOPS: 12. ENTITY #: 367//159. VIEW #: 5. BACKLOGGED :: 154.750%! ~~ 
03:37:55.150 WARN  ~~ LOOPS: 12. ENTITY #: 363//155. VIEW #: 5. BACKLOGGED :: 158.000%! ~~ 
03:37:56.163 WARN  ~~ LOOPS: 12. ENTITY #: 360//152. VIEW #: 5. BACKLOGGED :: 153.500%! ~~ 
03:37:57.170 WARN  ~~ LOOPS: 12. ENTITY #: 359//146. VIEW #: 5. BACKLOGGED :: 150.500%! ~~ 
03:37:58.179 WARN  ~~ LOOPS: 12. ENTITY #: 361//147. VIEW #: 5. BACKLOGGED :: 152.000%! ~~ 
03:37:59.225 WARN  ~~ LOOPS: 12. ENTITY #: 363//150. VIEW #: 5. BACKLOGGED :: 155.000%! ~~ 
03:38:00.248 WARN  ~~ LOOPS: 12. ENTITY #: 363//149. VIEW #: 5. BACKLOGGED :: 155.500%! ~~ 
03:38:01.256 WARN  ~~ LOOPS: 12. ENTITY #: 362//149. VIEW #: 5. BACKLOGGED :: 152.500%! ~~ 
03:38:02.306 WARN  ~~ LOOPS: 12. ENTITY #: 365//148. VIEW #: 5. BACKLOGGED :: 162.250%! ~~ 
03:38:03.328 WARN  ~~ LOOPS: 12. ENTITY #: 366//150. VIEW #: 5. BACKLOGGED :: 153.500%! ~~ 
03:38:04.379 WARN  ~~ LOOPS: 12. ENTITY #: 365//148. VIEW #: 5. BACKLOGGED :: 156.750%! ~~ 
03:38:05.413 WARN  ~~ LOOPS: 12. ENTITY #: 366//146. VIEW #: 5. BACKLOGGED :: 157.500%! ~~ 
03:38:06.440 WARN  ~~ LOOPS: 12. ENTITY #: 360//146. VIEW #: 5. BACKLOGGED :: 155.750%! ~~ 
03:38:07.457 WARN  ~~ LOOPS: 12. ENTITY #: 362//140. VIEW #: 5. BACKLOGGED :: 151.500%! ~~ 
03:38:08.472 WARN  ~~ LOOPS: 12. ENTITY #: 366//138. VIEW #: 4. BACKLOGGED :: 154.250%! ~~ 
03:38:09.493 WARN  ~~ LOOPS: 12. ENTITY #: 365//143. VIEW #: 4. BACKLOGGED :: 156.000%! ~~ 
03:38:10.534 WARN  ~~ LOOPS: 12. ENTITY #: 366//143. VIEW #: 4. BACKLOGGED :: 153.750%! ~~ 
03:38:11.572 WARN  ~~ LOOPS: 12. ENTITY #: 366//141. VIEW #: 4. BACKLOGGED :: 158.000%! ~~ 
03:38:12.592 WARN  ~~ LOOPS: 12. ENTITY #: 365//139. VIEW #: 5. BACKLOGGED :: 154.750%! ~~ 
03:38:13.633 WARN  ~~ LOOPS: 12. ENTITY #: 366//145. VIEW #: 5. BACKLOGGED :: 159.500%! ~~ 
03:38:14.695 WARN  ~~ LOOPS: 12. ENTITY #: 367//145. VIEW #: 5. BACKLOGGED :: 165.250%! ~~ 
03:38:15.755 WARN  ~~ LOOPS: 12. ENTITY #: 366//144. VIEW #: 5. BACKLOGGED :: 165.750%! ~~ 
03:38:16.764 WARN  ~~ LOOPS: 11. ENTITY #: 367//146. VIEW #: 5. BACKLOGGED :: 160.636%! ~~ 
03:38:17.798 WARN  ~~ LOOPS: 12. ENTITY #: 367//144. VIEW #: 5. BACKLOGGED :: 161.750%! ~~ 
03:38:18.859 WARN  ~~ LOOPS: 12. ENTITY #: 366//145. VIEW #: 4. BACKLOGGED :: 168.750%! ~~ 
03:38:19.859 WARN  ~~ LOOPS: 11. ENTITY #: 365//146. VIEW #: 4. BACKLOGGED :: 163.909%! ~~ 
03:38:20.900 WARN  ~~ LOOPS: 12. ENTITY #: 363//145. VIEW #: 4. BACKLOGGED :: 165.750%! ~~ 
03:38:21.901 WARN  ~~ LOOPS: 11. ENTITY #: 365//140. VIEW #: 4. BACKLOGGED :: 159.000%! ~~ 
03:38:22.955 WARN  ~~ LOOPS: 12. ENTITY #: 362//142. VIEW #: 4. BACKLOGGED :: 169.250%! ~~ 
03:38:23.967 WARN  ~~ LOOPS: 12. ENTITY #: 337//128. VIEW #: 4. BACKLOGGED :: 153.500%! ~~ 
03:38:24.967 WARN  ~~ LOOPS: 12. ENTITY #: 332//122. VIEW #: 4. BACKLOGGED :: 146.500%! ~~ 
03:51:34.758 WARN  ~~ LOOPS: 14. ENTITY #: 1349//929. VIEW #: 5. BACKLOGGED :: 109.071%! ~~ 
03:51:35.847 WARN  ~~ LOOPS: 12. ENTITY #: 1587//1248. VIEW #: 5. BACKLOGGED :: 154.000%! ~~ 
03:51:36.914 WARN  ~~ LOOPS: 11. ENTITY #: 1585//1409. VIEW #: 5. BACKLOGGED :: 182.182%! ~~ 
03:51:38.000 WARN  ~~ LOOPS: 11. ENTITY #: 1435//1328. VIEW #: 5. BACKLOGGED :: 177.545%! ~~ 
03:51:39.009 WARN  ~~ LOOPS: 11. ENTITY #: 1233//1141. VIEW #: 5. BACKLOGGED :: 161.455%! ~~ 
03:51:40.052 WARN  ~~ LOOPS: 14. ENTITY #: 1112//967. VIEW #: 5. BACKLOGGED :: 123.429%! ~~ 
03:51:41.074 WARN  ~~ LOOPS: 14. ENTITY #: 1115//938. VIEW #: 5. BACKLOGGED :: 109.714%! ~~ 
03:51:42.095 WARN  ~~ LOOPS: 14. ENTITY #: 1120//939. VIEW #: 5. BACKLOGGED :: 111.857%! ~~ 
03:51:43.111 WARN  ~~ LOOPS: 14. ENTITY #: 1123//938. VIEW #: 5. BACKLOGGED :: 109.714%! ~~ 
03:51:44.159 WARN  ~~ LOOPS: 15. ENTITY #: 1127//906. VIEW #: 5. BACKLOGGED :: 111.200%! ~~ 
03:51:45.227 WARN  ~~ LOOPS: 15. ENTITY #: 1134//902. VIEW #: 5. BACKLOGGED :: 107.000%! ~~ 
03:51:46.253 WARN  ~~ LOOPS: 15. ENTITY #: 1017//877. VIEW #: 5. BACKLOGGED :: 103.000%! ~~ 
03:56:51.263 WARN  ~~ LOOPS: 14. ENTITY #: 1014//665. VIEW #: 6. BACKLOGGED :: 110.571%! ~~ 
03:56:52.292 WARN  ~~ LOOPS: 14. ENTITY #: 946//657. VIEW #: 6. BACKLOGGED :: 120.214%! ~~ 
03:56:53.385 WARN  ~~ LOOPS: 15. ENTITY #: 997//660. VIEW #: 6. BACKLOGGED :: 114.000%! ~~ 
03:56:54.409 WARN  ~~ LOOPS: 14. ENTITY #: 903//661. VIEW #: 6. BACKLOGGED :: 119.786%! ~~ 
03:57:20.870 WARN  ~~ LOOPS: 15. ENTITY #: 1012//598. VIEW #: 6. BACKLOGGED :: 107.000%! ~~ 
03:57:21.961 WARN  ~~ LOOPS: 13. ENTITY #: 1255//857. VIEW #: 6. BACKLOGGED :: 140.769%! ~~ 
03:57:23.039 WARN  ~~ LOOPS: 11. ENTITY #: 1464//1085. VIEW #: 6. BACKLOGGED :: 181.636%! ~~ 
03:57:24.145 WARN  ~~ LOOPS: 10. ENTITY #: 1655//1278. VIEW #: 6. BACKLOGGED :: 198.000%! ~~ 
03:57:25.275 WARN  ~~ LOOPS: 9. ENTITY #: 1823//1460. VIEW #: 6. BACKLOGGED :: 245.333%! ~~ 
03:57:26.487 WARN  ~~ LOOPS: 9. ENTITY #: 1989//1622. VIEW #: 6. BACKLOGGED :: 271.000%! ~~ 
03:57:27.612 WARN  ~~ LOOPS: 7. ENTITY #: 2114//1776. VIEW #: 6. BACKLOGGED :: 302.571%! ~~ 
03:57:28.808 WARN  ~~ LOOPS: 7. ENTITY #: 2250//1901. VIEW #: 6. BACKLOGGED :: 331.714%! ~~ 
03:57:30.138 WARN  ~~ LOOPS: 7. ENTITY #: 2372//2034. VIEW #: 6. BACKLOGGED :: 368.571%! ~~ 
03:57:31.405 WARN  ~~ LOOPS: 6. ENTITY #: 2488//2155. VIEW #: 6. BACKLOGGED :: 410.000%! ~~ 
03:57:32.623 WARN  ~~ LOOPS: 6. ENTITY #: 2604//2261. VIEW #: 6. BACKLOGGED :: 418.000%! ~~ 
03:57:33.906 WARN  ~~ LOOPS: 5. ENTITY #: 2693//2369. VIEW #: 6. BACKLOGGED :: 411.000%! ~~ 
03:57:35.239 WARN  ~~ LOOPS: 6. ENTITY #: 2797//2465. VIEW #: 6. BACKLOGGED :: 429.500%! ~~ 
04:06:39.249 ERROR [ERROR] A ghost entity has been found! 
04:06:39.250 ERROR Type: Basic 
04:06:39.250 ERROR Position: (5311.833333333333, 225.16666666666666) 
04:06:39.250 ERROR Collision Array:  
04:06:39.250 ERROR Health: 0.44833333333333325 
04:06:39.250 WARN  Ghost entity removed successfully. 
04:06:44.039 ERROR [ERROR] A ghost entity has been found! 
04:06:44.039 ERROR Type: Basic 
04:06:44.039 ERROR Position: (5312.833333333333, 5301.833333333333) 
04:06:44.039 ERROR Collision Array:  
04:06:44.040 ERROR Health: -1 
04:06:44.040 WARN  Ghost entity removed successfully. 
15:20:40.868 ERROR [ERROR] A ghost has been found! 
15:20:40.868 ERROR Type: Liberator 
15:20:40.868 ERROR Position: (5156.833333333333, 254.16666666666666) 
15:20:40.868 ERROR Collision Array:  
15:20:40.868 ERROR Health: 0.7526666666666666 
15:20:40.868 WARN  Ghost removed successfully. 
15:23:46.480 ERROR [ERROR] A ghost entity has been found! 
15:23:46.480 ERROR Type: Liberator 
15:23:46.480 ERROR Position: (4432.171828114765, 2933.5567978869817) 
15:23:46.480 ERROR Collision Array:  
15:23:46.480 ERROR Health: 0.7526666666666666 
15:23:46.480 WARN  Ghost entity removed successfully. 
16:03:50.326 WARN  ~~ LOOPS: 11. ENTITY #: 1534//1076. VIEW #: 6. BACKLOGGED :: 180.000%! ~~ 
16:03:51.491 WARN  ~~ LOOPS: 9. ENTITY #: 2002//1600. VIEW #: 6. BACKLOGGED :: 261.333%! ~~ 
16:03:52.636 WARN  ~~ LOOPS: 7. ENTITY #: 2361//2022. VIEW #: 6. BACKLOGGED :: 348.429%! ~~ 
16:03:53.824 WARN  ~~ LOOPS: 6. ENTITY #: 2675//2356. VIEW #: 6. BACKLOGGED :: 404.500%! ~~ 
16:03:55.151 WARN  ~~ LOOPS: 6. ENTITY #: 2952//2650. VIEW #: 6. BACKLOGGED :: 463.500%! ~~ 
16:08:20.892 WARN  ~~ LOOPS: 14. ENTITY #: 1282//956. VIEW #: 6. BACKLOGGED :: 114.643%! ~~ 
16:08:21.915 WARN  ~~ LOOPS: 13. ENTITY #: 1272//1003. VIEW #: 5. BACKLOGGED :: 129.923%! ~~ 
16:08:22.928 WARN  ~~ LOOPS: 13. ENTITY #: 1285//998. VIEW #: 5. BACKLOGGED :: 120.231%! ~~ 
16:08:23.962 WARN  ~~ LOOPS: 13. ENTITY #: 1285//1018. VIEW #: 5. BACKLOGGED :: 125.538%! ~~ 
16:08:25.025 WARN  ~~ LOOPS: 13. ENTITY #: 1280//1009. VIEW #: 5. BACKLOGGED :: 126.923%! ~~ 
16:08:26.080 WARN  ~~ LOOPS: 14. ENTITY #: 1295//1026. VIEW #: 5. BACKLOGGED :: 125.357%! ~~ 
16:08:27.167 WARN  ~~ LOOPS: 14. ENTITY #: 1277//1026. VIEW #: 5. BACKLOGGED :: 132.643%! ~~ 
16:08:28.197 WARN  ~~ LOOPS: 13. ENTITY #: 1302//1031. VIEW #: 5. BACKLOGGED :: 136.385%! ~~ 
16:08:29.259 WARN  ~~ LOOPS: 13. ENTITY #: 1302//1053. VIEW #: 5. BACKLOGGED :: 137.769%! ~~ 
16:08:30.296 WARN  ~~ LOOPS: 13. ENTITY #: 1310//1040. VIEW #: 5. BACKLOGGED :: 132.231%! ~~ 
16:08:31.355 WARN  ~~ LOOPS: 13. ENTITY #: 1310//1053. VIEW #: 5. BACKLOGGED :: 134.077%! ~~ 
16:08:32.454 WARN  ~~ LOOPS: 13. ENTITY #: 1325//1054. VIEW #: 6. BACKLOGGED :: 140.769%! ~~ 
16:08:33.475 WARN  ~~ LOOPS: 13. ENTITY #: 1327//1060. VIEW #: 6. BACKLOGGED :: 130.385%! ~~ 
16:08:34.516 WARN  ~~ LOOPS: 13. ENTITY #: 1334//1044. VIEW #: 6. BACKLOGGED :: 127.846%! ~~ 
16:08:35.547 WARN  ~~ LOOPS: 13. ENTITY #: 1339//1051. VIEW #: 6. BACKLOGGED :: 128.077%! ~~ 
16:08:36.578 WARN  ~~ LOOPS: 13. ENTITY #: 1338//1053. VIEW #: 6. BACKLOGGED :: 129.692%! ~~ 
16:08:37.629 WARN  ~~ LOOPS: 13. ENTITY #: 1343//1062. VIEW #: 6. BACKLOGGED :: 130.385%! ~~ 
16:08:38.676 WARN  ~~ LOOPS: 13. ENTITY #: 1330//1053. VIEW #: 6. BACKLOGGED :: 138.923%! ~~ 
16:08:39.734 WARN  ~~ LOOPS: 12. ENTITY #: 1356//1081. VIEW #: 6. BACKLOGGED :: 140.250%! ~~ 
16:08:40.772 WARN  ~~ LOOPS: 13. ENTITY #: 1312//1051. VIEW #: 6. BACKLOGGED :: 132.692%! ~~ 
16:08:41.820 WARN  ~~ LOOPS: 13. ENTITY #: 1326//1061. VIEW #: 6. BACKLOGGED :: 129.462%! ~~ 
16:08:42.862 WARN  ~~ LOOPS: 13. ENTITY #: 1319//1047. VIEW #: 6. BACKLOGGED :: 135.462%! ~~ 
16:08:43.932 WARN  ~~ LOOPS: 14. ENTITY #: 1332//1070. VIEW #: 6. BACKLOGGED :: 124.286%! ~~ 
16:08:44.964 WARN  ~~ LOOPS: 13. ENTITY #: 1349//1061. VIEW #: 6. BACKLOGGED :: 128.769%! ~~ 
16:08:46.041 WARN  ~~ LOOPS: 13. ENTITY #: 1332//1080. VIEW #: 6. BACKLOGGED :: 129.231%! ~~ 
16:08:47.060 WARN  ~~ LOOPS: 13. ENTITY #: 1360//1056. VIEW #: 6. BACKLOGGED :: 127.154%! ~~ 
16:08:48.110 WARN  ~~ LOOPS: 13. ENTITY #: 1336//1079. VIEW #: 6. BACKLOGGED :: 135.000%! ~~ 
16:08:49.156 WARN  ~~ LOOPS: 13. ENTITY #: 1352//1062. VIEW #: 6. BACKLOGGED :: 136.385%! ~~ 
16:08:50.202 WARN  ~~ LOOPS: 13. ENTITY #: 1343//1071. VIEW #: 6. BACKLOGGED :: 132.000%! ~~ 
16:08:51.265 WARN  ~~ LOOPS: 13. ENTITY #: 1356//1065. VIEW #: 6. BACKLOGGED :: 138.000%! ~~ 
16:08:52.323 WARN  ~~ LOOPS: 13. ENTITY #: 1340//1072. VIEW #: 6. BACKLOGGED :: 135.231%! ~~ 
16:08:53.354 WARN  ~~ LOOPS: 12. ENTITY #: 1357//1079. VIEW #: 6. BACKLOGGED :: 135.250%! ~~ 
16:08:54.404 WARN  ~~ LOOPS: 13. ENTITY #: 1314//1070. VIEW #: 6. BACKLOGGED :: 142.154%! ~~ 
16:08:55.439 WARN  ~~ LOOPS: 13. ENTITY #: 1355//1074. VIEW #: 6. BACKLOGGED :: 126.692%! ~~ 
16:08:56.541 WARN  ~~ LOOPS: 13. ENTITY #: 1317//1069. VIEW #: 6. BACKLOGGED :: 144.462%! ~~ 
16:08:57.624 WARN  ~~ LOOPS: 13. ENTITY #: 1352//1078. VIEW #: 6. BACKLOGGED :: 146.077%! ~~ 
16:08:58.671 WARN  ~~ LOOPS: 13. ENTITY #: 1335//1072. VIEW #: 6. BACKLOGGED :: 133.154%! ~~ 
16:08:59.714 WARN  ~~ LOOPS: 13. ENTITY #: 1343//1079. VIEW #: 6. BACKLOGGED :: 129.462%! ~~ 
16:09:00.765 WARN  ~~ LOOPS: 13. ENTITY #: 1351//1074. VIEW #: 6. BACKLOGGED :: 131.538%! ~~ 
16:09:01.835 WARN  ~~ LOOPS: 13. ENTITY #: 1374//1102. VIEW #: 6. BACKLOGGED :: 140.308%! ~~ 
16:09:02.909 WARN  ~~ LOOPS: 13. ENTITY #: 1343//1070. VIEW #: 6. BACKLOGGED :: 143.538%! ~~ 
16:09:03.977 WARN  ~~ LOOPS: 13. ENTITY #: 1374//1097. VIEW #: 6. BACKLOGGED :: 141.000%! ~~ 
16:09:05.027 WARN  ~~ LOOPS: 12. ENTITY #: 1349//1082. VIEW #: 6. BACKLOGGED :: 142.000%! ~~ 
16:09:06.084 WARN  ~~ LOOPS: 13. ENTITY #: 1349//1071. VIEW #: 6. BACKLOGGED :: 138.923%! ~~ 
16:09:07.129 WARN  ~~ LOOPS: 13. ENTITY #: 1355//1075. VIEW #: 6. BACKLOGGED :: 133.385%! ~~ 
16:09:08.164 WARN  ~~ LOOPS: 12. ENTITY #: 1336//1061. VIEW #: 6. BACKLOGGED :: 142.500%! ~~ 
16:09:09.256 WARN  ~~ LOOPS: 13. ENTITY #: 1365//1066. VIEW #: 6. BACKLOGGED :: 134.077%! ~~ 
16:09:10.317 WARN  ~~ LOOPS: 13. ENTITY #: 1345//1090. VIEW #: 6. BACKLOGGED :: 135.462%! ~~ 
16:09:11.373 WARN  ~~ LOOPS: 13. ENTITY #: 1351//1065. VIEW #: 6. BACKLOGGED :: 138.462%! ~~ 
16:09:12.433 WARN  ~~ LOOPS: 12. ENTITY #: 1352//1075. VIEW #: 6. BACKLOGGED :: 140.500%! ~~ 
16:09:13.485 WARN  ~~ LOOPS: 13. ENTITY #: 1347//1062. VIEW #: 6. BACKLOGGED :: 140.308%! ~~ 
16:09:14.567 WARN  ~~ LOOPS: 13. ENTITY #: 1355//1074. VIEW #: 6. BACKLOGGED :: 144.692%! ~~ 
16:09:15.640 WARN  ~~ LOOPS: 13. ENTITY #: 1348//1066. VIEW #: 6. BACKLOGGED :: 131.769%! ~~ 
16:09:16.676 WARN  ~~ LOOPS: 13. ENTITY #: 1355//1073. VIEW #: 6. BACKLOGGED :: 137.077%! ~~ 
16:09:17.768 WARN  ~~ LOOPS: 14. ENTITY #: 1407//1106. VIEW #: 6. BACKLOGGED :: 130.714%! ~~ 
16:09:18.842 WARN  ~~ LOOPS: 12. ENTITY #: 1375//1104. VIEW #: 6. BACKLOGGED :: 150.500%! ~~ 
16:09:19.914 WARN  ~~ LOOPS: 12. ENTITY #: 1467//1176. VIEW #: 6. BACKLOGGED :: 154.000%! ~~ 
16:09:20.987 WARN  ~~ LOOPS: 12. ENTITY #: 1451//1215. VIEW #: 6. BACKLOGGED :: 161.500%! ~~ 
16:09:22.024 WARN  ~~ LOOPS: 12. ENTITY #: 1488//1223. VIEW #: 6. BACKLOGGED :: 152.000%! ~~ 
16:09:23.061 WARN  ~~ LOOPS: 11. ENTITY #: 1472//1229. VIEW #: 6. BACKLOGGED :: 159.000%! ~~ 
16:09:24.122 WARN  ~~ LOOPS: 12. ENTITY #: 1507//1241. VIEW #: 6. BACKLOGGED :: 156.250%! ~~ 
16:09:25.215 WARN  ~~ LOOPS: 12. ENTITY #: 1498//1246. VIEW #: 6. BACKLOGGED :: 161.750%! ~~ 
16:09:26.276 WARN  ~~ LOOPS: 11. ENTITY #: 1516//1246. VIEW #: 6. BACKLOGGED :: 154.909%! ~~ 
16:09:27.332 WARN  ~~ LOOPS: 11. ENTITY #: 1503//1251. VIEW #: 6. BACKLOGGED :: 166.364%! ~~ 
16:09:28.395 WARN  ~~ LOOPS: 11. ENTITY #: 1493//1237. VIEW #: 6. BACKLOGGED :: 177.545%! ~~ 
16:09:29.496 WARN  ~~ LOOPS: 12. ENTITY #: 1505//1244. VIEW #: 6. BACKLOGGED :: 162.500%! ~~ 
16:09:30.598 WARN  ~~ LOOPS: 11. ENTITY #: 1490//1237. VIEW #: 6. BACKLOGGED :: 172.636%! ~~ 
16:09:31.663 WARN  ~~ LOOPS: 12. ENTITY #: 1491//1236. VIEW #: 6. BACKLOGGED :: 159.000%! ~~ 
16:09:32.768 WARN  ~~ LOOPS: 12. ENTITY #: 1479//1215. VIEW #: 6. BACKLOGGED :: 165.500%! ~~ 
16:09:33.857 WARN  ~~ LOOPS: 12. ENTITY #: 1485//1216. VIEW #: 6. BACKLOGGED :: 157.500%! ~~ 
16:09:34.977 WARN  ~~ LOOPS: 10. ENTITY #: 1484//1214. VIEW #: 6. BACKLOGGED :: 190.500%! ~~ 
16:09:36.088 WARN  ~~ LOOPS: 11. ENTITY #: 1502//1223. VIEW #: 6. BACKLOGGED :: 173.455%! ~~ 
16:09:37.239 WARN  ~~ LOOPS: 12. ENTITY #: 1493//1224. VIEW #: 6. BACKLOGGED :: 165.750%! ~~ 
16:09:38.301 WARN  ~~ LOOPS: 11. ENTITY #: 1497//1225. VIEW #: 6. BACKLOGGED :: 167.727%! ~~ 
16:09:39.356 WARN  ~~ LOOPS: 11. ENTITY #: 1484//1238. VIEW #: 6. BACKLOGGED :: 177.545%! ~~ 
16:09:40.457 WARN  ~~ LOOPS: 11. ENTITY #: 1501//1229. VIEW #: 6. BACKLOGGED :: 186.273%! ~~ 
16:09:41.520 WARN  ~~ LOOPS: 11. ENTITY #: 1439//1250. VIEW #: 6. BACKLOGGED :: 172.636%! ~~ 
16:09:42.578 WARN  ~~ LOOPS: 13. ENTITY #: 1021//932. VIEW #: 5. BACKLOGGED :: 129.000%! ~~ 
16:10:25.933 WARN  ~~ LOOPS: 14. ENTITY #: 1292//1001. VIEW #: 6. BACKLOGGED :: 110.786%! ~~ 
16:10:26.999 WARN  ~~ LOOPS: 11. ENTITY #: 1334//1108. VIEW #: 6. BACKLOGGED :: 175.636%! ~~ 
16:10:28.126 WARN  ~~ LOOPS: 12. ENTITY #: 1292//1099. VIEW #: 6. BACKLOGGED :: 153.500%! ~~ 
16:10:29.157 WARN  ~~ LOOPS: 12. ENTITY #: 1320//1054. VIEW #: 6. BACKLOGGED :: 149.250%! ~~ 
16:10:30.172 WARN  ~~ LOOPS: 12. ENTITY #: 1304//1080. VIEW #: 6. BACKLOGGED :: 145.000%! ~~ 
16:10:31.265 WARN  ~~ LOOPS: 13. ENTITY #: 1385//1117. VIEW #: 6. BACKLOGGED :: 146.077%! ~~ 
16:10:32.322 WARN  ~~ LOOPS: 12. ENTITY #: 1389//1143. VIEW #: 6. BACKLOGGED :: 155.500%! ~~ 
16:10:33.413 WARN  ~~ LOOPS: 11. ENTITY #: 1376//1150. VIEW #: 6. BACKLOGGED :: 155.727%! ~~ 
16:10:34.463 WARN  ~~ LOOPS: 12. ENTITY #: 1352//1105. VIEW #: 6. BACKLOGGED :: 147.250%! ~~ 
16:10:35.553 WARN  ~~ LOOPS: 12. ENTITY #: 1394//1116. VIEW #: 6. BACKLOGGED :: 159.750%! ~~ 
16:10:36.650 WARN  ~~ LOOPS: 11. ENTITY #: 1445//1171. VIEW #: 6. BACKLOGGED :: 160.909%! ~~ 
16:10:37.772 WARN  ~~ LOOPS: 10. ENTITY #: 1431//1185. VIEW #: 6. BACKLOGGED :: 203.100%! ~~ 
16:10:38.840 WARN  ~~ LOOPS: 11. ENTITY #: 1418//1157. VIEW #: 6. BACKLOGGED :: 171.000%! ~~ 
16:10:39.880 WARN  ~~ LOOPS: 11. ENTITY #: 1404//1167. VIEW #: 6. BACKLOGGED :: 158.455%! ~~ 
16:10:41.015 WARN  ~~ LOOPS: 12. ENTITY #: 1430//1157. VIEW #: 6. BACKLOGGED :: 145.000%! ~~ 
16:10:42.065 WARN  ~~ LOOPS: 11. ENTITY #: 1433//1184. VIEW #: 6. BACKLOGGED :: 152.455%! ~~ 
16:10:43.115 WARN  ~~ LOOPS: 12. ENTITY #: 1410//1148. VIEW #: 6. BACKLOGGED :: 145.750%! ~~ 
16:10:44.182 WARN  ~~ LOOPS: 12. ENTITY #: 1421//1161. VIEW #: 6. BACKLOGGED :: 155.000%! ~~ 
16:10:45.269 WARN  ~~ LOOPS: 11. ENTITY #: 1398//1138. VIEW #: 6. BACKLOGGED :: 171.545%! ~~ 
16:10:46.389 WARN  ~~ LOOPS: 12. ENTITY #: 1420//1158. VIEW #: 6. BACKLOGGED :: 146.500%! ~~ 
16:10:47.506 WARN  ~~ LOOPS: 9. ENTITY #: 2265//1257. VIEW #: 6. BACKLOGGED :: 225.667%! ~~ 
16:48:50.600 WARN  ~~ LOOPS: 17. ENTITY #: 369//190. VIEW #: 5. BACKLOGGED :: 1433.294%! ~~ 
16:48:51.746 WARN  ~~ LOOPS: 14. ENTITY #: 371//191. VIEW #: 5. BACKLOGGED :: 145.286%! ~~ 
18:03:05.963 WARN  ~~ LOOPS: 15. ENTITY #: 318//35. VIEW #: 2. BACKLOGGED :: 103.800%! ~~ 
18:03:07.009 WARN  ~~ LOOPS: 15. ENTITY #: 318//40. VIEW #: 2. BACKLOGGED :: 112.800%! ~~ 
18:03:08.009 WARN  ~~ LOOPS: 11. ENTITY #: 318//46. VIEW #: 2. BACKLOGGED :: 150.000%! ~~ 
18:03:09.062 WARN  ~~ LOOPS: 11. ENTITY #: 318//59. VIEW #: 2. BACKLOGGED :: 190.909%! ~~ 
18:03:10.166 WARN  ~~ LOOPS: 9. ENTITY #: 318//74. VIEW #: 2. BACKLOGGED :: 269.333%! ~~ 
18:03:11.178 WARN  ~~ LOOPS: 7. ENTITY #: 318//87. VIEW #: 2. BACKLOGGED :: 324.857%! ~~ 
18:03:12.245 WARN  ~~ LOOPS: 7. ENTITY #: 318//95. VIEW #: 2. BACKLOGGED :: 367.714%! ~~ 
18:03:13.365 WARN  ~~ LOOPS: 7. ENTITY #: 318//102. VIEW #: 2. BACKLOGGED :: 378.857%! ~~ 
18:03:14.384 WARN  ~~ LOOPS: 6. ENTITY #: 318//103. VIEW #: 2. BACKLOGGED :: 411.000%! ~~ 
18:03:15.391 WARN  ~~ LOOPS: 5. ENTITY #: 318//114. VIEW #: 2. BACKLOGGED :: 502.800%! ~~ 
18:03:16.399 WARN  ~~ LOOPS: 5. ENTITY #: 318//118. VIEW #: 2. BACKLOGGED :: 489.600%! ~~ 
18:03:17.562 WARN  ~~ LOOPS: 6. ENTITY #: 319//110. VIEW #: 2. BACKLOGGED :: 494.500%! ~~ 
18:03:18.695 WARN  ~~ LOOPS: 6. ENTITY #: 319//118. VIEW #: 2. BACKLOGGED :: 467.000%! ~~ 
18:03:19.856 WARN  ~~ LOOPS: 6. ENTITY #: 319//119. VIEW #: 2. BACKLOGGED :: 477.500%! ~~ 
18:03:21.034 WARN  ~~ LOOPS: 6. ENTITY #: 319//112. VIEW #: 2. BACKLOGGED :: 493.000%! ~~ 
18:03:22.068 WARN  ~~ LOOPS: 5. ENTITY #: 318//120. VIEW #: 2. BACKLOGGED :: 517.200%! ~~ 
18:03:23.076 WARN  ~~ LOOPS: 5. ENTITY #: 318//121. VIEW #: 2. BACKLOGGED :: 492.000%! ~~ 
18:03:24.090 WARN  ~~ LOOPS: 5. ENTITY #: 319//110. VIEW #: 2. BACKLOGGED :: 523.200%! ~~ 
18:03:25.242 WARN  ~~ LOOPS: 6. ENTITY #: 319//113. VIEW #: 2. BACKLOGGED :: 438.000%! ~~ 
18:03:26.349 WARN  ~~ LOOPS: 6. ENTITY #: 319//116. VIEW #: 2. BACKLOGGED :: 451.500%! ~~ 
18:03:27.418 WARN  ~~ LOOPS: 6. ENTITY #: 318//107. VIEW #: 2. BACKLOGGED :: 437.000%! ~~ 
18:03:28.629 WARN  ~~ LOOPS: 6. ENTITY #: 318//112. VIEW #: 2. BACKLOGGED :: 499.000%! ~~ 
18:03:29.786 WARN  ~~ LOOPS: 6. ENTITY #: 318//114. VIEW #: 2. BACKLOGGED :: 478.500%! ~~ 
18:03:30.801 WARN  ~~ LOOPS: 5. ENTITY #: 318//106. VIEW #: 2. BACKLOGGED :: 513.600%! ~~ 
18:03:31.890 WARN  ~~ LOOPS: 6. ENTITY #: 318//112. VIEW #: 2. BACKLOGGED :: 447.000%! ~~ 
18:03:32.922 WARN  ~~ LOOPS: 6. ENTITY #: 318//113. VIEW #: 2. BACKLOGGED :: 413.500%! ~~ 
18:03:33.958 WARN  ~~ LOOPS: 6. ENTITY #: 317//104. VIEW #: 2. BACKLOGGED :: 420.500%! ~~ 
18:03:35.021 WARN  ~~ LOOPS: 6. ENTITY #: 318//108. VIEW #: 2. BACKLOGGED :: 430.500%! ~~ 
18:03:36.127 WARN  ~~ LOOPS: 6. ENTITY #: 318//107. VIEW #: 2. BACKLOGGED :: 454.000%! ~~ 
18:03:37.143 WARN  ~~ LOOPS: 6. ENTITY #: 318//108. VIEW #: 2. BACKLOGGED :: 404.000%! ~~ 
18:03:38.150 WARN  ~~ LOOPS: 6. ENTITY #: 318//95. VIEW #: 2. BACKLOGGED :: 391.000%! ~~ 
18:03:39.237 WARN  ~~ LOOPS: 7. ENTITY #: 318//100. VIEW #: 2. BACKLOGGED :: 375.429%! ~~ 
18:03:40.253 WARN  ~~ LOOPS: 6. ENTITY #: 318//101. VIEW #: 2. BACKLOGGED :: 409.000%! ~~ 
18:03:41.319 WARN  ~~ LOOPS: 6. ENTITY #: 317//104. VIEW #: 2. BACKLOGGED :: 432.500%! ~~ 
18:03:42.409 WARN  ~~ LOOPS: 6. ENTITY #: 317//110. VIEW #: 2. BACKLOGGED :: 444.500%! ~~ 
18:03:43.537 WARN  ~~ LOOPS: 5. ENTITY #: 317//113. VIEW #: 2. BACKLOGGED :: 531.000%! ~~ 
18:03:44.654 WARN  ~~ LOOPS: 6. ENTITY #: 317//113. VIEW #: 2. BACKLOGGED :: 457.500%! ~~ 
18:03:45.689 WARN  ~~ LOOPS: 5. ENTITY #: 317//124. VIEW #: 2. BACKLOGGED :: 524.400%! ~~ 
18:03:46.761 WARN  ~~ LOOPS: 5. ENTITY #: 317//125. VIEW #: 2. BACKLOGGED :: 540.600%! ~~ 
18:03:47.894 WARN  ~~ LOOPS: 5. ENTITY #: 317//122. VIEW #: 2. BACKLOGGED :: 583.800%! ~~ 
18:03:49.029 WARN  ~~ LOOPS: 5. ENTITY #: 317//132. VIEW #: 2. BACKLOGGED :: 576.600%! ~~ 
18:03:50.191 WARN  ~~ LOOPS: 5. ENTITY #: 317//127. VIEW #: 2. BACKLOGGED :: 600.600%! ~~ 
18:38:08.390 WARN  ~~ LOOPS: 16. ENTITY #: 595//270. VIEW #: 6. BACKLOGGED :: 101.625%! ~~ 
18:38:09.452 WARN  ~~ LOOPS: 15. ENTITY #: 600//277. VIEW #: 6. BACKLOGGED :: 101.800%! ~~ 
18:38:10.470 WARN  ~~ LOOPS: 14. ENTITY #: 600//282. VIEW #: 6. BACKLOGGED :: 109.929%! ~~ 
18:38:34.216 WARN  ~~ LOOPS: 15. ENTITY #: 603//286. VIEW #: 6. BACKLOGGED :: 100.800%! ~~ 
18:38:45.516 WARN  ~~ LOOPS: 14. ENTITY #: 631//314. VIEW #: 6. BACKLOGGED :: 102.643%! ~~ 
18:38:46.581 WARN  ~~ LOOPS: 15. ENTITY #: 646//328. VIEW #: 6. BACKLOGGED :: 111.400%! ~~ 
18:38:47.596 WARN  ~~ LOOPS: 14. ENTITY #: 659//340. VIEW #: 6. BACKLOGGED :: 107.786%! ~~ 
18:38:48.643 WARN  ~~ LOOPS: 15. ENTITY #: 661//344. VIEW #: 6. BACKLOGGED :: 109.000%! ~~ 
18:38:49.701 WARN  ~~ LOOPS: 15. ENTITY #: 659//343. VIEW #: 6. BACKLOGGED :: 115.400%! ~~ 
18:38:50.732 WARN  ~~ LOOPS: 13. ENTITY #: 660//340. VIEW #: 6. BACKLOGGED :: 128.769%! ~~ 
18:38:51.771 WARN  ~~ LOOPS: 13. ENTITY #: 668//343. VIEW #: 6. BACKLOGGED :: 130.846%! ~~ 
18:38:52.790 WARN  ~~ LOOPS: 13. ENTITY #: 676//348. VIEW #: 6. BACKLOGGED :: 129.692%! ~~ 
18:38:53.822 WARN  ~~ LOOPS: 13. ENTITY #: 685//355. VIEW #: 6. BACKLOGGED :: 137.538%! ~~ 
18:38:54.869 WARN  ~~ LOOPS: 12. ENTITY #: 693//369. VIEW #: 6. BACKLOGGED :: 147.000%! ~~ 
18:38:55.931 WARN  ~~ LOOPS: 13. ENTITY #: 703//379. VIEW #: 6. BACKLOGGED :: 144.231%! ~~ 
18:38:56.964 WARN  ~~ LOOPS: 11. ENTITY #: 713//397. VIEW #: 6. BACKLOGGED :: 163.636%! ~~ 
18:38:57.971 WARN  ~~ LOOPS: 11. ENTITY #: 720//423. VIEW #: 6. BACKLOGGED :: 163.909%! ~~ 
18:38:59.063 WARN  ~~ LOOPS: 12. ENTITY #: 732//439. VIEW #: 6. BACKLOGGED :: 162.500%! ~~ 
18:39:00.101 WARN  ~~ LOOPS: 11. ENTITY #: 741//456. VIEW #: 6. BACKLOGGED :: 179.455%! ~~ 
18:39:01.147 WARN  ~~ LOOPS: 11. ENTITY #: 750//476. VIEW #: 6. BACKLOGGED :: 184.909%! ~~ 
18:39:02.238 WARN  ~~ LOOPS: 10. ENTITY #: 756//487. VIEW #: 6. BACKLOGGED :: 208.800%! ~~ 
18:39:03.339 WARN  ~~ LOOPS: 11. ENTITY #: 764//484. VIEW #: 6. BACKLOGGED :: 195.545%! ~~ 
18:39:04.413 WARN  ~~ LOOPS: 10. ENTITY #: 771//489. VIEW #: 6. BACKLOGGED :: 197.700%! ~~ 
18:39:05.521 WARN  ~~ LOOPS: 11. ENTITY #: 779//488. VIEW #: 6. BACKLOGGED :: 198.273%! ~~ 
18:39:06.571 WARN  ~~ LOOPS: 10. ENTITY #: 787//491. VIEW #: 6. BACKLOGGED :: 211.200%! ~~ 
18:39:07.669 WARN  ~~ LOOPS: 10. ENTITY #: 798//495. VIEW #: 6. BACKLOGGED :: 213.000%! ~~ 
18:39:08.749 WARN  ~~ LOOPS: 10. ENTITY #: 808//503. VIEW #: 6. BACKLOGGED :: 222.000%! ~~ 
18:39:09.877 WARN  ~~ LOOPS: 9. ENTITY #: 813//512. VIEW #: 6. BACKLOGGED :: 256.667%! ~~ 
18:39:10.972 WARN  ~~ LOOPS: 9. ENTITY #: 823//518. VIEW #: 6. BACKLOGGED :: 253.667%! ~~ 
18:39:12.034 WARN  ~~ LOOPS: 8. ENTITY #: 831//529. VIEW #: 6. BACKLOGGED :: 286.875%! ~~ 
18:39:13.173 WARN  ~~ LOOPS: 9. ENTITY #: 838//536. VIEW #: 6. BACKLOGGED :: 263.000%! ~~ 
18:39:14.179 WARN  ~~ LOOPS: 12. ENTITY #: 847//546. VIEW #: 6. BACKLOGGED :: 137.250%! ~~ 
18:39:42.083 WARN  ~~ LOOPS: 15. ENTITY #: 1208//392. VIEW #: 6. BACKLOGGED :: 108.200%! ~~ 
18:39:43.216 WARN  ~~ LOOPS: 14. ENTITY #: 1224//423. VIEW #: 6. BACKLOGGED :: 113.143%! ~~ 
18:39:44.331 WARN  ~~ LOOPS: 13. ENTITY #: 1234//449. VIEW #: 6. BACKLOGGED :: 139.846%! ~~ 
18:39:45.463 WARN  ~~ LOOPS: 13. ENTITY #: 1241//463. VIEW #: 6. BACKLOGGED :: 137.077%! ~~ 
18:39:46.634 WARN  ~~ LOOPS: 12. ENTITY #: 1247//483. VIEW #: 6. BACKLOGGED :: 160.750%! ~~ 
18:39:47.776 WARN  ~~ LOOPS: 11. ENTITY #: 1252//499. VIEW #: 6. BACKLOGGED :: 179.727%! ~~ 
18:39:48.890 WARN  ~~ LOOPS: 10. ENTITY #: 1261//531. VIEW #: 6. BACKLOGGED :: 199.800%! ~~ 
18:39:50.089 WARN  ~~ LOOPS: 10. ENTITY #: 1269//455. VIEW #: 5. BACKLOGGED :: 197.400%! ~~ 
18:39:51.204 WARN  ~~ LOOPS: 11. ENTITY #: 1270//472. VIEW #: 6. BACKLOGGED :: 174.818%! ~~ 
18:39:52.389 WARN  ~~ LOOPS: 10. ENTITY #: 1264//460. VIEW #: 6. BACKLOGGED :: 221.400%! ~~ 
18:39:53.506 WARN  ~~ LOOPS: 10. ENTITY #: 1269//471. VIEW #: 6. BACKLOGGED :: 211.500%! ~~ 
18:39:54.598 WARN  ~~ LOOPS: 14. ENTITY #: 1278//489. VIEW #: 6. BACKLOGGED :: 105.429%! ~~ 
18:39:56.890 WARN  ~~ LOOPS: 15. ENTITY #: 1292//480. VIEW #: 6. BACKLOGGED :: 100.400%! ~~ 
18:40:16.155 WARN  ~~ LOOPS: 15. ENTITY #: 1282//340. VIEW #: 5. BACKLOGGED :: 104.000%! ~~ 
18:40:17.337 WARN  ~~ LOOPS: 12. ENTITY #: 1284//373. VIEW #: 5. BACKLOGGED :: 138.250%! ~~ 
18:40:18.494 WARN  ~~ LOOPS: 12. ENTITY #: 1287//405. VIEW #: 5. BACKLOGGED :: 160.250%! ~~ 
18:40:19.652 WARN  ~~ LOOPS: 11. ENTITY #: 1286//445. VIEW #: 5. BACKLOGGED :: 168.000%! ~~ 
18:40:20.886 WARN  ~~ LOOPS: 10. ENTITY #: 1286//471. VIEW #: 5. BACKLOGGED :: 210.900%! ~~ 
18:40:22.077 WARN  ~~ LOOPS: 9. ENTITY #: 1284//502. VIEW #: 5. BACKLOGGED :: 256.333%! ~~ 
18:40:23.347 WARN  ~~ LOOPS: 9. ENTITY #: 1285//524. VIEW #: 5. BACKLOGGED :: 257.000%! ~~ 
18:40:24.581 WARN  ~~ LOOPS: 9. ENTITY #: 1286//560. VIEW #: 5. BACKLOGGED :: 260.000%! ~~ 
18:40:25.737 WARN  ~~ LOOPS: 8. ENTITY #: 1286//575. VIEW #: 5. BACKLOGGED :: 282.000%! ~~ 
18:40:26.968 WARN  ~~ LOOPS: 7. ENTITY #: 1291//589. VIEW #: 5. BACKLOGGED :: 342.000%! ~~ 
18:40:28.149 WARN  ~~ LOOPS: 7. ENTITY #: 1288//606. VIEW #: 5. BACKLOGGED :: 353.571%! ~~ 
18:40:29.363 WARN  ~~ LOOPS: 7. ENTITY #: 1285//621. VIEW #: 5. BACKLOGGED :: 367.286%! ~~ 
18:40:30.505 WARN  ~~ LOOPS: 6. ENTITY #: 1282//629. VIEW #: 5. BACKLOGGED :: 365.000%! ~~ 
18:40:31.647 WARN  ~~ LOOPS: 7. ENTITY #: 1280//642. VIEW #: 5. BACKLOGGED :: 343.714%! ~~ 
18:40:32.947 WARN  ~~ LOOPS: 7. ENTITY #: 1278//660. VIEW #: 5. BACKLOGGED :: 383.571%! ~~ 
18:40:34.169 WARN  ~~ LOOPS: 7. ENTITY #: 1279//678. VIEW #: 5. BACKLOGGED :: 381.857%! ~~ 
18:40:35.422 WARN  ~~ LOOPS: 7. ENTITY #: 1278//690. VIEW #: 5. BACKLOGGED :: 388.286%! ~~ 
18:40:36.548 WARN  ~~ LOOPS: 6. ENTITY #: 1277//698. VIEW #: 5. BACKLOGGED :: 408.000%! ~~ 
18:40:37.667 WARN  ~~ LOOPS: 6. ENTITY #: 1280//712. VIEW #: 5. BACKLOGGED :: 415.500%! ~~ 
18:40:38.803 WARN  ~~ LOOPS: 5. ENTITY #: 1282//724. VIEW #: 5. BACKLOGGED :: 469.800%! ~~ 
18:40:40.045 WARN  ~~ LOOPS: 6. ENTITY #: 1288//731. VIEW #: 5. BACKLOGGED :: 466.000%! ~~ 
18:40:41.248 WARN  ~~ LOOPS: 6. ENTITY #: 1293//747. VIEW #: 5. BACKLOGGED :: 448.000%! ~~ 
18:40:42.467 WARN  ~~ LOOPS: 6. ENTITY #: 1295//759. VIEW #: 5. BACKLOGGED :: 459.500%! ~~ 
18:40:43.768 WARN  ~~ LOOPS: 6. ENTITY #: 1300//770. VIEW #: 5. BACKLOGGED :: 461.000%! ~~ 
18:40:44.975 WARN  ~~ LOOPS: 6. ENTITY #: 1303//782. VIEW #: 5. BACKLOGGED :: 463.500%! ~~ 
18:40:46.081 WARN  ~~ LOOPS: 5. ENTITY #: 1305//795. VIEW #: 5. BACKLOGGED :: 491.400%! ~~ 
18:40:47.250 WARN  ~~ LOOPS: 5. ENTITY #: 1306//807. VIEW #: 4. BACKLOGGED :: 499.200%! ~~ 
18:40:48.382 WARN  ~~ LOOPS: 5. ENTITY #: 1302//814. VIEW #: 4. BACKLOGGED :: 517.200%! ~~ 
18:40:49.525 WARN  ~~ LOOPS: 5. ENTITY #: 1305//825. VIEW #: 4. BACKLOGGED :: 520.200%! ~~ 
18:40:50.892 WARN  ~~ LOOPS: 5. ENTITY #: 1304//824. VIEW #: 4. BACKLOGGED :: 611.400%! ~~ 
18:40:52.184 WARN  ~~ LOOPS: 5. ENTITY #: 1307//844. VIEW #: 4. BACKLOGGED :: 598.800%! ~~ 
18:40:53.417 WARN  ~~ LOOPS: 5. ENTITY #: 1308//855. VIEW #: 4. BACKLOGGED :: 580.800%! ~~ 
18:40:54.609 WARN  ~~ LOOPS: 4. ENTITY #: 1309//867. VIEW #: 4. BACKLOGGED :: 633.000%! ~~ 
18:40:55.879 WARN  ~~ LOOPS: 5. ENTITY #: 1307//872. VIEW #: 4. BACKLOGGED :: 595.200%! ~~ 
18:40:57.063 WARN  ~~ LOOPS: 4. ENTITY #: 1307//884. VIEW #: 4. BACKLOGGED :: 681.750%! ~~ 
18:40:58.280 WARN  ~~ LOOPS: 4. ENTITY #: 1308//888. VIEW #: 4. BACKLOGGED :: 651.750%! ~~ 
18:40:59.423 WARN  ~~ LOOPS: 4. ENTITY #: 1307//897. VIEW #: 4. BACKLOGGED :: 652.500%! ~~ 
18:41:00.632 WARN  ~~ LOOPS: 4. ENTITY #: 1307//897. VIEW #: 4. BACKLOGGED :: 697.500%! ~~ 
18:41:01.856 WARN  ~~ LOOPS: 4. ENTITY #: 1307//911. VIEW #: 4. BACKLOGGED :: 680.250%! ~~ 
18:41:03.062 WARN  ~~ LOOPS: 4. ENTITY #: 1307//918. VIEW #: 5. BACKLOGGED :: 710.250%! ~~ 
18:41:04.282 WARN  ~~ LOOPS: 4. ENTITY #: 1309//943. VIEW #: 5. BACKLOGGED :: 708.750%! ~~ 
18:41:05.649 WARN  ~~ LOOPS: 4. ENTITY #: 1307//944. VIEW #: 5. BACKLOGGED :: 770.250%! ~~ 
18:41:06.893 WARN  ~~ LOOPS: 4. ENTITY #: 1307//956. VIEW #: 5. BACKLOGGED :: 724.500%! ~~ 
18:41:08.232 WARN  ~~ LOOPS: 4. ENTITY #: 1309//959. VIEW #: 5. BACKLOGGED :: 759.000%! ~~ 
18:41:09.428 WARN  ~~ LOOPS: 4. ENTITY #: 1309//967. VIEW #: 5. BACKLOGGED :: 699.000%! ~~ 
18:41:10.664 WARN  ~~ LOOPS: 4. ENTITY #: 1309//967. VIEW #: 5. BACKLOGGED :: 753.750%! ~~ 
18:41:12.040 WARN  ~~ LOOPS: 4. ENTITY #: 1308//973. VIEW #: 5. BACKLOGGED :: 795.000%! ~~ 
18:41:13.308 WARN  ~~ LOOPS: 4. ENTITY #: 1307//971. VIEW #: 5. BACKLOGGED :: 752.250%! ~~ 
18:41:14.567 WARN  ~~ LOOPS: 4. ENTITY #: 1309//974. VIEW #: 5. BACKLOGGED :: 762.000%! ~~ 
18:41:15.713 WARN  ~~ LOOPS: 3. ENTITY #: 1310//967. VIEW #: 5. BACKLOGGED :: 835.000%! ~~ 
18:41:16.993 WARN  ~~ LOOPS: 4. ENTITY #: 1310//973. VIEW #: 5. BACKLOGGED :: 775.500%! ~~ 
18:41:18.289 WARN  ~~ LOOPS: 4. ENTITY #: 1309//974. VIEW #: 4. BACKLOGGED :: 776.250%! ~~ 
18:41:19.713 WARN  ~~ LOOPS: 3. ENTITY #: 410//667. VIEW #: 4. BACKLOGGED :: 1325.000%! ~~ 
18:43:04.448 WARN  ~~ LOOPS: 14. ENTITY #: 535//159. VIEW #: 6. BACKLOGGED :: 110.357%! ~~ 
18:43:05.492 WARN  ~~ LOOPS: 12. ENTITY #: 583//223. VIEW #: 6. BACKLOGGED :: 159.000%! ~~ 
18:43:06.513 WARN  ~~ LOOPS: 11. ENTITY #: 585//231. VIEW #: 6. BACKLOGGED :: 175.364%! ~~ 
18:43:07.572 WARN  ~~ LOOPS: 11. ENTITY #: 534//221. VIEW #: 6. BACKLOGGED :: 182.727%! ~~ 
18:43:08.619 WARN  ~~ LOOPS: 13. ENTITY #: 491//160. VIEW #: 6. BACKLOGGED :: 143.538%! ~~ 
18:43:09.664 WARN  ~~ LOOPS: 13. ENTITY #: 498//143. VIEW #: 6. BACKLOGGED :: 140.769%! ~~ 
18:43:10.685 WARN  ~~ LOOPS: 11. ENTITY #: 499//148. VIEW #: 6. BACKLOGGED :: 156.818%! ~~ 
18:43:11.754 WARN  ~~ LOOPS: 12. ENTITY #: 501//154. VIEW #: 6. BACKLOGGED :: 169.500%! ~~ 
18:43:12.818 WARN  ~~ LOOPS: 11. ENTITY #: 510//162. VIEW #: 6. BACKLOGGED :: 187.636%! ~~ 
18:43:13.896 WARN  ~~ LOOPS: 10. ENTITY #: 516//171. VIEW #: 6. BACKLOGGED :: 204.000%! ~~ 
18:43:14.971 WARN  ~~ LOOPS: 10. ENTITY #: 515//179. VIEW #: 6. BACKLOGGED :: 226.200%! ~~ 
18:43:16.006 WARN  ~~ LOOPS: 9. ENTITY #: 518//181. VIEW #: 6. BACKLOGGED :: 241.000%! ~~ 
18:43:17.040 WARN  ~~ LOOPS: 9. ENTITY #: 519//186. VIEW #: 6. BACKLOGGED :: 247.333%! ~~ 
18:43:18.062 WARN  ~~ LOOPS: 8. ENTITY #: 522//185. VIEW #: 6. BACKLOGGED :: 264.000%! ~~ 
18:43:19.087 WARN  ~~ LOOPS: 8. ENTITY #: 525//192. VIEW #: 6. BACKLOGGED :: 275.625%! ~~ 
18:43:20.171 WARN  ~~ LOOPS: 8. ENTITY #: 523//198. VIEW #: 6. BACKLOGGED :: 310.875%! ~~ 
18:43:21.260 WARN  ~~ LOOPS: 8. ENTITY #: 520//200. VIEW #: 6. BACKLOGGED :: 309.375%! ~~ 
18:43:22.376 WARN  ~~ LOOPS: 7. ENTITY #: 526//194. VIEW #: 5. BACKLOGGED :: 341.571%! ~~ 
18:43:23.397 WARN  ~~ LOOPS: 7. ENTITY #: 523//193. VIEW #: 5. BACKLOGGED :: 330.857%! ~~ 
18:43:24.419 WARN  ~~ LOOPS: 7. ENTITY #: 523//194. VIEW #: 5. BACKLOGGED :: 334.286%! ~~ 
18:43:25.447 WARN  ~~ LOOPS: 7. ENTITY #: 525//186. VIEW #: 5. BACKLOGGED :: 342.857%! ~~ 
18:43:26.575 WARN  ~~ LOOPS: 7. ENTITY #: 527//193. VIEW #: 5. BACKLOGGED :: 352.286%! ~~ 
18:43:27.628 WARN  ~~ LOOPS: 7. ENTITY #: 529//192. VIEW #: 5. BACKLOGGED :: 345.857%! ~~ 
18:43:28.651 WARN  ~~ LOOPS: 6. ENTITY #: 525//189. VIEW #: 5. BACKLOGGED :: 405.000%! ~~ 
18:43:29.736 WARN  ~~ LOOPS: 7. ENTITY #: 524//187. VIEW #: 5. BACKLOGGED :: 365.571%! ~~ 
18:43:30.823 WARN  ~~ LOOPS: 7. ENTITY #: 529//184. VIEW #: 5. BACKLOGGED :: 342.429%! ~~ 
18:43:31.883 WARN  ~~ LOOPS: 6. ENTITY #: 523//188. VIEW #: 5. BACKLOGGED :: 427.500%! ~~ 
18:43:33.034 WARN  ~~ LOOPS: 7. ENTITY #: 526//185. VIEW #: 5. BACKLOGGED :: 398.571%! ~~ 
18:43:34.107 WARN  ~~ LOOPS: 7. ENTITY #: 522//184. VIEW #: 5. BACKLOGGED :: 358.714%! ~~ 
18:43:35.203 WARN  ~~ LOOPS: 7. ENTITY #: 521//185. VIEW #: 5. BACKLOGGED :: 368.571%! ~~ 
18:43:36.219 WARN  ~~ LOOPS: 6. ENTITY #: 519//178. VIEW #: 5. BACKLOGGED :: 369.500%! ~~ 
18:43:37.261 WARN  ~~ LOOPS: 6. ENTITY #: 522//186. VIEW #: 5. BACKLOGGED :: 422.000%! ~~ 
18:43:38.299 WARN  ~~ LOOPS: 6. ENTITY #: 521//189. VIEW #: 5. BACKLOGGED :: 414.000%! ~~ 
18:43:39.357 WARN  ~~ LOOPS: 6. ENTITY #: 517//188. VIEW #: 5. BACKLOGGED :: 429.500%! ~~ 
18:43:40.502 WARN  ~~ LOOPS: 6. ENTITY #: 517//191. VIEW #: 5. BACKLOGGED :: 470.500%! ~~ 
18:43:41.581 WARN  ~~ LOOPS: 5. ENTITY #: 515//192. VIEW #: 5. BACKLOGGED :: 490.800%! ~~ 
18:43:42.609 WARN  ~~ LOOPS: 6. ENTITY #: 511//183. VIEW #: 5. BACKLOGGED :: 413.000%! ~~ 
18:43:43.627 WARN  ~~ LOOPS: 6. ENTITY #: 504//183. VIEW #: 5. BACKLOGGED :: 405.000%! ~~ 
18:43:44.651 WARN  ~~ LOOPS: 6. ENTITY #: 495//178. VIEW #: 5. BACKLOGGED :: 409.500%! ~~ 
18:43:45.767 WARN  ~~ LOOPS: 7. ENTITY #: 483//162. VIEW #: 5. BACKLOGGED :: 381.429%! ~~ 
18:43:46.771 WARN  ~~ LOOPS: 6. ENTITY #: 485//166. VIEW #: 5. BACKLOGGED :: 388.500%! ~~ 
18:43:47.907 WARN  ~~ LOOPS: 6. ENTITY #: 490//166. VIEW #: 5. BACKLOGGED :: 419.000%! ~~ 
18:43:49.065 WARN  ~~ LOOPS: 7. ENTITY #: 489//169. VIEW #: 5. BACKLOGGED :: 400.714%! ~~ 
18:43:50.079 WARN  ~~ LOOPS: 6. ENTITY #: 486//168. VIEW #: 5. BACKLOGGED :: 399.000%! ~~ 
18:43:51.170 WARN  ~~ LOOPS: 5. ENTITY #: 487//166. VIEW #: 5. BACKLOGGED :: 550.800%! ~~ 
18:43:52.267 WARN  ~~ LOOPS: 6. ENTITY #: 469//154. VIEW #: 5. BACKLOGGED :: 444.000%! ~~ 
18:43:53.464 WARN  ~~ LOOPS: 6. ENTITY #: 471//156. VIEW #: 5. BACKLOGGED :: 499.000%! ~~ 
18:43:54.998 WARN  ~~ LOOPS: 5. ENTITY #: 475//155. VIEW #: 5. BACKLOGGED :: 765.000%! ~~ 
18:43:56.019 WARN  ~~ LOOPS: 3. ENTITY #: 476//154. VIEW #: 5. BACKLOGGED :: 895.000%! ~~ 
18:43:57.228 WARN  ~~ LOOPS: 6. ENTITY #: 478//159. VIEW #: 5. BACKLOGGED :: 508.500%! ~~ 
18:43:58.244 WARN  ~~ LOOPS: 3. ENTITY #: 479//163. VIEW #: 5. BACKLOGGED :: 912.000%! ~~ 
18:43:59.476 WARN  ~~ LOOPS: 4. ENTITY #: 481//162. VIEW #: 5. BACKLOGGED :: 819.750%! ~~ 
18:44:00.619 WARN  ~~ LOOPS: 6. ENTITY #: 481//165. VIEW #: 5. BACKLOGGED :: 474.500%! ~~ 
18:44:01.672 WARN  ~~ LOOPS: 4. ENTITY #: 483//167. VIEW #: 5. BACKLOGGED :: 686.250%! ~~ 
18:44:02.862 WARN  ~~ LOOPS: 5. ENTITY #: 484//169. VIEW #: 5. BACKLOGGED :: 567.000%! ~~ 
18:44:04.034 WARN  ~~ LOOPS: 6. ENTITY #: 485//165. VIEW #: 5. BACKLOGGED :: 487.500%! ~~ 
18:44:05.194 WARN  ~~ LOOPS: 5. ENTITY #: 485//171. VIEW #: 5. BACKLOGGED :: 596.400%! ~~ 
18:44:06.315 WARN  ~~ LOOPS: 6. ENTITY #: 483//169. VIEW #: 5. BACKLOGGED :: 461.000%! ~~ 
18:44:07.340 WARN  ~~ LOOPS: 4. ENTITY #: 480//165. VIEW #: 5. BACKLOGGED :: 665.250%! ~~ 
18:45:08.659 WARN  ~~ LOOPS: 15. ENTITY #: 985//645. VIEW #: 5. BACKLOGGED :: 102.400%! ~~ 
18:45:09.701 WARN  ~~ LOOPS: 12. ENTITY #: 1139//856. VIEW #: 5. BACKLOGGED :: 159.000%! ~~ 
18:45:10.765 WARN  ~~ LOOPS: 15. ENTITY #: 1127//933. VIEW #: 5. BACKLOGGED :: 117.600%! ~~ 
18:45:11.838 WARN  ~~ LOOPS: 14. ENTITY #: 1116//937. VIEW #: 5. BACKLOGGED :: 119.357%! ~~ 
18:45:12.861 WARN  ~~ LOOPS: 13. ENTITY #: 1002//903. VIEW #: 5. BACKLOGGED :: 126.000%! ~~ 
18:45:13.881 WARN  ~~ LOOPS: 13. ENTITY #: 869//734. VIEW #: 5. BACKLOGGED :: 134.769%! ~~ 
18:45:14.931 WARN  ~~ LOOPS: 14. ENTITY #: 746//630. VIEW #: 5. BACKLOGGED :: 120.643%! ~~ 
18:45:51.230 WARN  ~~ LOOPS: 15. ENTITY #: 740//505. VIEW #: 5. BACKLOGGED :: 101.000%! ~~ 
18:45:52.244 WARN  ~~ LOOPS: 14. ENTITY #: 774//553. VIEW #: 5. BACKLOGGED :: 112.929%! ~~ 
18:45:53.296 WARN  ~~ LOOPS: 15. ENTITY #: 773//547. VIEW #: 5. BACKLOGGED :: 109.800%! ~~ 
18:45:54.304 WARN  ~~ LOOPS: 14. ENTITY #: 776//539. VIEW #: 5. BACKLOGGED :: 106.500%! ~~ 
18:45:55.359 WARN  ~~ LOOPS: 15. ENTITY #: 791//545. VIEW #: 5. BACKLOGGED :: 110.000%! ~~ 
18:45:56.405 WARN  ~~ LOOPS: 14. ENTITY #: 803//554. VIEW #: 5. BACKLOGGED :: 114.429%! ~~ 
18:45:57.406 WARN  ~~ LOOPS: 13. ENTITY #: 711//547. VIEW #: 5. BACKLOGGED :: 120.692%! ~~ 
18:54:28.867 WARN  ~~ LOOPS: 13. ENTITY #: 823//147. VIEW #: 4. BACKLOGGED :: 145.615%! ~~ 
18:54:29.915 WARN  ~~ LOOPS: 9. ENTITY #: 887//167. VIEW #: 4. BACKLOGGED :: 230.000%! ~~ 
18:54:30.986 WARN  ~~ LOOPS: 8. ENTITY #: 944//181. VIEW #: 4. BACKLOGGED :: 295.875%! ~~ 
18:54:32.118 WARN  ~~ LOOPS: 7. ENTITY #: 996//197. VIEW #: 4. BACKLOGGED :: 375.429%! ~~ 
18:54:33.237 WARN  ~~ LOOPS: 6. ENTITY #: 1041//216. VIEW #: 4. BACKLOGGED :: 437.000%! ~~ 
18:54:34.381 WARN  ~~ LOOPS: 5. ENTITY #: 1073//222. VIEW #: 4. BACKLOGGED :: 512.400%! ~~ 
18:54:35.675 WARN  ~~ LOOPS: 5. ENTITY #: 1110//237. VIEW #: 4. BACKLOGGED :: 632.400%! ~~ 
18:54:36.960 WARN  ~~ LOOPS: 4. ENTITY #: 1138//261. VIEW #: 4. BACKLOGGED :: 788.250%! ~~ 
18:54:38.085 WARN  ~~ LOOPS: 3. ENTITY #: 1164//276. VIEW #: 4. BACKLOGGED :: 923.000%! ~~ 
18:54:39.484 WARN  ~~ LOOPS: 4. ENTITY #: 1173//282. VIEW #: 4. BACKLOGGED :: 890.250%! ~~ 
18:54:40.710 WARN  ~~ LOOPS: 3. ENTITY #: 1174//276. VIEW #: 4. BACKLOGGED :: 1026.000%! ~~ 
18:54:42.054 WARN  ~~ LOOPS: 3. ENTITY #: 1174//284. VIEW #: 4. BACKLOGGED :: 1123.000%! ~~ 
18:54:43.634 WARN  ~~ LOOPS: 3. ENTITY #: 1175//286. VIEW #: 4. BACKLOGGED :: 1195.000%! ~~ 
18:54:44.773 WARN  ~~ LOOPS: 2. ENTITY #: 1175//285. VIEW #: 4. BACKLOGGED :: 1422.000%! ~~ 
18:54:46.417 WARN  ~~ LOOPS: 3. ENTITY #: 1175//287. VIEW #: 4. BACKLOGGED :: 1433.000%! ~~ 
18:54:47.779 WARN  ~~ LOOPS: 2. ENTITY #: 1175//289. VIEW #: 4. BACKLOGGED :: 1738.500%! ~~ 
18:54:49.153 WARN  ~~ LOOPS: 2. ENTITY #: 1175//263. VIEW #: 4. BACKLOGGED :: 1801.500%! ~~ 
18:54:50.525 WARN  ~~ LOOPS: 2. ENTITY #: 1174//241. VIEW #: 4. BACKLOGGED :: 1773.000%! ~~ 
18:54:52.046 WARN  ~~ LOOPS: 2. ENTITY #: 1174//224. VIEW #: 4. BACKLOGGED :: 1786.500%! ~~ 
18:54:53.466 WARN  ~~ LOOPS: 3. ENTITY #: 1173//177. VIEW #: 4. BACKLOGGED :: 1188.000%! ~~ 
18:54:54.598 WARN  ~~ LOOPS: 3. ENTITY #: 1173//130. VIEW #: 4. BACKLOGGED :: 892.000%! ~~ 
18:54:55.851 WARN  ~~ LOOPS: 4. ENTITY #: 1173//124. VIEW #: 4. BACKLOGGED :: 751.500%! ~~ 
18:54:56.997 WARN  ~~ LOOPS: 3. ENTITY #: 1173//111. VIEW #: 4. BACKLOGGED :: 776.000%! ~~ 
18:54:58.181 WARN  ~~ LOOPS: 4. ENTITY #: 1173//107. VIEW #: 4. BACKLOGGED :: 702.000%! ~~ 
18:54:59.394 WARN  ~~ LOOPS: 5. ENTITY #: 1173//100. VIEW #: 4. BACKLOGGED :: 558.600%! ~~ 
18:55:00.538 WARN  ~~ LOOPS: 6. ENTITY #: 1175//84. VIEW #: 4. BACKLOGGED :: 409.500%! ~~ 
18:55:01.703 WARN  ~~ LOOPS: 6. ENTITY #: 1175//89. VIEW #: 4. BACKLOGGED :: 433.000%! ~~ 
18:55:02.894 WARN  ~~ LOOPS: 5. ENTITY #: 1177//95. VIEW #: 4. BACKLOGGED :: 448.800%! ~~ 
18:55:04.109 WARN  ~~ LOOPS: 6. ENTITY #: 1177//83. VIEW #: 4. BACKLOGGED :: 448.000%! ~~ 
18:55:05.256 WARN  ~~ LOOPS: 6. ENTITY #: 1176//89. VIEW #: 4. BACKLOGGED :: 420.500%! ~~ 
18:55:06.411 WARN  ~~ LOOPS: 4. ENTITY #: 1180//106. VIEW #: 4. BACKLOGGED :: 685.500%! ~~ 
18:55:07.624 WARN  ~~ LOOPS: 4. ENTITY #: 1179//96. VIEW #: 4. BACKLOGGED :: 732.000%! ~~ 
18:55:08.969 WARN  ~~ LOOPS: 4. ENTITY #: 1179//97. VIEW #: 4. BACKLOGGED :: 842.250%! ~~ 
18:55:10.112 WARN  ~~ LOOPS: 3. ENTITY #: 1178//94. VIEW #: 4. BACKLOGGED :: 941.000%! ~~ 
18:55:11.354 WARN  ~~ LOOPS: 3. ENTITY #: 1181//106. VIEW #: 4. BACKLOGGED :: 1045.000%! ~~ 
18:55:12.839 WARN  ~~ LOOPS: 3. ENTITY #: 1182//104. VIEW #: 4. BACKLOGGED :: 1087.000%! ~~ 
18:55:13.898 WARN  ~~ LOOPS: 3. ENTITY #: 1180//90. VIEW #: 4. BACKLOGGED :: 854.000%! ~~ 
18:55:15.236 WARN  ~~ LOOPS: 4. ENTITY #: 1184//93. VIEW #: 4. BACKLOGGED :: 834.000%! ~~ 
18:55:16.523 WARN  ~~ LOOPS: 3. ENTITY #: 1186//93. VIEW #: 4. BACKLOGGED :: 1081.000%! ~~ 
18:55:18.008 WARN  ~~ LOOPS: 3. ENTITY #: 1186//104. VIEW #: 4. BACKLOGGED :: 1292.000%! ~~ 
18:55:19.141 WARN  ~~ LOOPS: 2. ENTITY #: 1189//108. VIEW #: 4. BACKLOGGED :: 1456.500%! ~~ 
18:55:20.377 WARN  ~~ LOOPS: 2. ENTITY #: 1189//110. VIEW #: 3. BACKLOGGED :: 1582.500%! ~~ 
18:55:21.393 WARN  ~~ LOOPS: 2. ENTITY #: 1189//96. VIEW #: 3. BACKLOGGED :: 1252.500%! ~~ 
18:55:22.737 WARN  ~~ LOOPS: 3. ENTITY #: 1196//93. VIEW #: 3. BACKLOGGED :: 1147.000%! ~~ 
22:12:47.903 WARN  Malformed command packet! Kicking player and giving 1 warning. 
22:12:47.979 WARN  Malformed command packet! Kicking. Player now has 2 warnings. 
22:44:56.088 WARN  Malformed command packet! Kicking player and giving 1 warning. 
22:46:39.736 ERROR [ERROR] A ghost entity has been found! 
22:46:39.736 ERROR Type: Machine Gun 
22:46:39.736 ERROR Position: (174.16666666666666, 21.479166666693263) 
22:46:39.736 ERROR Collision Array:  
22:46:39.736 ERROR Health: 0.7783333333333335 
22:46:39.736 WARN  Ghost entity removed successfully. 
22:59:46.224 WARN  ~~ LOOPS: 15. ENTITY #: 676//212. VIEW #: 7. BACKLOGGED :: 100.800%! ~~ 
22:59:49.326 WARN  ~~ LOOPS: 15. ENTITY #: 674//220. VIEW #: 7. BACKLOGGED :: 101.800%! ~~ 
22:59:50.359 WARN  ~~ LOOPS: 15. ENTITY #: 675//235. VIEW #: 7. BACKLOGGED :: 107.800%! ~~ 
22:59:51.416 WARN  ~~ LOOPS: 14. ENTITY #: 678//239. VIEW #: 7. BACKLOGGED :: 116.786%! ~~ 
22:59:52.441 WARN  ~~ LOOPS: 14. ENTITY #: 678//247. VIEW #: 7. BACKLOGGED :: 118.286%! ~~ 
22:59:53.499 WARN  ~~ LOOPS: 14. ENTITY #: 679//253. VIEW #: 7. BACKLOGGED :: 126.000%! ~~ 
22:59:54.528 WARN  ~~ LOOPS: 13. ENTITY #: 679//252. VIEW #: 7. BACKLOGGED :: 126.000%! ~~ 
22:59:55.562 WARN  ~~ LOOPS: 14. ENTITY #: 683//255. VIEW #: 7. BACKLOGGED :: 122.571%! ~~ 
22:59:56.645 WARN  ~~ LOOPS: 14. ENTITY #: 672//252. VIEW #: 7. BACKLOGGED :: 128.143%! ~~ 
22:59:57.720 WARN  ~~ LOOPS: 13. ENTITY #: 672//250. VIEW #: 7. BACKLOGGED :: 134.308%! ~~ 
22:59:58.786 WARN  ~~ LOOPS: 14. ENTITY #: 675//250. VIEW #: 7. BACKLOGGED :: 127.929%! ~~ 
22:59:59.794 WARN  ~~ LOOPS: 13. ENTITY #: 672//253. VIEW #: 7. BACKLOGGED :: 123.000%! ~~ 
23:00:00.851 WARN  ~~ LOOPS: 14. ENTITY #: 673//250. VIEW #: 7. BACKLOGGED :: 127.500%! ~~ 
23:00:01.894 WARN  ~~ LOOPS: 13. ENTITY #: 675//256. VIEW #: 7. BACKLOGGED :: 138.923%! ~~ 
23:00:02.926 WARN  ~~ LOOPS: 13. ENTITY #: 676//258. VIEW #: 7. BACKLOGGED :: 137.308%! ~~ 
23:00:03.929 WARN  ~~ LOOPS: 12. ENTITY #: 673//260. VIEW #: 7. BACKLOGGED :: 136.250%! ~~ 
23:00:04.966 WARN  ~~ LOOPS: 13. ENTITY #: 679//266. VIEW #: 7. BACKLOGGED :: 138.000%! ~~ 
23:00:06.050 WARN  ~~ LOOPS: 13. ENTITY #: 686//278. VIEW #: 7. BACKLOGGED :: 144.000%! ~~ 
23:00:07.082 WARN  ~~ LOOPS: 12. ENTITY #: 692//288. VIEW #: 7. BACKLOGGED :: 151.000%! ~~ 
23:00:08.128 WARN  ~~ LOOPS: 12. ENTITY #: 705//296. VIEW #: 7. BACKLOGGED :: 158.500%! ~~ 
23:00:09.165 WARN  ~~ LOOPS: 11. ENTITY #: 708//307. VIEW #: 7. BACKLOGGED :: 163.091%! ~~ 
23:00:10.264 WARN  ~~ LOOPS: 12. ENTITY #: 704//306. VIEW #: 7. BACKLOGGED :: 171.500%! ~~ 
23:00:11.334 WARN  ~~ LOOPS: 12. ENTITY #: 707//303. VIEW #: 7. BACKLOGGED :: 162.250%! ~~ 
23:00:12.362 WARN  ~~ LOOPS: 11. ENTITY #: 706//304. VIEW #: 7. BACKLOGGED :: 168.273%! ~~ 
23:00:13.378 WARN  ~~ LOOPS: 11. ENTITY #: 699//303. VIEW #: 7. BACKLOGGED :: 169.364%! ~~ 
23:00:14.470 WARN  ~~ LOOPS: 12. ENTITY #: 692//293. VIEW #: 7. BACKLOGGED :: 170.000%! ~~ 
23:00:15.516 WARN  ~~ LOOPS: 11. ENTITY #: 686//296. VIEW #: 7. BACKLOGGED :: 169.636%! ~~ 
23:00:16.615 WARN  ~~ LOOPS: 11. ENTITY #: 677//298. VIEW #: 7. BACKLOGGED :: 181.364%! ~~ 
23:00:17.721 WARN  ~~ LOOPS: 10. ENTITY #: 675//291. VIEW #: 7. BACKLOGGED :: 219.900%! ~~ 
23:00:18.789 WARN  ~~ LOOPS: 10. ENTITY #: 675//294. VIEW #: 7. BACKLOGGED :: 205.500%! ~~ 
23:00:19.875 WARN  ~~ LOOPS: 11. ENTITY #: 664//287. VIEW #: 7. BACKLOGGED :: 188.455%! ~~ 
23:00:20.887 WARN  ~~ LOOPS: 13. ENTITY #: 556//175. VIEW #: 7. BACKLOGGED :: 125.538%! ~~ 
23:00:21.889 WARN  ~~ LOOPS: 15. ENTITY #: 554//159. VIEW #: 6. BACKLOGGED :: 101.800%! ~~ 
23:22:42.999 WARN  ~~ LOOPS: 13. ENTITY #: 894//547. VIEW #: 5. BACKLOGGED :: 121.385%! ~~ 
23:22:44.093 WARN  ~~ LOOPS: 13. ENTITY #: 958//677. VIEW #: 5. BACKLOGGED :: 145.615%! ~~ 
23:22:45.094 WARN  ~~ LOOPS: 14. ENTITY #: 790//638. VIEW #: 5. BACKLOGGED :: 105.857%! ~~ 
23:23:32.734 WARN  ~~ LOOPS: 10. ENTITY #: 1077//413. VIEW #: 5. BACKLOGGED :: 230.400%! ~~ 
23:23:33.949 WARN  ~~ LOOPS: 5. ENTITY #: 1517//1010. VIEW #: 5. BACKLOGGED :: 603.000%! ~~ 
23:23:35.082 WARN  ~~ LOOPS: 5. ENTITY #: 1749//1469. VIEW #: 5. BACKLOGGED :: 520.800%! ~~ 
23:23:36.192 WARN  ~~ LOOPS: 9. ENTITY #: 1744//1514. VIEW #: 5. BACKLOGGED :: 230.333%! ~~ 
23:23:37.380 WARN  ~~ LOOPS: 11. ENTITY #: 1535//1474. VIEW #: 5. BACKLOGGED :: 208.091%! ~~ 
23:23:38.380 WARN  ~~ LOOPS: 10. ENTITY #: 720//856. VIEW #: 5. BACKLOGGED :: 200.400%! ~~ 
23:26:15.608 ERROR [ERROR] A ghost entity has been found! 
23:26:15.608 ERROR Type: Base Protector 
23:26:15.608 ERROR Position: (3353.6722335782465, 2384.504903389065) 
23:26:15.608 ERROR Collision Array:  
23:26:15.608 ERROR Health: 366667.3716666667 
23:26:15.608 WARN  Ghost entity removed successfully. 
23:47:05.533 ERROR [ERROR] A ghost entity has been found! 
23:47:05.533 ERROR Type: Hexa Tank 
23:47:05.533 ERROR Position: (404.16666666666663, 5051.833333333333) 
23:47:05.533 ERROR Collision Array:  
23:47:05.533 ERROR Health: 0.7783333333333335 
23:47:05.533 WARN  Ghost entity removed successfully. 

