02:06:14.158 WARN  ~~ LOOPS: 14. ENTITY #: 691//631. VIEW #: 3. BACKLOGGED :: 111.214%! ~~ 
02:18:17.461 WARN  ~~ LOOPS: 14. ENTITY #: 1042//589. VIEW #: 3. BACKLOGGED :: 112.286%! ~~ 
02:18:18.560 WARN  ~~ LOOPS: 12. ENTITY #: 1316//877. VIEW #: 3. BACKLOGGED :: 170.500%! ~~ 
02:18:19.710 WARN  ~~ LOOPS: 10. ENTITY #: 1542//1127. VIEW #: 3. BACKLOGGED :: 227.100%! ~~ 
02:18:20.839 WARN  ~~ LOOPS: 8. ENTITY #: 1714//1318. VIEW #: 3. BACKLOGGED :: 280.500%! ~~ 
02:18:22.028 WARN  ~~ LOOPS: 8. ENTITY #: 1888//1486. VIEW #: 3. BACKLOGGED :: 314.250%! ~~ 
02:18:23.121 WARN  ~~ LOOPS: 6. ENTITY #: 2008//1634. VIEW #: 3. BACKLOGGED :: 362.500%! ~~ 
02:18:24.257 WARN  ~~ LOOPS: 6. ENTITY #: 2116//1749. VIEW #: 3. BACKLOGGED :: 385.000%! ~~ 
02:18:25.445 WARN  ~~ LOOPS: 6. ENTITY #: 2229//1852. VIEW #: 3. BACKLOGGED :: 426.000%! ~~ 
02:18:26.614 WARN  ~~ LOOPS: 5. ENTITY #: 2321//1953. VIEW #: 3. BACKLOGGED :: 460.200%! ~~ 
02:18:27.784 WARN  ~~ LOOPS: 5. ENTITY #: 2409//2045. VIEW #: 3. BACKLOGGED :: 502.800%! ~~ 
02:18:29.096 WARN  ~~ LOOPS: 5. ENTITY #: 3178//2266. VIEW #: 3. BACKLOGGED :: 520.200%! ~~ 
02:41:21.931 WARN  ~~ LOOPS: 14. ENTITY #: 1676//1248. VIEW #: 1. BACKLOGGED :: 106.071%! ~~ 
02:41:23.000 WARN  ~~ LOOPS: 14. ENTITY #: 1961//1565. VIEW #: 1. BACKLOGGED :: 121.500%! ~~ 
02:41:24.077 WARN  ~~ LOOPS: 12. ENTITY #: 2247//1884. VIEW #: 1. BACKLOGGED :: 155.750%! ~~ 
02:41:25.227 WARN  ~~ LOOPS: 11. ENTITY #: 2514//2152. VIEW #: 1. BACKLOGGED :: 177.273%! ~~ 
02:41:26.345 WARN  ~~ LOOPS: 10. ENTITY #: 2623//2321. VIEW #: 1. BACKLOGGED :: 215.400%! ~~ 
02:41:27.464 WARN  ~~ LOOPS: 9. ENTITY #: 2610//2385. VIEW #: 1. BACKLOGGED :: 226.333%! ~~ 
02:41:28.637 WARN  ~~ LOOPS: 10. ENTITY #: 2581//2357. VIEW #: 1. BACKLOGGED :: 222.900%! ~~ 
02:41:29.714 WARN  ~~ LOOPS: 9. ENTITY #: 2479//2256. VIEW #: 1. BACKLOGGED :: 218.333%! ~~ 
02:41:30.800 WARN  ~~ LOOPS: 10. ENTITY #: 2262//2086. VIEW #: 1. BACKLOGGED :: 204.300%! ~~ 
02:41:31.971 WARN  ~~ LOOPS: 10. ENTITY #: 1949//1847. VIEW #: 1. BACKLOGGED :: 203.400%! ~~ 
02:41:32.988 WARN  ~~ LOOPS: 11. ENTITY #: 1676//1543. VIEW #: 1. BACKLOGGED :: 156.273%! ~~ 
02:41:34.029 WARN  ~~ LOOPS: 14. ENTITY #: 1253//1173. VIEW #: 1. BACKLOGGED :: 113.786%! ~~ 
02:42:38.555 WARN  ~~ LOOPS: 16. ENTITY #: 1451//1093. VIEW #: 2. BACKLOGGED :: 101.438%! ~~ 
02:42:39.603 WARN  ~~ LOOPS: 14. ENTITY #: 1414//1163. VIEW #: 2. BACKLOGGED :: 113.571%! ~~ 
02:42:40.677 WARN  ~~ LOOPS: 14. ENTITY #: 1389//1111. VIEW #: 2. BACKLOGGED :: 117.000%! ~~ 
02:42:41.746 WARN  ~~ LOOPS: 16. ENTITY #: 1077//939. VIEW #: 2. BACKLOGGED :: 101.813%! ~~ 
02:53:18.628 WARN  ~~ LOOPS: 9. ENTITY #: 2372//1558. VIEW #: 3. BACKLOGGED :: 221.667%! ~~ 
03:54:28.363 WARN  ~~ LOOPS: 2. ENTITY #: 2132//1549. VIEW #: 2. BACKLOGGED :: 1399.500%! ~~ 
03:58:29.458 WARN  ~~ LOOPS: 17. ENTITY #: 1633//505. VIEW #: 2. BACKLOGGED :: 107.647%! ~~ 
03:58:30.708 WARN  ~~ LOOPS: 2. ENTITY #: 2235//1577. VIEW #: 2. BACKLOGGED :: 1644.000%! ~~ 
03:58:32.595 WARN  ~~ LOOPS: 2. ENTITY #: 2536//2176. VIEW #: 2. BACKLOGGED :: 2647.500%! ~~ 
03:58:34.310 WARN  ~~ LOOPS: 2. ENTITY #: 2541//2354. VIEW #: 2. BACKLOGGED :: 2400.000%! ~~ 
03:58:35.846 WARN  ~~ LOOPS: 2. ENTITY #: 2543//2328. VIEW #: 2. BACKLOGGED :: 2082.000%! ~~ 
03:58:37.098 WARN  ~~ LOOPS: 2. ENTITY #: 2544//2334. VIEW #: 2. BACKLOGGED :: 1558.500%! ~~ 
03:58:38.578 WARN  ~~ LOOPS: 3. ENTITY #: 2546//2330. VIEW #: 2. BACKLOGGED :: 1326.000%! ~~ 
03:58:39.983 WARN  ~~ LOOPS: 3. ENTITY #: 2546//2333. VIEW #: 2. BACKLOGGED :: 1222.000%! ~~ 
03:58:41.093 WARN  ~~ LOOPS: 2. ENTITY #: 2549//2333. VIEW #: 2. BACKLOGGED :: 1350.000%! ~~ 
03:58:42.590 WARN  ~~ LOOPS: 3. ENTITY #: 2550//2325. VIEW #: 2. BACKLOGGED :: 1277.000%! ~~ 
03:58:43.936 WARN  ~~ LOOPS: 3. ENTITY #: 2550//2345. VIEW #: 2. BACKLOGGED :: 1130.000%! ~~ 
03:58:45.197 WARN  ~~ LOOPS: 3. ENTITY #: 2550//2331. VIEW #: 2. BACKLOGGED :: 1045.000%! ~~ 
03:58:46.351 WARN  ~~ LOOPS: 3. ENTITY #: 2550//2330. VIEW #: 2. BACKLOGGED :: 965.000%! ~~ 
03:58:47.481 WARN  ~~ LOOPS: 3. ENTITY #: 2551//2333. VIEW #: 2. BACKLOGGED :: 950.000%! ~~ 
03:58:48.618 WARN  ~~ LOOPS: 3. ENTITY #: 2552//2329. VIEW #: 2. BACKLOGGED :: 944.000%! ~~ 
03:58:49.843 WARN  ~~ LOOPS: 3. ENTITY #: 2553//2344. VIEW #: 2. BACKLOGGED :: 943.000%! ~~ 
03:58:51.075 WARN  ~~ LOOPS: 3. ENTITY #: 2557//2326. VIEW #: 2. BACKLOGGED :: 1017.000%! ~~ 
03:58:52.189 WARN  ~~ LOOPS: 3. ENTITY #: 2558//2333. VIEW #: 2. BACKLOGGED :: 930.000%! ~~ 
03:58:53.340 WARN  ~~ LOOPS: 3. ENTITY #: 2561//2327. VIEW #: 2. BACKLOGGED :: 960.000%! ~~ 
03:58:54.479 WARN  ~~ LOOPS: 3. ENTITY #: 2562//2337. VIEW #: 2. BACKLOGGED :: 932.000%! ~~ 
03:58:55.676 WARN  ~~ LOOPS: 3. ENTITY #: 2563//2326. VIEW #: 2. BACKLOGGED :: 980.000%! ~~ 
03:58:57.021 WARN  ~~ LOOPS: 4. ENTITY #: 2564//2341. VIEW #: 2. BACKLOGGED :: 867.750%! ~~ 
03:58:58.116 WARN  ~~ LOOPS: 3. ENTITY #: 2567//2331. VIEW #: 2. BACKLOGGED :: 863.000%! ~~ 
03:58:59.485 WARN  ~~ LOOPS: 4. ENTITY #: 2567//2330. VIEW #: 2. BACKLOGGED :: 869.250%! ~~ 
03:59:00.664 WARN  ~~ LOOPS: 3. ENTITY #: 2567//2337. VIEW #: 2. BACKLOGGED :: 871.000%! ~~ 
03:59:02.020 WARN  ~~ LOOPS: 4. ENTITY #: 2568//2327. VIEW #: 2. BACKLOGGED :: 853.500%! ~~ 
03:59:03.132 WARN  ~~ LOOPS: 3. ENTITY #: 2568//2347. VIEW #: 2. BACKLOGGED :: 867.000%! ~~ 
03:59:04.429 WARN  ~~ LOOPS: 4. ENTITY #: 2570//2332. VIEW #: 2. BACKLOGGED :: 831.000%! ~~ 
03:59:05.638 WARN  ~~ LOOPS: 3. ENTITY #: 2172//2029. VIEW #: 2. BACKLOGGED :: 1025.000%! ~~ 
03:59:06.789 WARN  ~~ LOOPS: 4. ENTITY #: 2174//1936. VIEW #: 2. BACKLOGGED :: 645.750%! ~~ 
03:59:07.889 WARN  ~~ LOOPS: 4. ENTITY #: 2176//1942. VIEW #: 2. BACKLOGGED :: 657.000%! ~~ 
03:59:09.166 WARN  ~~ LOOPS: 5. ENTITY #: 2177//1931. VIEW #: 2. BACKLOGGED :: 646.200%! ~~ 
03:59:10.299 WARN  ~~ LOOPS: 4. ENTITY #: 2177//1931. VIEW #: 2. BACKLOGGED :: 666.750%! ~~ 
03:59:11.519 WARN  ~~ LOOPS: 5. ENTITY #: 2178//1935. VIEW #: 2. BACKLOGGED :: 567.600%! ~~ 
03:59:12.677 WARN  ~~ LOOPS: 5. ENTITY #: 2182//1940. VIEW #: 2. BACKLOGGED :: 574.200%! ~~ 
03:59:13.840 WARN  ~~ LOOPS: 5. ENTITY #: 2183//1933. VIEW #: 2. BACKLOGGED :: 563.400%! ~~ 
03:59:15.043 WARN  ~~ LOOPS: 5. ENTITY #: 2184//1935. VIEW #: 2. BACKLOGGED :: 557.400%! ~~ 
03:59:16.217 WARN  ~~ LOOPS: 5. ENTITY #: 2184//1941. VIEW #: 2. BACKLOGGED :: 565.800%! ~~ 
03:59:17.351 WARN  ~~ LOOPS: 5. ENTITY #: 2184//1932. VIEW #: 2. BACKLOGGED :: 543.000%! ~~ 
03:59:18.488 WARN  ~~ LOOPS: 5. ENTITY #: 2185//1931. VIEW #: 2. BACKLOGGED :: 541.800%! ~~ 
03:59:19.663 WARN  ~~ LOOPS: 5. ENTITY #: 2186//1935. VIEW #: 2. BACKLOGGED :: 550.800%! ~~ 
03:59:20.790 WARN  ~~ LOOPS: 5. ENTITY #: 2186//1941. VIEW #: 2. BACKLOGGED :: 534.000%! ~~ 
03:59:21.978 WARN  ~~ LOOPS: 5. ENTITY #: 2286//1953. VIEW #: 2. BACKLOGGED :: 581.400%! ~~ 
03:59:23.431 WARN  ~~ LOOPS: 3. ENTITY #: 388//765. VIEW #: 1. BACKLOGGED :: 1350.000%! ~~ 
04:01:41.699 WARN  ~~ LOOPS: 10. ENTITY #: 1750//357. VIEW #: 2. BACKLOGGED :: 209.400%! ~~ 
04:01:42.835 WARN  ~~ LOOPS: 3. ENTITY #: 2650//1757. VIEW #: 2. BACKLOGGED :: 852.000%! ~~ 
04:07:55.353 WARN  ~~ LOOPS: 4. ENTITY #: 2490//1504. VIEW #: 2. BACKLOGGED :: 882.000%! ~~ 
04:11:26.050 WARN  ~~ LOOPS: 4. ENTITY #: 2153//1196. VIEW #: 2. BACKLOGGED :: 876.750%! ~~ 
04:11:27.616 WARN  ~~ LOOPS: 3. ENTITY #: 2992//2160. VIEW #: 2. BACKLOGGED :: 1359.000%! ~~ 
04:16:37.578 WARN  ~~ LOOPS: 15. ENTITY #: 1611//458. VIEW #: 2. BACKLOGGED :: 163.800%! ~~ 
04:20:18.325 WARN  ~~ LOOPS: 3. ENTITY #: 1889//1298. VIEW #: 2. BACKLOGGED :: 874.000%! ~~ 
04:22:21.431 WARN  ~~ LOOPS: 16. ENTITY #: 1591//351. VIEW #: 3. BACKLOGGED :: 119.250%! ~~ 
04:22:22.699 WARN  ~~ LOOPS: 4. ENTITY #: 2786//1958. VIEW #: 3. BACKLOGGED :: 800.250%! ~~ 
15:43:24.534 WARN  Malformed command packet! Kicking player and giving 1 warning. 
15:57:31.610 WARN  ~~ LOOPS: 15. ENTITY #: 877//862. VIEW #: 5. BACKLOGGED :: 102.000%! ~~ 
16:01:48.367 WARN  ~~ LOOPS: 4. ENTITY #: 2403//1691. VIEW #: 2. BACKLOGGED :: 733.500%! ~~ 
16:05:53.512 WARN  Malformed command packet! Kicking player and giving 1 warning. 
16:05:53.591 WARN  Malformed command packet! Kicking. Player now has 2 warnings. 
17:04:58.289 ERROR [ERROR] A ghost has been found! 
17:04:58.289 ERROR Type: Trumpinator 
17:04:58.289 ERROR Position: (2765.1348224151516, 1938.7728812678515) 
17:04:58.289 ERROR Collision Array:  
17:04:58.290 ERROR Health: 0.7783333333333335 
17:04:58.290 WARN  Ghost removed successfully. 
17:06:07.860 ERROR [ERROR] A ghost entity has been found! 
17:06:07.860 ERROR Type: Basic 
17:06:07.860 ERROR Position: (362.16666666666663, 5424.833333333333) 
17:06:07.860 ERROR Collision Array:  
17:06:07.860 ERROR Health: 0.44833333333333325 
17:06:07.860 WARN  Ghost entity removed successfully. 
19:04:25.956 WARN  ~~ LOOPS: 14. ENTITY #: 805//550. VIEW #: 7. BACKLOGGED :: 122.357%! ~~ 
19:04:34.131 WARN  ~~ LOOPS: 15. ENTITY #: 799//551. VIEW #: 7. BACKLOGGED :: 102.600%! ~~ 
19:06:48.703 ERROR [ERROR] A ghost entity has been found! 
19:06:48.703 ERROR Type: Automaton 
19:06:48.703 ERROR Position: (3063.1579128004782, 3521.5122344523484) 
19:06:48.703 ERROR Collision Array:  
19:06:48.703 ERROR Health: 0.7783333333333335 
19:06:48.703 WARN  Ghost entity removed successfully. 
