00:00:15.525 WARN  ~~ LOOPS: 15. ENTITY #: 514//320. VIEW #: 13. BACKLOGGED :: 118.000%! ~~ 
00:00:28.923 WARN  ~~ LOOPS: 13. ENTITY #: 504//316. VIEW #: 13. BACKLOGGED :: 107.077%! ~~ 
00:03:46.153 ERROR [ERROR] A ghost entity has been found! 
00:03:46.153 ERROR Type: Basic 
00:03:46.153 ERROR Position: (4707.791632186663, 272.33618421801134) 
00:03:46.153 ERROR Collision Array:  
00:03:46.153 ERROR Health: 0.7783333333333335 
00:03:46.153 WARN  Ghost entity removed successfully. 
00:03:59.996 WARN  ~~ LOOPS: 14. ENTITY #: 469//246. VIEW #: 10. BACKLOGGED :: 106.929%! ~~ 
00:04:52.152 WARN  ~~ LOOPS: 12. ENTITY #: 429//425. VIEW #: 9. BACKLOGGED :: 115.500%! ~~ 
00:05:03.588 WARN  ~~ LOOPS: 13. ENTITY #: 436//422. VIEW #: 9. BACKLOGGED :: 100.615%! ~~ 
00:05:08.734 WARN  ~~ LOOPS: 14. ENTITY #: 425//371. VIEW #: 9. BACKLOGGED :: 109.071%! ~~ 
00:10:43.809 WARN  ~~ LOOPS: 12. ENTITY #: 412//412. VIEW #: 8. BACKLOGGED :: 106.500%! ~~ 
00:10:59.152 WARN  ~~ LOOPS: 13. ENTITY #: 444//439. VIEW #: 8. BACKLOGGED :: 125.308%! ~~ 
00:11:00.177 WARN  ~~ LOOPS: 15. ENTITY #: 446//442. VIEW #: 8. BACKLOGGED :: 103.600%! ~~ 
00:11:02.206 WARN  ~~ LOOPS: 13. ENTITY #: 432//439. VIEW #: 8. BACKLOGGED :: 108.692%! ~~ 
00:11:08.338 WARN  ~~ LOOPS: 15. ENTITY #: 427//428. VIEW #: 8. BACKLOGGED :: 105.400%! ~~ 
00:13:26.342 WARN  ~~ LOOPS: 12. ENTITY #: 602//397. VIEW #: 10. BACKLOGGED :: 109.000%! ~~ 
00:13:28.381 WARN  ~~ LOOPS: 14. ENTITY #: 599//389. VIEW #: 10. BACKLOGGED :: 100.071%! ~~ 
00:13:29.402 WARN  ~~ LOOPS: 14. ENTITY #: 608//394. VIEW #: 10. BACKLOGGED :: 105.429%! ~~ 
00:13:31.537 WARN  ~~ LOOPS: 11. ENTITY #: 613//397. VIEW #: 10. BACKLOGGED :: 152.727%! ~~ 
00:13:32.553 WARN  ~~ LOOPS: 14. ENTITY #: 616//393. VIEW #: 10. BACKLOGGED :: 102.429%! ~~ 
00:13:36.614 WARN  ~~ LOOPS: 11. ENTITY #: 601//397. VIEW #: 10. BACKLOGGED :: 102.818%! ~~ 
00:13:41.951 WARN  ~~ LOOPS: 14. ENTITY #: 591//395. VIEW #: 10. BACKLOGGED :: 107.786%! ~~ 
00:14:34.957 WARN  ~~ LOOPS: 10. ENTITY #: 506//274. VIEW #: 10. BACKLOGGED :: 194.100%! ~~ 
00:15:23.973 WARN  ~~ LOOPS: 13. ENTITY #: 470//331. VIEW #: 10. BACKLOGGED :: 117.231%! ~~ 
00:17:28.766 WARN  ~~ LOOPS: 14. ENTITY #: 473//284. VIEW #: 10. BACKLOGGED :: 109.929%! ~~ 
00:21:37.239 WARN  ~~ LOOPS: 14. ENTITY #: 397//212. VIEW #: 7. BACKLOGGED :: 104.571%! ~~ 
00:21:39.251 WARN  ~~ LOOPS: 14. ENTITY #: 394//203. VIEW #: 7. BACKLOGGED :: 114.429%! ~~ 
00:21:42.343 WARN  ~~ LOOPS: 13. ENTITY #: 399//194. VIEW #: 7. BACKLOGGED :: 118.154%! ~~ 
00:21:45.381 WARN  ~~ LOOPS: 14. ENTITY #: 391//178. VIEW #: 7. BACKLOGGED :: 103.929%! ~~ 
00:21:46.387 WARN  ~~ LOOPS: 15. ENTITY #: 390//173. VIEW #: 7. BACKLOGGED :: 101.400%! ~~ 
00:21:47.395 WARN  ~~ LOOPS: 14. ENTITY #: 390//167. VIEW #: 7. BACKLOGGED :: 113.143%! ~~ 
00:21:49.409 WARN  ~~ LOOPS: 14. ENTITY #: 392//167. VIEW #: 7. BACKLOGGED :: 111.000%! ~~ 
00:21:51.517 WARN  ~~ LOOPS: 15. ENTITY #: 390//166. VIEW #: 7. BACKLOGGED :: 125.000%! ~~ 
00:22:00.565 WARN  ~~ LOOPS: 14. ENTITY #: 392//162. VIEW #: 7. BACKLOGGED :: 102.214%! ~~ 
00:22:01.583 WARN  ~~ LOOPS: 15. ENTITY #: 390//154. VIEW #: 7. BACKLOGGED :: 108.200%! ~~ 
00:22:02.593 WARN  ~~ LOOPS: 14. ENTITY #: 395//157. VIEW #: 7. BACKLOGGED :: 108.643%! ~~ 
00:22:03.603 WARN  ~~ LOOPS: 13. ENTITY #: 393//171. VIEW #: 7. BACKLOGGED :: 130.154%! ~~ 
00:22:04.609 WARN  ~~ LOOPS: 12. ENTITY #: 394//186. VIEW #: 7. BACKLOGGED :: 147.000%! ~~ 
00:22:05.618 WARN  ~~ LOOPS: 14. ENTITY #: 393//190. VIEW #: 7. BACKLOGGED :: 101.143%! ~~ 
00:22:06.715 WARN  ~~ LOOPS: 13. ENTITY #: 385//185. VIEW #: 7. BACKLOGGED :: 132.692%! ~~ 
00:22:07.742 WARN  ~~ LOOPS: 14. ENTITY #: 382//182. VIEW #: 7. BACKLOGGED :: 125.571%! ~~ 
00:22:08.748 WARN  ~~ LOOPS: 13. ENTITY #: 384//181. VIEW #: 7. BACKLOGGED :: 130.385%! ~~ 
00:22:09.760 WARN  ~~ LOOPS: 10. ENTITY #: 388//187. VIEW #: 7. BACKLOGGED :: 150.900%! ~~ 
00:22:10.792 WARN  ~~ LOOPS: 13. ENTITY #: 386//189. VIEW #: 7. BACKLOGGED :: 143.769%! ~~ 
00:22:11.799 WARN  ~~ LOOPS: 12. ENTITY #: 389//187. VIEW #: 7. BACKLOGGED :: 137.250%! ~~ 
00:22:12.823 WARN  ~~ LOOPS: 12. ENTITY #: 390//190. VIEW #: 7. BACKLOGGED :: 126.250%! ~~ 
00:22:13.847 WARN  ~~ LOOPS: 12. ENTITY #: 390//190. VIEW #: 7. BACKLOGGED :: 140.000%! ~~ 
00:22:14.921 WARN  ~~ LOOPS: 13. ENTITY #: 386//188. VIEW #: 7. BACKLOGGED :: 128.538%! ~~ 
00:22:15.933 WARN  ~~ LOOPS: 13. ENTITY #: 383//183. VIEW #: 7. BACKLOGGED :: 121.846%! ~~ 
00:22:16.945 WARN  ~~ LOOPS: 13. ENTITY #: 379//181. VIEW #: 7. BACKLOGGED :: 108.462%! ~~ 
00:22:17.974 WARN  ~~ LOOPS: 13. ENTITY #: 374//177. VIEW #: 7. BACKLOGGED :: 127.846%! ~~ 
00:22:18.989 WARN  ~~ LOOPS: 14. ENTITY #: 378//174. VIEW #: 7. BACKLOGGED :: 107.357%! ~~ 
00:22:19.992 WARN  ~~ LOOPS: 12. ENTITY #: 382//173. VIEW #: 7. BACKLOGGED :: 148.000%! ~~ 
00:22:20.996 WARN  ~~ LOOPS: 12. ENTITY #: 388//178. VIEW #: 7. BACKLOGGED :: 140.500%! ~~ 
00:22:22.004 WARN  ~~ LOOPS: 13. ENTITY #: 392//182. VIEW #: 7. BACKLOGGED :: 114.923%! ~~ 
00:22:23.012 WARN  ~~ LOOPS: 12. ENTITY #: 395//188. VIEW #: 7. BACKLOGGED :: 144.500%! ~~ 
00:22:24.025 WARN  ~~ LOOPS: 11. ENTITY #: 398//188. VIEW #: 7. BACKLOGGED :: 163.636%! ~~ 
00:22:25.130 WARN  ~~ LOOPS: 12. ENTITY #: 398//191. VIEW #: 7. BACKLOGGED :: 181.000%! ~~ 
00:22:26.139 WARN  ~~ LOOPS: 11. ENTITY #: 398//191. VIEW #: 7. BACKLOGGED :: 171.818%! ~~ 
00:22:27.147 WARN  ~~ LOOPS: 12. ENTITY #: 401//190. VIEW #: 7. BACKLOGGED :: 133.500%! ~~ 
00:22:28.160 WARN  ~~ LOOPS: 11. ENTITY #: 409//196. VIEW #: 7. BACKLOGGED :: 174.273%! ~~ 
00:22:29.167 WARN  ~~ LOOPS: 10. ENTITY #: 416//201. VIEW #: 7. BACKLOGGED :: 175.200%! ~~ 
00:22:30.207 WARN  ~~ LOOPS: 12. ENTITY #: 416//201. VIEW #: 7. BACKLOGGED :: 157.500%! ~~ 
00:22:31.208 WARN  ~~ LOOPS: 11. ENTITY #: 418//202. VIEW #: 7. BACKLOGGED :: 140.182%! ~~ 
00:22:32.223 WARN  ~~ LOOPS: 11. ENTITY #: 416//199. VIEW #: 7. BACKLOGGED :: 163.364%! ~~ 
00:22:33.229 WARN  ~~ LOOPS: 11. ENTITY #: 414//199. VIEW #: 7. BACKLOGGED :: 144.273%! ~~ 
00:22:34.317 WARN  ~~ LOOPS: 12. ENTITY #: 404//192. VIEW #: 7. BACKLOGGED :: 152.250%! ~~ 
00:22:35.331 WARN  ~~ LOOPS: 12. ENTITY #: 401//189. VIEW #: 7. BACKLOGGED :: 159.500%! ~~ 
00:22:36.350 WARN  ~~ LOOPS: 12. ENTITY #: 398//182. VIEW #: 7. BACKLOGGED :: 144.500%! ~~ 
00:22:37.357 WARN  ~~ LOOPS: 11. ENTITY #: 388//177. VIEW #: 7. BACKLOGGED :: 148.091%! ~~ 
00:22:38.364 WARN  ~~ LOOPS: 12. ENTITY #: 386//170. VIEW #: 7. BACKLOGGED :: 132.250%! ~~ 
00:22:39.390 WARN  ~~ LOOPS: 10. ENTITY #: 382//168. VIEW #: 7. BACKLOGGED :: 163.200%! ~~ 
00:22:40.399 WARN  ~~ LOOPS: 10. ENTITY #: 384//167. VIEW #: 7. BACKLOGGED :: 169.800%! ~~ 
00:22:41.407 WARN  ~~ LOOPS: 12. ENTITY #: 376//167. VIEW #: 7. BACKLOGGED :: 137.000%! ~~ 
00:22:42.415 WARN  ~~ LOOPS: 11. ENTITY #: 382//164. VIEW #: 7. BACKLOGGED :: 136.909%! ~~ 
00:22:43.444 WARN  ~~ LOOPS: 11. ENTITY #: 386//165. VIEW #: 7. BACKLOGGED :: 186.818%! ~~ 
00:22:44.538 WARN  ~~ LOOPS: 12. ENTITY #: 385//164. VIEW #: 7. BACKLOGGED :: 153.750%! ~~ 
00:22:45.543 WARN  ~~ LOOPS: 11. ENTITY #: 380//156. VIEW #: 7. BACKLOGGED :: 169.636%! ~~ 
00:22:46.547 WARN  ~~ LOOPS: 13. ENTITY #: 379//149. VIEW #: 7. BACKLOGGED :: 124.615%! ~~ 
00:22:49.583 WARN  ~~ LOOPS: 14. ENTITY #: 375//125. VIEW #: 7. BACKLOGGED :: 122.786%! ~~ 
00:22:51.627 WARN  ~~ LOOPS: 15. ENTITY #: 388//129. VIEW #: 7. BACKLOGGED :: 105.400%! ~~ 
00:22:52.724 WARN  ~~ LOOPS: 15. ENTITY #: 387//132. VIEW #: 7. BACKLOGGED :: 104.200%! ~~ 
00:22:53.725 WARN  ~~ LOOPS: 13. ENTITY #: 377//130. VIEW #: 7. BACKLOGGED :: 110.077%! ~~ 
00:23:01.747 WARN  ~~ LOOPS: 14. ENTITY #: 373//122. VIEW #: 7. BACKLOGGED :: 100.286%! ~~ 
00:23:02.747 WARN  ~~ LOOPS: 15. ENTITY #: 361//120. VIEW #: 7. BACKLOGGED :: 101.000%! ~~ 
00:23:03.757 WARN  ~~ LOOPS: 14. ENTITY #: 353//113. VIEW #: 7. BACKLOGGED :: 113.357%! ~~ 
00:23:11.924 WARN  ~~ LOOPS: 14. ENTITY #: 364//126. VIEW #: 7. BACKLOGGED :: 131.786%! ~~ 
00:23:12.926 WARN  ~~ LOOPS: 13. ENTITY #: 364//128. VIEW #: 7. BACKLOGGED :: 127.154%! ~~ 
00:23:13.942 WARN  ~~ LOOPS: 13. ENTITY #: 365//127. VIEW #: 7. BACKLOGGED :: 124.846%! ~~ 
00:23:14.943 WARN  ~~ LOOPS: 12. ENTITY #: 367//129. VIEW #: 7. BACKLOGGED :: 130.000%! ~~ 
00:23:15.947 WARN  ~~ LOOPS: 12. ENTITY #: 371//129. VIEW #: 7. BACKLOGGED :: 146.000%! ~~ 
00:23:16.953 WARN  ~~ LOOPS: 12. ENTITY #: 368//123. VIEW #: 7. BACKLOGGED :: 143.250%! ~~ 
00:23:17.983 WARN  ~~ LOOPS: 14. ENTITY #: 371//125. VIEW #: 7. BACKLOGGED :: 109.071%! ~~ 
00:23:19.004 WARN  ~~ LOOPS: 14. ENTITY #: 370//122. VIEW #: 7. BACKLOGGED :: 100.500%! ~~ 
00:23:20.004 WARN  ~~ LOOPS: 13. ENTITY #: 368//133. VIEW #: 7. BACKLOGGED :: 107.538%! ~~ 
00:23:21.004 WARN  ~~ LOOPS: 13. ENTITY #: 371//136. VIEW #: 7. BACKLOGGED :: 122.769%! ~~ 
00:23:22.016 WARN  ~~ LOOPS: 13. ENTITY #: 377//148. VIEW #: 7. BACKLOGGED :: 127.615%! ~~ 
00:23:23.036 WARN  ~~ LOOPS: 12. ENTITY #: 375//147. VIEW #: 7. BACKLOGGED :: 128.500%! ~~ 
00:23:24.133 WARN  ~~ LOOPS: 14. ENTITY #: 371//143. VIEW #: 7. BACKLOGGED :: 134.786%! ~~ 
00:23:25.151 WARN  ~~ LOOPS: 11. ENTITY #: 379//143. VIEW #: 7. BACKLOGGED :: 166.636%! ~~ 
00:23:26.159 WARN  ~~ LOOPS: 10. ENTITY #: 388//146. VIEW #: 7. BACKLOGGED :: 193.500%! ~~ 
00:23:27.165 WARN  ~~ LOOPS: 11. ENTITY #: 392//156. VIEW #: 7. BACKLOGGED :: 162.000%! ~~ 
00:23:28.193 WARN  ~~ LOOPS: 12. ENTITY #: 403//168. VIEW #: 7. BACKLOGGED :: 153.250%! ~~ 
00:23:29.199 WARN  ~~ LOOPS: 11. ENTITY #: 407//170. VIEW #: 7. BACKLOGGED :: 175.091%! ~~ 
00:23:30.211 WARN  ~~ LOOPS: 11. ENTITY #: 404//165. VIEW #: 7. BACKLOGGED :: 174.273%! ~~ 
00:23:31.217 WARN  ~~ LOOPS: 11. ENTITY #: 379//145. VIEW #: 7. BACKLOGGED :: 147.273%! ~~ 
00:23:32.246 WARN  ~~ LOOPS: 14. ENTITY #: 380//136. VIEW #: 7. BACKLOGGED :: 124.286%! ~~ 
00:23:33.322 WARN  ~~ LOOPS: 14. ENTITY #: 375//133. VIEW #: 7. BACKLOGGED :: 114.429%! ~~ 
00:23:35.353 WARN  ~~ LOOPS: 13. ENTITY #: 379//134. VIEW #: 7. BACKLOGGED :: 115.154%! ~~ 
00:23:36.360 WARN  ~~ LOOPS: 13. ENTITY #: 380//135. VIEW #: 7. BACKLOGGED :: 128.308%! ~~ 
00:23:37.388 WARN  ~~ LOOPS: 14. ENTITY #: 382//135. VIEW #: 7. BACKLOGGED :: 118.286%! ~~ 
00:23:38.397 WARN  ~~ LOOPS: 13. ENTITY #: 385//135. VIEW #: 7. BACKLOGGED :: 124.385%! ~~ 
00:23:39.397 WARN  ~~ LOOPS: 12. ENTITY #: 387//139. VIEW #: 7. BACKLOGGED :: 134.500%! ~~ 
00:23:40.403 WARN  ~~ LOOPS: 12. ENTITY #: 390//144. VIEW #: 7. BACKLOGGED :: 146.500%! ~~ 
00:23:41.410 WARN  ~~ LOOPS: 11. ENTITY #: 395//146. VIEW #: 7. BACKLOGGED :: 167.182%! ~~ 
00:23:42.416 WARN  ~~ LOOPS: 12. ENTITY #: 395//147. VIEW #: 7. BACKLOGGED :: 144.500%! ~~ 
00:23:43.426 WARN  ~~ LOOPS: 7. ENTITY #: 399//157. VIEW #: 7. BACKLOGGED :: 259.286%! ~~ 
00:23:44.436 WARN  ~~ LOOPS: 11. ENTITY #: 402//154. VIEW #: 7. BACKLOGGED :: 164.455%! ~~ 
00:23:45.534 WARN  ~~ LOOPS: 11. ENTITY #: 404//157. VIEW #: 7. BACKLOGGED :: 185.182%! ~~ 
00:23:46.542 WARN  ~~ LOOPS: 9. ENTITY #: 410//160. VIEW #: 7. BACKLOGGED :: 217.000%! ~~ 
00:23:47.554 WARN  ~~ LOOPS: 11. ENTITY #: 415//162. VIEW #: 7. BACKLOGGED :: 170.182%! ~~ 
00:23:48.566 WARN  ~~ LOOPS: 10. ENTITY #: 412//162. VIEW #: 7. BACKLOGGED :: 171.000%! ~~ 
00:23:49.597 WARN  ~~ LOOPS: 12. ENTITY #: 414//157. VIEW #: 7. BACKLOGGED :: 153.750%! ~~ 
00:23:50.603 WARN  ~~ LOOPS: 12. ENTITY #: 412//160. VIEW #: 7. BACKLOGGED :: 141.750%! ~~ 
00:23:51.613 WARN  ~~ LOOPS: 12. ENTITY #: 412//162. VIEW #: 7. BACKLOGGED :: 151.750%! ~~ 
00:23:52.721 WARN  ~~ LOOPS: 12. ENTITY #: 410//161. VIEW #: 7. BACKLOGGED :: 162.500%! ~~ 
00:23:53.745 WARN  ~~ LOOPS: 12. ENTITY #: 407//158. VIEW #: 7. BACKLOGGED :: 153.250%! ~~ 
00:23:54.755 WARN  ~~ LOOPS: 11. ENTITY #: 406//157. VIEW #: 7. BACKLOGGED :: 160.091%! ~~ 
00:23:55.769 WARN  ~~ LOOPS: 11. ENTITY #: 408//155. VIEW #: 7. BACKLOGGED :: 149.455%! ~~ 
00:23:56.799 WARN  ~~ LOOPS: 12. ENTITY #: 410//158. VIEW #: 7. BACKLOGGED :: 142.750%! ~~ 
00:23:57.808 WARN  ~~ LOOPS: 12. ENTITY #: 410//158. VIEW #: 7. BACKLOGGED :: 132.250%! ~~ 
00:23:58.817 WARN  ~~ LOOPS: 11. ENTITY #: 409//157. VIEW #: 7. BACKLOGGED :: 161.182%! ~~ 
00:23:59.846 WARN  ~~ LOOPS: 13. ENTITY #: 401//152. VIEW #: 7. BACKLOGGED :: 135.692%! ~~ 
00:24:00.935 WARN  ~~ LOOPS: 12. ENTITY #: 397//152. VIEW #: 7. BACKLOGGED :: 161.250%! ~~ 
00:24:01.948 WARN  ~~ LOOPS: 10. ENTITY #: 396//156. VIEW #: 7. BACKLOGGED :: 199.500%! ~~ 
00:24:02.959 WARN  ~~ LOOPS: 11. ENTITY #: 394//154. VIEW #: 7. BACKLOGGED :: 146.455%! ~~ 
00:24:03.971 WARN  ~~ LOOPS: 11. ENTITY #: 392//160. VIEW #: 7. BACKLOGGED :: 135.273%! ~~ 
00:24:04.979 WARN  ~~ LOOPS: 10. ENTITY #: 393//164. VIEW #: 7. BACKLOGGED :: 170.700%! ~~ 
00:24:06.002 WARN  ~~ LOOPS: 11. ENTITY #: 395//168. VIEW #: 7. BACKLOGGED :: 184.909%! ~~ 
00:24:07.010 WARN  ~~ LOOPS: 10. ENTITY #: 391//168. VIEW #: 7. BACKLOGGED :: 196.800%! ~~ 
00:24:08.017 WARN  ~~ LOOPS: 12. ENTITY #: 391//170. VIEW #: 7. BACKLOGGED :: 137.250%! ~~ 
00:24:09.024 WARN  ~~ LOOPS: 10. ENTITY #: 392//175. VIEW #: 7. BACKLOGGED :: 197.700%! ~~ 
00:24:10.031 WARN  ~~ LOOPS: 11. ENTITY #: 392//179. VIEW #: 7. BACKLOGGED :: 167.455%! ~~ 
00:24:11.039 WARN  ~~ LOOPS: 10. ENTITY #: 391//180. VIEW #: 7. BACKLOGGED :: 156.600%! ~~ 
00:24:12.115 WARN  ~~ LOOPS: 10. ENTITY #: 391//181. VIEW #: 7. BACKLOGGED :: 180.600%! ~~ 
00:24:13.143 WARN  ~~ LOOPS: 11. ENTITY #: 393//182. VIEW #: 7. BACKLOGGED :: 185.455%! ~~ 
00:24:14.152 WARN  ~~ LOOPS: 9. ENTITY #: 393//185. VIEW #: 7. BACKLOGGED :: 233.333%! ~~ 
00:24:15.160 WARN  ~~ LOOPS: 10. ENTITY #: 395//189. VIEW #: 7. BACKLOGGED :: 162.900%! ~~ 
00:24:16.205 WARN  ~~ LOOPS: 10. ENTITY #: 395//189. VIEW #: 7. BACKLOGGED :: 214.800%! ~~ 
00:24:17.318 WARN  ~~ LOOPS: 10. ENTITY #: 400//190. VIEW #: 7. BACKLOGGED :: 205.800%! ~~ 
00:24:18.344 WARN  ~~ LOOPS: 10. ENTITY #: 407//189. VIEW #: 7. BACKLOGGED :: 213.300%! ~~ 
00:24:19.355 WARN  ~~ LOOPS: 9. ENTITY #: 412//195. VIEW #: 7. BACKLOGGED :: 228.333%! ~~ 
00:24:20.363 WARN  ~~ LOOPS: 10. ENTITY #: 418//197. VIEW #: 7. BACKLOGGED :: 187.200%! ~~ 
00:24:21.373 WARN  ~~ LOOPS: 9. ENTITY #: 425//206. VIEW #: 7. BACKLOGGED :: 209.333%! ~~ 
00:24:22.381 WARN  ~~ LOOPS: 9. ENTITY #: 426//209. VIEW #: 7. BACKLOGGED :: 232.667%! ~~ 
00:24:23.390 WARN  ~~ LOOPS: 9. ENTITY #: 428//207. VIEW #: 7. BACKLOGGED :: 191.667%! ~~ 
00:24:24.409 WARN  ~~ LOOPS: 9. ENTITY #: 425//200. VIEW #: 7. BACKLOGGED :: 245.000%! ~~ 
00:24:25.523 WARN  ~~ LOOPS: 9. ENTITY #: 419//191. VIEW #: 7. BACKLOGGED :: 239.333%! ~~ 
00:24:26.542 WARN  ~~ LOOPS: 10. ENTITY #: 419//186. VIEW #: 7. BACKLOGGED :: 206.100%! ~~ 
00:24:27.561 WARN  ~~ LOOPS: 10. ENTITY #: 419//188. VIEW #: 7. BACKLOGGED :: 168.300%! ~~ 
00:24:28.597 WARN  ~~ LOOPS: 7. ENTITY #: 420//192. VIEW #: 7. BACKLOGGED :: 288.000%! ~~ 
00:24:29.610 WARN  ~~ LOOPS: 10. ENTITY #: 415//186. VIEW #: 7. BACKLOGGED :: 183.900%! ~~ 
00:24:30.617 WARN  ~~ LOOPS: 10. ENTITY #: 410//181. VIEW #: 7. BACKLOGGED :: 144.000%! ~~ 
00:24:31.625 WARN  ~~ LOOPS: 10. ENTITY #: 406//177. VIEW #: 7. BACKLOGGED :: 197.100%! ~~ 
00:24:32.634 WARN  ~~ LOOPS: 10. ENTITY #: 404//179. VIEW #: 7. BACKLOGGED :: 178.500%! ~~ 
00:24:33.741 WARN  ~~ LOOPS: 11. ENTITY #: 400//172. VIEW #: 7. BACKLOGGED :: 206.455%! ~~ 
00:24:34.755 WARN  ~~ LOOPS: 10. ENTITY #: 400//180. VIEW #: 7. BACKLOGGED :: 204.900%! ~~ 
00:24:35.796 WARN  ~~ LOOPS: 10. ENTITY #: 402//183. VIEW #: 7. BACKLOGGED :: 190.500%! ~~ 
00:24:36.921 WARN  ~~ LOOPS: 10. ENTITY #: 404//182. VIEW #: 7. BACKLOGGED :: 237.300%! ~~ 
00:24:37.955 WARN  ~~ LOOPS: 11. ENTITY #: 414//179. VIEW #: 7. BACKLOGGED :: 133.636%! ~~ 
00:24:38.955 WARN  ~~ LOOPS: 10. ENTITY #: 420//185. VIEW #: 7. BACKLOGGED :: 156.000%! ~~ 
00:24:39.956 WARN  ~~ LOOPS: 10. ENTITY #: 428//188. VIEW #: 7. BACKLOGGED :: 168.900%! ~~ 
00:24:40.959 WARN  ~~ LOOPS: 10. ENTITY #: 431//189. VIEW #: 7. BACKLOGGED :: 136.500%! ~~ 
00:24:41.986 WARN  ~~ LOOPS: 10. ENTITY #: 432//190. VIEW #: 7. BACKLOGGED :: 209.100%! ~~ 
00:24:43.114 WARN  ~~ LOOPS: 10. ENTITY #: 433//192. VIEW #: 7. BACKLOGGED :: 238.200%! ~~ 
00:24:44.149 WARN  ~~ LOOPS: 10. ENTITY #: 432//193. VIEW #: 7. BACKLOGGED :: 209.700%! ~~ 
00:24:45.149 WARN  ~~ LOOPS: 9. ENTITY #: 436//194. VIEW #: 7. BACKLOGGED :: 171.000%! ~~ 
00:24:46.152 WARN  ~~ LOOPS: 10. ENTITY #: 436//197. VIEW #: 7. BACKLOGGED :: 186.300%! ~~ 
00:24:47.154 WARN  ~~ LOOPS: 9. ENTITY #: 435//196. VIEW #: 7. BACKLOGGED :: 211.667%! ~~ 
00:24:48.155 WARN  ~~ LOOPS: 8. ENTITY #: 431//201. VIEW #: 7. BACKLOGGED :: 191.250%! ~~ 
00:24:49.156 WARN  ~~ LOOPS: 9. ENTITY #: 431//193. VIEW #: 7. BACKLOGGED :: 184.000%! ~~ 
00:24:50.159 WARN  ~~ LOOPS: 9. ENTITY #: 431//191. VIEW #: 7. BACKLOGGED :: 237.000%! ~~ 
00:24:51.198 WARN  ~~ LOOPS: 10. ENTITY #: 436//191. VIEW #: 7. BACKLOGGED :: 177.000%! ~~ 
00:24:52.198 WARN  ~~ LOOPS: 9. ENTITY #: 431//184. VIEW #: 7. BACKLOGGED :: 208.000%! ~~ 
00:24:53.204 WARN  ~~ LOOPS: 10. ENTITY #: 430//182. VIEW #: 7. BACKLOGGED :: 199.200%! ~~ 
00:24:54.221 WARN  ~~ LOOPS: 11. ENTITY #: 433//179. VIEW #: 7. BACKLOGGED :: 152.727%! ~~ 
00:24:55.321 WARN  ~~ LOOPS: 10. ENTITY #: 435//185. VIEW #: 7. BACKLOGGED :: 138.900%! ~~ 
00:24:56.359 WARN  ~~ LOOPS: 11. ENTITY #: 433//180. VIEW #: 7. BACKLOGGED :: 171.545%! ~~ 
00:24:57.368 WARN  ~~ LOOPS: 10. ENTITY #: 434//175. VIEW #: 7. BACKLOGGED :: 186.600%! ~~ 
00:24:58.386 WARN  ~~ LOOPS: 11. ENTITY #: 431//174. VIEW #: 7. BACKLOGGED :: 182.455%! ~~ 
00:24:59.401 WARN  ~~ LOOPS: 11. ENTITY #: 426//169. VIEW #: 6. BACKLOGGED :: 165.000%! ~~ 
00:25:00.412 WARN  ~~ LOOPS: 12. ENTITY #: 421//150. VIEW #: 6. BACKLOGGED :: 152.000%! ~~ 
00:25:01.516 WARN  ~~ LOOPS: 13. ENTITY #: 419//144. VIEW #: 6. BACKLOGGED :: 146.077%! ~~ 
00:25:02.523 WARN  ~~ LOOPS: 12. ENTITY #: 410//141. VIEW #: 6. BACKLOGGED :: 139.500%! ~~ 
00:25:03.530 WARN  ~~ LOOPS: 13. ENTITY #: 413//138. VIEW #: 6. BACKLOGGED :: 123.462%! ~~ 
00:25:04.549 WARN  ~~ LOOPS: 14. ENTITY #: 413//137. VIEW #: 6. BACKLOGGED :: 104.143%! ~~ 
00:25:05.558 WARN  ~~ LOOPS: 12. ENTITY #: 411//138. VIEW #: 6. BACKLOGGED :: 139.750%! ~~ 
00:25:06.588 WARN  ~~ LOOPS: 13. ENTITY #: 413//138. VIEW #: 6. BACKLOGGED :: 124.154%! ~~ 
00:25:07.607 WARN  ~~ LOOPS: 13. ENTITY #: 417//143. VIEW #: 6. BACKLOGGED :: 119.769%! ~~ 
00:25:08.627 WARN  ~~ LOOPS: 12. ENTITY #: 422//149. VIEW #: 6. BACKLOGGED :: 140.750%! ~~ 
00:25:09.715 WARN  ~~ LOOPS: 13. ENTITY #: 422//153. VIEW #: 6. BACKLOGGED :: 114.923%! ~~ 
00:25:10.758 WARN  ~~ LOOPS: 11. ENTITY #: 426//157. VIEW #: 6. BACKLOGGED :: 147.273%! ~~ 
00:25:11.774 WARN  ~~ LOOPS: 9. ENTITY #: 427//156. VIEW #: 6. BACKLOGGED :: 231.000%! ~~ 
00:25:12.812 WARN  ~~ LOOPS: 11. ENTITY #: 423//163. VIEW #: 6. BACKLOGGED :: 180.273%! ~~ 
00:25:13.813 WARN  ~~ LOOPS: 11. ENTITY #: 421//159. VIEW #: 6. BACKLOGGED :: 134.455%! ~~ 
00:25:14.915 WARN  ~~ LOOPS: 12. ENTITY #: 418//156. VIEW #: 6. BACKLOGGED :: 170.750%! ~~ 
00:25:15.919 WARN  ~~ LOOPS: 11. ENTITY #: 417//156. VIEW #: 6. BACKLOGGED :: 162.000%! ~~ 
00:25:16.942 WARN  ~~ LOOPS: 12. ENTITY #: 421//154. VIEW #: 6. BACKLOGGED :: 135.000%! ~~ 
00:25:17.945 WARN  ~~ LOOPS: 13. ENTITY #: 423//154. VIEW #: 6. BACKLOGGED :: 121.615%! ~~ 
00:25:18.954 WARN  ~~ LOOPS: 12. ENTITY #: 422//156. VIEW #: 6. BACKLOGGED :: 121.250%! ~~ 
00:25:19.985 WARN  ~~ LOOPS: 13. ENTITY #: 421//153. VIEW #: 6. BACKLOGGED :: 140.308%! ~~ 
00:25:20.993 WARN  ~~ LOOPS: 13. ENTITY #: 423//152. VIEW #: 6. BACKLOGGED :: 113.538%! ~~ 
00:25:22.006 WARN  ~~ LOOPS: 13. ENTITY #: 417//152. VIEW #: 6. BACKLOGGED :: 133.615%! ~~ 
00:25:23.016 WARN  ~~ LOOPS: 11. ENTITY #: 412//147. VIEW #: 6. BACKLOGGED :: 144.000%! ~~ 
00:25:26.147 WARN  ~~ LOOPS: 15. ENTITY #: 413//140. VIEW #: 6. BACKLOGGED :: 113.000%! ~~ 
00:25:27.172 WARN  ~~ LOOPS: 12. ENTITY #: 416//142. VIEW #: 6. BACKLOGGED :: 156.000%! ~~ 
00:25:28.193 WARN  ~~ LOOPS: 13. ENTITY #: 418//146. VIEW #: 6. BACKLOGGED :: 118.846%! ~~ 
00:25:29.204 WARN  ~~ LOOPS: 13. ENTITY #: 419//145. VIEW #: 6. BACKLOGGED :: 124.385%! ~~ 
00:25:30.204 WARN  ~~ LOOPS: 12. ENTITY #: 418//146. VIEW #: 6. BACKLOGGED :: 146.000%! ~~ 
00:25:31.204 WARN  ~~ LOOPS: 13. ENTITY #: 418//143. VIEW #: 6. BACKLOGGED :: 129.231%! ~~ 
00:25:32.205 WARN  ~~ LOOPS: 13. ENTITY #: 420//145. VIEW #: 6. BACKLOGGED :: 112.154%! ~~ 
00:25:33.207 WARN  ~~ LOOPS: 14. ENTITY #: 422//145. VIEW #: 6. BACKLOGGED :: 100.714%! ~~ 
00:25:34.238 WARN  ~~ LOOPS: 14. ENTITY #: 417//143. VIEW #: 6. BACKLOGGED :: 124.071%! ~~ 
00:25:35.321 WARN  ~~ LOOPS: 14. ENTITY #: 411//132. VIEW #: 6. BACKLOGGED :: 121.500%! ~~ 
00:25:36.321 WARN  ~~ LOOPS: 14. ENTITY #: 412//128. VIEW #: 6. BACKLOGGED :: 104.571%! ~~ 
00:25:38.334 WARN  ~~ LOOPS: 14. ENTITY #: 414//127. VIEW #: 6. BACKLOGGED :: 105.214%! ~~ 
00:25:52.525 WARN  ~~ LOOPS: 15. ENTITY #: 391//110. VIEW #: 6. BACKLOGGED :: 106.000%! ~~ 
00:26:35.162 WARN  ~~ LOOPS: 14. ENTITY #: 389//109. VIEW #: 6. BACKLOGGED :: 109.714%! ~~ 
00:26:37.198 WARN  ~~ LOOPS: 15. ENTITY #: 388//120. VIEW #: 6. BACKLOGGED :: 101.000%! ~~ 
00:26:38.208 WARN  ~~ LOOPS: 14. ENTITY #: 388//123. VIEW #: 6. BACKLOGGED :: 114.857%! ~~ 
00:26:39.355 WARN  ~~ LOOPS: 15. ENTITY #: 387//120. VIEW #: 6. BACKLOGGED :: 119.400%! ~~ 
00:26:40.398 WARN  ~~ LOOPS: 12. ENTITY #: 381//118. VIEW #: 6. BACKLOGGED :: 153.250%! ~~ 
00:26:41.406 WARN  ~~ LOOPS: 13. ENTITY #: 382//125. VIEW #: 6. BACKLOGGED :: 131.308%! ~~ 
00:26:42.407 WARN  ~~ LOOPS: 11. ENTITY #: 386//148. VIEW #: 6. BACKLOGGED :: 168.818%! ~~ 
00:26:43.409 WARN  ~~ LOOPS: 10. ENTITY #: 388//152. VIEW #: 6. BACKLOGGED :: 197.700%! ~~ 
00:26:44.418 WARN  ~~ LOOPS: 11. ENTITY #: 395//151. VIEW #: 6. BACKLOGGED :: 174.273%! ~~ 
00:26:45.514 WARN  ~~ LOOPS: 12. ENTITY #: 394//156. VIEW #: 6. BACKLOGGED :: 161.000%! ~~ 
00:26:46.538 WARN  ~~ LOOPS: 13. ENTITY #: 387//151. VIEW #: 6. BACKLOGGED :: 141.462%! ~~ 
00:26:47.547 WARN  ~~ LOOPS: 13. ENTITY #: 380//140. VIEW #: 6. BACKLOGGED :: 127.615%! ~~ 
00:26:48.558 WARN  ~~ LOOPS: 14. ENTITY #: 376//136. VIEW #: 6. BACKLOGGED :: 107.786%! ~~ 
00:26:49.574 WARN  ~~ LOOPS: 12. ENTITY #: 382//135. VIEW #: 6. BACKLOGGED :: 146.000%! ~~ 
00:26:50.585 WARN  ~~ LOOPS: 12. ENTITY #: 387//141. VIEW #: 6. BACKLOGGED :: 140.500%! ~~ 
00:26:51.611 WARN  ~~ LOOPS: 13. ENTITY #: 395//144. VIEW #: 6. BACKLOGGED :: 126.692%! ~~ 
00:26:52.724 WARN  ~~ LOOPS: 12. ENTITY #: 402//152. VIEW #: 6. BACKLOGGED :: 131.500%! ~~ 
00:26:53.746 WARN  ~~ LOOPS: 12. ENTITY #: 403//157. VIEW #: 6. BACKLOGGED :: 136.000%! ~~ 
00:26:54.760 WARN  ~~ LOOPS: 10. ENTITY #: 409//157. VIEW #: 6. BACKLOGGED :: 174.900%! ~~ 
00:26:55.788 WARN  ~~ LOOPS: 11. ENTITY #: 414//172. VIEW #: 6. BACKLOGGED :: 164.182%! ~~ 
00:26:56.814 WARN  ~~ LOOPS: 11. ENTITY #: 412//173. VIEW #: 6. BACKLOGGED :: 167.727%! ~~ 
00:26:57.920 WARN  ~~ LOOPS: 10. ENTITY #: 408//173. VIEW #: 6. BACKLOGGED :: 204.600%! ~~ 
00:26:58.931 WARN  ~~ LOOPS: 10. ENTITY #: 406//178. VIEW #: 6. BACKLOGGED :: 188.400%! ~~ 
00:26:59.944 WARN  ~~ LOOPS: 11. ENTITY #: 397//173. VIEW #: 6. BACKLOGGED :: 168.000%! ~~ 
00:27:00.956 WARN  ~~ LOOPS: 11. ENTITY #: 393//169. VIEW #: 6. BACKLOGGED :: 174.273%! ~~ 
00:27:01.967 WARN  ~~ LOOPS: 10. ENTITY #: 385//171. VIEW #: 6. BACKLOGGED :: 102.900%! ~~ 
00:27:02.997 WARN  ~~ LOOPS: 10. ENTITY #: 385//168. VIEW #: 6. BACKLOGGED :: 211.500%! ~~ 
00:27:04.006 WARN  ~~ LOOPS: 10. ENTITY #: 385//171. VIEW #: 6. BACKLOGGED :: 202.800%! ~~ 
00:27:05.016 WARN  ~~ LOOPS: 10. ENTITY #: 387//173. VIEW #: 6. BACKLOGGED :: 201.600%! ~~ 
00:27:06.027 WARN  ~~ LOOPS: 10. ENTITY #: 388//175. VIEW #: 6. BACKLOGGED :: 198.600%! ~~ 
00:27:07.127 WARN  ~~ LOOPS: 10. ENTITY #: 387//176. VIEW #: 6. BACKLOGGED :: 204.000%! ~~ 
00:27:08.176 WARN  ~~ LOOPS: 10. ENTITY #: 387//175. VIEW #: 6. BACKLOGGED :: 199.200%! ~~ 
00:27:09.323 WARN  ~~ LOOPS: 10. ENTITY #: 386//179. VIEW #: 6. BACKLOGGED :: 247.500%! ~~ 
00:27:10.337 WARN  ~~ LOOPS: 9. ENTITY #: 386//172. VIEW #: 6. BACKLOGGED :: 236.667%! ~~ 
00:27:11.358 WARN  ~~ LOOPS: 10. ENTITY #: 386//175. VIEW #: 6. BACKLOGGED :: 182.700%! ~~ 
00:27:12.361 WARN  ~~ LOOPS: 10. ENTITY #: 385//174. VIEW #: 6. BACKLOGGED :: 177.300%! ~~ 
00:27:13.395 WARN  ~~ LOOPS: 11. ENTITY #: 381//170. VIEW #: 6. BACKLOGGED :: 164.727%! ~~ 
00:27:14.424 WARN  ~~ LOOPS: 11. ENTITY #: 379//168. VIEW #: 6. BACKLOGGED :: 170.455%! ~~ 
00:27:15.434 WARN  ~~ LOOPS: 11. ENTITY #: 375//166. VIEW #: 6. BACKLOGGED :: 141.000%! ~~ 
00:27:16.541 WARN  ~~ LOOPS: 12. ENTITY #: 373//164. VIEW #: 6. BACKLOGGED :: 173.750%! ~~ 
00:27:17.556 WARN  ~~ LOOPS: 12. ENTITY #: 371//167. VIEW #: 6. BACKLOGGED :: 146.000%! ~~ 
00:27:18.588 WARN  ~~ LOOPS: 12. ENTITY #: 373//167. VIEW #: 6. BACKLOGGED :: 150.250%! ~~ 
00:27:19.713 WARN  ~~ LOOPS: 12. ENTITY #: 369//167. VIEW #: 6. BACKLOGGED :: 138.000%! ~~ 
00:27:20.732 WARN  ~~ LOOPS: 9. ENTITY #: 370//164. VIEW #: 6. BACKLOGGED :: 233.000%! ~~ 
00:27:21.748 WARN  ~~ LOOPS: 11. ENTITY #: 367//164. VIEW #: 6. BACKLOGGED :: 178.091%! ~~ 
00:27:22.765 WARN  ~~ LOOPS: 12. ENTITY #: 365//156. VIEW #: 6. BACKLOGGED :: 149.500%! ~~ 
00:27:23.774 WARN  ~~ LOOPS: 12. ENTITY #: 369//153. VIEW #: 6. BACKLOGGED :: 135.000%! ~~ 
00:27:24.799 WARN  ~~ LOOPS: 12. ENTITY #: 372//156. VIEW #: 6. BACKLOGGED :: 150.750%! ~~ 
00:27:25.807 WARN  ~~ LOOPS: 12. ENTITY #: 372//154. VIEW #: 6. BACKLOGGED :: 133.250%! ~~ 
00:27:26.819 WARN  ~~ LOOPS: 12. ENTITY #: 376//158. VIEW #: 6. BACKLOGGED :: 149.500%! ~~ 
00:27:27.846 WARN  ~~ LOOPS: 13. ENTITY #: 379//161. VIEW #: 6. BACKLOGGED :: 142.615%! ~~ 
00:27:28.919 WARN  ~~ LOOPS: 11. ENTITY #: 385//169. VIEW #: 6. BACKLOGGED :: 160.636%! ~~ 
00:27:29.948 WARN  ~~ LOOPS: 12. ENTITY #: 389//181. VIEW #: 6. BACKLOGGED :: 152.250%! ~~ 
00:27:30.959 WARN  ~~ LOOPS: 10. ENTITY #: 389//182. VIEW #: 6. BACKLOGGED :: 196.500%! ~~ 
00:27:32.005 WARN  ~~ LOOPS: 12. ENTITY #: 384//182. VIEW #: 6. BACKLOGGED :: 166.750%! ~~ 
00:27:33.005 WARN  ~~ LOOPS: 10. ENTITY #: 381//183. VIEW #: 6. BACKLOGGED :: 195.600%! ~~ 
00:27:34.015 WARN  ~~ LOOPS: 11. ENTITY #: 370//174. VIEW #: 6. BACKLOGGED :: 163.091%! ~~ 
00:27:35.024 WARN  ~~ LOOPS: 11. ENTITY #: 359//165. VIEW #: 6. BACKLOGGED :: 141.273%! ~~ 
00:27:36.037 WARN  ~~ LOOPS: 11. ENTITY #: 356//160. VIEW #: 6. BACKLOGGED :: 140.727%! ~~ 
00:27:37.118 WARN  ~~ LOOPS: 12. ENTITY #: 356//158. VIEW #: 6. BACKLOGGED :: 144.000%! ~~ 
00:27:38.134 WARN  ~~ LOOPS: 12. ENTITY #: 359//156. VIEW #: 6. BACKLOGGED :: 150.000%! ~~ 
00:27:39.143 WARN  ~~ LOOPS: 11. ENTITY #: 366//166. VIEW #: 6. BACKLOGGED :: 163.364%! ~~ 
00:27:40.154 WARN  ~~ LOOPS: 11. ENTITY #: 365//170. VIEW #: 6. BACKLOGGED :: 148.909%! ~~ 
00:27:41.162 WARN  ~~ LOOPS: 10. ENTITY #: 361//164. VIEW #: 6. BACKLOGGED :: 151.500%! ~~ 
00:27:42.171 WARN  ~~ LOOPS: 11. ENTITY #: 358//165. VIEW #: 6. BACKLOGGED :: 173.455%! ~~ 
00:27:43.202 WARN  ~~ LOOPS: 12. ENTITY #: 358//164. VIEW #: 6. BACKLOGGED :: 155.000%! ~~ 
00:27:44.211 WARN  ~~ LOOPS: 10. ENTITY #: 357//160. VIEW #: 6. BACKLOGGED :: 195.000%! ~~ 
00:27:45.315 WARN  ~~ LOOPS: 12. ENTITY #: 361//163. VIEW #: 6. BACKLOGGED :: 166.500%! ~~ 
00:27:46.328 WARN  ~~ LOOPS: 11. ENTITY #: 362//166. VIEW #: 6. BACKLOGGED :: 172.636%! ~~ 
00:27:47.344 WARN  ~~ LOOPS: 10. ENTITY #: 362//164. VIEW #: 6. BACKLOGGED :: 199.800%! ~~ 
00:27:48.352 WARN  ~~ LOOPS: 12. ENTITY #: 356//161. VIEW #: 6. BACKLOGGED :: 153.000%! ~~ 
00:28:14.644 WARN  ~~ LOOPS: 14. ENTITY #: 371//97. VIEW #: 5. BACKLOGGED :: 116.357%! ~~ 
00:28:15.655 WARN  ~~ LOOPS: 14. ENTITY #: 370//95. VIEW #: 5. BACKLOGGED :: 109.500%! ~~ 
00:28:30.972 WARN  ~~ LOOPS: 15. ENTITY #: 374//123. VIEW #: 5. BACKLOGGED :: 103.400%! ~~ 
00:28:31.995 WARN  ~~ LOOPS: 15. ENTITY #: 373//128. VIEW #: 5. BACKLOGGED :: 107.800%! ~~ 
00:28:33.004 WARN  ~~ LOOPS: 14. ENTITY #: 371//127. VIEW #: 5. BACKLOGGED :: 106.500%! ~~ 
00:28:34.015 WARN  ~~ LOOPS: 14. ENTITY #: 366//122. VIEW #: 5. BACKLOGGED :: 113.357%! ~~ 
00:28:35.028 WARN  ~~ LOOPS: 14. ENTITY #: 373//119. VIEW #: 5. BACKLOGGED :: 113.571%! ~~ 
00:28:36.130 WARN  ~~ LOOPS: 15. ENTITY #: 374//123. VIEW #: 6. BACKLOGGED :: 119.200%! ~~ 
00:28:37.141 WARN  ~~ LOOPS: 12. ENTITY #: 374//140. VIEW #: 6. BACKLOGGED :: 152.750%! ~~ 
00:28:38.150 WARN  ~~ LOOPS: 12. ENTITY #: 374//134. VIEW #: 6. BACKLOGGED :: 137.000%! ~~ 
00:28:39.183 WARN  ~~ LOOPS: 13. ENTITY #: 377//141. VIEW #: 6. BACKLOGGED :: 142.385%! ~~ 
00:28:40.200 WARN  ~~ LOOPS: 13. ENTITY #: 376//141. VIEW #: 6. BACKLOGGED :: 115.615%! ~~ 
00:28:41.216 WARN  ~~ LOOPS: 13. ENTITY #: 376//140. VIEW #: 6. BACKLOGGED :: 123.462%! ~~ 
00:28:42.242 WARN  ~~ LOOPS: 13. ENTITY #: 376//137. VIEW #: 5. BACKLOGGED :: 131.538%! ~~ 
00:28:43.250 WARN  ~~ LOOPS: 13. ENTITY #: 376//139. VIEW #: 5. BACKLOGGED :: 123.692%! ~~ 
00:28:44.338 WARN  ~~ LOOPS: 13. ENTITY #: 373//142. VIEW #: 5. BACKLOGGED :: 142.154%! ~~ 
00:28:45.350 WARN  ~~ LOOPS: 12. ENTITY #: 374//146. VIEW #: 6. BACKLOGGED :: 139.500%! ~~ 
00:28:46.357 WARN  ~~ LOOPS: 13. ENTITY #: 374//145. VIEW #: 6. BACKLOGGED :: 125.769%! ~~ 
00:28:47.366 WARN  ~~ LOOPS: 11. ENTITY #: 371//156. VIEW #: 6. BACKLOGGED :: 165.273%! ~~ 
00:28:48.395 WARN  ~~ LOOPS: 12. ENTITY #: 373//150. VIEW #: 7. BACKLOGGED :: 141.000%! ~~ 
00:28:49.404 WARN  ~~ LOOPS: 12. ENTITY #: 372//143. VIEW #: 7. BACKLOGGED :: 148.750%! ~~ 
00:28:50.411 WARN  ~~ LOOPS: 12. ENTITY #: 372//144. VIEW #: 7. BACKLOGGED :: 140.750%! ~~ 
00:28:51.422 WARN  ~~ LOOPS: 13. ENTITY #: 368//142. VIEW #: 7. BACKLOGGED :: 124.846%! ~~ 
00:28:52.441 WARN  ~~ LOOPS: 13. ENTITY #: 372//139. VIEW #: 7. BACKLOGGED :: 123.231%! ~~ 
00:28:53.523 WARN  ~~ LOOPS: 14. ENTITY #: 365//140. VIEW #: 7. BACKLOGGED :: 118.286%! ~~ 
00:28:54.738 WARN  ~~ LOOPS: 13. ENTITY #: 368//143. VIEW #: 7. BACKLOGGED :: 151.615%! ~~ 
00:28:55.749 WARN  ~~ LOOPS: 9. ENTITY #: 370//165. VIEW #: 7. BACKLOGGED :: 235.000%! ~~ 
00:28:56.761 WARN  ~~ LOOPS: 11. ENTITY #: 369//163. VIEW #: 6. BACKLOGGED :: 145.091%! ~~ 
00:28:57.800 WARN  ~~ LOOPS: 9. ENTITY #: 373//193. VIEW #: 6. BACKLOGGED :: 222.333%! ~~ 
00:28:58.927 WARN  ~~ LOOPS: 9. ENTITY #: 373//190. VIEW #: 6. BACKLOGGED :: 255.000%! ~~ 
00:28:59.937 WARN  ~~ LOOPS: 8. ENTITY #: 368//201. VIEW #: 6. BACKLOGGED :: 252.000%! ~~ 
00:29:00.947 WARN  ~~ LOOPS: 9. ENTITY #: 362//198. VIEW #: 6. BACKLOGGED :: 215.667%! ~~ 
00:29:01.956 WARN  ~~ LOOPS: 9. ENTITY #: 360//222. VIEW #: 6. BACKLOGGED :: 215.333%! ~~ 
00:29:02.965 WARN  ~~ LOOPS: 8. ENTITY #: 358//227. VIEW #: 6. BACKLOGGED :: 246.375%! ~~ 
00:29:04.015 WARN  ~~ LOOPS: 9. ENTITY #: 352//242. VIEW #: 6. BACKLOGGED :: 235.667%! ~~ 
00:29:05.115 WARN  ~~ LOOPS: 9. ENTITY #: 349//234. VIEW #: 6. BACKLOGGED :: 232.333%! ~~ 
00:29:06.140 WARN  ~~ LOOPS: 8. ENTITY #: 349//231. VIEW #: 6. BACKLOGGED :: 294.000%! ~~ 
00:29:07.152 WARN  ~~ LOOPS: 9. ENTITY #: 351//219. VIEW #: 6. BACKLOGGED :: 215.333%! ~~ 
00:29:08.153 WARN  ~~ LOOPS: 9. ENTITY #: 356//222. VIEW #: 6. BACKLOGGED :: 210.667%! ~~ 
00:29:09.155 WARN  ~~ LOOPS: 9. ENTITY #: 361//205. VIEW #: 6. BACKLOGGED :: 227.667%! ~~ 
00:29:10.155 WARN  ~~ LOOPS: 9. ENTITY #: 361//200. VIEW #: 6. BACKLOGGED :: 205.667%! ~~ 
00:29:11.165 WARN  ~~ LOOPS: 10. ENTITY #: 367//196. VIEW #: 6. BACKLOGGED :: 206.100%! ~~ 
00:29:12.194 WARN  ~~ LOOPS: 10. ENTITY #: 369//193. VIEW #: 6. BACKLOGGED :: 211.200%! ~~ 
00:29:13.209 WARN  ~~ LOOPS: 10. ENTITY #: 373//182. VIEW #: 6. BACKLOGGED :: 199.500%! ~~ 
00:29:14.317 WARN  ~~ LOOPS: 10. ENTITY #: 376//186. VIEW #: 6. BACKLOGGED :: 207.300%! ~~ 
00:29:15.341 WARN  ~~ LOOPS: 10. ENTITY #: 378//184. VIEW #: 6. BACKLOGGED :: 204.000%! ~~ 
00:29:16.360 WARN  ~~ LOOPS: 10. ENTITY #: 379//185. VIEW #: 6. BACKLOGGED :: 206.100%! ~~ 
00:29:17.400 WARN  ~~ LOOPS: 10. ENTITY #: 381//186. VIEW #: 6. BACKLOGGED :: 214.200%! ~~ 
00:29:18.408 WARN  ~~ LOOPS: 10. ENTITY #: 381//186. VIEW #: 6. BACKLOGGED :: 200.700%! ~~ 
00:29:19.416 WARN  ~~ LOOPS: 9. ENTITY #: 379//187. VIEW #: 6. BACKLOGGED :: 235.000%! ~~ 
00:29:20.424 WARN  ~~ LOOPS: 10. ENTITY #: 378//185. VIEW #: 6. BACKLOGGED :: 154.800%! ~~ 
00:29:21.556 WARN  ~~ LOOPS: 11. ENTITY #: 376//183. VIEW #: 6. BACKLOGGED :: 159.000%! ~~ 
00:29:22.567 WARN  ~~ LOOPS: 11. ENTITY #: 373//182. VIEW #: 6. BACKLOGGED :: 145.091%! ~~ 
00:29:23.577 WARN  ~~ LOOPS: 10. ENTITY #: 374//179. VIEW #: 6. BACKLOGGED :: 197.100%! ~~ 
00:29:24.613 WARN  ~~ LOOPS: 12. ENTITY #: 377//181. VIEW #: 6. BACKLOGGED :: 138.000%! ~~ 
00:29:25.624 WARN  ~~ LOOPS: 11. ENTITY #: 376//182. VIEW #: 6. BACKLOGGED :: 163.909%! ~~ 
00:29:26.722 WARN  ~~ LOOPS: 11. ENTITY #: 376//184. VIEW #: 6. BACKLOGGED :: 184.909%! ~~ 
00:29:27.741 WARN  ~~ LOOPS: 11. ENTITY #: 379//189. VIEW #: 6. BACKLOGGED :: 174.818%! ~~ 
00:29:28.758 WARN  ~~ LOOPS: 10. ENTITY #: 383//192. VIEW #: 6. BACKLOGGED :: 204.000%! ~~ 
00:29:29.794 WARN  ~~ LOOPS: 10. ENTITY #: 384//196. VIEW #: 6. BACKLOGGED :: 212.400%! ~~ 
00:29:30.802 WARN  ~~ LOOPS: 10. ENTITY #: 381//199. VIEW #: 6. BACKLOGGED :: 200.100%! ~~ 
00:29:31.822 WARN  ~~ LOOPS: 11. ENTITY #: 380//197. VIEW #: 6. BACKLOGGED :: 169.909%! ~~ 
00:29:32.951 WARN  ~~ LOOPS: 11. ENTITY #: 380//201. VIEW #: 6. BACKLOGGED :: 172.636%! ~~ 
00:29:33.951 WARN  ~~ LOOPS: 10. ENTITY #: 380//201. VIEW #: 6. BACKLOGGED :: 194.700%! ~~ 
00:29:34.980 WARN  ~~ LOOPS: 8. ENTITY #: 386//203. VIEW #: 6. BACKLOGGED :: 277.875%! ~~ 
00:29:36.114 WARN  ~~ LOOPS: 9. ENTITY #: 392//209. VIEW #: 6. BACKLOGGED :: 208.667%! ~~ 
00:29:37.161 WARN  ~~ LOOPS: 11. ENTITY #: 396//219. VIEW #: 6. BACKLOGGED :: 190.364%! ~~ 
00:29:38.169 WARN  ~~ LOOPS: 9. ENTITY #: 397//230. VIEW #: 6. BACKLOGGED :: 191.333%! ~~ 
00:29:39.213 WARN  ~~ LOOPS: 9. ENTITY #: 387//228. VIEW #: 6. BACKLOGGED :: 251.667%! ~~ 
00:29:40.224 WARN  ~~ LOOPS: 8. ENTITY #: 388//246. VIEW #: 7. BACKLOGGED :: 198.000%! ~~ 
00:29:41.324 WARN  ~~ LOOPS: 8. ENTITY #: 391//253. VIEW #: 7. BACKLOGGED :: 287.250%! ~~ 
00:29:42.347 WARN  ~~ LOOPS: 8. ENTITY #: 392//266. VIEW #: 7. BACKLOGGED :: 254.625%! ~~ 
00:29:43.367 WARN  ~~ LOOPS: 8. ENTITY #: 396//273. VIEW #: 8. BACKLOGGED :: 256.500%! ~~ 
00:29:44.379 WARN  ~~ LOOPS: 7. ENTITY #: 396//272. VIEW #: 8. BACKLOGGED :: 301.286%! ~~ 
00:29:45.526 WARN  ~~ LOOPS: 8. ENTITY #: 396//271. VIEW #: 8. BACKLOGGED :: 308.250%! ~~ 
00:29:46.563 WARN  ~~ LOOPS: 8. ENTITY #: 396//267. VIEW #: 8. BACKLOGGED :: 236.250%! ~~ 
00:29:47.572 WARN  ~~ LOOPS: 7. ENTITY #: 397//260. VIEW #: 8. BACKLOGGED :: 320.571%! ~~ 
00:29:48.728 WARN  ~~ LOOPS: 8. ENTITY #: 395//251. VIEW #: 8. BACKLOGGED :: 224.625%! ~~ 
00:29:49.740 WARN  ~~ LOOPS: 8. ENTITY #: 389//235. VIEW #: 8. BACKLOGGED :: 258.375%! ~~ 
00:29:50.756 WARN  ~~ LOOPS: 9. ENTITY #: 391//223. VIEW #: 8. BACKLOGGED :: 243.000%! ~~ 
00:29:51.764 WARN  ~~ LOOPS: 9. ENTITY #: 390//203. VIEW #: 8. BACKLOGGED :: 231.333%! ~~ 
00:29:52.773 WARN  ~~ LOOPS: 10. ENTITY #: 392//200. VIEW #: 8. BACKLOGGED :: 141.000%! ~~ 
00:29:53.805 WARN  ~~ LOOPS: 12. ENTITY #: 394//201. VIEW #: 8. BACKLOGGED :: 137.500%! ~~ 
00:29:54.814 WARN  ~~ LOOPS: 10. ENTITY #: 396//195. VIEW #: 8. BACKLOGGED :: 195.300%! ~~ 
00:29:55.827 WARN  ~~ LOOPS: 11. ENTITY #: 400//189. VIEW #: 8. BACKLOGGED :: 166.636%! ~~ 
00:29:56.916 WARN  ~~ LOOPS: 11. ENTITY #: 403//186. VIEW #: 8. BACKLOGGED :: 184.909%! ~~ 
00:29:57.946 WARN  ~~ LOOPS: 12. ENTITY #: 404//184. VIEW #: 8. BACKLOGGED :: 153.250%! ~~ 
00:29:58.960 WARN  ~~ LOOPS: 11. ENTITY #: 402//188. VIEW #: 8. BACKLOGGED :: 164.182%! ~~ 
00:29:59.966 WARN  ~~ LOOPS: 10. ENTITY #: 402//196. VIEW #: 8. BACKLOGGED :: 131.400%! ~~ 
00:30:00.982 WARN  ~~ LOOPS: 9. ENTITY #: 404//199. VIEW #: 8. BACKLOGGED :: 232.333%! ~~ 
00:30:02.129 WARN  ~~ LOOPS: 9. ENTITY #: 404//197. VIEW #: 8. BACKLOGGED :: 230.667%! ~~ 
00:30:03.160 WARN  ~~ LOOPS: 10. ENTITY #: 402//197. VIEW #: 8. BACKLOGGED :: 214.800%! ~~ 
00:30:04.200 WARN  ~~ LOOPS: 10. ENTITY #: 403//197. VIEW #: 8. BACKLOGGED :: 213.300%! ~~ 
00:30:05.209 WARN  ~~ LOOPS: 10. ENTITY #: 409//199. VIEW #: 8. BACKLOGGED :: 201.900%! ~~ 
00:30:06.323 WARN  ~~ LOOPS: 10. ENTITY #: 407//203. VIEW #: 8. BACKLOGGED :: 185.700%! ~~ 
00:30:07.352 WARN  ~~ LOOPS: 11. ENTITY #: 403//200. VIEW #: 8. BACKLOGGED :: 175.909%! ~~ 
00:30:08.362 WARN  ~~ LOOPS: 10. ENTITY #: 397//194. VIEW #: 8. BACKLOGGED :: 159.600%! ~~ 
00:30:09.372 WARN  ~~ LOOPS: 10. ENTITY #: 394//185. VIEW #: 8. BACKLOGGED :: 196.200%! ~~ 
00:30:10.544 WARN  ~~ LOOPS: 11. ENTITY #: 392//178. VIEW #: 8. BACKLOGGED :: 203.727%! ~~ 
00:30:11.555 WARN  ~~ LOOPS: 10. ENTITY #: 395//180. VIEW #: 8. BACKLOGGED :: 199.800%! ~~ 
00:30:12.565 WARN  ~~ LOOPS: 11. ENTITY #: 399//178. VIEW #: 8. BACKLOGGED :: 173.455%! ~~ 
00:30:13.601 WARN  ~~ LOOPS: 11. ENTITY #: 403//178. VIEW #: 8. BACKLOGGED :: 163.636%! ~~ 
00:30:14.611 WARN  ~~ LOOPS: 11. ENTITY #: 405//177. VIEW #: 8. BACKLOGGED :: 175.364%! ~~ 
00:30:15.620 WARN  ~~ LOOPS: 11. ENTITY #: 405//172. VIEW #: 8. BACKLOGGED :: 165.273%! ~~ 
00:30:16.651 WARN  ~~ LOOPS: 12. ENTITY #: 408//172. VIEW #: 8. BACKLOGGED :: 136.000%! ~~ 
00:30:17.743 WARN  ~~ LOOPS: 12. ENTITY #: 406//175. VIEW #: 8. BACKLOGGED :: 154.750%! ~~ 
00:30:18.760 WARN  ~~ LOOPS: 11. ENTITY #: 406//174. VIEW #: 8. BACKLOGGED :: 142.909%! ~~ 
00:30:19.792 WARN  ~~ LOOPS: 10. ENTITY #: 407//177. VIEW #: 8. BACKLOGGED :: 212.400%! ~~ 
00:30:20.803 WARN  ~~ LOOPS: 11. ENTITY #: 409//179. VIEW #: 8. BACKLOGGED :: 165.273%! ~~ 
00:30:21.814 WARN  ~~ LOOPS: 11. ENTITY #: 410//180. VIEW #: 8. BACKLOGGED :: 173.727%! ~~ 
00:30:22.833 WARN  ~~ LOOPS: 11. ENTITY #: 408//177. VIEW #: 8. BACKLOGGED :: 163.909%! ~~ 
00:30:23.929 WARN  ~~ LOOPS: 11. ENTITY #: 405//172. VIEW #: 8. BACKLOGGED :: 182.727%! ~~ 
00:30:24.940 WARN  ~~ LOOPS: 11. ENTITY #: 407//174. VIEW #: 8. BACKLOGGED :: 161.182%! ~~ 
00:30:25.948 WARN  ~~ LOOPS: 11. ENTITY #: 404//175. VIEW #: 8. BACKLOGGED :: 177.818%! ~~ 
00:30:26.958 WARN  ~~ LOOPS: 11. ENTITY #: 404//174. VIEW #: 8. BACKLOGGED :: 162.273%! ~~ 
00:30:27.967 WARN  ~~ LOOPS: 11. ENTITY #: 404//174. VIEW #: 8. BACKLOGGED :: 163.364%! ~~ 
00:30:29.144 WARN  ~~ LOOPS: 12. ENTITY #: 405//173. VIEW #: 8. BACKLOGGED :: 179.000%! ~~ 
00:30:30.144 WARN  ~~ LOOPS: 11. ENTITY #: 407//173. VIEW #: 8. BACKLOGGED :: 141.545%! ~~ 
00:30:31.144 WARN  ~~ LOOPS: 11. ENTITY #: 409//174. VIEW #: 8. BACKLOGGED :: 167.727%! ~~ 
00:30:32.145 WARN  ~~ LOOPS: 12. ENTITY #: 410//175. VIEW #: 8. BACKLOGGED :: 145.750%! ~~ 
00:30:33.162 WARN  ~~ LOOPS: 12. ENTITY #: 410//173. VIEW #: 8. BACKLOGGED :: 134.750%! ~~ 
00:30:34.163 WARN  ~~ LOOPS: 11. ENTITY #: 409//172. VIEW #: 8. BACKLOGGED :: 148.636%! ~~ 
00:30:35.164 WARN  ~~ LOOPS: 11. ENTITY #: 411//170. VIEW #: 8. BACKLOGGED :: 148.091%! ~~ 
00:30:36.170 WARN  ~~ LOOPS: 11. ENTITY #: 411//169. VIEW #: 8. BACKLOGGED :: 163.091%! ~~ 
00:30:37.201 WARN  ~~ LOOPS: 12. ENTITY #: 413//169. VIEW #: 8. BACKLOGGED :: 133.750%! ~~ 
00:30:38.212 WARN  ~~ LOOPS: 12. ENTITY #: 416//171. VIEW #: 8. BACKLOGGED :: 135.500%! ~~ 
00:30:39.221 WARN  ~~ LOOPS: 11. ENTITY #: 414//164. VIEW #: 8. BACKLOGGED :: 137.455%! ~~ 
00:30:40.231 WARN  ~~ LOOPS: 11. ENTITY #: 416//164. VIEW #: 8. BACKLOGGED :: 176.182%! ~~ 
00:30:41.319 WARN  ~~ LOOPS: 11. ENTITY #: 417//167. VIEW #: 8. BACKLOGGED :: 164.455%! ~~ 
00:30:42.328 WARN  ~~ LOOPS: 11. ENTITY #: 420//167. VIEW #: 8. BACKLOGGED :: 161.182%! ~~ 
00:30:43.344 WARN  ~~ LOOPS: 9. ENTITY #: 419//167. VIEW #: 8. BACKLOGGED :: 177.000%! ~~ 
00:30:44.356 WARN  ~~ LOOPS: 11. ENTITY #: 420//167. VIEW #: 8. BACKLOGGED :: 177.818%! ~~ 
00:30:45.395 WARN  ~~ LOOPS: 11. ENTITY #: 419//165. VIEW #: 8. BACKLOGGED :: 174.545%! ~~ 
00:30:46.405 WARN  ~~ LOOPS: 11. ENTITY #: 422//165. VIEW #: 8. BACKLOGGED :: 175.636%! ~~ 
00:30:47.416 WARN  ~~ LOOPS: 11. ENTITY #: 423//166. VIEW #: 8. BACKLOGGED :: 138.545%! ~~ 
00:30:48.430 WARN  ~~ LOOPS: 11. ENTITY #: 426//175. VIEW #: 8. BACKLOGGED :: 173.727%! ~~ 
00:30:49.522 WARN  ~~ LOOPS: 11. ENTITY #: 427//183. VIEW #: 8. BACKLOGGED :: 165.273%! ~~ 
00:30:50.535 WARN  ~~ LOOPS: 10. ENTITY #: 428//191. VIEW #: 8. BACKLOGGED :: 128.700%! ~~ 
00:30:51.545 WARN  ~~ LOOPS: 10. ENTITY #: 433//193. VIEW #: 8. BACKLOGGED :: 204.900%! ~~ 
00:30:52.557 WARN  ~~ LOOPS: 9. ENTITY #: 436//197. VIEW #: 8. BACKLOGGED :: 210.000%! ~~ 
00:30:53.573 WARN  ~~ LOOPS: 9. ENTITY #: 437//203. VIEW #: 8. BACKLOGGED :: 191.333%! ~~ 
00:30:54.609 WARN  ~~ LOOPS: 10. ENTITY #: 438//209. VIEW #: 8. BACKLOGGED :: 216.900%! ~~ 
00:30:55.619 WARN  ~~ LOOPS: 9. ENTITY #: 435//203. VIEW #: 8. BACKLOGGED :: 180.333%! ~~ 
00:30:56.628 WARN  ~~ LOOPS: 10. ENTITY #: 430//195. VIEW #: 8. BACKLOGGED :: 201.000%! ~~ 
00:30:57.722 WARN  ~~ LOOPS: 11. ENTITY #: 431//186. VIEW #: 8. BACKLOGGED :: 185.455%! ~~ 
00:30:58.746 WARN  ~~ LOOPS: 10. ENTITY #: 430//180. VIEW #: 8. BACKLOGGED :: 211.800%! ~~ 
00:30:59.761 WARN  ~~ LOOPS: 10. ENTITY #: 429//181. VIEW #: 8. BACKLOGGED :: 202.500%! ~~ 
00:31:00.797 WARN  ~~ LOOPS: 10. ENTITY #: 432//179. VIEW #: 8. BACKLOGGED :: 213.900%! ~~ 
00:31:01.811 WARN  ~~ LOOPS: 9. ENTITY #: 433//177. VIEW #: 8. BACKLOGGED :: 211.333%! ~~ 
00:31:02.822 WARN  ~~ LOOPS: 10. ENTITY #: 432//176. VIEW #: 8. BACKLOGGED :: 203.400%! ~~ 
00:31:03.947 WARN  ~~ LOOPS: 11. ENTITY #: 432//177. VIEW #: 8. BACKLOGGED :: 152.455%! ~~ 
00:31:04.967 WARN  ~~ LOOPS: 11. ENTITY #: 433//186. VIEW #: 8. BACKLOGGED :: 137.727%! ~~ 
00:31:06.003 WARN  ~~ LOOPS: 10. ENTITY #: 437//187. VIEW #: 8. BACKLOGGED :: 191.700%! ~~ 
00:31:07.115 WARN  ~~ LOOPS: 10. ENTITY #: 439//195. VIEW #: 8. BACKLOGGED :: 204.300%! ~~ 
00:31:08.130 WARN  ~~ LOOPS: 10. ENTITY #: 440//199. VIEW #: 8. BACKLOGGED :: 208.500%! ~~ 
00:31:09.151 WARN  ~~ LOOPS: 11. ENTITY #: 413//178. VIEW #: 8. BACKLOGGED :: 179.727%! ~~ 
00:31:10.167 WARN  ~~ LOOPS: 9. ENTITY #: 414//176. VIEW #: 8. BACKLOGGED :: 161.667%! ~~ 
00:31:11.207 WARN  ~~ LOOPS: 10. ENTITY #: 412//186. VIEW #: 8. BACKLOGGED :: 212.400%! ~~ 
00:31:12.317 WARN  ~~ LOOPS: 10. ENTITY #: 412//184. VIEW #: 8. BACKLOGGED :: 197.700%! ~~ 
00:31:13.336 WARN  ~~ LOOPS: 11. ENTITY #: 410//182. VIEW #: 8. BACKLOGGED :: 162.818%! ~~ 
00:31:14.347 WARN  ~~ LOOPS: 10. ENTITY #: 410//179. VIEW #: 8. BACKLOGGED :: 201.000%! ~~ 
00:31:15.361 WARN  ~~ LOOPS: 11. ENTITY #: 404//177. VIEW #: 8. BACKLOGGED :: 164.182%! ~~ 
00:31:16.371 WARN  ~~ LOOPS: 12. ENTITY #: 404//175. VIEW #: 8. BACKLOGGED :: 143.000%! ~~ 
00:31:17.381 WARN  ~~ LOOPS: 12. ENTITY #: 401//176. VIEW #: 8. BACKLOGGED :: 133.500%! ~~ 
00:31:18.411 WARN  ~~ LOOPS: 12. ENTITY #: 399//173. VIEW #: 8. BACKLOGGED :: 118.750%! ~~ 
00:31:19.517 WARN  ~~ LOOPS: 12. ENTITY #: 400//172. VIEW #: 8. BACKLOGGED :: 150.500%! ~~ 
00:31:20.557 WARN  ~~ LOOPS: 12. ENTITY #: 404//173. VIEW #: 8. BACKLOGGED :: 163.750%! ~~ 
00:31:21.568 WARN  ~~ LOOPS: 11. ENTITY #: 404//176. VIEW #: 8. BACKLOGGED :: 143.727%! ~~ 
00:31:22.598 WARN  ~~ LOOPS: 10. ENTITY #: 403//176. VIEW #: 8. BACKLOGGED :: 211.800%! ~~ 
00:31:23.614 WARN  ~~ LOOPS: 11. ENTITY #: 401//172. VIEW #: 8. BACKLOGGED :: 176.182%! ~~ 
00:31:24.625 WARN  ~~ LOOPS: 11. ENTITY #: 401//165. VIEW #: 8. BACKLOGGED :: 168.000%! ~~ 
00:31:25.638 WARN  ~~ LOOPS: 11. ENTITY #: 399//158. VIEW #: 8. BACKLOGGED :: 154.364%! ~~ 
00:31:26.721 WARN  ~~ LOOPS: 12. ENTITY #: 402//159. VIEW #: 8. BACKLOGGED :: 158.250%! ~~ 
00:31:27.735 WARN  ~~ LOOPS: 13. ENTITY #: 405//163. VIEW #: 8. BACKLOGGED :: 130.615%! ~~ 
00:31:28.752 WARN  ~~ LOOPS: 13. ENTITY #: 408//145. VIEW #: 8. BACKLOGGED :: 107.077%! ~~ 
00:31:29.764 WARN  ~~ LOOPS: 12. ENTITY #: 407//170. VIEW #: 8. BACKLOGGED :: 151.750%! ~~ 
00:31:30.806 WARN  ~~ LOOPS: 10. ENTITY #: 408//214. VIEW #: 8. BACKLOGGED :: 190.500%! ~~ 
00:31:31.922 WARN  ~~ LOOPS: 9. ENTITY #: 408//236. VIEW #: 8. BACKLOGGED :: 242.000%! ~~ 
00:31:32.976 WARN  ~~ LOOPS: 9. ENTITY #: 408//261. VIEW #: 8. BACKLOGGED :: 232.333%! ~~ 
00:31:34.006 WARN  ~~ LOOPS: 8. ENTITY #: 409//281. VIEW #: 8. BACKLOGGED :: 261.750%! ~~ 
00:31:35.135 WARN  ~~ LOOPS: 8. ENTITY #: 410//281. VIEW #: 8. BACKLOGGED :: 322.875%! ~~ 
00:31:36.162 WARN  ~~ LOOPS: 8. ENTITY #: 411//282. VIEW #: 8. BACKLOGGED :: 285.375%! ~~ 
00:31:37.171 WARN  ~~ LOOPS: 8. ENTITY #: 411//276. VIEW #: 8. BACKLOGGED :: 249.750%! ~~ 
00:31:38.211 WARN  ~~ LOOPS: 8. ENTITY #: 411//275. VIEW #: 8. BACKLOGGED :: 291.750%! ~~ 
00:31:39.221 WARN  ~~ LOOPS: 8. ENTITY #: 411//265. VIEW #: 8. BACKLOGGED :: 273.750%! ~~ 
00:31:40.323 WARN  ~~ LOOPS: 9. ENTITY #: 411//257. VIEW #: 8. BACKLOGGED :: 217.667%! ~~ 
00:31:41.362 WARN  ~~ LOOPS: 9. ENTITY #: 411//247. VIEW #: 8. BACKLOGGED :: 252.333%! ~~ 
00:31:42.374 WARN  ~~ LOOPS: 7. ENTITY #: 410//242. VIEW #: 8. BACKLOGGED :: 190.286%! ~~ 
00:31:43.519 WARN  ~~ LOOPS: 9. ENTITY #: 412//237. VIEW #: 8. BACKLOGGED :: 249.667%! ~~ 
00:31:44.541 WARN  ~~ LOOPS: 9. ENTITY #: 410//234. VIEW #: 8. BACKLOGGED :: 220.000%! ~~ 
00:31:45.565 WARN  ~~ LOOPS: 9. ENTITY #: 410//231. VIEW #: 8. BACKLOGGED :: 191.667%! ~~ 
00:31:46.607 WARN  ~~ LOOPS: 7. ENTITY #: 409//231. VIEW #: 8. BACKLOGGED :: 345.429%! ~~ 
00:31:47.618 WARN  ~~ LOOPS: 9. ENTITY #: 405//224. VIEW #: 8. BACKLOGGED :: 210.333%! ~~ 
00:31:48.628 WARN  ~~ LOOPS: 9. ENTITY #: 403//216. VIEW #: 8. BACKLOGGED :: 192.000%! ~~ 
00:31:49.713 WARN  ~~ LOOPS: 10. ENTITY #: 399//204. VIEW #: 8. BACKLOGGED :: 159.900%! ~~ 
00:31:50.740 WARN  ~~ LOOPS: 11. ENTITY #: 395//192. VIEW #: 8. BACKLOGGED :: 174.545%! ~~ 
00:31:51.750 WARN  ~~ LOOPS: 11. ENTITY #: 395//188. VIEW #: 8. BACKLOGGED :: 172.364%! ~~ 
00:31:52.763 WARN  ~~ LOOPS: 10. ENTITY #: 396//188. VIEW #: 8. BACKLOGGED :: 195.900%! ~~ 
00:31:53.796 WARN  ~~ LOOPS: 11. ENTITY #: 396//194. VIEW #: 8. BACKLOGGED :: 187.364%! ~~ 
00:31:54.918 WARN  ~~ LOOPS: 11. ENTITY #: 398//172. VIEW #: 8. BACKLOGGED :: 174.545%! ~~ 
00:31:55.938 WARN  ~~ LOOPS: 13. ENTITY #: 401//147. VIEW #: 8. BACKLOGGED :: 130.846%! ~~ 
00:31:56.949 WARN  ~~ LOOPS: 12. ENTITY #: 402//148. VIEW #: 8. BACKLOGGED :: 139.750%! ~~ 
00:31:57.963 WARN  ~~ LOOPS: 13. ENTITY #: 404//146. VIEW #: 8. BACKLOGGED :: 113.077%! ~~ 
00:31:58.975 WARN  ~~ LOOPS: 11. ENTITY #: 407//149. VIEW #: 8. BACKLOGGED :: 160.636%! ~~ 
00:32:00.008 WARN  ~~ LOOPS: 12. ENTITY #: 410//161. VIEW #: 8. BACKLOGGED :: 155.500%! ~~ 
00:32:01.117 WARN  ~~ LOOPS: 11. ENTITY #: 412//174. VIEW #: 8. BACKLOGGED :: 156.545%! ~~ 
00:32:02.150 WARN  ~~ LOOPS: 11. ENTITY #: 415//180. VIEW #: 8. BACKLOGGED :: 187.091%! ~~ 
00:32:03.161 WARN  ~~ LOOPS: 10. ENTITY #: 415//189. VIEW #: 8. BACKLOGGED :: 171.300%! ~~ 
00:32:04.174 WARN  ~~ LOOPS: 10. ENTITY #: 413//185. VIEW #: 8. BACKLOGGED :: 182.400%! ~~ 
00:32:05.185 WARN  ~~ LOOPS: 9. ENTITY #: 413//186. VIEW #: 8. BACKLOGGED :: 213.333%! ~~ 
00:32:06.319 WARN  ~~ LOOPS: 10. ENTITY #: 410//190. VIEW #: 8. BACKLOGGED :: 215.400%! ~~ 
00:32:08.399 WARN  ~~ LOOPS: 10. ENTITY #: 401//185. VIEW #: 8. BACKLOGGED :: 211.500%! ~~ 
00:32:09.411 WARN  ~~ LOOPS: 11. ENTITY #: 395//178. VIEW #: 8. BACKLOGGED :: 174.545%! ~~ 
00:32:10.426 WARN  ~~ LOOPS: 11. ENTITY #: 390//178. VIEW #: 8. BACKLOGGED :: 162.818%! ~~ 
00:32:11.431 WARN  ~~ LOOPS: 11. ENTITY #: 387//184. VIEW #: 8. BACKLOGGED :: 164.182%! ~~ 
00:32:12.526 WARN  ~~ LOOPS: 10. ENTITY #: 386//193. VIEW #: 8. BACKLOGGED :: 189.600%! ~~ 
00:32:13.537 WARN  ~~ LOOPS: 9. ENTITY #: 387//197. VIEW #: 7. BACKLOGGED :: 211.000%! ~~ 
00:32:14.550 WARN  ~~ LOOPS: 10. ENTITY #: 386//190. VIEW #: 7. BACKLOGGED :: 205.500%! ~~ 
00:32:15.559 WARN  ~~ LOOPS: 9. ENTITY #: 385//212. VIEW #: 7. BACKLOGGED :: 231.667%! ~~ 
00:32:16.569 WARN  ~~ LOOPS: 9. ENTITY #: 382//233. VIEW #: 7. BACKLOGGED :: 220.000%! ~~ 
00:32:17.583 WARN  ~~ LOOPS: 8. ENTITY #: 380//235. VIEW #: 7. BACKLOGGED :: 252.375%! ~~ 
00:32:18.592 WARN  ~~ LOOPS: 12. ENTITY #: 378//149. VIEW #: 7. BACKLOGGED :: 143.750%! ~~ 
00:32:19.605 WARN  ~~ LOOPS: 13. ENTITY #: 376//161. VIEW #: 7. BACKLOGGED :: 117.692%! ~~ 
00:32:20.714 WARN  ~~ LOOPS: 9. ENTITY #: 377//238. VIEW #: 7. BACKLOGGED :: 216.333%! ~~ 
00:32:21.741 WARN  ~~ LOOPS: 6. ENTITY #: 377//303. VIEW #: 7. BACKLOGGED :: 364.500%! ~~ 
00:32:22.768 WARN  ~~ LOOPS: 8. ENTITY #: 378//271. VIEW #: 7. BACKLOGGED :: 210.000%! ~~ 
00:32:23.812 WARN  ~~ LOOPS: 8. ENTITY #: 377//271. VIEW #: 7. BACKLOGGED :: 290.625%! ~~ 
00:32:24.925 WARN  ~~ LOOPS: 9. ENTITY #: 377//212. VIEW #: 7. BACKLOGGED :: 213.333%! ~~ 
00:32:25.947 WARN  ~~ LOOPS: 8. ENTITY #: 378//241. VIEW #: 7. BACKLOGGED :: 246.375%! ~~ 
00:32:26.958 WARN  ~~ LOOPS: 6. ENTITY #: 377//330. VIEW #: 7. BACKLOGGED :: 358.000%! ~~ 
00:32:28.113 WARN  ~~ LOOPS: 7. ENTITY #: 378//331. VIEW #: 7. BACKLOGGED :: 319.714%! ~~ 
00:32:29.160 WARN  ~~ LOOPS: 7. ENTITY #: 379//332. VIEW #: 7. BACKLOGGED :: 325.714%! ~~ 
00:32:30.181 WARN  ~~ LOOPS: 7. ENTITY #: 381//330. VIEW #: 7. BACKLOGGED :: 309.857%! ~~ 
00:32:31.329 WARN  ~~ LOOPS: 7. ENTITY #: 383//339. VIEW #: 7. BACKLOGGED :: 389.571%! ~~ 
00:32:32.379 WARN  ~~ LOOPS: 7. ENTITY #: 382//363. VIEW #: 7. BACKLOGGED :: 324.000%! ~~ 
00:32:33.393 WARN  ~~ LOOPS: 7. ENTITY #: 383//281. VIEW #: 7. BACKLOGGED :: 299.143%! ~~ 
00:32:34.406 WARN  ~~ LOOPS: 8. ENTITY #: 385//245. VIEW #: 7. BACKLOGGED :: 259.500%! ~~ 
00:32:35.416 WARN  ~~ LOOPS: 9. ENTITY #: 383//246. VIEW #: 7. BACKLOGGED :: 212.000%! ~~ 
00:32:36.518 WARN  ~~ LOOPS: 9. ENTITY #: 382//236. VIEW #: 7. BACKLOGGED :: 238.000%! ~~ 
00:32:37.534 WARN  ~~ LOOPS: 9. ENTITY #: 382//246. VIEW #: 7. BACKLOGGED :: 224.333%! ~~ 
00:32:38.578 WARN  ~~ LOOPS: 8. ENTITY #: 385//245. VIEW #: 7. BACKLOGGED :: 237.000%! ~~ 
00:32:39.588 WARN  ~~ LOOPS: 7. ENTITY #: 389//262. VIEW #: 7. BACKLOGGED :: 294.000%! ~~ 
00:32:40.728 WARN  ~~ LOOPS: 8. ENTITY #: 392//253. VIEW #: 7. BACKLOGGED :: 336.375%! ~~ 
00:32:41.771 WARN  ~~ LOOPS: 8. ENTITY #: 389//269. VIEW #: 7. BACKLOGGED :: 289.500%! ~~ 
00:32:42.780 WARN  ~~ LOOPS: 7. ENTITY #: 392//256. VIEW #: 7. BACKLOGGED :: 299.143%! ~~ 
00:32:43.925 WARN  ~~ LOOPS: 8. ENTITY #: 392//271. VIEW #: 7. BACKLOGGED :: 307.125%! ~~ 
00:32:44.992 WARN  ~~ LOOPS: 8. ENTITY #: 391//258. VIEW #: 7. BACKLOGGED :: 270.375%! ~~ 
00:32:46.114 WARN  ~~ LOOPS: 7. ENTITY #: 390//261. VIEW #: 7. BACKLOGGED :: 295.286%! ~~ 
00:32:47.157 WARN  ~~ LOOPS: 8. ENTITY #: 385//261. VIEW #: 7. BACKLOGGED :: 271.500%! ~~ 
00:32:48.165 WARN  ~~ LOOPS: 7. ENTITY #: 384//232. VIEW #: 7. BACKLOGGED :: 274.714%! ~~ 
00:32:49.201 WARN  ~~ LOOPS: 9. ENTITY #: 380//230. VIEW #: 7. BACKLOGGED :: 228.667%! ~~ 
00:32:50.314 WARN  ~~ LOOPS: 10. ENTITY #: 376//198. VIEW #: 7. BACKLOGGED :: 205.200%! ~~ 
00:32:51.339 WARN  ~~ LOOPS: 11. ENTITY #: 377//179. VIEW #: 7. BACKLOGGED :: 183.273%! ~~ 
00:32:52.350 WARN  ~~ LOOPS: 10. ENTITY #: 376//178. VIEW #: 7. BACKLOGGED :: 200.700%! ~~ 
00:32:53.365 WARN  ~~ LOOPS: 11. ENTITY #: 375//163. VIEW #: 7. BACKLOGGED :: 166.909%! ~~ 
00:32:54.396 WARN  ~~ LOOPS: 13. ENTITY #: 373//157. VIEW #: 7. BACKLOGGED :: 107.769%! ~~ 
00:32:55.397 WARN  ~~ LOOPS: 12. ENTITY #: 372//156. VIEW #: 7. BACKLOGGED :: 136.500%! ~~ 
00:32:56.408 WARN  ~~ LOOPS: 13. ENTITY #: 375//153. VIEW #: 7. BACKLOGGED :: 137.308%! ~~ 
00:32:57.534 WARN  ~~ LOOPS: 13. ENTITY #: 379//150. VIEW #: 7. BACKLOGGED :: 159.923%! ~~ 
00:32:58.535 WARN  ~~ LOOPS: 12. ENTITY #: 383//158. VIEW #: 7. BACKLOGGED :: 146.750%! ~~ 
00:32:59.537 WARN  ~~ LOOPS: 13. ENTITY #: 387//161. VIEW #: 7. BACKLOGGED :: 115.385%! ~~ 
00:33:00.537 WARN  ~~ LOOPS: 13. ENTITY #: 386//159. VIEW #: 7. BACKLOGGED :: 127.846%! ~~ 
00:33:02.558 WARN  ~~ LOOPS: 12. ENTITY #: 384//155. VIEW #: 7. BACKLOGGED :: 139.000%! ~~ 
00:33:03.567 WARN  ~~ LOOPS: 13. ENTITY #: 385//158. VIEW #: 7. BACKLOGGED :: 128.308%! ~~ 
00:33:04.591 WARN  ~~ LOOPS: 14. ENTITY #: 384//158. VIEW #: 7. BACKLOGGED :: 117.429%! ~~ 
00:33:05.601 WARN  ~~ LOOPS: 13. ENTITY #: 383//151. VIEW #: 7. BACKLOGGED :: 114.231%! ~~ 
00:33:06.609 WARN  ~~ LOOPS: 11. ENTITY #: 395//154. VIEW #: 7. BACKLOGGED :: 163.091%! ~~ 
00:33:07.623 WARN  ~~ LOOPS: 12. ENTITY #: 399//155. VIEW #: 7. BACKLOGGED :: 144.500%! ~~ 
00:33:08.752 WARN  ~~ LOOPS: 11. ENTITY #: 403//147. VIEW #: 7. BACKLOGGED :: 186.273%! ~~ 
00:33:09.767 WARN  ~~ LOOPS: 11. ENTITY #: 400//150. VIEW #: 7. BACKLOGGED :: 161.182%! ~~ 
00:33:10.794 WARN  ~~ LOOPS: 12. ENTITY #: 401//151. VIEW #: 7. BACKLOGGED :: 152.250%! ~~ 
00:33:11.801 WARN  ~~ LOOPS: 12. ENTITY #: 405//148. VIEW #: 7. BACKLOGGED :: 142.500%! ~~ 
00:33:13.936 WARN  ~~ LOOPS: 12. ENTITY #: 404//150. VIEW #: 7. BACKLOGGED :: 164.250%! ~~ 
00:33:14.946 WARN  ~~ LOOPS: 14. ENTITY #: 409//150. VIEW #: 7. BACKLOGGED :: 107.357%! ~~ 
00:33:15.955 WARN  ~~ LOOPS: 13. ENTITY #: 408//151. VIEW #: 7. BACKLOGGED :: 104.769%! ~~ 
00:33:17.997 WARN  ~~ LOOPS: 14. ENTITY #: 400//142. VIEW #: 7. BACKLOGGED :: 110.571%! ~~ 
00:33:19.006 WARN  ~~ LOOPS: 13. ENTITY #: 405//144. VIEW #: 7. BACKLOGGED :: 123.692%! ~~ 
00:33:20.015 WARN  ~~ LOOPS: 11. ENTITY #: 414//149. VIEW #: 7. BACKLOGGED :: 169.091%! ~~ 
00:33:21.041 WARN  ~~ LOOPS: 14. ENTITY #: 414//143. VIEW #: 7. BACKLOGGED :: 108.000%! ~~ 
00:33:22.050 WARN  ~~ LOOPS: 12. ENTITY #: 416//150. VIEW #: 7. BACKLOGGED :: 127.250%! ~~ 
00:33:23.059 WARN  ~~ LOOPS: 12. ENTITY #: 420//155. VIEW #: 7. BACKLOGGED :: 150.250%! ~~ 
00:33:24.153 WARN  ~~ LOOPS: 12. ENTITY #: 420//156. VIEW #: 7. BACKLOGGED :: 149.750%! ~~ 
00:33:25.165 WARN  ~~ LOOPS: 11. ENTITY #: 419//151. VIEW #: 7. BACKLOGGED :: 169.364%! ~~ 
00:33:26.188 WARN  ~~ LOOPS: 12. ENTITY #: 421//160. VIEW #: 7. BACKLOGGED :: 135.500%! ~~ 
00:33:27.206 WARN  ~~ LOOPS: 12. ENTITY #: 424//162. VIEW #: 7. BACKLOGGED :: 154.250%! ~~ 
00:33:28.217 WARN  ~~ LOOPS: 11. ENTITY #: 430//155. VIEW #: 7. BACKLOGGED :: 172.636%! ~~ 
00:33:29.352 WARN  ~~ LOOPS: 12. ENTITY #: 432//166. VIEW #: 7. BACKLOGGED :: 160.750%! ~~ 
00:33:30.353 WARN  ~~ LOOPS: 11. ENTITY #: 434//167. VIEW #: 7. BACKLOGGED :: 168.000%! ~~ 
00:33:31.353 WARN  ~~ LOOPS: 12. ENTITY #: 433//162. VIEW #: 7. BACKLOGGED :: 129.750%! ~~ 
00:33:32.361 WARN  ~~ LOOPS: 12. ENTITY #: 438//175. VIEW #: 7. BACKLOGGED :: 145.000%! ~~ 
00:33:33.399 WARN  ~~ LOOPS: 12. ENTITY #: 437//172. VIEW #: 7. BACKLOGGED :: 161.000%! ~~ 
00:33:34.408 WARN  ~~ LOOPS: 11. ENTITY #: 439//164. VIEW #: 7. BACKLOGGED :: 168.818%! ~~ 
00:33:35.417 WARN  ~~ LOOPS: 11. ENTITY #: 442//181. VIEW #: 7. BACKLOGGED :: 164.182%! ~~ 
00:33:36.520 WARN  ~~ LOOPS: 11. ENTITY #: 445//191. VIEW #: 7. BACKLOGGED :: 188.455%! ~~ 
00:33:37.552 WARN  ~~ LOOPS: 11. ENTITY #: 444//188. VIEW #: 7. BACKLOGGED :: 159.818%! ~~ 
00:33:38.561 WARN  ~~ LOOPS: 10. ENTITY #: 448//198. VIEW #: 7. BACKLOGGED :: 175.200%! ~~ 
00:33:39.761 WARN  ~~ LOOPS: 9. ENTITY #: 449//196. VIEW #: 7. BACKLOGGED :: 230.333%! ~~ 
00:33:40.782 WARN  ~~ LOOPS: 9. ENTITY #: 451//201. VIEW #: 7. BACKLOGGED :: 213.000%! ~~ 
00:33:41.796 WARN  ~~ LOOPS: 8. ENTITY #: 453//192. VIEW #: 7. BACKLOGGED :: 256.875%! ~~ 
00:33:42.922 WARN  ~~ LOOPS: 10. ENTITY #: 456//201. VIEW #: 7. BACKLOGGED :: 206.700%! ~~ 
00:33:43.962 WARN  ~~ LOOPS: 10. ENTITY #: 454//205. VIEW #: 7. BACKLOGGED :: 196.200%! ~~ 
00:33:44.971 WARN  ~~ LOOPS: 9. ENTITY #: 439//190. VIEW #: 7. BACKLOGGED :: 214.000%! ~~ 
00:33:45.980 WARN  ~~ LOOPS: 10. ENTITY #: 440//196. VIEW #: 7. BACKLOGGED :: 167.700%! ~~ 
00:33:47.002 WARN  ~~ LOOPS: 10. ENTITY #: 436//191. VIEW #: 7. BACKLOGGED :: 191.400%! ~~ 
00:33:48.114 WARN  ~~ LOOPS: 10. ENTITY #: 438//201. VIEW #: 7. BACKLOGGED :: 205.500%! ~~ 
00:33:49.140 WARN  ~~ LOOPS: 11. ENTITY #: 445//200. VIEW #: 7. BACKLOGGED :: 166.091%! ~~ 
00:33:50.157 WARN  ~~ LOOPS: 10. ENTITY #: 445//197. VIEW #: 7. BACKLOGGED :: 203.100%! ~~ 
00:33:51.169 WARN  ~~ LOOPS: 9. ENTITY #: 449//209. VIEW #: 7. BACKLOGGED :: 237.667%! ~~ 
00:33:52.202 WARN  ~~ LOOPS: 9. ENTITY #: 448//199. VIEW #: 7. BACKLOGGED :: 245.667%! ~~ 
00:33:53.323 WARN  ~~ LOOPS: 10. ENTITY #: 451//212. VIEW #: 7. BACKLOGGED :: 197.700%! ~~ 
00:33:54.363 WARN  ~~ LOOPS: 11. ENTITY #: 451//205. VIEW #: 7. BACKLOGGED :: 139.909%! ~~ 
00:33:55.372 WARN  ~~ LOOPS: 10. ENTITY #: 454//213. VIEW #: 7. BACKLOGGED :: 185.700%! ~~ 
00:33:56.401 WARN  ~~ LOOPS: 10. ENTITY #: 457//217. VIEW #: 7. BACKLOGGED :: 215.400%! ~~ 
00:33:57.411 WARN  ~~ LOOPS: 10. ENTITY #: 458//210. VIEW #: 7. BACKLOGGED :: 200.700%! ~~ 
00:33:58.419 WARN  ~~ LOOPS: 10. ENTITY #: 459//226. VIEW #: 7. BACKLOGGED :: 204.600%! ~~ 
00:33:59.519 WARN  ~~ LOOPS: 10. ENTITY #: 456//216. VIEW #: 7. BACKLOGGED :: 138.600%! ~~ 
00:34:00.561 WARN  ~~ LOOPS: 10. ENTITY #: 452//238. VIEW #: 7. BACKLOGGED :: 198.900%! ~~ 
00:34:01.571 WARN  ~~ LOOPS: 9. ENTITY #: 451//234. VIEW #: 7. BACKLOGGED :: 230.333%! ~~ 
20:18:09.582 WARN  ~~ LOOPS: 11. ENTITY #: 488//256. VIEW #: 4. BACKLOGGED :: 167.455%! ~~ 
20:18:30.815 WARN  ~~ LOOPS: 14. ENTITY #: 625//397. VIEW #: 4. BACKLOGGED :: 114.857%! ~~ 
20:18:50.337 WARN  ~~ LOOPS: 8. ENTITY #: 925//575. VIEW #: 4. BACKLOGGED :: 222.750%! ~~ 
20:18:51.388 WARN  ~~ LOOPS: 10. ENTITY #: 879//683. VIEW #: 4. BACKLOGGED :: 188.700%! ~~ 
20:18:52.513 WARN  ~~ LOOPS: 10. ENTITY #: 864//660. VIEW #: 4. BACKLOGGED :: 142.500%! ~~ 
20:18:53.547 WARN  ~~ LOOPS: 13. ENTITY #: 786//583. VIEW #: 4. BACKLOGGED :: 108.692%! ~~ 
20:18:54.548 WARN  ~~ LOOPS: 12. ENTITY #: 488//480. VIEW #: 4. BACKLOGGED :: 131.250%! ~~ 
20:18:58.766 WARN  ~~ LOOPS: 11. ENTITY #: 762//539. VIEW #: 4. BACKLOGGED :: 182.727%! ~~ 
20:18:59.788 WARN  ~~ LOOPS: 11. ENTITY #: 763//534. VIEW #: 4. BACKLOGGED :: 149.727%! ~~ 
20:19:00.812 WARN  ~~ LOOPS: 11. ENTITY #: 652//485. VIEW #: 4. BACKLOGGED :: 170.182%! ~~ 
20:19:36.554 WARN  ~~ LOOPS: 14. ENTITY #: 946//418. VIEW #: 4. BACKLOGGED :: 121.500%! ~~ 
20:19:37.578 WARN  ~~ LOOPS: 5. ENTITY #: 945//720. VIEW #: 4. BACKLOGGED :: 352.200%! ~~ 
20:19:38.734 WARN  ~~ LOOPS: 9. ENTITY #: 946//719. VIEW #: 4. BACKLOGGED :: 222.333%! ~~ 
20:19:39.923 WARN  ~~ LOOPS: 9. ENTITY #: 916//710. VIEW #: 4. BACKLOGGED :: 182.667%! ~~ 
20:19:40.972 WARN  ~~ LOOPS: 11. ENTITY #: 913//701. VIEW #: 4. BACKLOGGED :: 148.091%! ~~ 
20:19:42.010 WARN  ~~ LOOPS: 9. ENTITY #: 688//642. VIEW #: 4. BACKLOGGED :: 219.333%! ~~ 
20:23:29.691 WARN  Malformed command packet! Kicking player and giving 1 warning. 
20:31:02.524 WARN  ~~ LOOPS: 14. ENTITY #: 423//276. VIEW #: 7. BACKLOGGED :: 114.214%! ~~ 
20:32:14.150 ERROR [ERROR] A ghost entity has been found! 
20:32:14.150 ERROR Type: Dominator 
20:32:14.150 ERROR Position: (4700.923606010681, 848.0862981011544) 
20:32:14.150 ERROR Collision Array:  
20:32:14.151 ERROR Health: 1.6216666666666666 
20:32:14.151 WARN  Ghost entity removed successfully. 
20:36:50.150 WARN  ~~ LOOPS: 15. ENTITY #: 584//312. VIEW #: 8. BACKLOGGED :: 101.600%! ~~ 
20:36:54.341 WARN  ~~ LOOPS: 14. ENTITY #: 544//284. VIEW #: 8. BACKLOGGED :: 116.571%! ~~ 
20:39:14.121 WARN  ~~ LOOPS: 14. ENTITY #: 537//329. VIEW #: 8. BACKLOGGED :: 101.357%! ~~ 
20:39:23.361 WARN  ~~ LOOPS: 14. ENTITY #: 478//348. VIEW #: 8. BACKLOGGED :: 101.786%! ~~ 
20:39:28.721 WARN  ~~ LOOPS: 14. ENTITY #: 504//338. VIEW #: 8. BACKLOGGED :: 125.571%! ~~ 
20:41:32.924 WARN  ~~ LOOPS: 13. ENTITY #: 562//268. VIEW #: 8. BACKLOGGED :: 154.385%! ~~ 
20:41:51.751 WARN  ~~ LOOPS: 13. ENTITY #: 653//374. VIEW #: 8. BACKLOGGED :: 117.462%! ~~ 
20:41:52.775 WARN  ~~ LOOPS: 12. ENTITY #: 663//385. VIEW #: 8. BACKLOGGED :: 136.750%! ~~ 
20:41:58.158 WARN  ~~ LOOPS: 13. ENTITY #: 672//357. VIEW #: 8. BACKLOGGED :: 105.231%! ~~ 
20:41:59.180 WARN  ~~ LOOPS: 12. ENTITY #: 688//369. VIEW #: 8. BACKLOGGED :: 109.000%! ~~ 
20:42:00.201 WARN  ~~ LOOPS: 12. ENTITY #: 703//385. VIEW #: 8. BACKLOGGED :: 155.250%! ~~ 
20:42:02.531 WARN  ~~ LOOPS: 12. ENTITY #: 705//410. VIEW #: 8. BACKLOGGED :: 174.000%! ~~ 
20:42:03.532 WARN  ~~ LOOPS: 11. ENTITY #: 696//398. VIEW #: 8. BACKLOGGED :: 110.182%! ~~ 
20:42:04.533 WARN  ~~ LOOPS: 9. ENTITY #: 682//373. VIEW #: 8. BACKLOGGED :: 224.333%! ~~ 
20:42:09.951 WARN  ~~ LOOPS: 10. ENTITY #: 723//388. VIEW #: 8. BACKLOGGED :: 159.900%! ~~ 
20:42:10.998 WARN  ~~ LOOPS: 13. ENTITY #: 718//381. VIEW #: 8. BACKLOGGED :: 141.692%! ~~ 
20:42:12.001 WARN  ~~ LOOPS: 11. ENTITY #: 710//375. VIEW #: 8. BACKLOGGED :: 153.000%! ~~ 
20:42:13.323 WARN  ~~ LOOPS: 14. ENTITY #: 712//362. VIEW #: 8. BACKLOGGED :: 103.071%! ~~ 
20:42:14.324 WARN  ~~ LOOPS: 12. ENTITY #: 709//360. VIEW #: 8. BACKLOGGED :: 153.000%! ~~ 
20:42:15.333 WARN  ~~ LOOPS: 13. ENTITY #: 729//366. VIEW #: 8. BACKLOGGED :: 106.615%! ~~ 
20:42:16.359 WARN  ~~ LOOPS: 11. ENTITY #: 730//380. VIEW #: 8. BACKLOGGED :: 139.909%! ~~ 
20:42:17.385 WARN  ~~ LOOPS: 12. ENTITY #: 731//381. VIEW #: 8. BACKLOGGED :: 153.500%! ~~ 
20:42:19.534 WARN  ~~ LOOPS: 14. ENTITY #: 730//393. VIEW #: 8. BACKLOGGED :: 109.500%! ~~ 
20:42:21.747 WARN  ~~ LOOPS: 12. ENTITY #: 726//385. VIEW #: 8. BACKLOGGED :: 113.500%! ~~ 
20:42:23.810 WARN  ~~ LOOPS: 11. ENTITY #: 736//375. VIEW #: 7. BACKLOGGED :: 119.727%! ~~ 
20:42:26.985 WARN  ~~ LOOPS: 13. ENTITY #: 751//399. VIEW #: 7. BACKLOGGED :: 122.077%! ~~ 
20:42:28.381 WARN  ~~ LOOPS: 6. ENTITY #: 762//398. VIEW #: 7. BACKLOGGED :: 400.000%! ~~ 
20:42:29.386 WARN  ~~ LOOPS: 13. ENTITY #: 694//344. VIEW #: 7. BACKLOGGED :: 122.538%! ~~ 
20:42:31.399 WARN  ~~ LOOPS: 13. ENTITY #: 675//329. VIEW #: 7. BACKLOGGED :: 102.000%! ~~ 
20:42:34.517 WARN  ~~ LOOPS: 11. ENTITY #: 674//323. VIEW #: 7. BACKLOGGED :: 103.091%! ~~ 
20:42:40.760 WARN  ~~ LOOPS: 11. ENTITY #: 712//378. VIEW #: 7. BACKLOGGED :: 104.182%! ~~ 
20:42:41.802 WARN  ~~ LOOPS: 14. ENTITY #: 709//389. VIEW #: 7. BACKLOGGED :: 122.357%! ~~ 
20:42:43.918 WARN  ~~ LOOPS: 13. ENTITY #: 713//398. VIEW #: 7. BACKLOGGED :: 104.769%! ~~ 
20:42:46.147 WARN  ~~ LOOPS: 14. ENTITY #: 720//387. VIEW #: 7. BACKLOGGED :: 138.643%! ~~ 
20:42:52.544 WARN  ~~ LOOPS: 10. ENTITY #: 727//380. VIEW #: 7. BACKLOGGED :: 164.700%! ~~ 
20:42:53.555 WARN  ~~ LOOPS: 13. ENTITY #: 750//395. VIEW #: 7. BACKLOGGED :: 124.615%! ~~ 
20:42:56.720 WARN  ~~ LOOPS: 14. ENTITY #: 750//401. VIEW #: 6. BACKLOGGED :: 101.143%! ~~ 
20:42:58.926 WARN  ~~ LOOPS: 7. ENTITY #: 761//416. VIEW #: 6. BACKLOGGED :: 156.000%! ~~ 
20:43:02.120 WARN  ~~ LOOPS: 14. ENTITY #: 762//444. VIEW #: 6. BACKLOGGED :: 100.714%! ~~ 
20:43:03.144 WARN  ~~ LOOPS: 15. ENTITY #: 732//404. VIEW #: 5. BACKLOGGED :: 103.200%! ~~ 
20:43:04.978 ERROR [ERROR] A ghost has been found! 
20:43:04.979 ERROR Type: Basic 
20:43:04.979 ERROR Position: (356.16666666666663, 646.5) 
20:43:04.979 ERROR Collision Array:  
20:43:04.979 ERROR Health: 0.44833333333333325 
20:43:04.980 WARN  Ghost removed successfully. 
20:43:05.211 WARN  ~~ LOOPS: 10. ENTITY #: 643//342. VIEW #: 6. BACKLOGGED :: 141.600%! ~~ 
20:43:06.338 WARN  ~~ LOOPS: 14. ENTITY #: 643//320. VIEW #: 6. BACKLOGGED :: 126.643%! ~~ 
20:43:51.126 WARN  ~~ LOOPS: 12. ENTITY #: 631//313. VIEW #: 6. BACKLOGGED :: 133.500%! ~~ 
20:43:51.164 ERROR [ERROR] A ghost has been found! 
20:43:51.164 ERROR Type: Dominator 
20:43:51.165 ERROR Position: (757.1213227531948, 4483.60966442312) 
20:43:51.165 ERROR Collision Array:  
20:43:51.165 ERROR Health: 1.6216666666666666 
20:43:51.165 WARN  Ghost removed successfully. 
20:46:32.790 WARN  ~~ LOOPS: 14. ENTITY #: 458//206. VIEW #: 7. BACKLOGGED :: 112.071%! ~~ 
20:47:35.216 WARN  ~~ LOOPS: 14. ENTITY #: 451//237. VIEW #: 6. BACKLOGGED :: 112.286%! ~~ 
20:54:39.582 ERROR [ERROR] A ghost has been found! 
20:54:39.582 ERROR Type: Developer Tank 
20:54:39.582 ERROR Position: (4739.82897899928, 5338.963895382236) 
20:54:39.582 ERROR Collision Array:  
20:54:39.582 ERROR Health: 0.76 
20:54:39.582 WARN  Ghost removed successfully. 
20:55:03.393 WARN  ~~ LOOPS: 11. ENTITY #: 478//404. VIEW #: 7. BACKLOGGED :: 134.455%! ~~ 
20:56:13.025 WARN  ~~ LOOPS: 14. ENTITY #: 479//401. VIEW #: 7. BACKLOGGED :: 118.929%! ~~ 
20:56:42.774 WARN  ~~ LOOPS: 14. ENTITY #: 480//402. VIEW #: 7. BACKLOGGED :: 112.929%! ~~ 
20:57:25.793 WARN  ~~ LOOPS: 14. ENTITY #: 512//423. VIEW #: 7. BACKLOGGED :: 105.857%! ~~ 
20:57:30.121 WARN  ~~ LOOPS: 16. ENTITY #: 512//421. VIEW #: 7. BACKLOGGED :: 117.000%! ~~ 
20:57:37.211 WARN  ~~ LOOPS: 13. ENTITY #: 512//425. VIEW #: 7. BACKLOGGED :: 115.615%! ~~ 
20:57:39.352 WARN  ~~ LOOPS: 13. ENTITY #: 510//422. VIEW #: 7. BACKLOGGED :: 135.692%! ~~ 
20:57:40.369 WARN  ~~ LOOPS: 13. ENTITY #: 511//421. VIEW #: 7. BACKLOGGED :: 116.769%! ~~ 
20:57:41.397 WARN  ~~ LOOPS: 15. ENTITY #: 510//422. VIEW #: 7. BACKLOGGED :: 103.200%! ~~ 
20:57:42.415 WARN  ~~ LOOPS: 14. ENTITY #: 511//420. VIEW #: 7. BACKLOGGED :: 105.857%! ~~ 
20:58:03.315 WARN  ~~ LOOPS: 14. ENTITY #: 484//393. VIEW #: 7. BACKLOGGED :: 139.286%! ~~ 
20:58:15.546 WARN  ~~ LOOPS: 13. ENTITY #: 497//403. VIEW #: 7. BACKLOGGED :: 111.000%! ~~ 
20:58:39.144 WARN  ~~ LOOPS: 15. ENTITY #: 479//362. VIEW #: 7. BACKLOGGED :: 102.200%! ~~ 
20:58:43.325 WARN  ~~ LOOPS: 15. ENTITY #: 473//359. VIEW #: 7. BACKLOGGED :: 109.000%! ~~ 
21:00:42.401 ERROR [ERROR] A ghost has been found! 
21:00:42.401 ERROR Type: Obstacle 
21:00:42.401 ERROR Position: (3013.501351809779, 2894.0760157444406) 
21:00:42.401 ERROR Collision Array:  
21:00:42.401 ERROR Health: 37.37166666666667 
21:00:42.401 WARN  Ghost removed successfully. 
21:01:47.164 WARN  ~~ LOOPS: 13. ENTITY #: 514//395. VIEW #: 6. BACKLOGGED :: 103.615%! ~~ 
21:01:56.356 WARN  ~~ LOOPS: 12. ENTITY #: 525//409. VIEW #: 6. BACKLOGGED :: 117.000%! ~~ 
21:01:57.385 WARN  ~~ LOOPS: 15. ENTITY #: 522//408. VIEW #: 6. BACKLOGGED :: 103.000%! ~~ 
21:02:40.201 WARN  ~~ LOOPS: 13. ENTITY #: 462//230. VIEW #: 6. BACKLOGGED :: 100.846%! ~~ 
