16:42:44.183 ERROR [ERROR] A ghost has been found! 
16:42:44.183 ERROR Type: Arena Closer 
16:42:44.183 ERROR Position: (2911.451836689552, 3194.274441089644) 
16:42:44.183 ERROR Collision Array:  
16:42:44.183 ERROR Health: 3667.371666666667 
16:42:44.183 WARN  Ghost removed successfully. 
21:32:00.804 WARN  ~~ LOOPS: 12. ENTITY #: 523//305. VIEW #: 5. BACKLOGGED :: 127.000%! ~~ 
21:32:01.915 WARN  ~~ LOOPS: 14. ENTITY #: 536//319. VIEW #: 5. BACKLOGGED :: 142.929%! ~~ 
21:32:05.935 WARN  ~~ LOOPS: 14. ENTITY #: 483//258. VIEW #: 5. BACKLOGGED :: 105.429%! ~~ 
21:33:28.153 WARN  ~~ LOOPS: 14. ENTITY #: 613//318. VIEW #: 5. BACKLOGGED :: 103.500%! ~~ 
21:33:29.178 WARN  ~~ LOOPS: 7. ENTITY #: 761//498. VIEW #: 5. BACKLOGGED :: 296.143%! ~~ 
21:33:30.347 WARN  ~~ LOOPS: 5. ENTITY #: 872//615. VIEW #: 5. BACKLOGGED :: 419.400%! ~~ 
21:33:31.522 WARN  ~~ LOOPS: 5. ENTITY #: 962//740. VIEW #: 5. BACKLOGGED :: 328.200%! ~~ 
21:33:32.563 WARN  ~~ LOOPS: 4. ENTITY #: 1135//834. VIEW #: 5. BACKLOGGED :: 387.750%! ~~ 
21:33:33.750 WARN  ~~ LOOPS: 4. ENTITY #: 1224//926. VIEW #: 5. BACKLOGGED :: 461.250%! ~~ 
21:33:34.777 WARN  ~~ LOOPS: 3. ENTITY #: 1226//1013. VIEW #: 5. BACKLOGGED :: 612.000%! ~~ 
21:33:35.976 WARN  ~~ LOOPS: 4. ENTITY #: 1269//1032. VIEW #: 5. BACKLOGGED :: 561.750%! ~~ 
21:33:37.168 WARN  ~~ LOOPS: 4. ENTITY #: 1294//1050. VIEW #: 5. BACKLOGGED :: 561.750%! ~~ 
21:33:38.382 WARN  ~~ LOOPS: 4. ENTITY #: 1322//1074. VIEW #: 5. BACKLOGGED :: 572.250%! ~~ 
21:33:39.560 WARN  ~~ LOOPS: 4. ENTITY #: 1324//986. VIEW #: 4. BACKLOGGED :: 424.500%! ~~ 
21:33:40.719 WARN  ~~ LOOPS: 5. ENTITY #: 1325//883. VIEW #: 3. BACKLOGGED :: 291.600%! ~~ 
21:33:41.755 WARN  ~~ LOOPS: 7. ENTITY #: 1315//651. VIEW #: 3. BACKLOGGED :: 239.571%! ~~ 
21:33:42.781 WARN  ~~ LOOPS: 7. ENTITY #: 1316//602. VIEW #: 3. BACKLOGGED :: 191.143%! ~~ 
21:33:43.923 WARN  ~~ LOOPS: 8. ENTITY #: 1317//579. VIEW #: 4. BACKLOGGED :: 237.000%! ~~ 
21:33:44.970 WARN  ~~ LOOPS: 10. ENTITY #: 1320//525. VIEW #: 4. BACKLOGGED :: 152.700%! ~~ 
21:33:45.987 WARN  ~~ LOOPS: 9. ENTITY #: 1320//509. VIEW #: 5. BACKLOGGED :: 134.000%! ~~ 
21:33:47.124 WARN  ~~ LOOPS: 9. ENTITY #: 1318//495. VIEW #: 5. BACKLOGGED :: 184.333%! ~~ 
21:33:49.167 WARN  ~~ LOOPS: 9. ENTITY #: 1328//442. VIEW #: 5. BACKLOGGED :: 187.667%! ~~ 
21:33:50.203 WARN  ~~ LOOPS: 11. ENTITY #: 1326//416. VIEW #: 5. BACKLOGGED :: 146.727%! ~~ 
21:33:51.323 WARN  ~~ LOOPS: 10. ENTITY #: 1328//409. VIEW #: 5. BACKLOGGED :: 172.200%! ~~ 
21:33:52.342 WARN  ~~ LOOPS: 9. ENTITY #: 1322//413. VIEW #: 5. BACKLOGGED :: 197.667%! ~~ 
21:33:53.383 WARN  ~~ LOOPS: 11. ENTITY #: 1327//378. VIEW #: 5. BACKLOGGED :: 101.455%! ~~ 
21:33:54.537 WARN  ~~ LOOPS: 10. ENTITY #: 1324//409. VIEW #: 5. BACKLOGGED :: 198.300%! ~~ 
21:33:55.581 WARN  ~~ LOOPS: 10. ENTITY #: 1320//405. VIEW #: 5. BACKLOGGED :: 124.500%! ~~ 
21:33:56.729 WARN  ~~ LOOPS: 10. ENTITY #: 1323//441. VIEW #: 5. BACKLOGGED :: 136.800%! ~~ 
21:33:57.781 WARN  ~~ LOOPS: 10. ENTITY #: 1323//467. VIEW #: 5. BACKLOGGED :: 113.400%! ~~ 
21:33:58.950 WARN  ~~ LOOPS: 8. ENTITY #: 1324//454. VIEW #: 5. BACKLOGGED :: 164.250%! ~~ 
21:33:59.951 WARN  ~~ LOOPS: 8. ENTITY #: 1330//484. VIEW #: 5. BACKLOGGED :: 197.625%! ~~ 
21:34:00.976 WARN  ~~ LOOPS: 9. ENTITY #: 1327//525. VIEW #: 5. BACKLOGGED :: 160.333%! ~~ 
21:34:02.000 WARN  ~~ LOOPS: 8. ENTITY #: 1321//522. VIEW #: 5. BACKLOGGED :: 223.500%! ~~ 
21:34:03.123 WARN  ~~ LOOPS: 8. ENTITY #: 1315//550. VIEW #: 5. BACKLOGGED :: 210.750%! ~~ 
21:34:04.161 WARN  ~~ LOOPS: 10. ENTITY #: 1307//551. VIEW #: 5. BACKLOGGED :: 132.600%! ~~ 
21:34:05.319 WARN  ~~ LOOPS: 9. ENTITY #: 1294//525. VIEW #: 5. BACKLOGGED :: 184.000%! ~~ 
21:34:06.355 WARN  ~~ LOOPS: 10. ENTITY #: 1277//554. VIEW #: 5. BACKLOGGED :: 178.800%! ~~ 
21:34:07.373 WARN  ~~ LOOPS: 9. ENTITY #: 1276//532. VIEW #: 5. BACKLOGGED :: 164.333%! ~~ 
21:34:08.579 WARN  ~~ LOOPS: 7. ENTITY #: 1276//549. VIEW #: 5. BACKLOGGED :: 168.000%! ~~ 
21:34:09.742 WARN  ~~ LOOPS: 10. ENTITY #: 1268//539. VIEW #: 5. BACKLOGGED :: 156.300%! ~~ 
21:34:10.778 WARN  ~~ LOOPS: 9. ENTITY #: 1266//584. VIEW #: 5. BACKLOGGED :: 218.000%! ~~ 
21:34:11.920 WARN  ~~ LOOPS: 10. ENTITY #: 1268//553. VIEW #: 5. BACKLOGGED :: 210.000%! ~~ 
21:34:12.951 WARN  ~~ LOOPS: 10. ENTITY #: 1271//559. VIEW #: 5. BACKLOGGED :: 138.600%! ~~ 
21:34:13.962 WARN  ~~ LOOPS: 9. ENTITY #: 1267//519. VIEW #: 5. BACKLOGGED :: 178.000%! ~~ 
21:34:15.122 WARN  ~~ LOOPS: 10. ENTITY #: 1274//543. VIEW #: 5. BACKLOGGED :: 238.500%! ~~ 
21:34:16.173 WARN  ~~ LOOPS: 9. ENTITY #: 1272//560. VIEW #: 5. BACKLOGGED :: 172.667%! ~~ 
21:34:17.180 WARN  ~~ LOOPS: 9. ENTITY #: 1275//537. VIEW #: 5. BACKLOGGED :: 189.000%! ~~ 
21:34:18.320 WARN  ~~ LOOPS: 6. ENTITY #: 1275//538. VIEW #: 5. BACKLOGGED :: 210.500%! ~~ 
21:34:19.338 WARN  ~~ LOOPS: 9. ENTITY #: 1272//566. VIEW #: 5. BACKLOGGED :: 153.667%! ~~ 
21:34:21.531 WARN  ~~ LOOPS: 10. ENTITY #: 1257//581. VIEW #: 5. BACKLOGGED :: 212.100%! ~~ 
21:34:23.556 WARN  ~~ LOOPS: 9. ENTITY #: 1247//601. VIEW #: 5. BACKLOGGED :: 216.333%! ~~ 
21:34:24.606 WARN  ~~ LOOPS: 10. ENTITY #: 1240//631. VIEW #: 5. BACKLOGGED :: 172.500%! ~~ 
21:34:25.745 WARN  ~~ LOOPS: 9. ENTITY #: 1227//600. VIEW #: 5. BACKLOGGED :: 162.333%! ~~ 
21:34:27.128 WARN  ~~ LOOPS: 9. ENTITY #: 1200//605. VIEW #: 5. BACKLOGGED :: 148.000%! ~~ 
21:34:28.174 WARN  ~~ LOOPS: 9. ENTITY #: 1172//553. VIEW #: 5. BACKLOGGED :: 173.333%! ~~ 
21:34:29.202 WARN  ~~ LOOPS: 8. ENTITY #: 1162//555. VIEW #: 5. BACKLOGGED :: 195.375%! ~~ 
21:34:30.330 WARN  ~~ LOOPS: 10. ENTITY #: 1143//521. VIEW #: 5. BACKLOGGED :: 146.400%! ~~ 
21:34:31.364 WARN  ~~ LOOPS: 11. ENTITY #: 1122//511. VIEW #: 5. BACKLOGGED :: 150.273%! ~~ 
21:34:32.406 WARN  ~~ LOOPS: 11. ENTITY #: 1089//499. VIEW #: 5. BACKLOGGED :: 145.909%! ~~ 
21:34:34.593 WARN  ~~ LOOPS: 11. ENTITY #: 1048//502. VIEW #: 5. BACKLOGGED :: 157.091%! ~~ 
21:34:35.731 WARN  ~~ LOOPS: 12. ENTITY #: 1026//496. VIEW #: 5. BACKLOGGED :: 115.250%! ~~ 
21:34:36.759 WARN  ~~ LOOPS: 10. ENTITY #: 1019//489. VIEW #: 5. BACKLOGGED :: 149.400%! ~~ 
21:34:42.114 WARN  ~~ LOOPS: 14. ENTITY #: 977//510. VIEW #: 5. BACKLOGGED :: 112.286%! ~~ 
21:34:43.149 WARN  ~~ LOOPS: 12. ENTITY #: 966//522. VIEW #: 5. BACKLOGGED :: 117.000%! ~~ 
21:34:44.167 WARN  ~~ LOOPS: 12. ENTITY #: 937//520. VIEW #: 5. BACKLOGGED :: 107.750%! ~~ 
21:34:46.347 WARN  ~~ LOOPS: 10. ENTITY #: 886//536. VIEW #: 5. BACKLOGGED :: 173.700%! ~~ 
21:34:52.550 WARN  ~~ LOOPS: 14. ENTITY #: 826//485. VIEW #: 4. BACKLOGGED :: 106.714%! ~~ 
21:34:53.567 WARN  ~~ LOOPS: 15. ENTITY #: 813//472. VIEW #: 4. BACKLOGGED :: 100.600%! ~~ 
21:34:54.604 WARN  ~~ LOOPS: 12. ENTITY #: 807//486. VIEW #: 4. BACKLOGGED :: 123.500%! ~~ 
21:34:55.740 WARN  ~~ LOOPS: 13. ENTITY #: 806//507. VIEW #: 4. BACKLOGGED :: 100.846%! ~~ 
21:34:56.745 WARN  ~~ LOOPS: 13. ENTITY #: 804//520. VIEW #: 5. BACKLOGGED :: 104.308%! ~~ 
21:34:58.793 WARN  ~~ LOOPS: 14. ENTITY #: 803//516. VIEW #: 5. BACKLOGGED :: 100.714%! ~~ 
21:35:00.962 WARN  ~~ LOOPS: 13. ENTITY #: 766//473. VIEW #: 5. BACKLOGGED :: 141.923%! ~~ 
21:35:01.997 WARN  ~~ LOOPS: 11. ENTITY #: 745//463. VIEW #: 5. BACKLOGGED :: 133.364%! ~~ 
21:35:03.121 WARN  ~~ LOOPS: 10. ENTITY #: 734//454. VIEW #: 5. BACKLOGGED :: 157.800%! ~~ 
21:35:05.184 WARN  ~~ LOOPS: 14. ENTITY #: 690//421. VIEW #: 5. BACKLOGGED :: 106.071%! ~~ 
21:35:07.322 WARN  ~~ LOOPS: 16. ENTITY #: 675//403. VIEW #: 5. BACKLOGGED :: 100.688%! ~~ 
21:35:12.402 WARN  ~~ LOOPS: 11. ENTITY #: 682//416. VIEW #: 5. BACKLOGGED :: 143.727%! ~~ 
21:35:20.726 WARN  ~~ LOOPS: 12. ENTITY #: 668//398. VIEW #: 5. BACKLOGGED :: 152.250%! ~~ 
21:39:56.947 WARN  ~~ LOOPS: 4. ENTITY #: 1051//587. VIEW #: 5. BACKLOGGED :: 517.500%! ~~ 
21:43:19.853 ERROR [ERROR] A ghost has been found! 
21:43:19.853 ERROR Type: Arena Closer 
21:43:19.853 ERROR Position: (2709.1904558840515, 2693.8999832919) 
21:43:19.853 ERROR Collision Array:  
21:43:19.853 ERROR Health: 3667.371666666667 
21:43:19.853 WARN  Ghost removed successfully. 
21:51:29.125 WARN  ~~ LOOPS: 11. ENTITY #: 705//375. VIEW #: 4. BACKLOGGED :: 148.636%! ~~ 
21:51:30.161 WARN  ~~ LOOPS: 10. ENTITY #: 729//421. VIEW #: 4. BACKLOGGED :: 131.400%! ~~ 
21:51:31.180 WARN  ~~ LOOPS: 12. ENTITY #: 752//394. VIEW #: 4. BACKLOGGED :: 132.250%! ~~ 
21:51:34.355 WARN  ~~ LOOPS: 12. ENTITY #: 798//403. VIEW #: 4. BACKLOGGED :: 129.500%! ~~ 
21:51:35.393 WARN  ~~ LOOPS: 12. ENTITY #: 817//426. VIEW #: 4. BACKLOGGED :: 133.000%! ~~ 
21:51:37.413 WARN  ~~ LOOPS: 13. ENTITY #: 836//451. VIEW #: 4. BACKLOGGED :: 103.846%! ~~ 
21:51:38.519 WARN  ~~ LOOPS: 12. ENTITY #: 848//460. VIEW #: 4. BACKLOGGED :: 147.750%! ~~ 
21:51:39.563 WARN  ~~ LOOPS: 11. ENTITY #: 860//465. VIEW #: 4. BACKLOGGED :: 129.818%! ~~ 
21:51:40.581 WARN  ~~ LOOPS: 11. ENTITY #: 862//467. VIEW #: 4. BACKLOGGED :: 124.909%! ~~ 
22:29:49.412 ERROR [ERROR] A ghost entity has been found! 
22:29:49.412 ERROR Type: Booster 
22:29:49.412 ERROR Position: (5381.833333333333, 4919.5) 
22:29:49.412 ERROR Collision Array:  
22:29:49.413 ERROR Health: 0.7416666666666667 
22:29:49.413 WARN  Ghost entity removed successfully. 
22:32:37.599 ERROR [ERROR] A ghost has been found! 
22:32:37.599 ERROR Type: Commander 
22:32:37.600 ERROR Position: (4857.990863216953, 4380.346677792088) 
22:32:37.600 ERROR Collision Array:  
22:32:37.600 ERROR Health: 0.7783333333333335 
22:32:37.600 WARN  Ghost removed successfully. 
22:32:37.600 ERROR [ERROR] A ghost has been found! 
22:32:37.600 ERROR Type: Commander 
22:32:37.600 ERROR Position: (4857.990863216953, 4380.346677792088) 
22:32:37.600 ERROR Collision Array:  
22:32:37.600 ERROR Health: 0.7783333333333335 
22:32:37.600 WARN  Ghost removed successfully. 
22:32:37.600 ERROR [ERROR] A ghost has been found! 
22:32:37.600 ERROR Type: Commander 
22:32:37.600 ERROR Position: (4857.990863216953, 4380.346677792088) 
22:32:37.600 ERROR Collision Array:  
22:32:37.600 ERROR Health: 0.7783333333333335 
22:32:37.600 WARN  Ghost removed successfully. 
22:32:37.600 ERROR [ERROR] A ghost has been found! 
22:32:37.600 ERROR Type: Commander 
22:32:37.600 ERROR Position: (4857.990863216953, 4380.346677792088) 
22:32:37.600 ERROR Collision Array:  
22:32:37.600 ERROR Health: 0.7783333333333335 
22:32:37.600 WARN  Ghost removed successfully. 
22:32:37.600 ERROR [ERROR] A ghost has been found! 
22:32:37.600 ERROR Type: Commander 
22:32:37.600 ERROR Position: (4857.990863216953, 4380.346677792088) 
22:32:37.600 ERROR Collision Array:  
22:32:37.600 ERROR Health: 0.7783333333333335 
22:32:37.601 WARN  Ghost removed successfully. 
22:32:37.601 ERROR [ERROR] A ghost has been found! 
22:32:37.601 ERROR Type: Commander 
22:32:37.601 ERROR Position: (4857.990863216953, 4380.346677792088) 
22:32:37.601 ERROR Collision Array:  
22:32:37.601 ERROR Health: 0.7783333333333335 
22:32:37.601 WARN  Ghost removed successfully. 
22:32:37.601 ERROR [ERROR] A ghost has been found! 
22:32:37.601 ERROR Type: Commander 
22:32:37.601 ERROR Position: (4857.990863216953, 4380.346677792088) 
22:32:37.601 ERROR Collision Array:  
22:32:37.601 ERROR Health: 0.7783333333333335 
22:32:37.601 WARN  Ghost removed successfully. 
22:32:37.601 ERROR [ERROR] A ghost has been found! 
22:32:37.601 ERROR Type: Commander 
22:32:37.601 ERROR Position: (4857.990863216953, 4380.346677792088) 
22:32:37.601 ERROR Collision Array:  
22:32:37.601 ERROR Health: 0.7783333333333335 
22:32:37.601 WARN  Ghost removed successfully. 
22:34:38.624 WARN  ~~ LOOPS: 12. ENTITY #: 507//352. VIEW #: 9. BACKLOGGED :: 140.500%! ~~ 
22:34:44.801 WARN  ~~ LOOPS: 13. ENTITY #: 497//416. VIEW #: 9. BACKLOGGED :: 104.077%! ~~ 
22:36:07.520 WARN  ~~ LOOPS: 13. ENTITY #: 498//305. VIEW #: 9. BACKLOGGED :: 114.462%! ~~ 
22:36:25.927 WARN  ~~ LOOPS: 15. ENTITY #: 462//240. VIEW #: 9. BACKLOGGED :: 100.200%! ~~ 
22:37:38.364 WARN  ~~ LOOPS: 12. ENTITY #: 708//455. VIEW #: 9. BACKLOGGED :: 110.500%! ~~ 
22:37:39.519 WARN  ~~ LOOPS: 9. ENTITY #: 735//500. VIEW #: 9. BACKLOGGED :: 200.000%! ~~ 
22:37:40.548 WARN  ~~ LOOPS: 10. ENTITY #: 723//505. VIEW #: 9. BACKLOGGED :: 158.100%! ~~ 
22:37:41.569 WARN  ~~ LOOPS: 9. ENTITY #: 711//498. VIEW #: 9. BACKLOGGED :: 149.333%! ~~ 
22:37:42.592 WARN  ~~ LOOPS: 9. ENTITY #: 653//454. VIEW #: 9. BACKLOGGED :: 183.000%! ~~ 
22:37:43.720 WARN  ~~ LOOPS: 6. ENTITY #: 637//432. VIEW #: 9. BACKLOGGED :: 258.000%! ~~ 
22:37:44.748 WARN  ~~ LOOPS: 12. ENTITY #: 455//358. VIEW #: 9. BACKLOGGED :: 153.500%! ~~ 
22:39:49.405 WARN  ~~ LOOPS: 14. ENTITY #: 456//249. VIEW #: 8. BACKLOGGED :: 110.143%! ~~ 
22:48:28.176 WARN  ~~ LOOPS: 13. ENTITY #: 494//225. VIEW #: 8. BACKLOGGED :: 103.385%! ~~ 
22:48:42.514 WARN  ~~ LOOPS: 10. ENTITY #: 474//252. VIEW #: 8. BACKLOGGED :: 138.900%! ~~ 
22:48:43.537 WARN  ~~ LOOPS: 14. ENTITY #: 458//245. VIEW #: 8. BACKLOGGED :: 123.000%! ~~ 
22:48:44.557 WARN  ~~ LOOPS: 13. ENTITY #: 448//225. VIEW #: 8. BACKLOGGED :: 116.077%! ~~ 
22:48:52.732 WARN  ~~ LOOPS: 15. ENTITY #: 426//218. VIEW #: 8. BACKLOGGED :: 105.000%! ~~ 
22:48:53.744 WARN  ~~ LOOPS: 11. ENTITY #: 433//223. VIEW #: 8. BACKLOGGED :: 127.636%! ~~ 
22:48:55.767 WARN  ~~ LOOPS: 13. ENTITY #: 445//219. VIEW #: 8. BACKLOGGED :: 108.000%! ~~ 
22:48:58.810 WARN  ~~ LOOPS: 12. ENTITY #: 450//215. VIEW #: 8. BACKLOGGED :: 142.750%! ~~ 
22:48:59.826 WARN  ~~ LOOPS: 14. ENTITY #: 447//209. VIEW #: 8. BACKLOGGED :: 111.429%! ~~ 
22:49:00.838 WARN  ~~ LOOPS: 14. ENTITY #: 436//189. VIEW #: 8. BACKLOGGED :: 105.857%! ~~ 
22:49:02.951 WARN  ~~ LOOPS: 10. ENTITY #: 446//209. VIEW #: 8. BACKLOGGED :: 163.800%! ~~ 
22:49:04.978 WARN  ~~ LOOPS: 12. ENTITY #: 451//234. VIEW #: 8. BACKLOGGED :: 118.500%! ~~ 
22:49:05.988 WARN  ~~ LOOPS: 12. ENTITY #: 455//242. VIEW #: 8. BACKLOGGED :: 135.750%! ~~ 
22:49:06.996 WARN  ~~ LOOPS: 13. ENTITY #: 454//235. VIEW #: 8. BACKLOGGED :: 109.846%! ~~ 
22:49:09.040 WARN  ~~ LOOPS: 13. ENTITY #: 471//242. VIEW #: 8. BACKLOGGED :: 129.923%! ~~ 
22:49:10.129 WARN  ~~ LOOPS: 13. ENTITY #: 482//264. VIEW #: 8. BACKLOGGED :: 130.385%! ~~ 
22:49:11.143 WARN  ~~ LOOPS: 12. ENTITY #: 480//260. VIEW #: 8. BACKLOGGED :: 138.500%! ~~ 
22:49:12.152 WARN  ~~ LOOPS: 13. ENTITY #: 479//242. VIEW #: 8. BACKLOGGED :: 117.000%! ~~ 
22:49:13.165 WARN  ~~ LOOPS: 10. ENTITY #: 475//228. VIEW #: 8. BACKLOGGED :: 154.200%! ~~ 
22:49:14.195 WARN  ~~ LOOPS: 13. ENTITY #: 478//209. VIEW #: 8. BACKLOGGED :: 119.077%! ~~ 
22:49:15.206 WARN  ~~ LOOPS: 14. ENTITY #: 478//192. VIEW #: 8. BACKLOGGED :: 104.357%! ~~ 
22:49:16.215 WARN  ~~ LOOPS: 14. ENTITY #: 486//192. VIEW #: 8. BACKLOGGED :: 112.714%! ~~ 
22:49:21.352 WARN  ~~ LOOPS: 13. ENTITY #: 463//187. VIEW #: 8. BACKLOGGED :: 129.000%! ~~ 
22:49:22.368 WARN  ~~ LOOPS: 12. ENTITY #: 472//186. VIEW #: 8. BACKLOGGED :: 112.000%! ~~ 
22:49:23.402 WARN  ~~ LOOPS: 13. ENTITY #: 479//196. VIEW #: 8. BACKLOGGED :: 122.769%! ~~ 
22:49:24.412 WARN  ~~ LOOPS: 12. ENTITY #: 480//210. VIEW #: 8. BACKLOGGED :: 137.250%! ~~ 
22:49:25.527 WARN  ~~ LOOPS: 12. ENTITY #: 485//221. VIEW #: 8. BACKLOGGED :: 149.500%! ~~ 
22:49:26.536 WARN  ~~ LOOPS: 12. ENTITY #: 478//222. VIEW #: 8. BACKLOGGED :: 141.500%! ~~ 
22:49:27.551 WARN  ~~ LOOPS: 12. ENTITY #: 478//228. VIEW #: 8. BACKLOGGED :: 142.500%! ~~ 
22:49:28.581 WARN  ~~ LOOPS: 11. ENTITY #: 481//232. VIEW #: 8. BACKLOGGED :: 181.364%! ~~ 
22:49:29.599 WARN  ~~ LOOPS: 11. ENTITY #: 479//232. VIEW #: 8. BACKLOGGED :: 176.182%! ~~ 
22:49:30.601 WARN  ~~ LOOPS: 11. ENTITY #: 483//237. VIEW #: 8. BACKLOGGED :: 147.000%! ~~ 
22:49:31.602 WARN  ~~ LOOPS: 11. ENTITY #: 479//230. VIEW #: 8. BACKLOGGED :: 159.545%! ~~ 
22:49:32.613 WARN  ~~ LOOPS: 11. ENTITY #: 479//219. VIEW #: 8. BACKLOGGED :: 163.636%! ~~ 
22:49:33.713 WARN  ~~ LOOPS: 13. ENTITY #: 465//212. VIEW #: 8. BACKLOGGED :: 124.846%! ~~ 
22:49:34.757 WARN  ~~ LOOPS: 10. ENTITY #: 463//205. VIEW #: 8. BACKLOGGED :: 115.800%! ~~ 
22:49:35.758 WARN  ~~ LOOPS: 12. ENTITY #: 439//195. VIEW #: 8. BACKLOGGED :: 143.000%! ~~ 
22:49:36.759 WARN  ~~ LOOPS: 13. ENTITY #: 433//182. VIEW #: 8. BACKLOGGED :: 116.308%! ~~ 
22:49:38.796 WARN  ~~ LOOPS: 14. ENTITY #: 447//178. VIEW #: 8. BACKLOGGED :: 116.571%! ~~ 
22:49:39.809 WARN  ~~ LOOPS: 13. ENTITY #: 454//179. VIEW #: 8. BACKLOGGED :: 128.769%! ~~ 
22:49:40.821 WARN  ~~ LOOPS: 13. ENTITY #: 454//193. VIEW #: 8. BACKLOGGED :: 123.923%! ~~ 
22:49:41.915 WARN  ~~ LOOPS: 13. ENTITY #: 457//208. VIEW #: 8. BACKLOGGED :: 142.615%! ~~ 
22:49:42.936 WARN  ~~ LOOPS: 13. ENTITY #: 460//207. VIEW #: 8. BACKLOGGED :: 129.923%! ~~ 
22:49:43.952 WARN  ~~ LOOPS: 13. ENTITY #: 455//200. VIEW #: 8. BACKLOGGED :: 125.538%! ~~ 
22:49:44.963 WARN  ~~ LOOPS: 12. ENTITY #: 448//193. VIEW #: 8. BACKLOGGED :: 149.000%! ~~ 
22:49:45.975 WARN  ~~ LOOPS: 11. ENTITY #: 442//187. VIEW #: 8. BACKLOGGED :: 143.727%! ~~ 
22:49:46.997 WARN  ~~ LOOPS: 13. ENTITY #: 442//184. VIEW #: 8. BACKLOGGED :: 129.692%! ~~ 
22:49:48.007 WARN  ~~ LOOPS: 12. ENTITY #: 424//181. VIEW #: 8. BACKLOGGED :: 147.750%! ~~ 
22:49:49.036 WARN  ~~ LOOPS: 13. ENTITY #: 423//187. VIEW #: 8. BACKLOGGED :: 122.077%! ~~ 
22:49:50.127 WARN  ~~ LOOPS: 14. ENTITY #: 426//195. VIEW #: 8. BACKLOGGED :: 118.071%! ~~ 
22:49:51.136 WARN  ~~ LOOPS: 12. ENTITY #: 432//204. VIEW #: 8. BACKLOGGED :: 150.750%! ~~ 
22:49:52.147 WARN  ~~ LOOPS: 12. ENTITY #: 437//215. VIEW #: 8. BACKLOGGED :: 152.500%! ~~ 
22:49:53.156 WARN  ~~ LOOPS: 12. ENTITY #: 433//211. VIEW #: 8. BACKLOGGED :: 141.500%! ~~ 
22:49:54.184 WARN  ~~ LOOPS: 12. ENTITY #: 420//207. VIEW #: 8. BACKLOGGED :: 161.500%! ~~ 
22:49:55.193 WARN  ~~ LOOPS: 11. ENTITY #: 416//191. VIEW #: 8. BACKLOGGED :: 160.364%! ~~ 
22:49:56.205 WARN  ~~ LOOPS: 12. ENTITY #: 414//183. VIEW #: 8. BACKLOGGED :: 142.250%! ~~ 
22:49:57.313 WARN  ~~ LOOPS: 13. ENTITY #: 406//183. VIEW #: 8. BACKLOGGED :: 124.846%! ~~ 
22:50:00.332 WARN  ~~ LOOPS: 12. ENTITY #: 401//115. VIEW #: 8. BACKLOGGED :: 143.250%! ~~ 
22:50:14.530 WARN  ~~ LOOPS: 15. ENTITY #: 400//128. VIEW #: 8. BACKLOGGED :: 104.200%! ~~ 
22:50:15.539 WARN  ~~ LOOPS: 15. ENTITY #: 397//127. VIEW #: 8. BACKLOGGED :: 100.800%! ~~ 
22:50:16.549 WARN  ~~ LOOPS: 14. ENTITY #: 397//132. VIEW #: 8. BACKLOGGED :: 115.929%! ~~ 
22:50:17.560 WARN  ~~ LOOPS: 13. ENTITY #: 404//134. VIEW #: 8. BACKLOGGED :: 128.769%! ~~ 
22:50:18.569 WARN  ~~ LOOPS: 13. ENTITY #: 407//151. VIEW #: 8. BACKLOGGED :: 130.615%! ~~ 
22:50:20.596 WARN  ~~ LOOPS: 12. ENTITY #: 405//154. VIEW #: 8. BACKLOGGED :: 149.500%! ~~ 
22:50:21.604 WARN  ~~ LOOPS: 12. ENTITY #: 404//145. VIEW #: 8. BACKLOGGED :: 141.500%! ~~ 
22:50:22.633 WARN  ~~ LOOPS: 13. ENTITY #: 407//154. VIEW #: 8. BACKLOGGED :: 139.154%! ~~ 
22:50:23.713 WARN  ~~ LOOPS: 12. ENTITY #: 408//153. VIEW #: 8. BACKLOGGED :: 152.500%! ~~ 
22:50:24.728 WARN  ~~ LOOPS: 13. ENTITY #: 406//147. VIEW #: 8. BACKLOGGED :: 130.385%! ~~ 
22:50:25.739 WARN  ~~ LOOPS: 12. ENTITY #: 409//143. VIEW #: 8. BACKLOGGED :: 138.750%! ~~ 
22:50:26.755 WARN  ~~ LOOPS: 13. ENTITY #: 400//145. VIEW #: 8. BACKLOGGED :: 112.846%! ~~ 
22:50:27.791 WARN  ~~ LOOPS: 14. ENTITY #: 402//147. VIEW #: 8. BACKLOGGED :: 126.429%! ~~ 
22:50:28.799 WARN  ~~ LOOPS: 13. ENTITY #: 405//152. VIEW #: 8. BACKLOGGED :: 123.692%! ~~ 
22:50:29.830 WARN  ~~ LOOPS: 13. ENTITY #: 406//144. VIEW #: 8. BACKLOGGED :: 122.077%! ~~ 
22:50:31.928 WARN  ~~ LOOPS: 15. ENTITY #: 408//129. VIEW #: 8. BACKLOGGED :: 118.800%! ~~ 
22:50:32.937 WARN  ~~ LOOPS: 13. ENTITY #: 406//131. VIEW #: 8. BACKLOGGED :: 113.077%! ~~ 
22:50:33.940 WARN  ~~ LOOPS: 14. ENTITY #: 412//129. VIEW #: 8. BACKLOGGED :: 104.143%! ~~ 
22:50:34.951 WARN  ~~ LOOPS: 14. ENTITY #: 414//135. VIEW #: 8. BACKLOGGED :: 100.929%! ~~ 
22:50:35.961 WARN  ~~ LOOPS: 13. ENTITY #: 416//137. VIEW #: 8. BACKLOGGED :: 123.231%! ~~ 
22:50:36.980 WARN  ~~ LOOPS: 13. ENTITY #: 426//147. VIEW #: 8. BACKLOGGED :: 110.538%! ~~ 
22:50:37.997 WARN  ~~ LOOPS: 13. ENTITY #: 430//154. VIEW #: 8. BACKLOGGED :: 118.154%! ~~ 
22:50:39.011 WARN  ~~ LOOPS: 12. ENTITY #: 440//158. VIEW #: 8. BACKLOGGED :: 129.250%! ~~ 
22:50:40.114 WARN  ~~ LOOPS: 9. ENTITY #: 438//151. VIEW #: 8. BACKLOGGED :: 144.333%! ~~ 
22:50:41.151 WARN  ~~ LOOPS: 13. ENTITY #: 437//160. VIEW #: 8. BACKLOGGED :: 123.231%! ~~ 
22:50:42.169 WARN  ~~ LOOPS: 11. ENTITY #: 443//154. VIEW #: 8. BACKLOGGED :: 171.000%! ~~ 
22:50:43.314 WARN  ~~ LOOPS: 10. ENTITY #: 446//165. VIEW #: 8. BACKLOGGED :: 230.700%! ~~ 
22:50:44.346 WARN  ~~ LOOPS: 10. ENTITY #: 448//164. VIEW #: 8. BACKLOGGED :: 184.200%! ~~ 
22:50:45.353 WARN  ~~ LOOPS: 9. ENTITY #: 447//160. VIEW #: 7. BACKLOGGED :: 234.667%! ~~ 
22:50:46.386 WARN  ~~ LOOPS: 9. ENTITY #: 456//177. VIEW #: 7. BACKLOGGED :: 222.333%! ~~ 
22:50:47.398 WARN  ~~ LOOPS: 9. ENTITY #: 451//190. VIEW #: 7. BACKLOGGED :: 235.333%! ~~ 
22:50:48.527 WARN  ~~ LOOPS: 9. ENTITY #: 450//223. VIEW #: 7. BACKLOGGED :: 275.000%! ~~ 
22:50:49.551 WARN  ~~ LOOPS: 9. ENTITY #: 452//222. VIEW #: 7. BACKLOGGED :: 220.000%! ~~ 
22:50:50.584 WARN  ~~ LOOPS: 9. ENTITY #: 451//228. VIEW #: 7. BACKLOGGED :: 200.000%! ~~ 
22:50:51.735 WARN  ~~ LOOPS: 10. ENTITY #: 453//217. VIEW #: 7. BACKLOGGED :: 246.000%! ~~ 
22:50:52.746 WARN  ~~ LOOPS: 9. ENTITY #: 454//226. VIEW #: 7. BACKLOGGED :: 235.667%! ~~ 
22:50:53.753 WARN  ~~ LOOPS: 9. ENTITY #: 451//216. VIEW #: 6. BACKLOGGED :: 186.000%! ~~ 
22:50:54.762 WARN  ~~ LOOPS: 9. ENTITY #: 451//224. VIEW #: 6. BACKLOGGED :: 211.000%! ~~ 
22:50:55.762 WARN  ~~ LOOPS: 8. ENTITY #: 451//214. VIEW #: 6. BACKLOGGED :: 267.750%! ~~ 
22:50:56.767 WARN  ~~ LOOPS: 8. ENTITY #: 456//224. VIEW #: 6. BACKLOGGED :: 277.125%! ~~ 
22:50:57.777 WARN  ~~ LOOPS: 9. ENTITY #: 456//212. VIEW #: 6. BACKLOGGED :: 236.333%! ~~ 
22:50:58.821 WARN  ~~ LOOPS: 9. ENTITY #: 455//217. VIEW #: 6. BACKLOGGED :: 229.000%! ~~ 
22:50:59.829 WARN  ~~ LOOPS: 9. ENTITY #: 452//206. VIEW #: 6. BACKLOGGED :: 184.333%! ~~ 
22:51:00.942 WARN  ~~ LOOPS: 11. ENTITY #: 452//179. VIEW #: 6. BACKLOGGED :: 188.727%! ~~ 
22:51:01.963 WARN  ~~ LOOPS: 9. ENTITY #: 450//176. VIEW #: 6. BACKLOGGED :: 184.333%! ~~ 
22:51:02.977 WARN  ~~ LOOPS: 10. ENTITY #: 448//157. VIEW #: 6. BACKLOGGED :: 176.700%! ~~ 
22:51:03.993 WARN  ~~ LOOPS: 11. ENTITY #: 455//166. VIEW #: 7. BACKLOGGED :: 181.364%! ~~ 
22:51:05.003 WARN  ~~ LOOPS: 11. ENTITY #: 452//164. VIEW #: 7. BACKLOGGED :: 174.273%! ~~ 
22:51:06.013 WARN  ~~ LOOPS: 10. ENTITY #: 457//159. VIEW #: 7. BACKLOGGED :: 204.000%! ~~ 
22:51:07.051 WARN  ~~ LOOPS: 11. ENTITY #: 460//168. VIEW #: 7. BACKLOGGED :: 182.182%! ~~ 
22:51:08.130 WARN  ~~ LOOPS: 11. ENTITY #: 463//159. VIEW #: 7. BACKLOGGED :: 162.818%! ~~ 
22:51:09.142 WARN  ~~ LOOPS: 11. ENTITY #: 457//163. VIEW #: 7. BACKLOGGED :: 174.818%! ~~ 
22:51:10.154 WARN  ~~ LOOPS: 11. ENTITY #: 456//166. VIEW #: 7. BACKLOGGED :: 140.182%! ~~ 
22:51:11.185 WARN  ~~ LOOPS: 12. ENTITY #: 461//155. VIEW #: 7. BACKLOGGED :: 148.750%! ~~ 
22:51:11.541 WARN  Malformed command packet! Kicking player and giving 1 warning. 
22:51:11.726 WARN  Malformed command packet! Kicking. Player now has 2 warnings. 
22:51:12.211 WARN  ~~ LOOPS: 12. ENTITY #: 460//163. VIEW #: 7. BACKLOGGED :: 156.500%! ~~ 
22:51:13.224 WARN  ~~ LOOPS: 10. ENTITY #: 461//164. VIEW #: 6. BACKLOGGED :: 170.100%! ~~ 
22:51:14.235 WARN  ~~ LOOPS: 11. ENTITY #: 458//152. VIEW #: 6. BACKLOGGED :: 166.091%! ~~ 
22:51:15.340 WARN  ~~ LOOPS: 11. ENTITY #: 458//159. VIEW #: 6. BACKLOGGED :: 204.818%! ~~ 
22:51:16.356 WARN  ~~ LOOPS: 11. ENTITY #: 460//156. VIEW #: 6. BACKLOGGED :: 171.818%! ~~ 
22:51:17.367 WARN  ~~ LOOPS: 11. ENTITY #: 461//146. VIEW #: 6. BACKLOGGED :: 149.455%! ~~ 
22:51:18.378 WARN  ~~ LOOPS: 11. ENTITY #: 462//154. VIEW #: 6. BACKLOGGED :: 154.364%! ~~ 
22:51:19.404 WARN  ~~ LOOPS: 12. ENTITY #: 463//149. VIEW #: 6. BACKLOGGED :: 150.000%! ~~ 
22:51:20.414 WARN  ~~ LOOPS: 12. ENTITY #: 461//137. VIEW #: 6. BACKLOGGED :: 153.500%! ~~ 
22:51:21.518 WARN  ~~ LOOPS: 9. ENTITY #: 464//145. VIEW #: 6. BACKLOGGED :: 151.667%! ~~ 
22:51:22.545 WARN  ~~ LOOPS: 13. ENTITY #: 450//129. VIEW #: 6. BACKLOGGED :: 141.462%! ~~ 
22:51:23.557 WARN  ~~ LOOPS: 12. ENTITY #: 452//122. VIEW #: 6. BACKLOGGED :: 139.250%! ~~ 
22:51:24.594 WARN  ~~ LOOPS: 12. ENTITY #: 462//134. VIEW #: 6. BACKLOGGED :: 162.500%! ~~ 
22:51:25.609 WARN  ~~ LOOPS: 11. ENTITY #: 459//140. VIEW #: 6. BACKLOGGED :: 171.000%! ~~ 
22:51:26.616 WARN  ~~ LOOPS: 11. ENTITY #: 458//133. VIEW #: 5. BACKLOGGED :: 171.273%! ~~ 
22:51:27.790 WARN  ~~ LOOPS: 11. ENTITY #: 455//150. VIEW #: 5. BACKLOGGED :: 208.091%! ~~ 
22:51:28.801 WARN  ~~ LOOPS: 9. ENTITY #: 453//147. VIEW #: 5. BACKLOGGED :: 199.667%! ~~ 
22:56:04.152 WARN  ~~ LOOPS: 14. ENTITY #: 547//338. VIEW #: 7. BACKLOGGED :: 106.286%! ~~ 
23:03:40.655 ERROR [ERROR] A ghost has been found! 
23:03:40.656 ERROR Type: Basic 
23:03:40.656 ERROR Position: (5044.6743737703755, 5186.009081959158) 
23:03:40.656 ERROR Collision Array:  
23:03:40.656 ERROR Health: 0.44833333333333325 
23:03:40.656 WARN  Ghost removed successfully. 
23:08:57.450 ERROR [ERROR] A ghost entity has been found! 
23:08:57.450 ERROR Type: Rifle 
23:08:57.450 ERROR Position: (5333.221512050985, 4559.539910727465) 
23:08:57.450 ERROR Collision Array:  
23:08:57.450 ERROR Health: 0.7783333333333335 
23:08:57.450 WARN  Ghost entity removed successfully. 
23:49:58.966 WARN  ~~ LOOPS: 14. ENTITY #: 484//304. VIEW #: 8. BACKLOGGED :: 106.500%! ~~ 

