14:20:46.818 WARN  ~~ LOOPS: 15. ENTITY #: 474//125. VIEW #: 5. BACKLOGGED :: 100.600%! ~~ 
14:20:47.847 WARN  ~~ LOOPS: 15. ENTITY #: 477//129. VIEW #: 5. BACKLOGGED :: 109.600%! ~~ 
14:20:48.860 WARN  ~~ LOOPS: 14. ENTITY #: 474//136. VIEW #: 5. BACKLOGGED :: 117.214%! ~~ 
14:20:49.868 WARN  ~~ LOOPS: 14. ENTITY #: 471//135. VIEW #: 5. BACKLOGGED :: 116.357%! ~~ 
14:20:50.876 WARN  ~~ LOOPS: 14. ENTITY #: 473//134. VIEW #: 5. BACKLOGGED :: 112.929%! ~~ 
16:05:07.617 WARN  Malformed command packet! Kicking player and giving 1 warning. 
16:09:39.912 ERROR [ERROR] A ghost has been found! 
16:09:39.912 ERROR Type: Basic 
16:09:39.912 ERROR Position: (81.16666666666666, 82.16666666666666) 
16:09:39.912 ERROR Collision Array:  
16:09:39.912 ERROR Health: 0.44833333333333325 
16:09:39.912 WARN  Ghost removed successfully. 
16:49:35.629 WARN  ~~ LOOPS: 14. ENTITY #: 554//327. VIEW #: 5. BACKLOGGED :: 126.000%! ~~ 
16:49:36.719 WARN  ~~ LOOPS: 12. ENTITY #: 577//365. VIEW #: 5. BACKLOGGED :: 168.250%! ~~ 
16:49:37.736 WARN  ~~ LOOPS: 10. ENTITY #: 595//391. VIEW #: 5. BACKLOGGED :: 204.000%! ~~ 
16:49:38.775 WARN  ~~ LOOPS: 10. ENTITY #: 600//401. VIEW #: 5. BACKLOGGED :: 210.000%! ~~ 
16:49:39.859 WARN  ~~ LOOPS: 11. ENTITY #: 587//391. VIEW #: 5. BACKLOGGED :: 193.364%! ~~ 
16:49:40.922 WARN  ~~ LOOPS: 13. ENTITY #: 595//374. VIEW #: 5. BACKLOGGED :: 145.846%! ~~ 
16:49:41.942 WARN  ~~ LOOPS: 13. ENTITY #: 593//372. VIEW #: 5. BACKLOGGED :: 132.462%! ~~ 
16:49:42.943 WARN  ~~ LOOPS: 13. ENTITY #: 591//368. VIEW #: 5. BACKLOGGED :: 124.385%! ~~ 
16:49:43.950 WARN  ~~ LOOPS: 14. ENTITY #: 571//356. VIEW #: 5. BACKLOGGED :: 116.143%! ~~ 
16:50:23.634 WARN  ~~ LOOPS: 15. ENTITY #: 558//315. VIEW #: 5. BACKLOGGED :: 102.400%! ~~ 
16:50:24.651 WARN  ~~ LOOPS: 13. ENTITY #: 568//334. VIEW #: 5. BACKLOGGED :: 131.308%! ~~ 
16:50:25.683 WARN  ~~ LOOPS: 12. ENTITY #: 567//331. VIEW #: 5. BACKLOGGED :: 153.500%! ~~ 
16:50:26.715 WARN  ~~ LOOPS: 13. ENTITY #: 501//294. VIEW #: 5. BACKLOGGED :: 140.538%! ~~ 
16:50:32.849 WARN  ~~ LOOPS: 15. ENTITY #: 559//433. VIEW #: 5. BACKLOGGED :: 102.200%! ~~ 
16:50:33.901 WARN  ~~ LOOPS: 15. ENTITY #: 589//458. VIEW #: 5. BACKLOGGED :: 105.200%! ~~ 
16:50:34.961 WARN  ~~ LOOPS: 15. ENTITY #: 619//492. VIEW #: 5. BACKLOGGED :: 114.200%! ~~ 
16:50:35.962 WARN  ~~ LOOPS: 13. ENTITY #: 629//527. VIEW #: 5. BACKLOGGED :: 121.846%! ~~ 
16:50:37.024 WARN  ~~ LOOPS: 14. ENTITY #: 629//538. VIEW #: 5. BACKLOGGED :: 129.214%! ~~ 
16:50:38.048 WARN  ~~ LOOPS: 13. ENTITY #: 630//537. VIEW #: 5. BACKLOGGED :: 130.615%! ~~ 
16:50:39.115 WARN  ~~ LOOPS: 14. ENTITY #: 631//534. VIEW #: 5. BACKLOGGED :: 124.071%! ~~ 
16:50:40.135 WARN  ~~ LOOPS: 14. ENTITY #: 633//524. VIEW #: 5. BACKLOGGED :: 117.214%! ~~ 
16:50:41.192 WARN  ~~ LOOPS: 14. ENTITY #: 635//511. VIEW #: 5. BACKLOGGED :: 118.714%! ~~ 
16:50:42.232 WARN  ~~ LOOPS: 14. ENTITY #: 633//497. VIEW #: 5. BACKLOGGED :: 123.857%! ~~ 
16:50:43.233 WARN  ~~ LOOPS: 13. ENTITY #: 632//487. VIEW #: 5. BACKLOGGED :: 123.692%! ~~ 
16:50:44.281 WARN  ~~ LOOPS: 14. ENTITY #: 626//481. VIEW #: 5. BACKLOGGED :: 123.000%! ~~ 
16:50:45.335 WARN  ~~ LOOPS: 16. ENTITY #: 567//421. VIEW #: 5. BACKLOGGED :: 100.313%! ~~ 
16:52:10.494 WARN  ~~ LOOPS: 14. ENTITY #: 626//324. VIEW #: 5. BACKLOGGED :: 122.143%! ~~ 
16:52:11.532 WARN  ~~ LOOPS: 13. ENTITY #: 650//352. VIEW #: 5. BACKLOGGED :: 138.231%! ~~ 
16:52:12.603 WARN  ~~ LOOPS: 12. ENTITY #: 670//374. VIEW #: 5. BACKLOGGED :: 151.750%! ~~ 
16:52:13.609 WARN  ~~ LOOPS: 11. ENTITY #: 688//395. VIEW #: 5. BACKLOGGED :: 166.364%! ~~ 
16:52:14.641 WARN  ~~ LOOPS: 11. ENTITY #: 708//414. VIEW #: 5. BACKLOGGED :: 175.091%! ~~ 
16:52:15.755 WARN  ~~ LOOPS: 11. ENTITY #: 727//432. VIEW #: 5. BACKLOGGED :: 198.000%! ~~ 
16:52:16.807 WARN  ~~ LOOPS: 9. ENTITY #: 744//452. VIEW #: 5. BACKLOGGED :: 235.000%! ~~ 
16:52:17.937 WARN  ~~ LOOPS: 9. ENTITY #: 761//467. VIEW #: 5. BACKLOGGED :: 269.000%! ~~ 
16:52:19.013 WARN  ~~ LOOPS: 8. ENTITY #: 777//488. VIEW #: 5. BACKLOGGED :: 297.000%! ~~ 
16:52:20.068 WARN  ~~ LOOPS: 7. ENTITY #: 790//499. VIEW #: 5. BACKLOGGED :: 346.286%! ~~ 
16:52:21.174 WARN  ~~ LOOPS: 7. ENTITY #: 803//511. VIEW #: 5. BACKLOGGED :: 359.571%! ~~ 
16:52:22.269 WARN  ~~ LOOPS: 6. ENTITY #: 815//525. VIEW #: 5. BACKLOGGED :: 434.000%! ~~ 
16:52:23.422 WARN  ~~ LOOPS: 7. ENTITY #: 828//538. VIEW #: 5. BACKLOGGED :: 390.000%! ~~ 
16:52:24.454 WARN  ~~ LOOPS: 6. ENTITY #: 840//555. VIEW #: 5. BACKLOGGED :: 399.500%! ~~ 
16:52:25.533 WARN  ~~ LOOPS: 6. ENTITY #: 851//566. VIEW #: 5. BACKLOGGED :: 420.000%! ~~ 
16:52:26.575 WARN  ~~ LOOPS: 6. ENTITY #: 863//580. VIEW #: 5. BACKLOGGED :: 416.500%! ~~ 
16:52:27.624 WARN  ~~ LOOPS: 6. ENTITY #: 875//598. VIEW #: 5. BACKLOGGED :: 417.000%! ~~ 
16:52:28.683 WARN  ~~ LOOPS: 6. ENTITY #: 885//610. VIEW #: 5. BACKLOGGED :: 420.000%! ~~ 
16:52:29.796 WARN  ~~ LOOPS: 6. ENTITY #: 889//617. VIEW #: 5. BACKLOGGED :: 422.000%! ~~ 
16:52:30.936 WARN  ~~ LOOPS: 6. ENTITY #: 893//618. VIEW #: 5. BACKLOGGED :: 461.000%! ~~ 
16:52:32.046 WARN  ~~ LOOPS: 6. ENTITY #: 900//624. VIEW #: 5. BACKLOGGED :: 444.000%! ~~ 
16:52:33.237 WARN  ~~ LOOPS: 7. ENTITY #: 907//629. VIEW #: 5. BACKLOGGED :: 403.286%! ~~ 
16:52:34.353 WARN  ~~ LOOPS: 6. ENTITY #: 902//631. VIEW #: 5. BACKLOGGED :: 438.000%! ~~ 
16:52:35.416 WARN  ~~ LOOPS: 6. ENTITY #: 898//625. VIEW #: 5. BACKLOGGED :: 421.000%! ~~ 
16:52:36.468 WARN  ~~ LOOPS: 6. ENTITY #: 899//628. VIEW #: 5. BACKLOGGED :: 402.000%! ~~ 
16:52:37.606 WARN  ~~ LOOPS: 7. ENTITY #: 900//628. VIEW #: 5. BACKLOGGED :: 384.000%! ~~ 
16:52:38.660 WARN  ~~ LOOPS: 6. ENTITY #: 901//632. VIEW #: 5. BACKLOGGED :: 406.000%! ~~ 
16:52:39.814 WARN  ~~ LOOPS: 7. ENTITY #: 901//635. VIEW #: 5. BACKLOGGED :: 387.857%! ~~ 
16:52:40.862 WARN  ~~ LOOPS: 6. ENTITY #: 901//639. VIEW #: 5. BACKLOGGED :: 392.000%! ~~ 
16:52:42.044 WARN  ~~ LOOPS: 7. ENTITY #: 902//642. VIEW #: 5. BACKLOGGED :: 382.286%! ~~ 
16:52:43.199 WARN  ~~ LOOPS: 7. ENTITY #: 896//643. VIEW #: 5. BACKLOGGED :: 390.000%! ~~ 
16:52:44.354 WARN  ~~ LOOPS: 7. ENTITY #: 882//632. VIEW #: 5. BACKLOGGED :: 385.286%! ~~ 
16:52:45.517 WARN  ~~ LOOPS: 7. ENTITY #: 868//622. VIEW #: 5. BACKLOGGED :: 391.286%! ~~ 
16:52:46.560 WARN  ~~ LOOPS: 6. ENTITY #: 858//610. VIEW #: 5. BACKLOGGED :: 389.000%! ~~ 
16:52:47.685 WARN  ~~ LOOPS: 7. ENTITY #: 844//603. VIEW #: 5. BACKLOGGED :: 375.429%! ~~ 
16:52:48.821 WARN  ~~ LOOPS: 7. ENTITY #: 831//589. VIEW #: 5. BACKLOGGED :: 378.857%! ~~ 
16:52:49.922 WARN  ~~ LOOPS: 7. ENTITY #: 817//579. VIEW #: 5. BACKLOGGED :: 367.286%! ~~ 
16:52:51.035 WARN  ~~ LOOPS: 7. ENTITY #: 803//573. VIEW #: 5. BACKLOGGED :: 360.857%! ~~ 
16:52:52.112 WARN  ~~ LOOPS: 7. ENTITY #: 790//560. VIEW #: 5. BACKLOGGED :: 357.000%! ~~ 
16:52:53.169 WARN  ~~ LOOPS: 7. ENTITY #: 776//553. VIEW #: 5. BACKLOGGED :: 351.429%! ~~ 
16:52:54.219 WARN  ~~ LOOPS: 7. ENTITY #: 763//541. VIEW #: 5. BACKLOGGED :: 343.714%! ~~ 
16:52:55.287 WARN  ~~ LOOPS: 7. ENTITY #: 749//532. VIEW #: 5. BACKLOGGED :: 342.429%! ~~ 
16:52:56.414 WARN  ~~ LOOPS: 8. ENTITY #: 734//519. VIEW #: 5. BACKLOGGED :: 323.250%! ~~ 
16:52:57.497 WARN  ~~ LOOPS: 8. ENTITY #: 718//506. VIEW #: 5. BACKLOGGED :: 305.250%! ~~ 
16:52:58.602 WARN  ~~ LOOPS: 9. ENTITY #: 700//493. VIEW #: 5. BACKLOGGED :: 268.333%! ~~ 
16:52:59.642 WARN  ~~ LOOPS: 9. ENTITY #: 684//478. VIEW #: 5. BACKLOGGED :: 245.333%! ~~ 
16:53:00.678 WARN  ~~ LOOPS: 9. ENTITY #: 667//466. VIEW #: 5. BACKLOGGED :: 239.000%! ~~ 
16:53:01.764 WARN  ~~ LOOPS: 10. ENTITY #: 653//452. VIEW #: 5. BACKLOGGED :: 228.000%! ~~ 
16:53:02.794 WARN  ~~ LOOPS: 10. ENTITY #: 644//443. VIEW #: 5. BACKLOGGED :: 198.300%! ~~ 
16:53:03.889 WARN  ~~ LOOPS: 11. ENTITY #: 632//441. VIEW #: 5. BACKLOGGED :: 194.455%! ~~ 
16:53:04.959 WARN  ~~ LOOPS: 12. ENTITY #: 619//431. VIEW #: 5. BACKLOGGED :: 169.000%! ~~ 
16:53:06.025 WARN  ~~ LOOPS: 13. ENTITY #: 606//415. VIEW #: 5. BACKLOGGED :: 145.154%! ~~ 
16:53:07.044 WARN  ~~ LOOPS: 12. ENTITY #: 577//389. VIEW #: 5. BACKLOGGED :: 149.000%! ~~ 
16:53:08.088 WARN  ~~ LOOPS: 13. ENTITY #: 557//359. VIEW #: 5. BACKLOGGED :: 138.000%! ~~ 
16:53:09.113 WARN  ~~ LOOPS: 15. ENTITY #: 530//331. VIEW #: 5. BACKLOGGED :: 107.200%! ~~ 
19:26:51.405 WARN  ~~ LOOPS: 15. ENTITY #: 587//344. VIEW #: 3. BACKLOGGED :: 107.200%! ~~ 
19:26:52.430 WARN  ~~ LOOPS: 13. ENTITY #: 606//374. VIEW #: 3. BACKLOGGED :: 133.615%! ~~ 
19:27:00.611 WARN  ~~ LOOPS: 16. ENTITY #: 637//308. VIEW #: 3. BACKLOGGED :: 102.750%! ~~ 
19:27:43.635 WARN  ~~ LOOPS: 15. ENTITY #: 653//340. VIEW #: 3. BACKLOGGED :: 103.800%! ~~ 
19:27:44.686 WARN  ~~ LOOPS: 15. ENTITY #: 653//349. VIEW #: 3. BACKLOGGED :: 109.400%! ~~ 
19:27:45.703 WARN  ~~ LOOPS: 14. ENTITY #: 654//358. VIEW #: 3. BACKLOGGED :: 111.857%! ~~ 
19:27:46.764 WARN  ~~ LOOPS: 15. ENTITY #: 653//362. VIEW #: 3. BACKLOGGED :: 116.600%! ~~ 
19:27:47.766 WARN  ~~ LOOPS: 14. ENTITY #: 653//367. VIEW #: 3. BACKLOGGED :: 109.929%! ~~ 
19:27:48.827 WARN  ~~ LOOPS: 14. ENTITY #: 652//370. VIEW #: 3. BACKLOGGED :: 128.571%! ~~ 
19:27:49.884 WARN  ~~ LOOPS: 14. ENTITY #: 650//368. VIEW #: 3. BACKLOGGED :: 126.857%! ~~ 
19:27:50.907 WARN  ~~ LOOPS: 13. ENTITY #: 652//371. VIEW #: 3. BACKLOGGED :: 127.615%! ~~ 
19:27:54.996 WARN  ~~ LOOPS: 15. ENTITY #: 656//401. VIEW #: 3. BACKLOGGED :: 106.400%! ~~ 
19:28:03.215 WARN  ~~ LOOPS: 15. ENTITY #: 650//363. VIEW #: 3. BACKLOGGED :: 111.400%! ~~ 
19:28:04.274 WARN  ~~ LOOPS: 14. ENTITY #: 649//362. VIEW #: 3. BACKLOGGED :: 127.500%! ~~ 
19:28:05.324 WARN  ~~ LOOPS: 14. ENTITY #: 649//364. VIEW #: 3. BACKLOGGED :: 122.786%! ~~ 
19:28:06.344 WARN  ~~ LOOPS: 13. ENTITY #: 648//363. VIEW #: 3. BACKLOGGED :: 128.769%! ~~ 
19:28:07.373 WARN  ~~ LOOPS: 14. ENTITY #: 647//380. VIEW #: 3. BACKLOGGED :: 123.643%! ~~ 
19:28:08.393 WARN  ~~ LOOPS: 14. ENTITY #: 647//394. VIEW #: 3. BACKLOGGED :: 117.000%! ~~ 
19:28:09.412 WARN  ~~ LOOPS: 13. ENTITY #: 647//394. VIEW #: 3. BACKLOGGED :: 131.308%! ~~ 
19:28:10.458 WARN  ~~ LOOPS: 14. ENTITY #: 646//396. VIEW #: 3. BACKLOGGED :: 124.286%! ~~ 
19:28:11.512 WARN  ~~ LOOPS: 14. ENTITY #: 646//396. VIEW #: 3. BACKLOGGED :: 125.357%! ~~ 
19:28:12.533 WARN  ~~ LOOPS: 13. ENTITY #: 645//393. VIEW #: 3. BACKLOGGED :: 135.462%! ~~ 
19:28:13.594 WARN  ~~ LOOPS: 14. ENTITY #: 643//396. VIEW #: 3. BACKLOGGED :: 132.000%! ~~ 
19:28:14.630 WARN  ~~ LOOPS: 13. ENTITY #: 645//393. VIEW #: 3. BACKLOGGED :: 135.462%! ~~ 
19:28:22.849 WARN  ~~ LOOPS: 12. ENTITY #: 741//400. VIEW #: 3. BACKLOGGED :: 163.250%! ~~ 
19:28:23.882 WARN  ~~ LOOPS: 9. ENTITY #: 762//432. VIEW #: 3. BACKLOGGED :: 233.667%! ~~ 
19:28:24.888 WARN  ~~ LOOPS: 13. ENTITY #: 762//438. VIEW #: 3. BACKLOGGED :: 129.692%! ~~ 
19:28:26.931 WARN  ~~ LOOPS: 15. ENTITY #: 764//450. VIEW #: 3. BACKLOGGED :: 106.200%! ~~ 
19:28:27.963 WARN  ~~ LOOPS: 14. ENTITY #: 764//453. VIEW #: 3. BACKLOGGED :: 121.500%! ~~ 
19:29:35.571 WARN  ~~ LOOPS: 14. ENTITY #: 593//274. VIEW #: 5. BACKLOGGED :: 109.500%! ~~ 
19:29:38.630 WARN  ~~ LOOPS: 15. ENTITY #: 600//297. VIEW #: 5. BACKLOGGED :: 105.200%! ~~ 
19:29:40.705 WARN  ~~ LOOPS: 15. ENTITY #: 603//304. VIEW #: 5. BACKLOGGED :: 105.800%! ~~ 
19:30:00.216 WARN  ~~ LOOPS: 15. ENTITY #: 786//385. VIEW #: 5. BACKLOGGED :: 103.800%! ~~ 
19:30:01.316 WARN  ~~ LOOPS: 12. ENTITY #: 821//418. VIEW #: 5. BACKLOGGED :: 167.500%! ~~ 
19:30:02.404 WARN  ~~ LOOPS: 12. ENTITY #: 857//459. VIEW #: 5. BACKLOGGED :: 169.500%! ~~ 
19:30:05.540 WARN  ~~ LOOPS: 16. ENTITY #: 902//531. VIEW #: 5. BACKLOGGED :: 103.688%! ~~ 
19:30:06.588 WARN  ~~ LOOPS: 7. ENTITY #: 926//528. VIEW #: 4. BACKLOGGED :: 316.714%! ~~ 
19:30:07.668 WARN  ~~ LOOPS: 7. ENTITY #: 922//531. VIEW #: 4. BACKLOGGED :: 333.000%! ~~ 
19:30:08.774 WARN  ~~ LOOPS: 10. ENTITY #: 922//536. VIEW #: 4. BACKLOGGED :: 231.300%! ~~ 
19:30:09.829 WARN  ~~ LOOPS: 10. ENTITY #: 922//526. VIEW #: 4. BACKLOGGED :: 201.300%! ~~ 
19:31:25.405 WARN  ~~ LOOPS: 15. ENTITY #: 625//352. VIEW #: 4. BACKLOGGED :: 102.200%! ~~ 
19:31:51.982 WARN  ~~ LOOPS: 15. ENTITY #: 667//318. VIEW #: 4. BACKLOGGED :: 101.000%! ~~ 
19:31:54.093 WARN  ~~ LOOPS: 14. ENTITY #: 715//372. VIEW #: 4. BACKLOGGED :: 122.143%! ~~ 
19:32:32.374 WARN  ~~ LOOPS: 12. ENTITY #: 740//461. VIEW #: 3. BACKLOGGED :: 148.750%! ~~ 
19:32:33.485 WARN  ~~ LOOPS: 11. ENTITY #: 774//497. VIEW #: 3. BACKLOGGED :: 201.000%! ~~ 
19:32:34.537 WARN  ~~ LOOPS: 9. ENTITY #: 796//532. VIEW #: 3. BACKLOGGED :: 242.333%! ~~ 
19:32:35.573 WARN  ~~ LOOPS: 8. ENTITY #: 803//550. VIEW #: 3. BACKLOGGED :: 269.250%! ~~ 
19:32:36.580 WARN  ~~ LOOPS: 8. ENTITY #: 830//560. VIEW #: 3. BACKLOGGED :: 264.375%! ~~ 
19:32:37.732 WARN  ~~ LOOPS: 8. ENTITY #: 865//585. VIEW #: 3. BACKLOGGED :: 315.000%! ~~ 
19:32:38.849 WARN  ~~ LOOPS: 7. ENTITY #: 893//611. VIEW #: 3. BACKLOGGED :: 373.286%! ~~ 
19:32:39.989 WARN  ~~ LOOPS: 6. ENTITY #: 927//643. VIEW #: 3. BACKLOGGED :: 461.500%! ~~ 
19:32:41.119 WARN  ~~ LOOPS: 6. ENTITY #: 937//658. VIEW #: 3. BACKLOGGED :: 455.000%! ~~ 
19:32:42.142 WARN  ~~ LOOPS: 8. ENTITY #: 938//659. VIEW #: 3. BACKLOGGED :: 265.875%! ~~ 
19:33:02.298 WARN  ~~ LOOPS: 15. ENTITY #: 906//555. VIEW #: 3. BACKLOGGED :: 109.000%! ~~ 
19:33:03.384 WARN  ~~ LOOPS: 13. ENTITY #: 902//582. VIEW #: 3. BACKLOGGED :: 145.615%! ~~ 
19:33:04.442 WARN  ~~ LOOPS: 11. ENTITY #: 894//596. VIEW #: 3. BACKLOGGED :: 165.545%! ~~ 
19:33:05.543 WARN  ~~ LOOPS: 11. ENTITY #: 887//593. VIEW #: 3. BACKLOGGED :: 195.000%! ~~ 
19:33:06.622 WARN  ~~ LOOPS: 11. ENTITY #: 872//577. VIEW #: 3. BACKLOGGED :: 189.000%! ~~ 
19:33:07.679 WARN  ~~ LOOPS: 10. ENTITY #: 866//561. VIEW #: 3. BACKLOGGED :: 206.700%! ~~ 
19:33:08.725 WARN  ~~ LOOPS: 9. ENTITY #: 861//565. VIEW #: 3. BACKLOGGED :: 229.000%! ~~ 
19:33:09.853 WARN  ~~ LOOPS: 10. ENTITY #: 855//556. VIEW #: 3. BACKLOGGED :: 237.900%! ~~ 
19:33:10.909 WARN  ~~ LOOPS: 9. ENTITY #: 850//554. VIEW #: 3. BACKLOGGED :: 246.333%! ~~ 
19:33:11.993 WARN  ~~ LOOPS: 9. ENTITY #: 853//552. VIEW #: 3. BACKLOGGED :: 249.000%! ~~ 
19:33:13.028 WARN  ~~ LOOPS: 9. ENTITY #: 850//550. VIEW #: 3. BACKLOGGED :: 237.333%! ~~ 
19:33:14.071 WARN  ~~ LOOPS: 9. ENTITY #: 846//547. VIEW #: 3. BACKLOGGED :: 226.667%! ~~ 
19:33:15.107 WARN  ~~ LOOPS: 9. ENTITY #: 844//545. VIEW #: 3. BACKLOGGED :: 238.000%! ~~ 
19:33:16.153 WARN  ~~ LOOPS: 9. ENTITY #: 845//544. VIEW #: 3. BACKLOGGED :: 244.333%! ~~ 
19:33:17.217 WARN  ~~ LOOPS: 9. ENTITY #: 841//537. VIEW #: 3. BACKLOGGED :: 242.667%! ~~ 
19:33:18.258 WARN  ~~ LOOPS: 9. ENTITY #: 844//539. VIEW #: 3. BACKLOGGED :: 242.000%! ~~ 
19:33:19.368 WARN  ~~ LOOPS: 9. ENTITY #: 840//534. VIEW #: 3. BACKLOGGED :: 258.667%! ~~ 
19:33:20.428 ERROR [ERROR] A ghost has been found! 
19:33:20.429 ERROR Type: Necromancer 
19:33:20.429 ERROR Position: (4672.048130811943, 951.490629236784) 
19:33:20.429 ERROR Collision Array:  
19:33:20.429 ERROR Health: 0.7783333333333335 
19:33:20.429 WARN  Ghost removed successfully. 
19:33:20.448 WARN  ~~ LOOPS: 9. ENTITY #: 840//541. VIEW #: 3. BACKLOGGED :: 258.000%! ~~ 
19:33:21.478 WARN  ~~ LOOPS: 8. ENTITY #: 848//539. VIEW #: 3. BACKLOGGED :: 258.000%! ~~ 
19:33:22.516 WARN  ~~ LOOPS: 9. ENTITY #: 852//550. VIEW #: 3. BACKLOGGED :: 246.667%! ~~ 
19:33:23.570 WARN  ~~ LOOPS: 9. ENTITY #: 852//551. VIEW #: 3. BACKLOGGED :: 243.333%! ~~ 
19:33:24.603 WARN  ~~ LOOPS: 9. ENTITY #: 852//558. VIEW #: 3. BACKLOGGED :: 241.333%! ~~ 
19:33:25.703 WARN  ~~ LOOPS: 9. ENTITY #: 845//550. VIEW #: 3. BACKLOGGED :: 255.667%! ~~ 
19:33:26.801 WARN  ~~ LOOPS: 9. ENTITY #: 839//552. VIEW #: 3. BACKLOGGED :: 263.667%! ~~ 
19:33:27.869 WARN  ~~ LOOPS: 9. ENTITY #: 836//547. VIEW #: 3. BACKLOGGED :: 244.000%! ~~ 
19:33:28.909 WARN  ~~ LOOPS: 9. ENTITY #: 822//545. VIEW #: 3. BACKLOGGED :: 245.000%! ~~ 
19:33:29.950 WARN  ~~ LOOPS: 9. ENTITY #: 794//524. VIEW #: 3. BACKLOGGED :: 238.333%! ~~ 
19:33:31.025 WARN  ~~ LOOPS: 10. ENTITY #: 786//507. VIEW #: 3. BACKLOGGED :: 224.100%! ~~ 
19:33:32.031 WARN  ~~ LOOPS: 9. ENTITY #: 786//503. VIEW #: 3. BACKLOGGED :: 224.333%! ~~ 
19:33:33.134 WARN  ~~ LOOPS: 10. ENTITY #: 788//507. VIEW #: 3. BACKLOGGED :: 222.300%! ~~ 
19:33:34.234 WARN  ~~ LOOPS: 10. ENTITY #: 791//514. VIEW #: 3. BACKLOGGED :: 222.300%! ~~ 
19:33:35.329 WARN  ~~ LOOPS: 10. ENTITY #: 790//511. VIEW #: 3. BACKLOGGED :: 227.100%! ~~ 
19:33:36.370 WARN  ~~ LOOPS: 10. ENTITY #: 790//470. VIEW #: 3. BACKLOGGED :: 212.400%! ~~ 
19:33:58.256 WARN  ~~ LOOPS: 5. ENTITY #: 795//404. VIEW #: 3. BACKLOGGED :: 658.200%! ~~ 
19:33:59.509 WARN  ~~ LOOPS: 4. ENTITY #: 795//466. VIEW #: 3. BACKLOGGED :: 840.000%! ~~ 
19:34:00.561 WARN  ~~ LOOPS: 4. ENTITY #: 793//471. VIEW #: 3. BACKLOGGED :: 667.500%! ~~ 
19:34:01.600 WARN  ~~ LOOPS: 5. ENTITY #: 794//468. VIEW #: 3. BACKLOGGED :: 525.000%! ~~ 
19:34:02.656 WARN  ~~ LOOPS: 6. ENTITY #: 795//477. VIEW #: 3. BACKLOGGED :: 412.000%! ~~ 
19:34:03.748 WARN  ~~ LOOPS: 8. ENTITY #: 798//473. VIEW #: 3. BACKLOGGED :: 310.125%! ~~ 
19:34:04.786 WARN  ~~ LOOPS: 9. ENTITY #: 798//476. VIEW #: 3. BACKLOGGED :: 232.667%! ~~ 
19:34:05.814 WARN  ~~ LOOPS: 10. ENTITY #: 799//477. VIEW #: 3. BACKLOGGED :: 209.100%! ~~ 
19:34:06.883 WARN  ~~ LOOPS: 10. ENTITY #: 798//488. VIEW #: 3. BACKLOGGED :: 208.800%! ~~ 
19:34:07.913 WARN  ~~ LOOPS: 10. ENTITY #: 799//500. VIEW #: 3. BACKLOGGED :: 204.600%! ~~ 
19:34:09.024 WARN  ~~ LOOPS: 10. ENTITY #: 801//503. VIEW #: 3. BACKLOGGED :: 227.100%! ~~ 
19:34:10.116 WARN  ~~ LOOPS: 10. ENTITY #: 801//504. VIEW #: 3. BACKLOGGED :: 227.100%! ~~ 
19:34:11.187 WARN  ~~ LOOPS: 10. ENTITY #: 801//501. VIEW #: 3. BACKLOGGED :: 216.000%! ~~ 
19:34:12.262 WARN  ~~ LOOPS: 10. ENTITY #: 799//493. VIEW #: 2. BACKLOGGED :: 222.300%! ~~ 
19:34:13.348 WARN  ~~ LOOPS: 10. ENTITY #: 799//486. VIEW #: 2. BACKLOGGED :: 216.300%! ~~ 
19:34:14.425 WARN  ~~ LOOPS: 10. ENTITY #: 802//488. VIEW #: 2. BACKLOGGED :: 221.400%! ~~ 
19:34:15.537 WARN  ~~ LOOPS: 10. ENTITY #: 807//495. VIEW #: 2. BACKLOGGED :: 223.800%! ~~ 
19:34:16.644 WARN  ~~ LOOPS: 10. ENTITY #: 804//502. VIEW #: 2. BACKLOGGED :: 231.000%! ~~ 
19:34:17.678 WARN  ~~ LOOPS: 9. ENTITY #: 791//501. VIEW #: 2. BACKLOGGED :: 224.000%! ~~ 
19:34:18.770 WARN  ~~ LOOPS: 11. ENTITY #: 787//496. VIEW #: 2. BACKLOGGED :: 204.000%! ~~ 
19:34:19.801 WARN  ~~ LOOPS: 9. ENTITY #: 785//492. VIEW #: 2. BACKLOGGED :: 232.333%! ~~ 
19:34:20.894 WARN  ~~ LOOPS: 9. ENTITY #: 781//493. VIEW #: 2. BACKLOGGED :: 253.000%! ~~ 
19:34:21.947 WARN  ~~ LOOPS: 9. ENTITY #: 781//491. VIEW #: 2. BACKLOGGED :: 247.667%! ~~ 
19:34:23.033 WARN  ~~ LOOPS: 10. ENTITY #: 769//484. VIEW #: 2. BACKLOGGED :: 217.200%! ~~ 
19:34:24.116 WARN  ~~ LOOPS: 11. ENTITY #: 741//459. VIEW #: 2. BACKLOGGED :: 196.636%! ~~ 
19:34:25.147 WARN  ~~ LOOPS: 10. ENTITY #: 717//437. VIEW #: 2. BACKLOGGED :: 196.800%! ~~ 
19:34:26.222 WARN  ~~ LOOPS: 12. ENTITY #: 689//417. VIEW #: 2. BACKLOGGED :: 172.000%! ~~ 
19:34:27.246 WARN  ~~ LOOPS: 12. ENTITY #: 667//399. VIEW #: 2. BACKLOGGED :: 152.750%! ~~ 
19:34:28.281 WARN  ~~ LOOPS: 11. ENTITY #: 644//382. VIEW #: 2. BACKLOGGED :: 169.636%! ~~ 
19:34:29.289 WARN  ~~ LOOPS: 13. ENTITY #: 624//357. VIEW #: 2. BACKLOGGED :: 126.923%! ~~ 
19:34:30.330 WARN  ~~ LOOPS: 14. ENTITY #: 597//343. VIEW #: 2. BACKLOGGED :: 124.929%! ~~ 
19:34:31.347 WARN  ~~ LOOPS: 15. ENTITY #: 572//314. VIEW #: 2. BACKLOGGED :: 103.200%! ~~ 
19:37:18.107 WARN  ~~ LOOPS: 12. ENTITY #: 723//452. VIEW #: 4. BACKLOGGED :: 153.000%! ~~ 
19:37:19.179 WARN  ~~ LOOPS: 11. ENTITY #: 724//461. VIEW #: 4. BACKLOGGED :: 186.545%! ~~ 
19:37:20.234 WARN  ~~ LOOPS: 12. ENTITY #: 727//459. VIEW #: 4. BACKLOGGED :: 162.250%! ~~ 
19:37:22.330 WARN  ~~ LOOPS: 15. ENTITY #: 731//459. VIEW #: 4. BACKLOGGED :: 106.000%! ~~ 
19:37:25.467 WARN  ~~ LOOPS: 14. ENTITY #: 733//468. VIEW #: 4. BACKLOGGED :: 119.357%! ~~ 
19:37:28.555 WARN  ~~ LOOPS: 12. ENTITY #: 720//459. VIEW #: 4. BACKLOGGED :: 147.000%! ~~ 
19:37:29.644 WARN  ~~ LOOPS: 12. ENTITY #: 720//459. VIEW #: 4. BACKLOGGED :: 178.000%! ~~ 
19:37:30.708 WARN  ~~ LOOPS: 12. ENTITY #: 721//460. VIEW #: 4. BACKLOGGED :: 162.000%! ~~ 
19:37:31.766 WARN  ~~ LOOPS: 11. ENTITY #: 722//460. VIEW #: 4. BACKLOGGED :: 187.636%! ~~ 
19:37:32.798 WARN  ~~ LOOPS: 14. ENTITY #: 717//459. VIEW #: 4. BACKLOGGED :: 109.929%! ~~ 
19:37:35.874 WARN  ~~ LOOPS: 14. ENTITY #: 712//449. VIEW #: 4. BACKLOGGED :: 118.714%! ~~ 
19:37:37.966 WARN  ~~ LOOPS: 15. ENTITY #: 725//452. VIEW #: 4. BACKLOGGED :: 107.600%! ~~ 
19:37:38.993 WARN  ~~ LOOPS: 12. ENTITY #: 728//455. VIEW #: 4. BACKLOGGED :: 148.250%! ~~ 
19:37:40.081 WARN  ~~ LOOPS: 12. ENTITY #: 726//459. VIEW #: 4. BACKLOGGED :: 168.500%! ~~ 
19:37:41.116 WARN  ~~ LOOPS: 11. ENTITY #: 727//460. VIEW #: 4. BACKLOGGED :: 177.273%! ~~ 
19:37:42.165 WARN  ~~ LOOPS: 11. ENTITY #: 727//460. VIEW #: 4. BACKLOGGED :: 181.909%! ~~ 
19:37:43.198 WARN  ~~ LOOPS: 11. ENTITY #: 727//464. VIEW #: 4. BACKLOGGED :: 181.909%! ~~ 
19:37:44.225 WARN  ~~ LOOPS: 11. ENTITY #: 728//466. VIEW #: 4. BACKLOGGED :: 179.182%! ~~ 
19:37:45.291 WARN  ~~ LOOPS: 11. ENTITY #: 727//464. VIEW #: 4. BACKLOGGED :: 185.182%! ~~ 
19:37:46.380 WARN  ~~ LOOPS: 12. ENTITY #: 727//468. VIEW #: 4. BACKLOGGED :: 175.500%! ~~ 
19:37:47.407 WARN  ~~ LOOPS: 11. ENTITY #: 725//468. VIEW #: 4. BACKLOGGED :: 178.636%! ~~ 
19:37:48.457 WARN  ~~ LOOPS: 11. ENTITY #: 723//465. VIEW #: 4. BACKLOGGED :: 182.727%! ~~ 
19:37:49.464 WARN  ~~ LOOPS: 12. ENTITY #: 721//465. VIEW #: 4. BACKLOGGED :: 150.750%! ~~ 
19:37:52.594 WARN  ~~ LOOPS: 13. ENTITY #: 713//456. VIEW #: 4. BACKLOGGED :: 147.231%! ~~ 
19:37:53.680 WARN  ~~ LOOPS: 12. ENTITY #: 714//457. VIEW #: 4. BACKLOGGED :: 170.000%! ~~ 
19:37:54.724 WARN  ~~ LOOPS: 11. ENTITY #: 715//457. VIEW #: 4. BACKLOGGED :: 174.545%! ~~ 
19:37:55.795 WARN  ~~ LOOPS: 11. ENTITY #: 714//457. VIEW #: 4. BACKLOGGED :: 190.091%! ~~ 
19:37:56.859 WARN  ~~ LOOPS: 11. ENTITY #: 716//456. VIEW #: 4. BACKLOGGED :: 183.000%! ~~ 
19:37:57.919 WARN  ~~ LOOPS: 11. ENTITY #: 716//458. VIEW #: 4. BACKLOGGED :: 186.273%! ~~ 
19:37:58.958 WARN  ~~ LOOPS: 11. ENTITY #: 716//457. VIEW #: 4. BACKLOGGED :: 175.909%! ~~ 
19:38:00.052 WARN  ~~ LOOPS: 12. ENTITY #: 715//455. VIEW #: 4. BACKLOGGED :: 172.750%! ~~ 
19:38:01.083 WARN  ~~ LOOPS: 11. ENTITY #: 714//456. VIEW #: 4. BACKLOGGED :: 177.000%! ~~ 
19:38:02.116 WARN  ~~ LOOPS: 11. ENTITY #: 715//454. VIEW #: 4. BACKLOGGED :: 180.000%! ~~ 
19:38:03.154 WARN  ~~ LOOPS: 11. ENTITY #: 714//454. VIEW #: 4. BACKLOGGED :: 178.091%! ~~ 
19:38:04.220 WARN  ~~ LOOPS: 11. ENTITY #: 714//455. VIEW #: 4. BACKLOGGED :: 188.727%! ~~ 
19:38:05.256 WARN  ~~ LOOPS: 11. ENTITY #: 713//454. VIEW #: 4. BACKLOGGED :: 180.000%! ~~ 
19:38:06.291 WARN  ~~ LOOPS: 11. ENTITY #: 714//452. VIEW #: 4. BACKLOGGED :: 176.727%! ~~ 
19:38:07.330 WARN  ~~ LOOPS: 11. ENTITY #: 714//455. VIEW #: 4. BACKLOGGED :: 180.545%! ~~ 
19:38:08.374 WARN  ~~ LOOPS: 11. ENTITY #: 715//454. VIEW #: 4. BACKLOGGED :: 184.091%! ~~ 
19:38:09.407 WARN  ~~ LOOPS: 11. ENTITY #: 715//453. VIEW #: 4. BACKLOGGED :: 177.545%! ~~ 
19:38:10.411 WARN  ~~ LOOPS: 12. ENTITY #: 716//457. VIEW #: 4. BACKLOGGED :: 152.000%! ~~ 
19:38:22.845 WARN  ~~ LOOPS: 13. ENTITY #: 717//452. VIEW #: 5. BACKLOGGED :: 142.385%! ~~ 
19:38:23.885 WARN  ~~ LOOPS: 12. ENTITY #: 720//451. VIEW #: 4. BACKLOGGED :: 155.500%! ~~ 
19:38:57.257 WARN  ~~ LOOPS: 14. ENTITY #: 785//424. VIEW #: 5. BACKLOGGED :: 119.143%! ~~ 
19:41:11.882 WARN  ~~ LOOPS: 15. ENTITY #: 600//325. VIEW #: 5. BACKLOGGED :: 111.400%! ~~ 
19:41:12.931 WARN  ~~ LOOPS: 15. ENTITY #: 630//350. VIEW #: 5. BACKLOGGED :: 109.400%! ~~ 
19:41:13.950 WARN  ~~ LOOPS: 12. ENTITY #: 655//380. VIEW #: 5. BACKLOGGED :: 149.750%! ~~ 
19:41:14.977 WARN  ~~ LOOPS: 14. ENTITY #: 650//386. VIEW #: 5. BACKLOGGED :: 112.929%! ~~ 
19:41:18.098 WARN  ~~ LOOPS: 15. ENTITY #: 667//389. VIEW #: 5. BACKLOGGED :: 102.200%! ~~ 
19:41:19.155 WARN  ~~ LOOPS: 16. ENTITY #: 670//395. VIEW #: 5. BACKLOGGED :: 102.188%! ~~ 
19:41:25.314 WARN  ~~ LOOPS: 14. ENTITY #: 693//437. VIEW #: 5. BACKLOGGED :: 116.357%! ~~ 
19:41:31.559 WARN  ~~ LOOPS: 13. ENTITY #: 710//470. VIEW #: 5. BACKLOGGED :: 150.462%! ~~ 
19:41:36.716 WARN  ~~ LOOPS: 12. ENTITY #: 705//486. VIEW #: 5. BACKLOGGED :: 152.500%! ~~ 
19:41:37.744 WARN  ~~ LOOPS: 15. ENTITY #: 710//482. VIEW #: 5. BACKLOGGED :: 103.200%! ~~ 
19:42:18.295 WARN  ~~ LOOPS: 14. ENTITY #: 742//446. VIEW #: 5. BACKLOGGED :: 117.429%! ~~ 
19:42:19.325 WARN  ~~ LOOPS: 13. ENTITY #: 772//480. VIEW #: 5. BACKLOGGED :: 134.538%! ~~ 
19:42:20.359 WARN  ~~ LOOPS: 12. ENTITY #: 807//513. VIEW #: 5. BACKLOGGED :: 149.000%! ~~ 
19:42:21.407 WARN  ~~ LOOPS: 12. ENTITY #: 811//536. VIEW #: 5. BACKLOGGED :: 158.500%! ~~ 
19:42:22.439 WARN  ~~ LOOPS: 14. ENTITY #: 808//535. VIEW #: 5. BACKLOGGED :: 113.786%! ~~ 
19:42:23.501 WARN  ~~ LOOPS: 15. ENTITY #: 809//531. VIEW #: 5. BACKLOGGED :: 107.800%! ~~ 
19:42:24.565 WARN  ~~ LOOPS: 16. ENTITY #: 797//524. VIEW #: 5. BACKLOGGED :: 103.313%! ~~ 
19:42:25.604 WARN  ~~ LOOPS: 15. ENTITY #: 799//516. VIEW #: 5. BACKLOGGED :: 101.800%! ~~ 
19:42:26.638 WARN  ~~ LOOPS: 15. ENTITY #: 798//518. VIEW #: 5. BACKLOGGED :: 103.400%! ~~ 
19:42:41.260 WARN  ~~ LOOPS: 15. ENTITY #: 788//432. VIEW #: 5. BACKLOGGED :: 101.000%! ~~ 
19:42:42.303 WARN  ~~ LOOPS: 15. ENTITY #: 791//438. VIEW #: 5. BACKLOGGED :: 106.600%! ~~ 
19:44:54.873 ERROR [ERROR] A ghost entity has been found! 
19:44:54.873 ERROR Type: Basic 
19:44:54.873 ERROR Position: (36.16666666666666, 141.16666666666666) 
19:44:54.874 ERROR Collision Array:  
19:44:54.874 ERROR Health: 0.44833333333333325 
19:44:54.874 WARN  Ghost entity removed successfully. 
23:27:37.832 WARN  Malformed command packet! Kicking player and giving 1 warning. 
23:52:04.396 WARN  ~~ LOOPS: 14. ENTITY #: 955//618. VIEW #: 9. BACKLOGGED :: 112.500%! ~~ 
23:52:05.470 WARN  ~~ LOOPS: 12. ENTITY #: 1272//826. VIEW #: 9. BACKLOGGED :: 160.000%! ~~ 
23:52:06.568 WARN  ~~ LOOPS: 8. ENTITY #: 1570//1122. VIEW #: 9. BACKLOGGED :: 294.375%! ~~ 
23:52:07.661 WARN  ~~ LOOPS: 8. ENTITY #: 1388//1099. VIEW #: 9. BACKLOGGED :: 304.125%! ~~ 
23:52:08.725 WARN  ~~ LOOPS: 9. ENTITY #: 1438//1148. VIEW #: 9. BACKLOGGED :: 241.667%! ~~ 
23:52:09.875 WARN  ~~ LOOPS: 8. ENTITY #: 1598//1283. VIEW #: 10. BACKLOGGED :: 308.625%! ~~ 
23:52:10.970 WARN  ~~ LOOPS: 7. ENTITY #: 1695//1399. VIEW #: 10. BACKLOGGED :: 321.000%! ~~ 
23:52:12.162 WARN  ~~ LOOPS: 7. ENTITY #: 1788//1511. VIEW #: 10. BACKLOGGED :: 338.143%! ~~ 
23:52:13.247 WARN  ~~ LOOPS: 5. ENTITY #: 1808//1558. VIEW #: 10. BACKLOGGED :: 453.600%! ~~ 
23:52:14.321 WARN  ~~ LOOPS: 6. ENTITY #: 1890//1630. VIEW #: 10. BACKLOGGED :: 372.000%! ~~ 
23:52:15.446 WARN  ~~ LOOPS: 6. ENTITY #: 2015//1728. VIEW #: 10. BACKLOGGED :: 403.000%! ~~ 
23:52:16.648 WARN  ~~ LOOPS: 5. ENTITY #: 1872//1763. VIEW #: 10. BACKLOGGED :: 505.800%! ~~ 
23:52:17.733 WARN  ~~ LOOPS: 5. ENTITY #: 1374//1356. VIEW #: 10. BACKLOGGED :: 503.400%! ~~ 
23:52:18.755 WARN  ~~ LOOPS: 9. ENTITY #: 631//668. VIEW #: 10. BACKLOGGED :: 239.667%! ~~ 
23:54:31.007 WARN  ~~ LOOPS: 14. ENTITY #: 830//501. VIEW #: 10. BACKLOGGED :: 110.571%! ~~ 
23:54:34.158 WARN  ~~ LOOPS: 14. ENTITY #: 1121//846. VIEW #: 10. BACKLOGGED :: 124.500%! ~~ 
23:54:35.244 WARN  ~~ LOOPS: 13. ENTITY #: 1215//911. VIEW #: 10. BACKLOGGED :: 141.692%! ~~ 
23:54:36.259 WARN  ~~ LOOPS: 12. ENTITY #: 634//550. VIEW #: 10. BACKLOGGED :: 151.000%! ~~ 
23:54:48.502 WARN  ~~ LOOPS: 13. ENTITY #: 992//697. VIEW #: 10. BACKLOGGED :: 132.923%! ~~ 
23:54:49.549 WARN  ~~ LOOPS: 14. ENTITY #: 1044//775. VIEW #: 10. BACKLOGGED :: 116.143%! ~~ 
23:54:50.598 WARN  ~~ LOOPS: 14. ENTITY #: 1121//851. VIEW #: 10. BACKLOGGED :: 122.571%! ~~ 
23:54:51.657 WARN  ~~ LOOPS: 13. ENTITY #: 1176//903. VIEW #: 10. BACKLOGGED :: 129.000%! ~~ 
23:54:52.728 WARN  ~~ LOOPS: 12. ENTITY #: 1139//938. VIEW #: 10. BACKLOGGED :: 164.250%! ~~ 
23:54:53.762 WARN  ~~ LOOPS: 13. ENTITY #: 719//597. VIEW #: 10. BACKLOGGED :: 137.769%! ~~ 
23:57:04.282 WARN  ~~ LOOPS: 14. ENTITY #: 1043//500. VIEW #: 10. BACKLOGGED :: 127.286%! ~~ 
23:57:05.374 WARN  ~~ LOOPS: 11. ENTITY #: 1297//910. VIEW #: 10. BACKLOGGED :: 185.727%! ~~ 
23:57:06.509 WARN  ~~ LOOPS: 11. ENTITY #: 1493//1117. VIEW #: 10. BACKLOGGED :: 190.909%! ~~ 
23:57:07.625 WARN  ~~ LOOPS: 10. ENTITY #: 1673//1310. VIEW #: 10. BACKLOGGED :: 225.600%! ~~ 
23:57:08.763 WARN  ~~ LOOPS: 8. ENTITY #: 1782//1467. VIEW #: 10. BACKLOGGED :: 281.625%! ~~ 
23:57:09.859 WARN  ~~ LOOPS: 6. ENTITY #: 1888//1568. VIEW #: 10. BACKLOGGED :: 379.000%! ~~ 
23:57:10.962 WARN  ~~ LOOPS: 7. ENTITY #: 2003//1670. VIEW #: 10. BACKLOGGED :: 332.143%! ~~ 
23:57:12.209 WARN  ~~ LOOPS: 7. ENTITY #: 2140//1806. VIEW #: 10. BACKLOGGED :: 360.857%! ~~ 
23:57:13.358 WARN  ~~ LOOPS: 4. ENTITY #: 1764//1623. VIEW #: 10. BACKLOGGED :: 624.000%! ~~ 
23:57:14.365 WARN  ~~ LOOPS: 5. ENTITY #: 1279//1185. VIEW #: 10. BACKLOGGED :: 428.400%! ~~ 
23:57:15.382 WARN  ~~ LOOPS: 12. ENTITY #: 636//498. VIEW #: 10. BACKLOGGED :: 159.750%! ~~ 
23:57:55.970 WARN  ~~ LOOPS: 15. ENTITY #: 819//513. VIEW #: 10. BACKLOGGED :: 100.800%! ~~ 
23:57:58.051 WARN  ~~ LOOPS: 15. ENTITY #: 1017//713. VIEW #: 10. BACKLOGGED :: 103.000%! ~~ 
23:57:59.098 WARN  ~~ LOOPS: 14. ENTITY #: 1109//791. VIEW #: 10. BACKLOGGED :: 120.214%! ~~ 
23:58:00.114 WARN  ~~ LOOPS: 12. ENTITY #: 507//629. VIEW #: 10. BACKLOGGED :: 151.000%! ~~ 

