15:40:09.034 WARN  Malformed command packet! Kicking player and giving 1 warning. 
16:39:15.278 WARN  Malformed command packet! Kicking player and giving 1 warning. 
16:39:15.283 WARN  Malformed command packet! Kicking. Player now has 2 warnings. 
16:41:25.755 WARN  ~~ LOOPS: 14. ENTITY #: 1566//1186. VIEW #: 6. BACKLOGGED :: 122.571%! ~~ 
16:41:26.536 ERROR [ERROR] A ghost entity has been found! 
16:41:26.537 ERROR Type: Basic 
16:41:26.537 ERROR Position: (-38.00000001024628, 184.72793278696818) 
16:41:26.537 ERROR Collision Array:  
16:41:26.537 ERROR Health: 0.44833333333333325 
16:41:26.537 WARN  Ghost entity removed successfully. 
16:41:26.840 WARN  ~~ LOOPS: 11. ENTITY #: 1805//1479. VIEW #: 6. BACKLOGGED :: 161.455%! ~~ 
16:41:27.945 WARN  ~~ LOOPS: 12. ENTITY #: 1551//1470. VIEW #: 6. BACKLOGGED :: 165.250%! ~~ 
16:41:29.024 WARN  ~~ LOOPS: 13. ENTITY #: 1157//1142. VIEW #: 6. BACKLOGGED :: 140.769%! ~~ 
16:42:00.339 WARN  ~~ LOOPS: 15. ENTITY #: 1261//968. VIEW #: 6. BACKLOGGED :: 101.000%! ~~ 
16:42:01.368 WARN  ~~ LOOPS: 15. ENTITY #: 991//891. VIEW #: 6. BACKLOGGED :: 100.400%! ~~ 
16:44:20.209 WARN  Malformed command packet! Kicking. Player now has 3 warnings. 
16:44:20.215 WARN  Malformed command packet! Kicking. Player now has 4 warnings. 
16:50:22.095 WARN  ~~ LOOPS: 11. ENTITY #: 1730//1257. VIEW #: 4. BACKLOGGED :: 190.364%! ~~ 
16:50:23.219 WARN  ~~ LOOPS: 8. ENTITY #: 1930//1696. VIEW #: 4. BACKLOGGED :: 304.500%! ~~ 
16:50:24.364 WARN  ~~ LOOPS: 7. ENTITY #: 1959//1752. VIEW #: 4. BACKLOGGED :: 344.143%! ~~ 
16:50:25.486 WARN  ~~ LOOPS: 7. ENTITY #: 1912//1756. VIEW #: 4. BACKLOGGED :: 341.571%! ~~ 
16:50:26.675 WARN  ~~ LOOPS: 8. ENTITY #: 1664//1626. VIEW #: 4. BACKLOGGED :: 314.625%! ~~ 
16:50:27.787 WARN  ~~ LOOPS: 9. ENTITY #: 1332//1417. VIEW #: 4. BACKLOGGED :: 229.667%! ~~ 
16:50:28.789 WARN  ~~ LOOPS: 12. ENTITY #: 669//798. VIEW #: 4. BACKLOGGED :: 142.000%! ~~ 
16:50:35.827 WARN  ~~ LOOPS: 9. ENTITY #: 1184//1049. VIEW #: 4. BACKLOGGED :: 219.333%! ~~ 
16:50:36.838 WARN  ~~ LOOPS: 14. ENTITY #: 402//582. VIEW #: 4. BACKLOGGED :: 117.643%! ~~ 
16:50:39.968 WARN  ~~ LOOPS: 13. ENTITY #: 1341//807. VIEW #: 4. BACKLOGGED :: 130.385%! ~~ 
16:50:41.068 WARN  ~~ LOOPS: 11. ENTITY #: 1469//1269. VIEW #: 4. BACKLOGGED :: 172.909%! ~~ 
16:50:42.143 WARN  ~~ LOOPS: 10. ENTITY #: 1043//1147. VIEW #: 4. BACKLOGGED :: 217.500%! ~~ 
16:50:43.179 WARN  ~~ LOOPS: 12. ENTITY #: 1078//792. VIEW #: 4. BACKLOGGED :: 154.000%! ~~ 
16:50:44.283 WARN  ~~ LOOPS: 10. ENTITY #: 1495//1154. VIEW #: 4. BACKLOGGED :: 221.700%! ~~ 
16:50:45.358 WARN  ~~ LOOPS: 8. ENTITY #: 1905//1516. VIEW #: 4. BACKLOGGED :: 282.375%! ~~ 
16:50:46.559 WARN  ~~ LOOPS: 7. ENTITY #: 1951//1713. VIEW #: 4. BACKLOGGED :: 376.286%! ~~ 
16:50:47.797 WARN  ~~ LOOPS: 7. ENTITY #: 1927//1700. VIEW #: 4. BACKLOGGED :: 355.286%! ~~ 
16:50:48.996 WARN  ~~ LOOPS: 7. ENTITY #: 1846//1626. VIEW #: 4. BACKLOGGED :: 380.571%! ~~ 
16:50:50.207 WARN  ~~ LOOPS: 7. ENTITY #: 1875//1634. VIEW #: 4. BACKLOGGED :: 378.429%! ~~ 
16:50:51.232 WARN  ~~ LOOPS: 7. ENTITY #: 1546//1521. VIEW #: 4. BACKLOGGED :: 310.714%! ~~ 
16:50:52.275 WARN  ~~ LOOPS: 9. ENTITY #: 1049//1113. VIEW #: 4. BACKLOGGED :: 225.333%! ~~ 
16:51:02.351 WARN  ~~ LOOPS: 10. ENTITY #: 1372//1089. VIEW #: 4. BACKLOGGED :: 187.200%! ~~ 
16:51:03.401 WARN  ~~ LOOPS: 12. ENTITY #: 879//920. VIEW #: 4. BACKLOGGED :: 161.000%! ~~ 
16:51:04.434 WARN  ~~ LOOPS: 13. ENTITY #: 792//677. VIEW #: 4. BACKLOGGED :: 135.231%! ~~ 
16:51:20.546 WARN  ~~ LOOPS: 14. ENTITY #: 964//739. VIEW #: 4. BACKLOGGED :: 105.857%! ~~ 
16:51:23.664 WARN  ~~ LOOPS: 12. ENTITY #: 1085//776. VIEW #: 4. BACKLOGGED :: 171.500%! ~~ 
16:51:24.678 WARN  ~~ LOOPS: 10. ENTITY #: 970//707. VIEW #: 4. BACKLOGGED :: 187.800%! ~~ 
16:51:42.847 WARN  ~~ LOOPS: 12. ENTITY #: 1635//1138. VIEW #: 4. BACKLOGGED :: 167.250%! ~~ 
16:51:43.898 WARN  ~~ LOOPS: 9. ENTITY #: 1516//1512. VIEW #: 5. BACKLOGGED :: 227.333%! ~~ 
16:51:44.935 WARN  ~~ LOOPS: 10. ENTITY #: 955//1072. VIEW #: 5. BACKLOGGED :: 201.900%! ~~ 
16:51:49.135 WARN  ~~ LOOPS: 10. ENTITY #: 1773//1344. VIEW #: 5. BACKLOGGED :: 206.400%! ~~ 
16:51:50.208 WARN  ~~ LOOPS: 9. ENTITY #: 1448//1486. VIEW #: 5. BACKLOGGED :: 257.000%! ~~ 
16:51:51.212 WARN  ~~ LOOPS: 11. ENTITY #: 865//977. VIEW #: 5. BACKLOGGED :: 171.000%! ~~ 
16:53:00.815 WARN  ~~ LOOPS: 14. ENTITY #: 1081//937. VIEW #: 5. BACKLOGGED :: 122.357%! ~~ 
16:53:01.816 WARN  ~~ LOOPS: 13. ENTITY #: 496//611. VIEW #: 5. BACKLOGGED :: 125.308%! ~~ 
16:53:10.905 WARN  ~~ LOOPS: 11. ENTITY #: 1471//1025. VIEW #: 5. BACKLOGGED :: 169.364%! ~~ 
16:53:11.997 WARN  ~~ LOOPS: 9. ENTITY #: 1712//1438. VIEW #: 5. BACKLOGGED :: 246.667%! ~~ 
16:53:13.094 WARN  ~~ LOOPS: 9. ENTITY #: 1290//1316. VIEW #: 5. BACKLOGGED :: 259.333%! ~~ 
16:53:14.119 WARN  ~~ LOOPS: 13. ENTITY #: 670//769. VIEW #: 5. BACKLOGGED :: 132.000%! ~~ 
16:53:28.232 WARN  ~~ LOOPS: 12. ENTITY #: 901//748. VIEW #: 5. BACKLOGGED :: 146.500%! ~~ 
16:53:31.352 WARN  ~~ LOOPS: 15. ENTITY #: 961//852. VIEW #: 5. BACKLOGGED :: 110.400%! ~~ 
16:53:48.468 WARN  ~~ LOOPS: 12. ENTITY #: 824//776. VIEW #: 4. BACKLOGGED :: 157.500%! ~~ 
16:53:51.571 WARN  ~~ LOOPS: 14. ENTITY #: 1068//1000. VIEW #: 4. BACKLOGGED :: 121.071%! ~~ 
16:53:52.590 WARN  ~~ LOOPS: 14. ENTITY #: 506//708. VIEW #: 4. BACKLOGGED :: 115.929%! ~~ 
16:54:00.714 WARN  ~~ LOOPS: 12. ENTITY #: 1062//901. VIEW #: 4. BACKLOGGED :: 135.250%! ~~ 
16:54:01.734 WARN  ~~ LOOPS: 14. ENTITY #: 715//864. VIEW #: 4. BACKLOGGED :: 119.143%! ~~ 
16:54:04.776 WARN  ~~ LOOPS: 15. ENTITY #: 1226//630. VIEW #: 4. BACKLOGGED :: 101.000%! ~~ 
16:54:05.904 WARN  ~~ LOOPS: 10. ENTITY #: 1493//1229. VIEW #: 4. BACKLOGGED :: 219.600%! ~~ 
16:54:06.997 WARN  ~~ LOOPS: 8. ENTITY #: 1349//1222. VIEW #: 4. BACKLOGGED :: 288.375%! ~~ 
16:54:08.014 WARN  ~~ LOOPS: 8. ENTITY #: 1121//1003. VIEW #: 4. BACKLOGGED :: 268.875%! ~~ 
16:54:09.026 WARN  ~~ LOOPS: 10. ENTITY #: 1075//830. VIEW #: 4. BACKLOGGED :: 200.100%! ~~ 
16:54:10.107 WARN  ~~ LOOPS: 10. ENTITY #: 1191//973. VIEW #: 4. BACKLOGGED :: 223.500%! ~~ 
16:54:11.172 WARN  ~~ LOOPS: 9. ENTITY #: 1281//1047. VIEW #: 4. BACKLOGGED :: 237.000%! ~~ 
16:54:12.263 WARN  ~~ LOOPS: 9. ENTITY #: 1311//1122. VIEW #: 4. BACKLOGGED :: 255.333%! ~~ 
16:54:13.340 WARN  ~~ LOOPS: 9. ENTITY #: 1315//1108. VIEW #: 4. BACKLOGGED :: 242.333%! ~~ 
16:54:14.415 WARN  ~~ LOOPS: 9. ENTITY #: 1368//1173. VIEW #: 4. BACKLOGGED :: 247.000%! ~~ 
16:54:15.484 WARN  ~~ LOOPS: 8. ENTITY #: 1469//1226. VIEW #: 4. BACKLOGGED :: 276.750%! ~~ 
16:54:16.639 WARN  ~~ LOOPS: 8. ENTITY #: 1418//1233. VIEW #: 4. BACKLOGGED :: 303.000%! ~~ 
16:54:17.703 WARN  ~~ LOOPS: 8. ENTITY #: 1240//1028. VIEW #: 4. BACKLOGGED :: 281.250%! ~~ 
16:54:18.812 WARN  ~~ LOOPS: 10. ENTITY #: 1260//985. VIEW #: 4. BACKLOGGED :: 232.800%! ~~ 
16:54:19.928 WARN  ~~ LOOPS: 9. ENTITY #: 1192//952. VIEW #: 4. BACKLOGGED :: 257.333%! ~~ 
16:54:21.106 WARN  ~~ LOOPS: 8. ENTITY #: 368//809. VIEW #: 4. BACKLOGGED :: 337.875%! ~~ 
22:47:23.164 WARN  ~~ LOOPS: 13. ENTITY #: 1008//845. VIEW #: 3. BACKLOGGED :: 119.769%! ~~ 
22:49:05.905 WARN  ~~ LOOPS: 7. ENTITY #: 1095//706. VIEW #: 3. BACKLOGGED :: 297.429%! ~~ 
22:49:06.974 WARN  ~~ LOOPS: 10. ENTITY #: 1251//1003. VIEW #: 3. BACKLOGGED :: 197.400%! ~~ 
22:49:07.987 WARN  ~~ LOOPS: 11. ENTITY #: 1081//924. VIEW #: 3. BACKLOGGED :: 158.182%! ~~ 
22:49:09.006 WARN  ~~ LOOPS: 14. ENTITY #: 1057//857. VIEW #: 3. BACKLOGGED :: 106.071%! ~~ 
22:50:42.389 WARN  ~~ LOOPS: 14. ENTITY #: 884//647. VIEW #: 3. BACKLOGGED :: 103.929%! ~~ 
22:51:05.853 WARN  ~~ LOOPS: 13. ENTITY #: 1026//721. VIEW #: 3. BACKLOGGED :: 138.923%! ~~ 
22:51:06.991 WARN  ~~ LOOPS: 11. ENTITY #: 1211//939. VIEW #: 3. BACKLOGGED :: 179.182%! ~~ 
22:51:08.072 WARN  ~~ LOOPS: 10. ENTITY #: 1235//1053. VIEW #: 3. BACKLOGGED :: 201.300%! ~~ 
22:51:09.154 WARN  ~~ LOOPS: 11. ENTITY #: 1176//996. VIEW #: 3. BACKLOGGED :: 171.000%! ~~ 
22:51:10.219 WARN  ~~ LOOPS: 11. ENTITY #: 1140//942. VIEW #: 3. BACKLOGGED :: 166.636%! ~~ 
22:51:11.267 WARN  ~~ LOOPS: 12. ENTITY #: 1091//902. VIEW #: 3. BACKLOGGED :: 140.000%! ~~ 
22:51:12.280 WARN  ~~ LOOPS: 13. ENTITY #: 1037//831. VIEW #: 3. BACKLOGGED :: 115.846%! ~~ 
22:51:13.302 WARN  ~~ LOOPS: 14. ENTITY #: 967//778. VIEW #: 3. BACKLOGGED :: 116.571%! ~~ 
22:51:14.317 WARN  ~~ LOOPS: 14. ENTITY #: 907//722. VIEW #: 3. BACKLOGGED :: 109.500%! ~~ 
22:51:35.861 WARN  ~~ LOOPS: 14. ENTITY #: 369//176. VIEW #: 3. BACKLOGGED :: 132.214%! ~~ 
22:51:36.901 WARN  ~~ LOOPS: 10. ENTITY #: 364//169. VIEW #: 3. BACKLOGGED :: 200.400%! ~~ 
22:51:38.186 WARN  ~~ LOOPS: 5. ENTITY #: 361//163. VIEW #: 3. BACKLOGGED :: 646.800%! ~~ 
22:51:39.779 WARN  ~~ LOOPS: 1. ENTITY #: 361//163. VIEW #: 3. BACKLOGGED :: 4341.000%! ~~ 
22:51:55.442 WARN  ~~ LOOPS: 1. ENTITY #: 359//163. VIEW #: 3. BACKLOGGED :: 46047.000%! ~~ 
23:06:03.351 WARN  ~~ LOOPS: 15. ENTITY #: 587//359. VIEW #: 2. BACKLOGGED :: 107.800%! ~~ 
23:06:05.413 WARN  ~~ LOOPS: 14. ENTITY #: 599//371. VIEW #: 2. BACKLOGGED :: 119.571%! ~~ 
23:06:07.475 WARN  ~~ LOOPS: 14. ENTITY #: 611//383. VIEW #: 2. BACKLOGGED :: 121.071%! ~~ 
23:06:09.565 WARN  ~~ LOOPS: 16. ENTITY #: 623//394. VIEW #: 2. BACKLOGGED :: 101.813%! ~~ 
23:06:12.609 WARN  ~~ LOOPS: 14. ENTITY #: 640//412. VIEW #: 2. BACKLOGGED :: 114.214%! ~~ 
