01:43:50.297 WARN  Malformed command packet! Kicking player and giving 1 warning. 
02:07:06.609 WARN  Malformed command packet! Kicking. Player now has 2 warnings. 
13:25:52.064 WARN  Malformed command packet! Kicking player and giving 1 warning. 
13:32:00.246 WARN  ~~ LOOPS: 14. ENTITY #: 308//150. VIEW #: 2. BACKLOGGED :: 115.714%! ~~ 
13:32:01.252 WARN  ~~ LOOPS: 13. ENTITY #: 308//161. VIEW #: 2. BACKLOGGED :: 127.615%! ~~ 
13:32:02.258 WARN  ~~ LOOPS: 13. ENTITY #: 308//168. VIEW #: 2. BACKLOGGED :: 132.923%! ~~ 
13:32:03.266 WARN  ~~ LOOPS: 12. ENTITY #: 308//188. VIEW #: 2. BACKLOGGED :: 154.250%! ~~ 
13:32:04.272 WARN  ~~ LOOPS: 11. ENTITY #: 308//203. VIEW #: 2. BACKLOGGED :: 166.636%! ~~ 
13:32:05.277 WARN  ~~ LOOPS: 12. ENTITY #: 308//198. VIEW #: 2. BACKLOGGED :: 156.000%! ~~ 
13:32:06.288 WARN  ~~ LOOPS: 12. ENTITY #: 308//191. VIEW #: 2. BACKLOGGED :: 155.000%! ~~ 
13:32:07.293 WARN  ~~ LOOPS: 12. ENTITY #: 308//190. VIEW #: 2. BACKLOGGED :: 148.250%! ~~ 
13:32:08.302 WARN  ~~ LOOPS: 12. ENTITY #: 311//188. VIEW #: 2. BACKLOGGED :: 149.000%! ~~ 
13:32:09.308 WARN  ~~ LOOPS: 12. ENTITY #: 317//194. VIEW #: 2. BACKLOGGED :: 151.500%! ~~ 
13:32:10.340 WARN  ~~ LOOPS: 12. ENTITY #: 320//194. VIEW #: 2. BACKLOGGED :: 159.250%! ~~ 
13:32:11.344 WARN  ~~ LOOPS: 12. ENTITY #: 321//192. VIEW #: 2. BACKLOGGED :: 149.500%! ~~ 
13:32:12.349 WARN  ~~ LOOPS: 12. ENTITY #: 321//186. VIEW #: 2. BACKLOGGED :: 150.500%! ~~ 
13:32:13.356 WARN  ~~ LOOPS: 13. ENTITY #: 321//166. VIEW #: 2. BACKLOGGED :: 134.769%! ~~ 
13:32:14.406 WARN  ~~ LOOPS: 13. ENTITY #: 321//172. VIEW #: 2. BACKLOGGED :: 132.692%! ~~ 
13:32:15.412 WARN  ~~ LOOPS: 13. ENTITY #: 321//173. VIEW #: 2. BACKLOGGED :: 137.308%! ~~ 
13:32:16.437 WARN  ~~ LOOPS: 13. ENTITY #: 321//174. VIEW #: 2. BACKLOGGED :: 138.000%! ~~ 
13:32:17.476 WARN  ~~ LOOPS: 13. ENTITY #: 322//177. VIEW #: 2. BACKLOGGED :: 141.231%! ~~ 
13:32:18.512 WARN  ~~ LOOPS: 13. ENTITY #: 322//175. VIEW #: 2. BACKLOGGED :: 139.615%! ~~ 
13:32:19.558 WARN  ~~ LOOPS: 13. ENTITY #: 323//174. VIEW #: 2. BACKLOGGED :: 141.692%! ~~ 
13:32:20.588 WARN  ~~ LOOPS: 13. ENTITY #: 322//175. VIEW #: 2. BACKLOGGED :: 138.923%! ~~ 
13:32:21.616 WARN  ~~ LOOPS: 13. ENTITY #: 322//174. VIEW #: 2. BACKLOGGED :: 136.615%! ~~ 
13:32:22.658 WARN  ~~ LOOPS: 13. ENTITY #: 324//172. VIEW #: 2. BACKLOGGED :: 136.385%! ~~ 
13:32:23.704 WARN  ~~ LOOPS: 13. ENTITY #: 327//174. VIEW #: 2. BACKLOGGED :: 140.769%! ~~ 
13:32:24.760 WARN  ~~ LOOPS: 13. ENTITY #: 328//179. VIEW #: 2. BACKLOGGED :: 144.231%! ~~ 
13:32:25.765 WARN  ~~ LOOPS: 12. ENTITY #: 329//182. VIEW #: 2. BACKLOGGED :: 149.000%! ~~ 
13:32:26.769 WARN  ~~ LOOPS: 12. ENTITY #: 331//180. VIEW #: 2. BACKLOGGED :: 144.500%! ~~ 
13:32:27.806 WARN  ~~ LOOPS: 13. ENTITY #: 333//181. VIEW #: 2. BACKLOGGED :: 144.231%! ~~ 
13:32:28.815 WARN  ~~ LOOPS: 12. ENTITY #: 331//183. VIEW #: 2. BACKLOGGED :: 146.250%! ~~ 
13:32:29.821 WARN  ~~ LOOPS: 12. ENTITY #: 329//180. VIEW #: 2. BACKLOGGED :: 146.500%! ~~ 
13:32:30.864 WARN  ~~ LOOPS: 13. ENTITY #: 329//178. VIEW #: 2. BACKLOGGED :: 146.538%! ~~ 
13:32:31.872 WARN  ~~ LOOPS: 12. ENTITY #: 320//172. VIEW #: 2. BACKLOGGED :: 152.750%! ~~ 
13:32:32.919 WARN  ~~ LOOPS: 13. ENTITY #: 321//169. VIEW #: 2. BACKLOGGED :: 140.308%! ~~ 
13:32:33.940 WARN  ~~ LOOPS: 13. ENTITY #: 322//168. VIEW #: 2. BACKLOGGED :: 135.231%! ~~ 
13:32:34.981 WARN  ~~ LOOPS: 13. ENTITY #: 322//168. VIEW #: 2. BACKLOGGED :: 140.538%! ~~ 
13:32:36.001 WARN  ~~ LOOPS: 13. ENTITY #: 322//167. VIEW #: 2. BACKLOGGED :: 136.385%! ~~ 
13:32:37.009 WARN  ~~ LOOPS: 12. ENTITY #: 323//169. VIEW #: 2. BACKLOGGED :: 142.250%! ~~ 
13:32:38.037 WARN  ~~ LOOPS: 13. ENTITY #: 323//169. VIEW #: 2. BACKLOGGED :: 141.231%! ~~ 
13:32:39.053 WARN  ~~ LOOPS: 13. ENTITY #: 323//168. VIEW #: 2. BACKLOGGED :: 136.615%! ~~ 
13:32:40.061 WARN  ~~ LOOPS: 12. ENTITY #: 323//170. VIEW #: 2. BACKLOGGED :: 145.750%! ~~ 
13:32:41.083 WARN  ~~ LOOPS: 13. ENTITY #: 323//170. VIEW #: 2. BACKLOGGED :: 142.154%! ~~ 
13:32:42.089 WARN  ~~ LOOPS: 12. ENTITY #: 323//169. VIEW #: 2. BACKLOGGED :: 144.750%! ~~ 
13:32:43.107 WARN  ~~ LOOPS: 13. ENTITY #: 323//169. VIEW #: 2. BACKLOGGED :: 141.000%! ~~ 
13:32:44.115 WARN  ~~ LOOPS: 12. ENTITY #: 323//170. VIEW #: 2. BACKLOGGED :: 139.750%! ~~ 
13:32:45.148 WARN  ~~ LOOPS: 13. ENTITY #: 323//171. VIEW #: 2. BACKLOGGED :: 144.000%! ~~ 
13:32:46.203 WARN  ~~ LOOPS: 13. ENTITY #: 322//168. VIEW #: 2. BACKLOGGED :: 143.538%! ~~ 
13:32:47.239 WARN  ~~ LOOPS: 13. ENTITY #: 322//167. VIEW #: 2. BACKLOGGED :: 139.615%! ~~ 
13:32:48.244 WARN  ~~ LOOPS: 12. ENTITY #: 321//167. VIEW #: 2. BACKLOGGED :: 144.750%! ~~ 
13:32:49.296 WARN  ~~ LOOPS: 13. ENTITY #: 319//168. VIEW #: 2. BACKLOGGED :: 149.077%! ~~ 
13:32:50.302 WARN  ~~ LOOPS: 12. ENTITY #: 319//169. VIEW #: 2. BACKLOGGED :: 147.750%! ~~ 
13:32:51.315 WARN  ~~ LOOPS: 12. ENTITY #: 320//174. VIEW #: 2. BACKLOGGED :: 152.250%! ~~ 
13:32:52.342 WARN  ~~ LOOPS: 12. ENTITY #: 316//173. VIEW #: 2. BACKLOGGED :: 156.000%! ~~ 
13:32:53.350 WARN  ~~ LOOPS: 12. ENTITY #: 303//165. VIEW #: 2. BACKLOGGED :: 148.750%! ~~ 
13:32:54.355 WARN  ~~ LOOPS: 13. ENTITY #: 295//148. VIEW #: 2. BACKLOGGED :: 132.000%! ~~ 
13:32:55.361 WARN  ~~ LOOPS: 13. ENTITY #: 288//142. VIEW #: 2. BACKLOGGED :: 130.154%! ~~ 
13:32:56.368 WARN  ~~ LOOPS: 14. ENTITY #: 280//134. VIEW #: 2. BACKLOGGED :: 122.143%! ~~ 
13:32:57.385 WARN  ~~ LOOPS: 14. ENTITY #: 274//126. VIEW #: 2. BACKLOGGED :: 117.214%! ~~ 
13:32:58.389 WARN  ~~ LOOPS: 14. ENTITY #: 274//123. VIEW #: 2. BACKLOGGED :: 115.500%! ~~ 
13:32:59.395 WARN  ~~ LOOPS: 14. ENTITY #: 273//120. VIEW #: 2. BACKLOGGED :: 112.929%! ~~ 
13:33:00.401 WARN  ~~ LOOPS: 14. ENTITY #: 271//115. VIEW #: 2. BACKLOGGED :: 111.857%! ~~ 
13:33:01.407 WARN  ~~ LOOPS: 15. ENTITY #: 272//110. VIEW #: 2. BACKLOGGED :: 105.200%! ~~ 
13:33:02.445 WARN  ~~ LOOPS: 15. ENTITY #: 273//114. VIEW #: 2. BACKLOGGED :: 109.800%! ~~ 
13:33:03.450 WARN  ~~ LOOPS: 14. ENTITY #: 275//117. VIEW #: 2. BACKLOGGED :: 110.786%! ~~ 
13:33:04.454 WARN  ~~ LOOPS: 14. ENTITY #: 277//117. VIEW #: 2. BACKLOGGED :: 117.214%! ~~ 
13:33:05.458 WARN  ~~ LOOPS: 14. ENTITY #: 273//117. VIEW #: 2. BACKLOGGED :: 114.643%! ~~ 
13:33:06.462 WARN  ~~ LOOPS: 14. ENTITY #: 274//118. VIEW #: 1. BACKLOGGED :: 119.143%! ~~ 
13:33:07.484 WARN  ~~ LOOPS: 14. ENTITY #: 275//116. VIEW #: 1. BACKLOGGED :: 119.786%! ~~ 
13:33:08.504 WARN  ~~ LOOPS: 14. ENTITY #: 275//114. VIEW #: 1. BACKLOGGED :: 117.000%! ~~ 
13:33:09.505 WARN  ~~ LOOPS: 14. ENTITY #: 276//112. VIEW #: 1. BACKLOGGED :: 110.357%! ~~ 
13:33:10.511 WARN  ~~ LOOPS: 14. ENTITY #: 280//113. VIEW #: 1. BACKLOGGED :: 116.143%! ~~ 
13:33:11.527 WARN  ~~ LOOPS: 14. ENTITY #: 280//114. VIEW #: 1. BACKLOGGED :: 118.714%! ~~ 
13:33:12.533 WARN  ~~ LOOPS: 14. ENTITY #: 281//111. VIEW #: 1. BACKLOGGED :: 117.643%! ~~ 
13:33:13.538 WARN  ~~ LOOPS: 14. ENTITY #: 281//106. VIEW #: 1. BACKLOGGED :: 113.786%! ~~ 
13:33:14.543 WARN  ~~ LOOPS: 14. ENTITY #: 284//105. VIEW #: 1. BACKLOGGED :: 110.357%! ~~ 
13:33:15.570 WARN  ~~ LOOPS: 15. ENTITY #: 285//103. VIEW #: 1. BACKLOGGED :: 109.200%! ~~ 
13:33:16.574 WARN  ~~ LOOPS: 14. ENTITY #: 285//100. VIEW #: 1. BACKLOGGED :: 110.357%! ~~ 
13:33:17.599 WARN  ~~ LOOPS: 15. ENTITY #: 286//100. VIEW #: 1. BACKLOGGED :: 109.600%! ~~ 
13:33:18.604 WARN  ~~ LOOPS: 14. ENTITY #: 289//99. VIEW #: 1. BACKLOGGED :: 110.571%! ~~ 
13:33:19.610 WARN  ~~ LOOPS: 14. ENTITY #: 289//98. VIEW #: 1. BACKLOGGED :: 113.357%! ~~ 
13:33:20.623 WARN  ~~ LOOPS: 15. ENTITY #: 289//95. VIEW #: 1. BACKLOGGED :: 104.200%! ~~ 
13:33:59.447 WARN  ~~ LOOPS: 7. ENTITY #: 310//26. VIEW #: 1. BACKLOGGED :: 1012.286%! ~~ 
20:08:43.751 WARN  ~~ LOOPS: 15. ENTITY #: 646//326. VIEW #: 7. BACKLOGGED :: 102.400%! ~~ 
20:09:02.102 WARN  ~~ LOOPS: 15. ENTITY #: 630//230. VIEW #: 7. BACKLOGGED :: 103.600%! ~~ 
20:09:14.385 WARN  ~~ LOOPS: 15. ENTITY #: 663//261. VIEW #: 7. BACKLOGGED :: 102.600%! ~~ 
20:09:15.400 WARN  ~~ LOOPS: 15. ENTITY #: 664//267. VIEW #: 7. BACKLOGGED :: 102.600%! ~~ 
20:09:17.439 WARN  ~~ LOOPS: 15. ENTITY #: 661//284. VIEW #: 6. BACKLOGGED :: 102.800%! ~~ 
20:09:18.491 WARN  ~~ LOOPS: 15. ENTITY #: 663//285. VIEW #: 6. BACKLOGGED :: 109.200%! ~~ 
20:09:19.510 WARN  ~~ LOOPS: 14. ENTITY #: 662//283. VIEW #: 6. BACKLOGGED :: 106.500%! ~~ 
20:09:20.526 WARN  ~~ LOOPS: 15. ENTITY #: 661//283. VIEW #: 6. BACKLOGGED :: 106.800%! ~~ 
20:09:21.555 WARN  ~~ LOOPS: 15. ENTITY #: 649//276. VIEW #: 6. BACKLOGGED :: 105.800%! ~~ 
20:09:22.616 WARN  ~~ LOOPS: 15. ENTITY #: 652//273. VIEW #: 6. BACKLOGGED :: 104.200%! ~~ 
20:09:23.639 WARN  ~~ LOOPS: 15. ENTITY #: 653//272. VIEW #: 6. BACKLOGGED :: 103.600%! ~~ 
20:09:24.662 WARN  ~~ LOOPS: 15. ENTITY #: 650//270. VIEW #: 7. BACKLOGGED :: 101.200%! ~~ 
20:09:47.159 WARN  ~~ LOOPS: 15. ENTITY #: 600//237. VIEW #: 8. BACKLOGGED :: 100.200%! ~~ 
20:09:48.178 WARN  ~~ LOOPS: 14. ENTITY #: 595//243. VIEW #: 8. BACKLOGGED :: 107.571%! ~~ 
20:09:49.191 WARN  ~~ LOOPS: 15. ENTITY #: 600//247. VIEW #: 8. BACKLOGGED :: 105.200%! ~~ 
20:09:50.257 WARN  ~~ LOOPS: 15. ENTITY #: 599//248. VIEW #: 8. BACKLOGGED :: 108.000%! ~~ 
20:09:51.273 WARN  ~~ LOOPS: 14. ENTITY #: 605//255. VIEW #: 8. BACKLOGGED :: 115.286%! ~~ 
20:09:52.332 WARN  ~~ LOOPS: 15. ENTITY #: 606//258. VIEW #: 8. BACKLOGGED :: 116.200%! ~~ 
20:09:53.332 WARN  ~~ LOOPS: 13. ENTITY #: 602//258. VIEW #: 8. BACKLOGGED :: 118.846%! ~~ 
20:09:54.335 WARN  ~~ LOOPS: 14. ENTITY #: 606//257. VIEW #: 8. BACKLOGGED :: 114.643%! ~~ 
20:09:55.379 WARN  ~~ LOOPS: 15. ENTITY #: 601//256. VIEW #: 8. BACKLOGGED :: 111.600%! ~~ 
20:09:56.398 WARN  ~~ LOOPS: 14. ENTITY #: 601//251. VIEW #: 8. BACKLOGGED :: 110.786%! ~~ 
20:09:57.439 WARN  ~~ LOOPS: 15. ENTITY #: 599//246. VIEW #: 8. BACKLOGGED :: 111.200%! ~~ 
20:09:58.470 WARN  ~~ LOOPS: 14. ENTITY #: 601//246. VIEW #: 8. BACKLOGGED :: 121.286%! ~~ 
20:09:59.518 WARN  ~~ LOOPS: 14. ENTITY #: 615//249. VIEW #: 8. BACKLOGGED :: 118.500%! ~~ 
20:10:00.545 WARN  ~~ LOOPS: 15. ENTITY #: 625//221. VIEW #: 8. BACKLOGGED :: 106.800%! ~~ 
20:10:01.572 WARN  ~~ LOOPS: 15. ENTITY #: 634//210. VIEW #: 8. BACKLOGGED :: 104.200%! ~~ 
20:10:02.615 WARN  ~~ LOOPS: 15. ENTITY #: 634//214. VIEW #: 8. BACKLOGGED :: 105.000%! ~~ 
20:10:03.632 WARN  ~~ LOOPS: 15. ENTITY #: 640//214. VIEW #: 8. BACKLOGGED :: 103.200%! ~~ 
20:10:04.666 WARN  ~~ LOOPS: 15. ENTITY #: 643//220. VIEW #: 8. BACKLOGGED :: 107.200%! ~~ 
20:10:05.697 WARN  ~~ LOOPS: 14. ENTITY #: 639//221. VIEW #: 8. BACKLOGGED :: 113.143%! ~~ 
20:10:06.728 WARN  ~~ LOOPS: 14. ENTITY #: 650//234. VIEW #: 8. BACKLOGGED :: 120.214%! ~~ 
20:10:07.766 WARN  ~~ LOOPS: 14. ENTITY #: 651//243. VIEW #: 8. BACKLOGGED :: 123.857%! ~~ 
20:10:08.821 WARN  ~~ LOOPS: 13. ENTITY #: 653//251. VIEW #: 8. BACKLOGGED :: 129.923%! ~~ 
20:10:09.843 WARN  ~~ LOOPS: 13. ENTITY #: 654//257. VIEW #: 8. BACKLOGGED :: 132.231%! ~~ 
20:10:10.892 WARN  ~~ LOOPS: 13. ENTITY #: 657//257. VIEW #: 8. BACKLOGGED :: 135.923%! ~~ 
20:10:11.911 WARN  ~~ LOOPS: 13. ENTITY #: 652//256. VIEW #: 8. BACKLOGGED :: 134.077%! ~~ 
20:10:12.937 WARN  ~~ LOOPS: 13. ENTITY #: 638//245. VIEW #: 8. BACKLOGGED :: 131.769%! ~~ 
20:10:13.972 WARN  ~~ LOOPS: 14. ENTITY #: 629//233. VIEW #: 8. BACKLOGGED :: 117.857%! ~~ 
20:10:14.990 WARN  ~~ LOOPS: 14. ENTITY #: 627//229. VIEW #: 7. BACKLOGGED :: 115.071%! ~~ 
20:10:16.009 WARN  ~~ LOOPS: 14. ENTITY #: 620//223. VIEW #: 7. BACKLOGGED :: 120.429%! ~~ 
20:10:17.027 WARN  ~~ LOOPS: 14. ENTITY #: 615//220. VIEW #: 7. BACKLOGGED :: 109.286%! ~~ 
20:10:18.052 WARN  ~~ LOOPS: 15. ENTITY #: 599//210. VIEW #: 8. BACKLOGGED :: 107.200%! ~~ 
20:10:19.073 WARN  ~~ LOOPS: 15. ENTITY #: 607//203. VIEW #: 8. BACKLOGGED :: 100.800%! ~~ 
20:10:20.118 WARN  ~~ LOOPS: 15. ENTITY #: 608//204. VIEW #: 8. BACKLOGGED :: 104.600%! ~~ 
20:10:21.160 WARN  ~~ LOOPS: 15. ENTITY #: 610//209. VIEW #: 8. BACKLOGGED :: 107.400%! ~~ 
20:10:22.190 WARN  ~~ LOOPS: 14. ENTITY #: 608//208. VIEW #: 8. BACKLOGGED :: 119.571%! ~~ 
20:10:23.241 WARN  ~~ LOOPS: 15. ENTITY #: 608//207. VIEW #: 8. BACKLOGGED :: 112.200%! ~~ 
20:10:24.247 WARN  ~~ LOOPS: 14. ENTITY #: 605//207. VIEW #: 8. BACKLOGGED :: 112.286%! ~~ 
20:10:25.305 WARN  ~~ LOOPS: 15. ENTITY #: 602//209. VIEW #: 8. BACKLOGGED :: 111.600%! ~~ 
20:10:26.306 WARN  ~~ LOOPS: 13. ENTITY #: 605//208. VIEW #: 8. BACKLOGGED :: 117.462%! ~~ 
20:10:27.330 WARN  ~~ LOOPS: 14. ENTITY #: 607//205. VIEW #: 8. BACKLOGGED :: 120.857%! ~~ 
20:10:28.362 WARN  ~~ LOOPS: 14. ENTITY #: 599//202. VIEW #: 8. BACKLOGGED :: 121.286%! ~~ 
20:10:29.416 WARN  ~~ LOOPS: 14. ENTITY #: 604//202. VIEW #: 8. BACKLOGGED :: 126.857%! ~~ 
20:10:30.441 WARN  ~~ LOOPS: 12. ENTITY #: 610//209. VIEW #: 8. BACKLOGGED :: 140.500%! ~~ 
20:10:31.503 WARN  ~~ LOOPS: 14. ENTITY #: 607//210. VIEW #: 8. BACKLOGGED :: 129.857%! ~~ 
20:10:32.511 WARN  ~~ LOOPS: 13. ENTITY #: 601//211. VIEW #: 8. BACKLOGGED :: 126.692%! ~~ 
20:10:33.552 WARN  ~~ LOOPS: 14. ENTITY #: 594//205. VIEW #: 8. BACKLOGGED :: 117.214%! ~~ 
20:10:34.605 WARN  ~~ LOOPS: 15. ENTITY #: 586//198. VIEW #: 8. BACKLOGGED :: 111.200%! ~~ 
20:10:35.626 WARN  ~~ LOOPS: 14. ENTITY #: 587//192. VIEW #: 8. BACKLOGGED :: 111.857%! ~~ 
20:10:36.642 WARN  ~~ LOOPS: 14. ENTITY #: 589//195. VIEW #: 8. BACKLOGGED :: 115.071%! ~~ 
20:10:37.688 WARN  ~~ LOOPS: 15. ENTITY #: 584//200. VIEW #: 8. BACKLOGGED :: 110.800%! ~~ 
20:10:38.717 WARN  ~~ LOOPS: 14. ENTITY #: 584//205. VIEW #: 8. BACKLOGGED :: 119.786%! ~~ 
20:10:39.766 WARN  ~~ LOOPS: 14. ENTITY #: 580//210. VIEW #: 8. BACKLOGGED :: 117.857%! ~~ 
20:10:40.791 WARN  ~~ LOOPS: 14. ENTITY #: 580//212. VIEW #: 8. BACKLOGGED :: 121.500%! ~~ 
20:10:41.817 WARN  ~~ LOOPS: 14. ENTITY #: 579//215. VIEW #: 8. BACKLOGGED :: 120.214%! ~~ 
20:10:42.838 WARN  ~~ LOOPS: 14. ENTITY #: 575//212. VIEW #: 8. BACKLOGGED :: 118.071%! ~~ 
20:10:43.893 WARN  ~~ LOOPS: 14. ENTITY #: 574//209. VIEW #: 8. BACKLOGGED :: 118.500%! ~~ 
20:10:44.912 WARN  ~~ LOOPS: 14. ENTITY #: 569//209. VIEW #: 8. BACKLOGGED :: 117.857%! ~~ 
20:10:45.927 WARN  ~~ LOOPS: 14. ENTITY #: 566//209. VIEW #: 8. BACKLOGGED :: 117.643%! ~~ 
20:10:46.987 WARN  ~~ LOOPS: 14. ENTITY #: 570//219. VIEW #: 8. BACKLOGGED :: 123.857%! ~~ 
20:10:48.003 WARN  ~~ LOOPS: 13. ENTITY #: 575//228. VIEW #: 8. BACKLOGGED :: 131.077%! ~~ 
20:10:49.023 WARN  ~~ LOOPS: 13. ENTITY #: 580//234. VIEW #: 8. BACKLOGGED :: 133.385%! ~~ 
20:10:50.069 WARN  ~~ LOOPS: 13. ENTITY #: 582//237. VIEW #: 8. BACKLOGGED :: 135.923%! ~~ 
20:10:51.100 WARN  ~~ LOOPS: 13. ENTITY #: 583//237. VIEW #: 8. BACKLOGGED :: 136.846%! ~~ 
20:10:52.121 WARN  ~~ LOOPS: 12. ENTITY #: 576//242. VIEW #: 8. BACKLOGGED :: 153.750%! ~~ 
20:10:53.189 WARN  ~~ LOOPS: 13. ENTITY #: 566//239. VIEW #: 8. BACKLOGGED :: 144.692%! ~~ 
20:10:54.190 WARN  ~~ LOOPS: 12. ENTITY #: 560//232. VIEW #: 8. BACKLOGGED :: 142.000%! ~~ 
20:10:55.222 WARN  ~~ LOOPS: 13. ENTITY #: 541//220. VIEW #: 8. BACKLOGGED :: 141.231%! ~~ 
20:10:56.261 WARN  ~~ LOOPS: 13. ENTITY #: 532//219. VIEW #: 8. BACKLOGGED :: 136.154%! ~~ 
20:10:57.323 WARN  ~~ LOOPS: 14. ENTITY #: 525//212. VIEW #: 8. BACKLOGGED :: 129.643%! ~~ 
20:10:58.323 WARN  ~~ LOOPS: 13. ENTITY #: 517//206. VIEW #: 8. BACKLOGGED :: 122.769%! ~~ 
20:10:59.335 WARN  ~~ LOOPS: 14. ENTITY #: 510//197. VIEW #: 8. BACKLOGGED :: 119.143%! ~~ 
20:11:00.351 WARN  ~~ LOOPS: 13. ENTITY #: 505//193. VIEW #: 8. BACKLOGGED :: 128.769%! ~~ 
20:11:01.367 WARN  ~~ LOOPS: 14. ENTITY #: 495//188. VIEW #: 8. BACKLOGGED :: 117.429%! ~~ 
20:21:51.719 ERROR [ERROR] A ghost entity has been found! 
20:21:51.720 ERROR Type: Basic 
20:21:51.720 ERROR Position: (238.16666666666666, 122.16666666666666) 
20:21:51.720 ERROR Collision Array:  
20:21:51.720 ERROR Health: 0.44833333333333325 
20:21:51.720 WARN  Ghost entity removed successfully. 
20:23:39.610 ERROR [ERROR] A ghost entity has been found! 
20:23:39.611 ERROR Type: Annihilator 
20:23:39.611 ERROR Position: (4444.703940668062, 4880.965317501008) 
20:23:39.611 ERROR Collision Array:  
20:23:39.611 ERROR Health: 0.7783333333333335 
20:23:39.611 WARN  Ghost entity removed successfully. 
20:45:09.666 WARN  Malformed command packet! Kicking player and giving 1 warning. 
