01:51:01.480 ERROR Ghost entity found! 
01:51:01.480 ERROR Type: Boomer 
01:51:01.480 ERROR Position: (3651.5552505648725, 1680.9623760240481) 
01:51:01.483 ERROR [] 
01:51:01.484 ERROR Health: -1 
01:51:01.484 WARN  Ghost entity removed successfully. 
01:51:54.451 WARN  Malformed command packet! Kicking player and giving 1 warning. 
01:58:00.663 WARN  ~~ LOOPS: 14. ENTITY #: 663//346. VIEW #: 5. BACKLOGGED :: 108.000%! ~~ 
01:58:01.712 WARN  ~~ LOOPS: 15. ENTITY #: 665//355. VIEW #: 5. BACKLOGGED :: 111.000%! ~~ 
01:58:02.720 WARN  ~~ LOOPS: 13. ENTITY #: 661//364. VIEW #: 5. BACKLOGGED :: 127.615%! ~~ 
01:58:03.735 WARN  ~~ LOOPS: 13. ENTITY #: 666//363. VIEW #: 5. BACKLOGGED :: 133.846%! ~~ 
01:58:04.764 WARN  ~~ LOOPS: 13. ENTITY #: 657//363. VIEW #: 5. BACKLOGGED :: 137.077%! ~~ 
01:58:05.787 WARN  ~~ LOOPS: 12. ENTITY #: 664//364. VIEW #: 5. BACKLOGGED :: 146.500%! ~~ 
01:58:06.793 WARN  ~~ LOOPS: 12. ENTITY #: 654//372. VIEW #: 5. BACKLOGGED :: 152.000%! ~~ 
01:58:07.841 WARN  ~~ LOOPS: 12. ENTITY #: 663//379. VIEW #: 5. BACKLOGGED :: 161.500%! ~~ 
01:58:08.897 WARN  ~~ LOOPS: 11. ENTITY #: 653//390. VIEW #: 5. BACKLOGGED :: 177.818%! ~~ 
01:58:09.981 WARN  ~~ LOOPS: 11. ENTITY #: 658//401. VIEW #: 5. BACKLOGGED :: 200.182%! ~~ 
01:58:11.027 WARN  ~~ LOOPS: 10. ENTITY #: 648//399. VIEW #: 5. BACKLOGGED :: 213.600%! ~~ 
01:58:12.070 WARN  ~~ LOOPS: 10. ENTITY #: 659//403. VIEW #: 5. BACKLOGGED :: 211.800%! ~~ 
01:58:13.131 WARN  ~~ LOOPS: 10. ENTITY #: 651//417. VIEW #: 5. BACKLOGGED :: 217.500%! ~~ 
01:58:14.163 WARN  ~~ LOOPS: 9. ENTITY #: 653//417. VIEW #: 5. BACKLOGGED :: 243.000%! ~~ 
01:58:15.232 WARN  ~~ LOOPS: 9. ENTITY #: 662//424. VIEW #: 5. BACKLOGGED :: 254.667%! ~~ 
01:58:16.288 WARN  ~~ LOOPS: 9. ENTITY #: 655//418. VIEW #: 5. BACKLOGGED :: 252.667%! ~~ 
01:58:17.375 WARN  ~~ LOOPS: 9. ENTITY #: 663//420. VIEW #: 5. BACKLOGGED :: 262.333%! ~~ 
01:58:18.399 WARN  ~~ LOOPS: 8. ENTITY #: 667//424. VIEW #: 5. BACKLOGGED :: 280.125%! ~~ 
01:58:19.445 WARN  ~~ LOOPS: 8. ENTITY #: 664//416. VIEW #: 5. BACKLOGGED :: 275.250%! ~~ 
01:58:20.500 WARN  ~~ LOOPS: 8. ENTITY #: 676//418. VIEW #: 5. BACKLOGGED :: 296.250%! ~~ 
01:58:21.519 WARN  ~~ LOOPS: 8. ENTITY #: 670//424. VIEW #: 5. BACKLOGGED :: 280.875%! ~~ 
01:58:22.546 WARN  ~~ LOOPS: 7. ENTITY #: 673//422. VIEW #: 5. BACKLOGGED :: 336.857%! ~~ 
01:58:23.565 WARN  ~~ LOOPS: 7. ENTITY #: 684//425. VIEW #: 5. BACKLOGGED :: 324.857%! ~~ 
01:58:24.701 WARN  ~~ LOOPS: 8. ENTITY #: 684//429. VIEW #: 5. BACKLOGGED :: 333.000%! ~~ 
01:58:25.812 WARN  ~~ LOOPS: 8. ENTITY #: 685//422. VIEW #: 5. BACKLOGGED :: 313.500%! ~~ 
01:58:26.813 WARN  ~~ LOOPS: 7. ENTITY #: 694//424. VIEW #: 5. BACKLOGGED :: 323.571%! ~~ 
01:58:27.823 WARN  ~~ LOOPS: 7. ENTITY #: 698//426. VIEW #: 5. BACKLOGGED :: 337.286%! ~~ 
01:58:28.850 WARN  ~~ LOOPS: 7. ENTITY #: 696//420. VIEW #: 5. BACKLOGGED :: 340.286%! ~~ 
01:58:29.917 WARN  ~~ LOOPS: 7. ENTITY #: 708//415. VIEW #: 5. BACKLOGGED :: 354.429%! ~~ 
01:58:30.917 WARN  ~~ LOOPS: 6. ENTITY #: 700//424. VIEW #: 5. BACKLOGGED :: 394.500%! ~~ 
01:58:32.028 WARN  ~~ LOOPS: 7. ENTITY #: 696//419. VIEW #: 5. BACKLOGGED :: 366.857%! ~~ 
01:58:33.055 WARN  ~~ LOOPS: 6. ENTITY #: 692//415. VIEW #: 5. BACKLOGGED :: 402.500%! ~~ 
01:58:34.102 WARN  ~~ LOOPS: 7. ENTITY #: 627//374. VIEW #: 5. BACKLOGGED :: 350.143%! ~~ 
01:58:35.128 WARN  ~~ LOOPS: 7. ENTITY #: 626//349. VIEW #: 5. BACKLOGGED :: 336.000%! ~~ 
01:58:36.192 WARN  ~~ LOOPS: 10. ENTITY #: 611//232. VIEW #: 4. BACKLOGGED :: 222.300%! ~~ 
01:58:37.251 WARN  ~~ LOOPS: 11. ENTITY #: 612//198. VIEW #: 4. BACKLOGGED :: 185.455%! ~~ 
01:58:38.322 WARN  ~~ LOOPS: 11. ENTITY #: 616//186. VIEW #: 4. BACKLOGGED :: 189.818%! ~~ 
01:58:39.387 WARN  ~~ LOOPS: 10. ENTITY #: 621//202. VIEW #: 4. BACKLOGGED :: 217.500%! ~~ 
01:58:40.472 WARN  ~~ LOOPS: 10. ENTITY #: 618//192. VIEW #: 4. BACKLOGGED :: 225.900%! ~~ 
01:58:41.483 WARN  ~~ LOOPS: 10. ENTITY #: 584//175. VIEW #: 4. BACKLOGGED :: 201.900%! ~~ 
01:58:42.518 WARN  ~~ LOOPS: 11. ENTITY #: 583//164. VIEW #: 4. BACKLOGGED :: 181.636%! ~~ 
01:58:43.535 WARN  ~~ LOOPS: 10. ENTITY #: 582//150. VIEW #: 5. BACKLOGGED :: 190.800%! ~~ 
01:58:44.597 WARN  ~~ LOOPS: 11. ENTITY #: 575//168. VIEW #: 5. BACKLOGGED :: 191.455%! ~~ 
01:58:45.609 WARN  ~~ LOOPS: 10. ENTITY #: 573//157. VIEW #: 5. BACKLOGGED :: 198.900%! ~~ 
01:58:46.674 WARN  ~~ LOOPS: 10. ENTITY #: 578//169. VIEW #: 5. BACKLOGGED :: 224.100%! ~~ 
01:58:47.727 WARN  ~~ LOOPS: 10. ENTITY #: 581//166. VIEW #: 5. BACKLOGGED :: 216.600%! ~~ 
01:58:48.786 WARN  ~~ LOOPS: 10. ENTITY #: 580//153. VIEW #: 5. BACKLOGGED :: 216.600%! ~~ 
01:58:49.841 WARN  ~~ LOOPS: 10. ENTITY #: 580//156. VIEW #: 5. BACKLOGGED :: 215.400%! ~~ 
01:58:50.905 WARN  ~~ LOOPS: 11. ENTITY #: 579//120. VIEW #: 5. BACKLOGGED :: 189.818%! ~~ 
01:58:51.918 WARN  ~~ LOOPS: 9. ENTITY #: 579//171. VIEW #: 5. BACKLOGGED :: 231.667%! ~~ 
01:58:53.041 WARN  ~~ LOOPS: 9. ENTITY #: 577//207. VIEW #: 4. BACKLOGGED :: 277.000%! ~~ 
01:58:54.155 WARN  ~~ LOOPS: 8. ENTITY #: 579//206. VIEW #: 4. BACKLOGGED :: 315.375%! ~~ 
01:58:55.167 WARN  ~~ LOOPS: 7. ENTITY #: 583//205. VIEW #: 4. BACKLOGGED :: 324.857%! ~~ 
01:58:56.182 WARN  ~~ LOOPS: 7. ENTITY #: 585//230. VIEW #: 4. BACKLOGGED :: 331.286%! ~~ 
01:58:57.230 WARN  ~~ LOOPS: 7. ENTITY #: 586//209. VIEW #: 4. BACKLOGGED :: 336.429%! ~~ 
01:58:58.256 WARN  ~~ LOOPS: 7. ENTITY #: 586//230. VIEW #: 4. BACKLOGGED :: 336.857%! ~~ 
01:58:59.326 WARN  ~~ LOOPS: 7. ENTITY #: 590//209. VIEW #: 4. BACKLOGGED :: 354.857%! ~~ 
01:59:00.386 WARN  ~~ LOOPS: 7. ENTITY #: 590//209. VIEW #: 4. BACKLOGGED :: 360.429%! ~~ 
01:59:01.489 WARN  ~~ LOOPS: 7. ENTITY #: 593//236. VIEW #: 4. BACKLOGGED :: 369.857%! ~~ 
01:59:02.623 WARN  ~~ LOOPS: 7. ENTITY #: 593//216. VIEW #: 4. BACKLOGGED :: 387.000%! ~~ 
01:59:03.677 WARN  ~~ LOOPS: 6. ENTITY #: 592//244. VIEW #: 4. BACKLOGGED :: 424.500%! ~~ 
01:59:03.677 ERROR Something may be very wrong... 
01:59:04.774 WARN  ~~ LOOPS: 6. ENTITY #: 590//218. VIEW #: 4. BACKLOGGED :: 449.500%! ~~ 
01:59:04.774 ERROR Something may be very wrong... 
01:59:05.928 WARN  ~~ LOOPS: 7. ENTITY #: 591//219. VIEW #: 4. BACKLOGGED :: 393.857%! ~~ 
01:59:05.928 ERROR Something may be very wrong... 
01:59:06.941 WARN  ~~ LOOPS: 6. ENTITY #: 588//245. VIEW #: 4. BACKLOGGED :: 404.500%! ~~ 
01:59:06.941 ERROR Something may be very wrong... 
01:59:07.954 WARN  ~~ LOOPS: 6. ENTITY #: 589//217. VIEW #: 4. BACKLOGGED :: 400.000%! ~~ 
01:59:07.954 ERROR Something may be very wrong... 
01:59:08.967 WARN  ~~ LOOPS: 6. ENTITY #: 584//216. VIEW #: 4. BACKLOGGED :: 405.000%! ~~ 
01:59:08.967 ERROR Something may be very wrong... 
01:59:09.998 WARN  ~~ LOOPS: 6. ENTITY #: 579//242. VIEW #: 4. BACKLOGGED :: 414.500%! ~~ 
01:59:09.998 ERROR Something may be very wrong... 
01:59:11.033 WARN  ~~ LOOPS: 6. ENTITY #: 576//212. VIEW #: 4. BACKLOGGED :: 414.500%! ~~ 
01:59:11.033 ERROR Something may be very wrong... 
01:59:12.045 WARN  ~~ LOOPS: 6. ENTITY #: 570//229. VIEW #: 4. BACKLOGGED :: 404.000%! ~~ 
01:59:12.045 ERROR Something may be very wrong... 
01:59:13.133 WARN  ~~ LOOPS: 7. ENTITY #: 570//206. VIEW #: 4. BACKLOGGED :: 366.857%! ~~ 
01:59:13.133 ERROR Something may be very wrong... 
01:59:14.276 WARN  ~~ LOOPS: 7. ENTITY #: 568//204. VIEW #: 4. BACKLOGGED :: 389.143%! ~~ 
01:59:14.276 ERROR Something may be very wrong... 
01:59:15.389 WARN  ~~ LOOPS: 7. ENTITY #: 567//225. VIEW #: 4. BACKLOGGED :: 375.429%! ~~ 
01:59:15.389 ERROR Something may be very wrong... 
01:59:16.447 WARN  ~~ LOOPS: 7. ENTITY #: 571//207. VIEW #: 4. BACKLOGGED :: 352.714%! ~~ 
01:59:16.447 ERROR Something may be very wrong... 
01:59:17.514 WARN  ~~ LOOPS: 7. ENTITY #: 574//231. VIEW #: 4. BACKLOGGED :: 332.571%! ~~ 
01:59:17.514 ERROR Something may be very wrong... 
01:59:18.558 WARN  ~~ LOOPS: 7. ENTITY #: 575//218. VIEW #: 4. BACKLOGGED :: 351.429%! ~~ 
01:59:18.558 ERROR Something may be very wrong... 
01:59:19.577 WARN  ~~ LOOPS: 6. ENTITY #: 581//217. VIEW #: 4. BACKLOGGED :: 393.000%! ~~ 
01:59:19.577 ERROR Something may be very wrong... 
01:59:20.696 WARN  ~~ LOOPS: 7. ENTITY #: 583//244. VIEW #: 4. BACKLOGGED :: 386.143%! ~~ 
01:59:20.696 ERROR Something may be very wrong... 
01:59:21.817 WARN  ~~ LOOPS: 7. ENTITY #: 581//221. VIEW #: 4. BACKLOGGED :: 379.286%! ~~ 
01:59:21.817 ERROR Something may be very wrong... 
01:59:22.931 WARN  ~~ LOOPS: 7. ENTITY #: 581//240. VIEW #: 4. BACKLOGGED :: 377.571%! ~~ 
01:59:22.931 ERROR Something may be very wrong... 
01:59:24.056 WARN  ~~ LOOPS: 7. ENTITY #: 581//223. VIEW #: 4. BACKLOGGED :: 380.571%! ~~ 
01:59:24.056 ERROR Something may be very wrong... 
01:59:25.069 WARN  ~~ LOOPS: 6. ENTITY #: 579//220. VIEW #: 4. BACKLOGGED :: 399.000%! ~~ 
01:59:25.069 ERROR Something may be very wrong... 
01:59:26.220 WARN  ~~ LOOPS: 7. ENTITY #: 580//242. VIEW #: 4. BACKLOGGED :: 394.714%! ~~ 
01:59:26.220 ERROR Something may be very wrong... 
01:59:27.238 WARN  ~~ LOOPS: 6. ENTITY #: 581//218. VIEW #: 4. BACKLOGGED :: 406.500%! ~~ 
01:59:27.239 ERROR Something may be very wrong... 
01:59:28.265 WARN  ~~ LOOPS: 6. ENTITY #: 583//221. VIEW #: 4. BACKLOGGED :: 415.000%! ~~ 
01:59:28.265 ERROR Something may be very wrong... 
01:59:29.278 WARN  ~~ LOOPS: 6. ENTITY #: 588//252. VIEW #: 4. BACKLOGGED :: 389.500%! ~~ 
01:59:29.278 ERROR Something may be very wrong... 
01:59:30.292 WARN  ~~ LOOPS: 6. ENTITY #: 587//227. VIEW #: 4. BACKLOGGED :: 405.500%! ~~ 
01:59:30.292 ERROR Something may be very wrong... 
01:59:31.316 WARN  ~~ LOOPS: 6. ENTITY #: 588//248. VIEW #: 4. BACKLOGGED :: 414.000%! ~~ 
01:59:31.316 ERROR Something may be very wrong... 
01:59:32.371 WARN  ~~ LOOPS: 6. ENTITY #: 584//226. VIEW #: 4. BACKLOGGED :: 426.000%! ~~ 
01:59:32.371 ERROR Something may be very wrong... 
01:59:33.394 WARN  ~~ LOOPS: 6. ENTITY #: 585//222. VIEW #: 4. BACKLOGGED :: 411.500%! ~~ 
01:59:33.394 ERROR Something may be very wrong... 
01:59:34.465 WARN  ~~ LOOPS: 6. ENTITY #: 581//243. VIEW #: 4. BACKLOGGED :: 434.000%! ~~ 
01:59:34.465 ERROR Something may be very wrong... 
01:59:35.499 WARN  ~~ LOOPS: 6. ENTITY #: 581//222. VIEW #: 4. BACKLOGGED :: 416.500%! ~~ 
01:59:35.499 ERROR Something may be very wrong... 
01:59:36.573 WARN  ~~ LOOPS: 6. ENTITY #: 579//221. VIEW #: 4. BACKLOGGED :: 436.000%! ~~ 
01:59:36.573 ERROR Something may be very wrong... 
01:59:37.586 WARN  ~~ LOOPS: 6. ENTITY #: 582//246. VIEW #: 4. BACKLOGGED :: 402.500%! ~~ 
01:59:37.586 ERROR Something may be very wrong... 
01:59:38.679 WARN  ~~ LOOPS: 6. ENTITY #: 586//219. VIEW #: 4. BACKLOGGED :: 446.000%! ~~ 
01:59:38.679 ERROR Something may be very wrong... 
01:59:39.772 WARN  ~~ LOOPS: 6. ENTITY #: 585//221. VIEW #: 4. BACKLOGGED :: 422.500%! ~~ 
01:59:39.772 ERROR Something may be very wrong... 
01:59:40.910 WARN  ~~ LOOPS: 6. ENTITY #: 589//251. VIEW #: 4. BACKLOGGED :: 462.500%! ~~ 
01:59:40.910 ERROR Something may be very wrong... 
01:59:41.995 WARN  ~~ LOOPS: 6. ENTITY #: 592//229. VIEW #: 4. BACKLOGGED :: 442.500%! ~~ 
01:59:41.995 ERROR Something may be very wrong... 
01:59:43.010 WARN  ~~ LOOPS: 5. ENTITY #: 598//230. VIEW #: 4. BACKLOGGED :: 506.400%! ~~ 
01:59:43.010 ERROR Something may be very wrong... 
01:59:44.043 WARN  ~~ LOOPS: 5. ENTITY #: 602//268. VIEW #: 4. BACKLOGGED :: 521.400%! ~~ 
01:59:44.043 ERROR Something may be very wrong... 
01:59:45.059 WARN  ~~ LOOPS: 5. ENTITY #: 597//230. VIEW #: 4. BACKLOGGED :: 490.800%! ~~ 
01:59:45.059 ERROR Something may be very wrong... 
01:59:46.167 WARN  ~~ LOOPS: 6. ENTITY #: 597//233. VIEW #: 4. BACKLOGGED :: 459.000%! ~~ 
01:59:46.167 ERROR Something may be very wrong... 
01:59:47.182 WARN  ~~ LOOPS: 5. ENTITY #: 593//254. VIEW #: 4. BACKLOGGED :: 495.600%! ~~ 
01:59:47.183 ERROR Something may be very wrong... 
01:59:48.346 WARN  ~~ LOOPS: 6. ENTITY #: 592//229. VIEW #: 4. BACKLOGGED :: 490.500%! ~~ 
01:59:48.346 ERROR Something may be very wrong... 
01:59:49.463 WARN  ~~ LOOPS: 6. ENTITY #: 587//227. VIEW #: 4. BACKLOGGED :: 453.000%! ~~ 
01:59:49.463 ERROR Something may be very wrong... 
01:59:50.469 WARN  ~~ LOOPS: 5. ENTITY #: 587//257. VIEW #: 4. BACKLOGGED :: 493.800%! ~~ 
01:59:50.469 ERROR Something may be very wrong... 
01:59:51.482 WARN  ~~ LOOPS: 7. ENTITY #: 586//156. VIEW #: 4. BACKLOGGED :: 333.857%! ~~ 
01:59:51.482 ERROR Something may be very wrong... 
01:59:52.497 WARN  ~~ LOOPS: 12. ENTITY #: 574//92. VIEW #: 3. BACKLOGGED :: 151.000%! ~~ 
01:59:52.497 ERROR Something may be very wrong... 
01:59:53.521 WARN  ~~ LOOPS: 14. ENTITY #: 575//80. VIEW #: 3. BACKLOGGED :: 122.571%! ~~ 
01:59:53.521 ERROR Something may be very wrong... 
01:59:54.548 WARN  ~~ LOOPS: 14. ENTITY #: 576//74. VIEW #: 2. BACKLOGGED :: 117.857%! ~~ 
01:59:54.548 ERROR Something may be very wrong... 
01:59:57.637 WARN  ~~ LOOPS: 15. ENTITY #: 582//70. VIEW #: 2. BACKLOGGED :: 109.200%! ~~ 
01:59:58.679 WARN  ~~ LOOPS: 14. ENTITY #: 585//72. VIEW #: 2. BACKLOGGED :: 121.929%! ~~ 
01:59:59.693 WARN  ~~ LOOPS: 13. ENTITY #: 588//76. VIEW #: 2. BACKLOGGED :: 132.462%! ~~ 
02:00:00.757 WARN  ~~ LOOPS: 12. ENTITY #: 582//89. VIEW #: 2. BACKLOGGED :: 163.750%! ~~ 
16:15:10.762 ERROR [ERROR] A ghost entity has been found! 
16:15:10.762 ERROR Type: Basic 
16:15:10.762 ERROR Position: (284.0507703298648, 236.05077032986512) 
16:15:10.762 ERROR Collision Array:  
16:15:10.762 ERROR Health: 0.47033333333333327 
16:15:10.762 WARN  Ghost entity removed successfully. 
16:25:30.872 WARN  Malformed command packet! Kicking player and giving 1 warning. 
16:25:30.906 WARN  Malformed command packet! Kicking. Player now has 2 warnings. 
16:25:31.012 WARN  Malformed command packet! Kicking. Player now has 3 warnings. 
16:25:31.092 WARN  Malformed command packet! Kicking. Player now has 4 warnings. 
16:25:31.092 WARN  127.0.0.1 has been banned! 
16:33:55.694 WARN  Malformed command packet! Kicking player and giving 1 warning. 
16:33:55.945 WARN  Malformed command packet! Kicking. Player now has 2 warnings. 
16:37:42.228 ERROR sockets is not defined
ReferenceError: sockets is not defined
    at Entity.define (/home/ubuntu/workspace/arras.io/src/server/server.js:1777:13)
    at exportDefintionsToClient (/home/ubuntu/workspace/arras.io/src/server/server.js:2528:26)
    at Object.<anonymous> (/home/ubuntu/workspace/arras.io/src/server/server.js:2552:7)
    at Module._compile (module.js:624:30)
    at Object.Module._extensions..js (module.js:635:10)
    at Module.load (module.js:545:32)
    at tryModuleLoad (module.js:508:12)
    at Function.Module._load (module.js:500:3)
    at Function.Module.runMain (module.js:665:10)
    at startup (bootstrap_node.js:187:16) 
16:37:42.228 ERROR testbed_misc_2 
16:37:42.230 ERROR {"PARENT":[{"PARENT":[{"LABEL":"Unknown Class","TYPE":"tank","DAMAGE_CLASS":2,"DANGER":5,"MOTION_TYPE":"motor","FACING_TYPE":"toTarget","SIZE":12,"MAX_CHILDREN":0,"DAMAGE_EFFECTS":false,"BODY":{"ACCELERATION":1.6,"SPEED":5.25,"HEALTH":20,"DAMAGE":3,"PENETRATION":1.05,"SHIELD":8,"REGEN":0.025,"FOV":1,"DENSITY":0.5,"PUSHABILITY":0.9,"HETERO":3},"GUNS":[],"TURRETS":[],"GIVE_KILL_MESSAGE":true,"DRAW_HEALTH":true,"HAS_NO_SKILL_POINTS":false,"index":29,"mockup":{"body":{"type":7,"id":29,"index":29,"x":0,"y":0,"vx":0,"vy":0,"size":12,"rsize":12,"status":1,"health":1,"shield":1,"facing":0,"vfacing":0,"twiggle":false,"layer":5,"color":16,"name":"Unknown Class","score":0,"guns":[],"turrets":[],"position":{"middle":{"x":0,"y":0},"axis":2,"points":[{"x":1,"y":0},{"x":-1,"y":0},{"x":0,"y":1}]}},"position":{"middle":{"x":0,"y":0},"axis":2,"points":[{"x":1,"y":0},{"x":-1,"y":0},{"x":0,"y":1}]}}}],"LABEL":"Testbed Parent","DANGER":8,"BODY":{"SHIELD":15,"REGEN":5,"HEALTH":15,"DAMAGE":5,"DENSITY":15,"FOV":1.25,"SPEED":6.0375},"TURRETS":[],"GUNS":[{"POSITION":[18,10,-1.4,0,0,0,0],"PROPERTIES":{"SHOOT_SETTINGS":{"reload":21.599999999999998,"recoil":1.0499999999999998,"shudder":0.1,"size":1,"health":1.75,"damage":1.3125,"pen":1.75,"speed":5.175,"maxSpeed":2,"range":1.25,"density":4,"spray":21.75,"resist":1},"TYPE":[{"LABEL":"Bullet","TYPE":"bullet","ACCEPTS_SCORE":false,"BODY":{"PENETRATION":1,"SPEED":3.75,"RANGE":90,"DENSITY":1.25,"HEALTH":0.165,"DAMAGE":6,"PUSHABILITY":0.3},"FACING_TYPE":"smoothWithMotion","CAN_GO_OUTSIDE_ROOM":true,"HITS_OWN_TYPE":"never","DIE_AT_RANGE":true,"index":13,"mockup":{"body":{"type":1,"id":13,"index":13,"x":0,"y":0,"vx":0,"vy":0,"size":1,"rsize":1,"status":1,"health":1,"shield":null,"facing":0,"vfacing":0,"twiggle":false,"layer":0,"color":16,"name":"Bullet","score":0,"guns":[],"turrets":[],"position":{"middle":{"x":0,"y":0},"axis":2,"points":[{"x":1,"y":0},{"x":-1,"y":0},{"x":0,"y":1}]}},"position":{"middle":{"x":0,"y":0},"axis":2,"points":[{"x":1,"y":0},{"x":-1,"y":0},{"x":0,"y":1}]}}},{"SHAPE":5}]}}],"index":177,"mockup":{"body":{"type":7,"id":257,"index":177,"x":0,"y":0,"vx":0,"vy":0,"size":12,"rsize":12,"status":1,"health":1,"shield":1,"facing":0,"vfacing":0,"twiggle":false,"layer":5,"color":16,"name":"Testbed Parent","score":0,"guns":[{"time":0,"power":0}],"turrets":[],"position":{"middle":{"x":0.444643,"y":0},"axis":2.88929,"points":[{"x":1.8,"y":0.5},{"x":-1,"y":0},{"x":1.8,"y":-0.5}]}},"position":{"middle":{"x":0.444643,"y":0},"axis":2.88929,"points":[{"x":1.8,"y":0.5},{"x":-1,"y":0},{"x":1.8,"y":-0.5}]}}}],"LABEL":"Page 2","UPGRADES_TIER_3":[{"PARENT":[{"LABEL":"Unknown Class","TYPE":"tank","DAMAGE_CLASS":2,"DANGER":5,"MOTION_TYPE":"motor","FACING_TYPE":"toTarget","SIZE":12,"MAX_CHILDREN":0,"DAMAGE_EFFECTS":false,"BODY":{"ACCELERATION":1.6,"SPEED":5.25,"HEALTH":20,"DAMAGE":3,"PENETRATION":1.05,"SHIELD":8,"REGEN":0.025,"FOV":1,"DENSITY":0.5,"PUSHABILITY":0.9,"HETERO":3},"GUNS":[],"TURRETS":[],"GIVE_KILL_MESSAGE":true,"DRAW_HEALTH":true,"HAS_NO_SKILL_POINTS":false,"index":29,"mockup":{"body":{"type":7,"id":29,"index":29,"x":0,"y":0,"vx":0,"vy":0,"size":12,"rsize":12,"status":1,"health":1,"shield":1,"facing":0,"vfacing":0,"twiggle":false,"layer":5,"color":16,"name":"Unknown Class","score":0,"guns":[],"turrets":[],"position":{"middle":{"x":0,"y":0},"axis":2,"points":[{"x":1,"y":0},{"x":-1,"y":0},{"x":0,"y":1}]}},"position":{"middle":{"x":0,"y":0},"axis":2,"points":[{"x":1,"y":0},{"x":-1,"y":0},{"x":0,"y":1}]}}}],"LABEL":"Weird Spike","DANGER":7,"BODY":{"SPEED":4.9875,"DAMAGE":3.4499999999999997,"FOV":1.05,"DENSITY":0.75,"HEALTH":18.5,"SHIELD":7.4},"IS_SMASHER":true,"SKILL_CAP":[12,0,0,0,0,12,12,12,12,12],"STAT_NAMES":1,"TURRETS":[{"POSITION":[20.5,0,0,0,360,0],"TYPE":{"LABEL":"","CONTROLLERS":["fastSpin"],"COLOR":9,"SHAPE":3,"INDEPENDENT":true,"index":192,"mockup":{"body":{"type":1,"id":303,"index":192,"x":0,"y":0,"vx":0,"vy":0,"size":1,"rsize":1.555120301556214,"status":1,"health":1,"shield":null,"facing":0,"vfacing":0,"twiggle":false,"layer":0,"color":9,"name":"","score":0,"guns":[],"turrets":[],"position":{"middle":{"x":0,"y":0},"axis":3.11024,"points":[{"x":1.55512,"y":0},{"x":-0.77756,"y":-1.34677},{"x":-0.77756,"y":1.34677}]}},"position":{"middle":{"x":0,"y":0},"axis":3.11024,"points":[{"x":1.55512,"y":0},{"x":-0.77756,"y":-1.34677},{"x":-0.77756,"y":1.34677}]}}}},{"POSITION":[20.5,0,0,180,360,0],"TYPE":{"LABEL":"","CONTROLLERS":["reverseSpin"],"COLOR":9,"SHAPE":3,"INDEPENDENT":true,"index":193,"mockup":{"body":{"type":1,"id":304,"index":193,"x":0,"y":0,"vx":0,"vy":0,"size":1,"rsize":1.555120301556214,"status":1,"health":1,"shield":null,"facing":0,"vfacing":0,"twiggle":false,"layer":0,"color":9,"name":"","score":0,"guns":[],"turrets":[],"position":{"middle":{"x":0,"y":0},"axis":3.11024,"points":[{"x":1.55512,"y":0},{"x":-0.77756,"y":-1.34677},{"x":-0.77756,"y":1.34677}]}},"position":{"middle":{"x":0,"y":0},"axis":3.11024,"points":[{"x":1.55512,"y":0},{"x":-0.77756,"y":-1.34677},{"x":-0.77756,"y":1.34677}]}}}}],"index":194,"mockup":{"body":{"type":7,"id":305,"index":194,"x":0,"y":0,"vx":0,"vy":0,"size":12,"rsize":12,"status":1,"health":1,"shield":1,"facing":0,"vfacing":0,"twiggle":false,"layer":5,"color":16,"name":"Weird Spike","score":0,"guns":[],"turrets":[{"type":1,"id":306,"index":192,"x":0,"y":0,"vx":0,"vy":0,"size":12.299999999999999,"rsize":19.12797970914143,"status":1,"health":1,"shield":null,"facing":0,"vfacing":0,"twiggle":false,"layer":0,"color":9,"name":"","score":0,"guns":[],"turrets":[]},{"type":1,"id":307,"index":193,"x":0,"y":0,"vx":0,"vy":0,"size":12.299999999999999,"rsize":19.12797970914143,"status":1,"health":1,"shield":null,"facing":3.141592653589793,"vfacing":0,"twiggle":false,"layer":0,"color":9,"name":"","score":0,"guns":[],"turrets":[]}],"position":{"middle":{"x":0,"y":0},"axis":3.188,"points":[{"x":-0.796999,"y":-1.38044},{"x":1.594,"y":0},{"x":-0.796999,"y":1.38044}]}},"position":{"middle":{"x":0,"y":0},"axis":3.188,"points":[{"x":-0.796999,"y":-1.38044},{"x":1.594,"y":0},{"x":-0.796999,"y":1.38044}]}}},{"PARENT":[{"LABEL":"Unknown Class","TYPE":"tank","DAMAGE_CLASS":2,"DANGER":5,"MOTION_TYPE":"motor","FACING_TYPE":"toTarget","SIZE":12,"MAX_CHILDREN":0,"DAMAGE_EFFECTS":false,"BODY":{"ACCELERATION":1.6,"SPEED":5.25,"HEALTH":20,"DAMAGE":3,"PENETRATION":1.05,"SHIELD":8,"REGEN":0.025,"FOV":1,"DENSITY":0.5,"PUSHABILITY":0.9,"HETERO":3},"GUNS":[],"TURRETS":[],"GIVE_KILL_MESSAGE":true,"DRAW_HEALTH":true,"HAS_NO_SKILL_POINTS":false,"index":29,"mockup":{"body":{"type":7,"id":29,"index":29,"x":0,"y":0,"vx":0,"vy":0,"size":12,"rsize":12,"status":1,"health":1,"shield":1,"facing":0,"vfacing":0,"twiggle":false,"layer":5,"color":16,"name":"Unknown Class","score":0,"guns":[],"turrets":[],"position":{"middle":{"x":0,"y":0},"axis":2,"points":[{"x":1,"y":0},{"x":-1,"y":0},{"x":0,"y":1}]}},"position":{"middle":{"x":0,"y":0},"axis":2,"points":[{"x":1,"y":0},{"x":-1,"y":0},{"x":0,"y":1}]}}}],"LABEL":"Quad Trapper","DANGER":7,"STAT_NAMES":5,"BODY":{"SPEED":3.9375,"FOV":1.15},"GUNS":[{"POSITION":[14,6,1,0,0,45,0]},{"POSITION":[2,6,1.1,14,0,45,0],"PROPERTIES":{"SHOOT_SETTINGS":{"reload":79.2,"recoil":2,"shudder":0.025,"size":0.8999999999999999,"health":1.2,"damage":0.44999999999999996,"pen":1,"speed":4.5,"maxSpeed":1.875,"range":0.3125,"density":0.3,"spray":15,"resist":3.75},"TYPE":{"LABEL":"Trap","PARENT":[{"LABEL":"Trap","TYPE":"trap","ACCEPTS_SCORE":false,"SHAPE":-3,"MOTION_TYPE":"glide","FACING_TYPE":"turnWithSpeed","HITS_OWN_TYPE":"push","DIE_AT_RANGE":true,"BODY":{"HEALTH":0.5,"DAMAGE":3,"RANGE":450,"DENSITY":2.5,"RESIST":2.5,"SPEED":0},"index":19,"mockup":{"body":{"type":1,"id":19,"index":19,"x":0,"y":0,"vx":0,"vy":0,"size":1,"rsize":1.555120301556214,"status":1,"health":1,"shield":null,"facing":0,"vfacing":0,"twiggle":false,"layer":0,"color":16,"name":"Trap","score":0,"guns":[],"turrets":[],"position":{"middle":{"x":0,"y":0},"axis":3.11024,"points":[{"x":1.55512,"y":0},{"x":-0.77756,"y":-1.34677},{"x":-0.77756,"y":1.34677}]}},"position":{"middle":{"x":0,"y":0},"axis":3.11024,"points":[{"x":1.55512,"y":0},{"x":-0.77756,"y":-1.34677},{"x":-0.77756,"y":1.34677}]}}}],"SHAPE":-4,"MOTION_TYPE":"motor","CONTROLLERS":["goToMasterTarget"],"BODY":{"SPEED":1,"DENSITY":5},"index":21,"mockup":{"body":{"type":1,"id":21,"index":21,"x":0,"y":0,"vx":0,"vy":0,"size":1,"rsize":1.2533141373155001,"status":1,"health":1,"shield":null,"facing":0,"vfacing":0,"twiggle":false,"layer":0,"color":16,"name":"Trap","score":0,"guns":[],"turrets":[],"position":{"middle":{"x":0,"y":0},"axis":2.50663,"points":[{"x":0.414531,"y":1.18278},{"x":-0.414531,"y":-1.18278},{"x":1.18278,"y":-0.414531}]}},"position":{"middle":{"x":0,"y":0},"axis":2.50663,"points":[{"x":0.414531,"y":1.18278},{"x":-0.414531,"y":-1.18278},{"x":1.18278,"y":-0.414531}]}}}}},{"POSITION":[14,6,1,0,0,135,0]},{"POSITION":[2,6,1.1,14,0,135,0],"PROPERTIES":{"SHOOT_SETTINGS":{"reload":79.2,"recoil":2,"shudder":0.025,"size":0.8999999999999999,"health":1.2,"damage":0.44999999999999996,"pen":1,"speed":4.5,"maxSpeed":1.875,"range":0.3125,"density":0.3,"spray":15,"resist":3.75},"TYPE":{"LABEL":"Trap","PARENT":[{"LABEL":"Trap","TYPE":"trap","ACCEPTS_SCORE":false,"SHAPE":-3,"MOTION_TYPE":"glide","FACING_TYPE":"turnWithSpeed","HITS_OWN_TYPE":"push","DIE_AT_RANGE":true,"BODY":{"HEALTH":0.5,"DAMAGE":3,"RANGE":450,"DENSITY":2.5,"RESIST":2.5,"SPEED":0},"index":19,"mockup":{"body":{"type":1,"id":19,"index":19,"x":0,"y":0,"vx":0,"vy":0,"size":1,"rsize":1.555120301556214,"status":1,"health":1,"shield":null,"facing":0,"vfacing":0,"twiggle":false,"layer":0,"color":16,"name":"Trap","score":0,"guns":[],"turrets":[],"position":{"middle":{"x":0,"y":0},"axis":3.11024,"points":[{"x":1.55512,"y":0},{"x":-0.77756,"y":-1.34677},{"x":-0.77756,"y":1.34677}]}},"position":{"middle":{"x":0,"y":0},"axis":3.11024,"points":[{"x":1.55512,"y":0},{"x":-0.77756,"y":-1.34677},{"x":-0.77756,"y":1.34677}]}}}],"SHAPE":-4,"MOTION_TYPE":"motor","CONTROLLERS":["goToMasterTarget"],"BODY":{"SPEED":1,"DENSITY":5},"index":21,"mockup":{"body":{"type":1,"id":21,"index":21,"x":0,"y":0,"vx":0,"vy":0,"size":1,"rsize":1.2533141373155001,"status":1,"health":1,"shield":null,"facing":0,"vfacing":0,"twiggle":false,"layer":0,"color":16,"name":"Trap","score":0,"guns":[],"turrets":[],"position":{"middle":{"x":0,"y":0},"axis":2.50663,"points":[{"x":0.414531,"y":1.18278},{"x":-0.414531,"y":-1.18278},{"x":1.18278,"y":-0.414531}]}},"position":{"middle":{"x":0,"y":0},"axis":2.50663,"points":[{"x":0.414531,"y":1.18278},{"x":-0.414531,"y":-1.18278},{"x":1.18278,"y":-0.414531}]}}}}},{"POSITION":[14,6,1,0,0,225,0]},{"POSITION":[2,6,1.1,14,0,225,0],"PROPERTIES":{"SHOOT_SETTINGS":{"reload":79.2,"recoil":2,"shudder":0.025,"size":0.8999999999999999,"health":1.2,"damage":0.44999999999999996,"pen":1,"speed":4.5,"maxSpeed":1.875,"range":0.3125,"density":0.3,"spray":15,"resist":3.75},"TYPE":{"LABEL":"Trap","PARENT":[{"LABEL":"Trap","TYPE":"trap","ACCEPTS_SCORE":false,"SHAPE":-3,"MOTION_TYPE":"glide","FACING_TYPE":"turnWithSpeed","HITS_OWN_TYPE":"push","DIE_AT_RANGE":true,"BODY":{"HEALTH":0.5,"DAMAGE":3,"RANGE":450,"DENSITY":2.5,"RESIST":2.5,"SPEED":0},"index":19,"mockup":{"body":{"type":1,"id":19,"index":19,"x":0,"y":0,"vx":0,"vy":0,"size":1,"rsize":1.555120301556214,"status":1,"health":1,"shield":null,"facing":0,"vfacing":0,"twiggle":false,"layer":0,"color":16,"name":"Trap","score":0,"guns":[],"turrets":[],"position":{"middle":{"x":0,"y":0},"axis":3.11024,"points":[{"x":1.55512,"y":0},{"x":-0.77756,"y":-1.34677},{"x":-0.77756,"y":1.34677}]}},"position":{"middle":{"x":0,"y":0},"axis":3.11024,"points":[{"x":1.55512,"y":0},{"x":-0.77756,"y":-1.34677},{"x":-0.77756,"y":1.34677}]}}}],"SHAPE":-4,"MOTION_TYPE":"motor","CONTROLLERS":["goToMasterTarget"],"BODY":{"SPEED":1,"DENSITY":5},"index":21,"mockup":{"body":{"type":1,"id":21,"index":21,"x":0,"y":0,"vx":0,"vy":0,"size":1,"rsize":1.2533141373155001,"status":1,"health":1,"shield":null,"facing":0,"vfacing":0,"twiggle":false,"layer":0,"color":16,"name":"Trap","score":0,"guns":[],"turrets":[],"position":{"middle":{"x":0,"y":0},"axis":2.50663,"points":[{"x":0.414531,"y":1.18278},{"x":-0.414531,"y":-1.18278},{"x":1.18278,"y":-0.414531}]}},"position":{"middle":{"x":0,"y":0},"axis":2.50663,"points":[{"x":0.414531,"y":1.18278},{"x":-0.414531,"y":-1.18278},{"x":1.18278,"y":-0.414531}]}}}}},{"POSITION":[14,6,1,0,0,315,0]},{"POSITION":[2,6,1.1,14,0,315,0],"PROPERTIES":{"SHOOT_SETTINGS":{"reload":79.2,"recoil":2,"shudder":0.025,"size":0.8999999999999999,"health":1.2,"damage":0.44999999999999996,"pen":1,"speed":4.5,"maxSpeed":1.875,"range":0.3125,"density":0.3,"spray":15,"resist":3.75},"TYPE":{"LABEL":"Trap","PARENT":[{"LABEL":"Trap","TYPE":"trap","ACCEPTS_SCORE":false,"SHAPE":-3,"MOTION_TYPE":"glide","FACING_TYPE":"turnWithSpeed","HITS_OWN_TYPE":"push","DIE_AT_RANGE":true,"BODY":{"HEALTH":0.5,"DAMAGE":3,"RANGE":450,"DENSITY":2.5,"RESIST":2.5,"SPEED":0},"index":19,"mockup":{"body":{"type":1,"id":19,"index":19,"x":0,"y":0,"vx":0,"vy":0,"size":1,"rsize":1.555120301556214,"status":1,"health":1,"shield":null,"facing":0,"vfacing":0,"twiggle":false,"layer":0,"color":16,"name":"Trap","score":0,"guns":[],"turrets":[],"position":{"middle":{"x":0,"y":0},"axis":3.11024,"points":[{"x":1.55512,"y":0},{"x":-0.77756,"y":-1.34677},{"x":-0.77756,"y":1.34677}]}},"position":{"middle":{"x":0,"y":0},"axis":3.11024,"points":[{"x":1.55512,"y":0},{"x":-0.77756,"y":-1.34677},{"x":-0.77756,"y":1.34677}]}}}],"SHAPE":-4,"MOTION_TYPE":"motor","CONTROLLERS":["goToMasterTarget"],"BODY":{"SPEED":1,"DENSITY":5},"index":21,"mockup":{"body":{"type":1,"id":21,"index":21,"x":0,"y":0,"vx":0,"vy":0,"size":1,"rsize":1.2533141373155001,"status":1,"health":1,"shield":null,"facing":0,"vfacing":0,"twiggle":false,"layer":0,"color":16,"name":"Trap","score":0,"guns":[],"turrets":[],"position":{"middle":{"x":0,"y":0},"axis":2.50663,"points":[{"x":0.414531,"y":1.18278},{"x":-0.414531,"y":-1.18278},{"x":1.18278,"y":-0.414531}]}},"position":{"middle":{"x":0,"y":0},"axis":2.50663,"points":[{"x":0.414531,"y":1.18278},{"x":-0.414531,"y":-1.18278},{"x":1.18278,"y":-0.414531}]}}}}}],"index":196,"mockup":{"body":{"type":7,"id":309,"index":196,"x":0,"y":0,"vx":0,"vy":0,"size":12,"rsize":12,"status":1,"health":1,"shield":1,"facing":0,"vfacing":0,"twiggle":false,"layer":5,"color":16,"name":"Quad Trapper","score":0,"guns":[{"time":0,"power":0},{"time":0,"power":0},{"time":0,"power":0},{"time":0,"power":0},{"time":0,"power":0},{"time":0,"power":0},{"time":0,"power":0},{"time":0,"power":0}],"turrets":[],"position":{"middle":{"x":0,"y":0},"axis":3.26735,"points":[{"x":0.898026,"y":1.36472},{"x":-0.898026,"y":-1.36472},{"x":1.36472,"y":0.898026}]}},"position":{"middle":{"x":0,"y":0},"axis":3.26735,"points":[{"x":0.898026,"y":1.36472},{"x":-0.898026,"y":-1.36472},{"x":1.36472,"y":0.898026}]}}},{"PARENT":[{"LABEL":"Unknown Class","TYPE":"tank","DAMAGE_CLASS":2,"DANGER":5,"MOTION_TYPE":"motor","FACING_TYPE":"toTarget","SIZE":12,"MAX_CHILDREN":0,"DAMAGE_EFFECTS":false,"BODY":{"ACCELERATION":1.6,"SPEED":5.25,"HEALTH":20,"DAMAGE":3,"PENETRATION":1.05,"SHIELD":8,"REGEN":0.025,"FOV":1,"DENSITY":0.5,"PUSHABILITY":0.9,"HETERO":3},"GUNS":[],"TURRETS":[],"GIVE_KILL_MESSAGE":true,"DRAW_HEALTH":true,"HAS_NO_SKILL_POINTS":false,"index":29,"mockup":{"body":{"type":7,"id":29,"index":29,"x":0,"y":0,"vx":0,"vy":0,"size":12,"rsize":12,"status":1,"health":1,"shield":1,"facing":0,"vfacing":0,"twiggle":false,"layer":5,"color":16,"name":"Unknown Class","score":0,"guns":[],"turrets":[],"position":{"middle":{"x":0,"y":0},"axis":2,"points":[{"x":1,"y":0},{"x":-1,"y":0},{"x":0,"y":1}]}},"position":{"middle":{"x":0,"y":0},"axis":2,"points":[{"x":1,"y":0},{"x":-1,"y":0},{"x":0,"y":1}]}}}],"LABEL":"Conqueror","DANGER":7,"STAT_NAMES":5,"BODY":{"SPEED":4.2},"GUNS":[{"POSITION":[21,14,1,0,0,180,0],"PROPERTIES":{"SHOOT_SETTINGS":{"reload":36,"recoil":2.2399999999999998,"shudder":0.1,"size":1,"health":1,"damage":1.5,"pen":1,"speed":3.8249999999999997,"maxSpeed":0.8,"range":1,"density":1.5,"spray":15,"resist":1.15},"TYPE":{"LABEL":"Bullet","TYPE":"bullet","ACCEPTS_SCORE":false,"BODY":{"PENETRATION":1,"SPEED":3.75,"RANGE":90,"DENSITY":1.25,"HEALTH":0.165,"DAMAGE":6,"PUSHABILITY":0.3},"FACING_TYPE":"smoothWithMotion","CAN_GO_OUTSIDE_ROOM":true,"HITS_OWN_TYPE":"never","DIE_AT_RANGE":true,"index":13,"mockup":{"body":{"type":1,"id":13,"index":13,"x":0,"y":0,"vx":0,"vy":0,"size":1,"rsize":1,"status":1,"health":1,"shield":null,"facing":0,"vfacing":0,"twiggle":false,"layer":0,"color":16,"name":"Bullet","score":0,"guns":[],"turrets":[],"position":{"middle":{"x":0,"y":0},"axis":2,"points":[{"x":1,"y":0},{"x":-1,"y":0},{"x":0,"y":1}]}},"position":{"middle":{"x":0,"y":0},"axis":2,"points":[{"x":1,"y":0},{"x":-1,"y":0},{"x":0,"y":1}]}}}}},{"POSITION":[18,14,1,0,0,0,0]},{"POSITION":[2,14,1.1,18,0,0,0],"PROPERTIES":{"SHOOT_SETTINGS":{"reload":39.6,"recoil":2,"shudder":0.025,"size":0.8999999999999999,"health":2,"damage":0.75,"pen":1.25,"speed":7.5,"maxSpeed":2.5,"range":1.25,"density":1,"spray":15,"resist":3.75},"TYPE":{"LABEL":"Trap","PARENT":[{"LABEL":"Trap","TYPE":"trap","ACCEPTS_SCORE":false,"SHAPE":-3,"MOTION_TYPE":"glide","FACING_TYPE":"turnWithSpeed","HITS_OWN_TYPE":"push","DIE_AT_RANGE":true,"BODY":{"HEALTH":0.5,"DAMAGE":3,"RANGE":450,"DENSITY":2.5,"RESIST":2.5,"SPEED":0},"index":19,"mockup":{"body":{"type":1,"id":19,"index":19,"x":0,"y":0,"vx":0,"vy":0,"size":1,"rsize":1.555120301556214,"status":1,"health":1,"shield":null,"facing":0,"vfacing":0,"twiggle":false,"layer":0,"color":16,"name":"Trap","score":0,"guns":[],"turrets":[],"position":{"middle":{"x":0,"y":0},"axis":3.11024,"points":[{"x":1.55512,"y":0},{"x":-0.77756,"y":-1.34677},{"x":-0.77756,"y":1.34677}]}},"position":{"middle":{"x":0,"y":0},"axis":3.11024,"points":[{"x":1.55512,"y":0},{"x":-0.77756,"y":-1.34677},{"x":-0.77756,"y":1.34677}]}}}],"SHAPE":-4,"MOTION_TYPE":"motor","CONTROLLERS":["goToMasterTarget"],"BODY":{"SPEED":1,"DENSITY":5},"index":21,"mockup":{"body":{"type":1,"id":21,"index":21,"x":0,"y":0,"vx":0,"vy":0,"size":1,"rsize":1.2533141373155001,"status":1,"health":1,"shield":null,"facing":0,"vfacing":0,"twiggle":false,"layer":0,"color":16,"name":"Trap","score":0,"guns":[],"turrets":[],"position":{"middle":{"x":0,"y":0},"axis":2.50663,"points":[{"x":0.414531,"y":1.18278},{"x":-0.414531,"y":-1.18278},{"x":1.18278,"y":-0.414531}]}},"position":{"middle":{"x":0,"y":0},"axis":2.50663,"points":[{"x":0.414531,"y":1.18278},{"x":-0.414531,"y":-1.18278},{"x":1.18278,"y":-0.414531}]}}}}}],"index":195,"mockup":{"body":{"type":7,"id":308,"index":195,"x":0,"y":0,"vx":0,"vy":0,"size":12,"rsize":12,"status":1,"health":1,"shield":1,"facing":0,"vfacing":0,"twiggle":false,"layer":5,"color":16,"name":"Conqueror","score":0,"guns":[{"time":0,"power":0},{"time":0,"power":0},{"time":0,"power":0}],"turrets":[],"position":{"middle":{"x":-0.0374512,"y":0},"axis":4.35619,"points":[{"x":-2.1,"y":0.7},{"x":2,"y":-0.77},{"x":2,"y":0.77}]}},"position":{"middle":{"x":-0.0374512,"y":0},"axis":4.35619,"points":[{"x":-2.1,"y":0.7},{"x":2,"y":-0.77},{"x":2,"y":0.77}]}}},{"PARENT":[{"LABEL":"Unknown Class","TYPE":"tank","DAMAGE_CLASS":2,"DANGER":5,"MOTION_TYPE":"motor","FACING_TYPE":"toTarget","SIZE":12,"MAX_CHILDREN":0,"DAMAGE_EFFECTS":false,"BODY":{"ACCELERATION":1.6,"SPEED":5.25,"HEALTH":20,"DAMAGE":3,"PENETRATION":1.05,"SHIELD":8,"REGEN":0.025,"FOV":1,"DENSITY":0.5,"PUSHABILITY":0.9,"HETERO":3},"GUNS":[],"TURRETS":[],"GIVE_KILL_MESSAGE":true,"DRAW_HEALTH":true,"HAS_NO_SKILL_POINTS":false,"index":29,"mockup":{"body":{"type":7,"id":29,"index":29,"x":0,"y":0,"vx":0,"vy":0,"size":12,"rsize":12,"status":1,"health":1,"shield":1,"facing":0,"vfacing":0,"twiggle":false,"layer":5,"color":16,"name":"Unknown Class","score":0,"guns":[],"turrets":[],"position":{"middle":{"x":0,"y":0},"axis":2,"points":[{"x":1,"y":0},{"x":-1,"y":0},{"x":0,"y":1}]}},"position":{"middle":{"x":0,"y":0},"axis":2,"points":[{"x":1,"y":0},{"x":-1,"y":0},{"x":0,"y":1}]}}}],"LABEL":"Bent Boomer","DANGER":7,"STAT_NAMES":5,"BODY":{"SPEED":3.9375,"ACCELERATION":1.2000000000000002,"FOV":1.15},"GUNS":[{"POSITION":[8,10,1,8,-2,-35,0]},{"POSITION":[8,10,1,8,2,35,0]},{"POSITION":[2,10,1.3,16,-2,-35,0],"PROPERTIES":{"SHOOT_SETTINGS":{"reload":39.6,"recoil":1,"shudder":0.022500000000000003,"size":0.8999999999999999,"health":1.8,"damage":0.5249999999999999,"pen":1.25,"speed":9,"maxSpeed":2.5,"range":1.25,"density":1,"spray":18,"resist":3.75},"TYPE":{"LABEL":"Boomerang","PARENT":[{"LABEL":"Trap","TYPE":"trap","ACCEPTS_SCORE":false,"SHAPE":-3,"MOTION_TYPE":"glide","FACING_TYPE":"turnWithSpeed","HITS_OWN_TYPE":"push","DIE_AT_RANGE":true,"BODY":{"HEALTH":0.5,"DAMAGE":3,"RANGE":450,"DENSITY":2.5,"RESIST":2.5,"SPEED":0},"index":19,"mockup":{"body":{"type":1,"id":19,"index":19,"x":0,"y":0,"vx":0,"vy":0,"size":1,"rsize":1.555120301556214,"status":1,"health":1,"shield":null,"facing":0,"vfacing":0,"twiggle":false,"layer":0,"color":16,"name":"Trap","score":0,"guns":[],"turrets":[],"position":{"middle":{"x":0,"y":0},"axis":3.11024,"points":[{"x":1.55512,"y":0},{"x":-0.77756,"y":-1.34677},{"x":-0.77756,"y":1.34677}]}},"position":{"middle":{"x":0,"y":0},"axis":3.11024,"points":[{"x":1.55512,"y":0},{"x":-0.77756,"y":-1.34677},{"x":-0.77756,"y":1.34677}]}}}],"CONTROLLERS":["boomerang"],"MOTION_TYPE":"motor","HITS_OWN_TYPE":"never","SHAPE":-5,"BODY":{"SPEED":1.25,"RANGE":120},"index":22,"mockup":{"body":{"type":1,"id":22,"index":22,"x":0,"y":0,"vx":0,"vy":0,"size":1,"rsize":1.1494809261913177,"status":1,"health":1,"shield":null,"facing":0,"vfacing":0,"twiggle":false,"layer":0,"color":16,"name":"Boomerang","score":0,"guns":[],"turrets":[],"position":{"middle":{"x":0,"y":0},"axis":2.29896,"points":[{"x":-0.92995,"y":0.675648},{"x":1.14948,"y":0},{"x":0.355209,"y":-1.09322}]}},"position":{"middle":{"x":0,"y":0},"axis":2.29896,"points":[{"x":-0.92995,"y":0.675648},{"x":1.14948,"y":0},{"x":0.355209,"y":-1.09322}]}}}}},{"POSITION":[2,10,1.3,16,2,35,0.5],"PROPERTIES":{"SHOOT_SETTINGS":{"reload":39.6,"recoil":1,"shudder":0.022500000000000003,"size":0.8999999999999999,"health":1.8,"damage":0.5249999999999999,"pen":1.25,"speed":9,"maxSpeed":2.5,"range":1.25,"density":1,"spray":18,"resist":3.75},"TYPE":{"LABEL":"Boomerang","PARENT":[{"LABEL":"Trap","TYPE":"trap","ACCEPTS_SCORE":false,"SHAPE":-3,"MOTION_TYPE":"glide","FACING_TYPE":"turnWithSpeed","HITS_OWN_TYPE":"push","DIE_AT_RANGE":true,"BODY":{"HEALTH":0.5,"DAMAGE":3,"RANGE":450,"DENSITY":2.5,"RESIST":2.5,"SPEED":0},"index":19,"mockup":{"body":{"type":1,"id":19,"index":19,"x":0,"y":0,"vx":0,"vy":0,"size":1,"rsize":1.555120301556214,"status":1,"health":1,"shield":null,"facing":0,"vfacing":0,"twiggle":false,"layer":0,"color":16,"name":"Trap","score":0,"guns":[],"turrets":[],"position":{"middle":{"x":0,"y":0},"axis":3.11024,"points":[{"x":1.55512,"y":0},{"x":-0.77756,"y":-1.34677},{"x":-0.77756,"y":1.34677}]}},"position":{"middle":{"x":0,"y":0},"axis":3.11024,"points":[{"x":1.55512,"y":0},{"x":-0.77756,"y":-1.34677},{"x":-0.77756,"y":1.34677}]}}}],"CONTROLLERS":["boomerang"],"MOTION_TYPE":"motor","HITS_OWN_TYPE":"never","SHAPE":-5,"BODY":{"SPEED":1.25,"RANGE":120},"index":22,"mockup":{"body":{"type":1,"id":22,"index":22,"x":0,"y":0,"vx":0,"vy":0,"size":1,"rsize":1.1494809261913177,"status":1,"health":1,"shield":null,"facing":0,"vfacing":0,"twiggle":false,"layer":0,"color":16,"name":"Boomerang","score":0,"guns":[],"turrets":[],"position":{"middle":{"x":0,"y":0},"axis":2.29896,"points":[{"x":-0.92995,"y":0.675648},{"x":1.14948,"y":0},{"x":0.355209,"y":-1.09322}]}},"position":{"middle":{"x":0,"y":0},"axis":2.29896,"points":[{"x":-0.92995,"y":0.675648},{"x":1.14948,"y":0},{"x":0.355209,"y":-1.09322}]}}}}}],"index":197,"mockup":{"body":{"type":7,"id":310,"index":197,"x":0,"y":0,"vx":0,"vy":0,"size":12,"rsize":12,"status":1,"health":1,"shield":1,"facing":0,"vfacing":0,"twiggle":false,"layer":5,"color":16,"name":"Bent Boomer","score":0,"guns":[{"time":0,"power":0},{"time":0,"power":0},{"time":0,"power":0},{"time":0,"power":0}],"turrets":[],"position":{"middle":{"x":0.745495,"y":0},"axis":3.49099,"points":[{"x":0.986934,"y":-1.72872},{"x":0.986934,"y":1.72872},{"x":-1,"y":0}]}},"position":{"middle":{"x":0.745495,"y":0},"axis":3.49099,"points":[{"x":0.986934,"y":-1.72872},{"x":0.986934,"y":1.72872},{"x":-1,"y":0}]}}},{"PARENT":[{"NAME":"","LABEL":"Generic Entity","TYPE":"unknown","DAMAGE_CLASS":0,"DANGER":0,"VALUE":0,"SHAPE":0,"COLOR":16,"INDEPENDENT":false,"CONTROLLERS":["doNothing"],"HAS_NO_MASTER":false,"MOTION_TYPE":"glide","FACING_TYPE":"toTarget","DRAW_HEALTH":false,"DRAW_SELF":true,"DAMAGE_EFFECTS":true,"RATEFFECTS":true,"MOTION_EFFECTS":true,"INTANGIBLE":false,"ACCEPTS_SCORE":true,"GIVE_KILL_MESSAGE":false,"CAN_GO_OUTSIDE_ROOM":false,"HAS_NO_SKILL_POINTS":false,"HITS_OWN_TYPE":"normal","DIE_AT_LOW_SPEED":false,"DIE_AT_RANGE":false,"CLEAR_ON_MASTER_UPGRADE":false,"PERSISTS_AFTER_DEATH":false,"VARIES_IN_SIZE":false,"HEALTH_WITH_LEVEL":true,"CAN_BE_ON_LEADERBOARD":true,"HAS_NO_RECOIL":false,"AUTO_UPGRADE":"none","BUFF_VS_FOOD":false,"OBSTACLE":false,"CRAVES_ATTENTION":false,"NECRO":false,"UPGRADES_TIER_1":[],"UPGRADES_TIER_2":[],"UPGRADES_TIER_3":[],"SKILL":[0,0,0,0,0,0,0,0,0,0],"LEVEL":0,"SKILL_CAP":[9,9,9,9,9,9,9,9,9,9],"GUNS":[],"MAX_CHILDREN":0,"BODY":{"ACCELERATION":1,"SPEED":0,"HEALTH":1,"RESIST":1,"SHIELD":0,"REGEN":0,"DAMAGE":1,"PENETRATION":1,"RANGE":0,"FOV":1,"DENSITY":1,"STEALTH":1,"PUSHABILITY":1,"HETERO":2},"FOOD":{"LEVEL":-1},"DIES_TO_TEAM_BASE":true,"GOD_MODE":false,"index":0,"mockup":{"body":{"type":1,"id":0,"index":0,"x":0,"y":0,"vx":0,"vy":0,"size":1,"rsize":1,"status":1,"health":1,"shield":null,"facing":0,"vfacing":0,"twiggle":false,"layer":0,"color":16,"name":"Generic Entity","score":0,"guns":[],"turrets":[],"position":{"middle":{"x":0,"y":0},"axis":2,"points":[{"x":1,"y":0},{"x":-1,"y":0},{"x":0,"y":1}]}},"position":{"middle":{"x":0,"y":0},"axis":2,"points":[{"x":1,"y":0},{"x":-1,"y":0},{"x":0,"y":1}]}}}],"LABEL":"Ball","COLOR":2,"SIZE":50,"DAMAGE_EFFECTS":false,"GIVE_KILL_MESSAGE":false,"DRAW_HEALTH":false,"ACCEPTS_SCORE":false,"CAN_BE_ON_LEADERBOARD":false,"HAS_NO_SKILL_POINTS":true,"DIES_TO_TEAM_BASE":false,"BODY":{"SHIELD":1000000,"REGEN":1000000,"HEALTH":1000000,"DAMAGE":0,"DENSITY":0.1,"FOV":1,"SPEED":5.25,"PUSHABILITY":1},"index":198,"mockup":{"body":{"type":1,"id":311,"index":198,"x":0,"y":0,"vx":0,"vy":0,"size":50,"rsize":50,"status":1,"health":1,"shield":1,"facing":0,"vfacing":0,"twiggle":false,"layer":0,"color":2,"name":"Ball","score":0,"guns":[],"turrets":[],"position":{"middle":{"x":0,"y":0},"axis":2,"points":[{"x":1,"y":0},{"x":-1,"y":0},{"x":0,"y":1}]}},"position":{"middle":{"x":0,"y":0},"axis":2,"points":[{"x":1,"y":0},{"x":-1,"y":0},{"x":0,"y":1}]}}},{"PARENT":[{"LABEL":"Unknown Class","TYPE":"tank","DAMAGE_CLASS":2,"DANGER":5,"MOTION_TYPE":"motor","FACING_TYPE":"toTarget","SIZE":12,"MAX_CHILDREN":0,"DAMAGE_EFFECTS":false,"BODY":{"ACCELERATION":1.6,"SPEED":5.25,"HEALTH":20,"DAMAGE":3,"PENETRATION":1.05,"SHIELD":8,"REGEN":0.025,"FOV":1,"DENSITY":0.5,"PUSHABILITY":0.9,"HETERO":3},"GUNS":[],"TURRETS":[],"GIVE_KILL_MESSAGE":true,"DRAW_HEALTH":true,"HAS_NO_SKILL_POINTS":false}],"DANGER":9,"GUNS":[{"POSITION":[18.25,19.5,1,0,0,-30,0.5],"PROPERTIES":{"SHOOT_SETTINGS":{"reload":39.6,"recoil":0,"shudder":0.00625,"size":1,"health":2,"damage":3,"pen":1.2,"speed":6.5024999999999995,"maxSpeed":0.4,"range":1,"density":3,"spray":15,"resist":3.4499999999999997},"TYPE":{"LABEL":"Bullet","TYPE":"bullet","ACCEPTS_SCORE":false,"BODY":{"PENETRATION":1,"SPEED":3.75,"RANGE":90,"DENSITY":1.25,"HEALTH":0.165,"DAMAGE":6,"PUSHABILITY":0.3},"FACING_TYPE":"smoothWithMotion","CAN_GO_OUTSIDE_ROOM":true,"HITS_OWN_TYPE":"never","DIE_AT_RANGE":true,"index":13,"mockup":{"body":{"type":1,"id":13,"index":13,"x":0,"y":0,"vx":0,"vy":0,"size":1,"rsize":1,"status":1,"health":1,"shield":null,"facing":0,"vfacing":0,"twiggle":false,"layer":0,"color":16,"name":"Bullet","score":0,"guns":[],"turrets":[],"position":{"middle":{"x":0,"y":0},"axis":2,"points":[{"x":1,"y":0},{"x":-1,"y":0},{"x":0,"y":1}]}},"position":{"middle":{"x":0,"y":0},"axis":2,"points":[{"x":1,"y":0},{"x":-1,"y":0},{"x":0,"y":1}]}}}}},{"POSITION":[18.25,19.5,1,0,0,30,0.5],"PROPERTIES":{"SHOOT_SETTINGS":{"reload":39.6,"recoil":0,"shudder":0.00625,"size":1,"health":2,"damage":3,"pen":1.2,"speed":6.5024999999999995,"maxSpeed":0.4,"range":1,"density":3,"spray":15,"resist":3.4499999999999997},"TYPE":{"LABEL":"Bullet","TYPE":"bullet","ACCEPTS_SCORE":false,"BODY":{"PENETRATION":1,"SPEED":3.75,"RANGE":90,"DENSITY":1.25,"HEALTH":0.165,"DAMAGE":6,"PUSHABILITY":0.3},"FACING_TYPE":"smoothWithMotion","CAN_GO_OUTSIDE_ROOM":true,"HITS_OWN_TYPE":"never","DIE_AT_RANGE":true,"index":13,"mockup":{"body":{"type":1,"id":13,"index":13,"x":0,"y":0,"vx":0,"vy":0,"size":1,"rsize":1,"status":1,"health":1,"shield":null,"facing":0,"vfacing":0,"twiggle":false,"layer":0,"color":16,"name":"Bullet","score":0,"guns":[],"turrets":[],"position":{"middle":{"x":0,"y":0},"axis":2,"points":[{"x":1,"y":0},{"x":-1,"y":0},{"x":0,"y":1}]}},"position":{"middle":{"x":0,"y":0},"axis":2,"points":[{"x":1,"y":0},{"x":-1,"y":0},{"x":0,"y":1}]}}}}},{"POSITION":[22,19.5,1,0,0,0,0],"PROPERTIES":{"SHOOT_SETTINGS":{"reload":39.6,"recoil":0,"shudder":0.00625,"size":1,"health":2,"damage":3,"pen":1.2,"speed":6.5024999999999995,"maxSpeed":0.4,"range":1,"density":3,"spray":15,"resist":3.4499999999999997},"TYPE":{"LABEL":"Bullet","TYPE":"bullet","ACCEPTS_SCORE":false,"BODY":{"PENETRATION":1,"SPEED":3.75,"RANGE":90,"DENSITY":1.25,"HEALTH":0.165,"DAMAGE":6,"PUSHABILITY":0.3},"FACING_TYPE":"smoothWithMotion","CAN_GO_OUTSIDE_ROOM":true,"HITS_OWN_TYPE":"never","DIE_AT_RANGE":true,"index":13,"mockup":{"body":{"type":1,"id":13,"index":13,"x":0,"y":0,"vx":0,"vy":0,"size":1,"rsize":1,"status":1,"health":1,"shield":null,"facing":0,"vfacing":0,"twiggle":false,"layer":0,"color":16,"name":"Bullet","score":0,"guns":[],"turrets":[],"position":{"middle":{"x":0,"y":0},"axis":2,"points":[{"x":1,"y":0},{"x":-1,"y":0},{"x":0,"y":1}]}},"position":{"middle":{"x":0,"y":0},"axis":2,"points":[{"x":1,"y":0},{"x":-1,"y":0},{"x":0,"y":1}]}}}}}],"TURRETS":[{"POSITION":[10,0,0,180,360,1],"TYPE":[{"PARENT":[{"LABEL":"Unknown Class","TYPE":"tank","DAMAGE_CLASS":2,"DANGER":5,"MOTION_TYPE":"motor","FACING_TYPE":"toTarget","SIZE":12,"MAX_CHILDREN":0,"DAMAGE_EFFECTS":false,"BODY":{"ACCELERATION":1.6,"SPEED":5.25,"HEALTH":20,"DAMAGE":3,"PENETRATION":1.05,"SHIELD":8,"REGEN":0.025,"FOV":1,"DENSITY":0.5,"PUSHABILITY":0.9,"HETERO":3},"GUNS":[],"TURRETS":[],"GIVE_KILL_MESSAGE":true,"DRAW_HEALTH":true,"HAS_NO_SKILL_POINTS":false,"index":29,"mockup":{"body":{"type":7,"id":29,"index":29,"x":0,"y":0,"vx":0,"vy":0,"size":12,"rsize":12,"status":1,"health":1,"shield":1,"facing":0,"vfacing":0,"twiggle":false,"layer":5,"color":16,"name":"Unknown Class","score":0,"guns":[],"turrets":[],"position":{"middle":{"x":0,"y":0},"axis":2,"points":[{"x":1,"y":0},{"x":-1,"y":0},{"x":0,"y":1}]}},"position":{"middle":{"x":0,"y":0},"axis":2,"points":[{"x":1,"y":0},{"x":-1,"y":0},{"x":0,"y":1}]}}}],"LABEL":"","COLOR":16,"BODY":{"FOV":2.5},"CONTROLLERS":["canRepel","onlyAcceptInArc","mapAltToFire","nearestDifferentMaster"],"GUNS":[{"POSITION":[14,11,1.3,8,0,0,0],"PROPERTIES":{"SHOOT_SETTINGS":{"reload":22.5,"recoil":0.322,"shudder":0.15300000000000002,"size":0.99,"health":0.5599999999999999,"damage":0.11024999999999997,"pen":1.18125,"speed":5.669999999999999,"maxSpeed":0.7616,"range":1,"density":0.30000000000000004,"spray":28.125,"resist":1.7999999999999998},"TYPE":{"LABEL":"Bullet","TYPE":"bullet","ACCEPTS_SCORE":false,"BODY":{"PENETRATION":1,"SPEED":3.75,"RANGE":90,"DENSITY":1.25,"HEALTH":0.165,"DAMAGE":6,"PUSHABILITY":0.3},"FACING_TYPE":"smoothWithMotion","CAN_GO_OUTSIDE_ROOM":true,"HITS_OWN_TYPE":"never","DIE_AT_RANGE":true,"index":13,"mockup":{"body":{"type":1,"id":13,"index":13,"x":0,"y":0,"vx":0,"vy":0,"size":1,"rsize":1,"status":1,"health":1,"shield":null,"facing":0,"vfacing":0,"twiggle":false,"layer":0,"color":16,"name":"Bullet","score":0,"guns":[],"turrets":[],"position":{"middle":{"x":0,"y":0},"axis":2,"points":[{"x":1,"y":0},{"x":-1,"y":0},{"x":0,"y":1}]}},"position":{"middle":{"x":0,"y":0},"axis":2,"points":[{"x":1,"y":0},{"x":-1,"y":0},{"x":0,"y":1}]}}}}}],"index":38,"mockup":{"body":{"type":7,"id":38,"index":38,"x":0,"y":0,"vx":0,"vy":0,"size":12,"rsize":12,"status":1,"health":1,"shield":1,"facing":0,"vfacing":0,"twiggle":false,"layer":5,"color":16,"name":"","score":0,"guns":[{"time":0,"power":0}],"turrets":[],"position":{"middle":{"x":0.679879,"y":0},"axis":3.35976,"points":[{"x":2.2,"y":0.715},{"x":-1,"y":0},{"x":2.2,"y":-0.715}]}},"position":{"middle":{"x":0.679879,"y":0},"axis":3.35976,"points":[{"x":2.2,"y":0.715},{"x":-1,"y":0},{"x":2.2,"y":-0.715}]}}},{"CONTROLLERS":["nearestDifferentMaster"],"INDEPENDENT":true}]}],"LABEL":"OP Annihilator","index":200,"mockup":{"body":{"type":7,"id":316,"index":200,"x":0,"y":0,"vx":0,"vy":0,"size":12,"rsize":12,"status":1,"health":1,"shield":1,"facing":0,"vfacing":0,"twiggle":false,"layer":5,"color":16,"name":"OP Annihilator","score":0,"guns":[{"time":0,"power":0},{"time":0,"power":0},{"time":0,"power":0}],"turrets":[{"type":7,"id":317,"index":38,"x":0,"y":0,"vx":0,"vy":0,"size":6,"rsize":6,"status":1,"health":1,"shield":1,"facing":3.141592653589793,"vfacing":0,"twiggle":false,"layer":1,"color":16,"name":"","score":0,"guns":[{"time":0,"power":0}],"turrets":[]}],"position":{"middle":{"x":0.674839,"y":0},"axis":3.62298,"points":[{"x":2.2,"y":0.975},{"x":-1.1,"y":-0.3575},{"x":1.093,"y":-1.75687},{"x":2.2,"y":-0.975}]}},"position":{"middle":{"x":0.674839,"y":0},"axis":3.62298,"points":[{"x":2.2,"y":0.975},{"x":-1.1,"y":-0.3575},{"x":1.093,"y":-1.75687},{"x":2.2,"y":-0.975}]}}},{"PARENT":[{"LABEL":"Unknown Class","TYPE":"tank","DAMAGE_CLASS":2,"DANGER":5,"MOTION_TYPE":"motor","FACING_TYPE":"toTarget","SIZE":12,"MAX_CHILDREN":0,"DAMAGE_EFFECTS":false,"BODY":{"ACCELERATION":1.6,"SPEED":5.25,"HEALTH":20,"DAMAGE":3,"PENETRATION":1.05,"SHIELD":8,"REGEN":0.025,"FOV":1,"DENSITY":0.5,"PUSHABILITY":0.9,"HETERO":3},"GUNS":[],"TURRETS":[],"GIVE_KILL_MESSAGE":true,"DRAW_HEALTH":true,"HAS_NO_SKILL_POINTS":false,"index":29,"mockup":{"body":{"type":7,"id":29,"index":29,"x":0,"y":0,"vx":0,"vy":0,"size":12,"rsize":12,"status":1,"health":1,"shield":1,"facing":0,"vfacing":0,"twiggle":false,"layer":5,"color":16,"name":"Unknown Class","score":0,"guns":[],"turrets":[],"position":{"middle":{"x":0,"y":0},"axis":2,"points":[{"x":1,"y":0},{"x":-1,"y":0},{"x":0,"y":1}]}},"position":{"middle":{"x":0,"y":0},"axis":2,"points":[{"x":1,"y":0},{"x":-1,"y":0},{"x":0,"y":1}]}}}],"LABEL":"Triple-Shot-3","DANGER":7,"BODY":{"ACCELERATION":1.2000000000000002,"SPEED":3.9375},"FACING_TYPE":"autospin","TURRETS":[{"POSITION":[13,8,0,0,170,0],"TYPE":{"PARENT":[{"LABEL":"Unknown Class","TYPE":"tank","DAMAGE_CLASS":2,"DANGER":5,"MOTION_TYPE":"motor","FACING_TYPE":"toTarget","SIZE":12,"MAX_CHILDREN":0,"DAMAGE_EFFECTS":false,"BODY":{"ACCELERATION":1.6,"SPEED":5.25,"HEALTH":20,"DAMAGE":3,"PENETRATION":1.05,"SHIELD":8,"REGEN":0.025,"FOV":1,"DENSITY":0.5,"PUSHABILITY":0.9,"HETERO":3},"GUNS":[],"TURRETS":[],"GIVE_KILL_MESSAGE":true,"DRAW_HEALTH":true,"HAS_NO_SKILL_POINTS":false,"index":29,"mockup":{"body":{"type":7,"id":29,"index":29,"x":0,"y":0,"vx":0,"vy":0,"size":12,"rsize":12,"status":1,"health":1,"shield":1,"facing":0,"vfacing":0,"twiggle":false,"layer":5,"color":16,"name":"Unknown Class","score":0,"guns":[],"turrets":[],"position":{"middle":{"x":0,"y":0},"axis":2,"points":[{"x":1,"y":0},{"x":-1,"y":0},{"x":0,"y":1}]}},"position":{"middle":{"x":0,"y":0},"axis":2,"points":[{"x":1,"y":0},{"x":-1,"y":0},{"x":0,"y":1}]}}}],"LABEL":"","COLOR":16,"BODY":{"FOV":2.5},"CONTROLLERS":["canRepel","onlyAcceptInArc","mapAltToFire","nearestDifferentMaster"],"GUNS":[{"POSITION":[19,8,1,0,-2,-20,0.5],"PROPERTIES":{"SHOOT_SETTINGS":{"reload":39.6,"recoil":0.7,"shudder":0.07200000000000001,"size":1,"health":0.81,"damage":0.5249999999999999,"pen":0.8,"speed":4.5,"maxSpeed":1,"range":1,"density":0.8,"spray":9,"resist":1},"TYPE":{"LABEL":"Bullet","TYPE":"bullet","ACCEPTS_SCORE":false,"BODY":{"PENETRATION":1,"SPEED":3.75,"RANGE":90,"DENSITY":1.25,"HEALTH":0.165,"DAMAGE":6,"PUSHABILITY":0.3},"FACING_TYPE":"smoothWithMotion","CAN_GO_OUTSIDE_ROOM":true,"HITS_OWN_TYPE":"never","DIE_AT_RANGE":true,"index":13,"mockup":{"body":{"type":1,"id":13,"index":13,"x":0,"y":0,"vx":0,"vy":0,"size":1,"rsize":1,"status":1,"health":1,"shield":null,"facing":0,"vfacing":0,"twiggle":false,"layer":0,"color":16,"name":"Bullet","score":0,"guns":[],"turrets":[],"position":{"middle":{"x":0,"y":0},"axis":2,"points":[{"x":1,"y":0},{"x":-1,"y":0},{"x":0,"y":1}]}},"position":{"middle":{"x":0,"y":0},"axis":2,"points":[{"x":1,"y":0},{"x":-1,"y":0},{"x":0,"y":1}]}}}}},{"POSITION":[19,8,1,0,2,20,0.5],"PROPERTIES":{"SHOOT_SETTINGS":{"reload":39.6,"recoil":0.7,"shudder":0.07200000000000001,"size":1,"health":0.81,"damage":0.5249999999999999,"pen":0.8,"speed":4.5,"maxSpeed":1,"range":1,"density":0.8,"spray":9,"resist":1},"TYPE":{"LABEL":"Bullet","TYPE":"bullet","ACCEPTS_SCORE":false,"BODY":{"PENETRATION":1,"SPEED":3.75,"RANGE":90,"DENSITY":1.25,"HEALTH":0.165,"DAMAGE":6,"PUSHABILITY":0.3},"FACING_TYPE":"smoothWithMotion","CAN_GO_OUTSIDE_ROOM":true,"HITS_OWN_TYPE":"never","DIE_AT_RANGE":true,"index":13,"mockup":{"body":{"type":1,"id":13,"index":13,"x":0,"y":0,"vx":0,"vy":0,"size":1,"rsize":1,"status":1,"health":1,"shield":null,"facing":0,"vfacing":0,"twiggle":false,"layer":0,"color":16,"name":"Bullet","score":0,"guns":[],"turrets":[],"position":{"middle":{"x":0,"y":0},"axis":2,"points":[{"x":1,"y":0},{"x":-1,"y":0},{"x":0,"y":1}]}},"position":{"middle":{"x":0,"y":0},"axis":2,"points":[{"x":1,"y":0},{"x":-1,"y":0},{"x":0,"y":1}]}}}}},{"POSITION":[22,8,1,0,0,0,0],"PROPERTIES":{"SHOOT_SETTINGS":{"reload":39.6,"recoil":0.7,"shudder":0.07200000000000001,"size":1,"health":0.81,"damage":0.5249999999999999,"pen":0.8,"speed":4.5,"maxSpeed":1,"range":1,"density":0.8,"spray":9,"resist":1},"TYPE":{"LABEL":"Bullet","TYPE":"bullet","ACCEPTS_SCORE":false,"BODY":{"PENETRATION":1,"SPEED":3.75,"RANGE":90,"DENSITY":1.25,"HEALTH":0.165,"DAMAGE":6,"PUSHABILITY":0.3},"FACING_TYPE":"smoothWithMotion","CAN_GO_OUTSIDE_ROOM":true,"HITS_OWN_TYPE":"never","DIE_AT_RANGE":true,"index":13,"mockup":{"body":{"type":1,"id":13,"index":13,"x":0,"y":0,"vx":0,"vy":0,"size":1,"rsize":1,"status":1,"health":1,"shield":null,"facing":0,"vfacing":0,"twiggle":false,"layer":0,"color":16,"name":"Bullet","score":0,"guns":[],"turrets":[],"position":{"middle":{"x":0,"y":0},"axis":2,"points":[{"x":1,"y":0},{"x":-1,"y":0},{"x":0,"y":1}]}},"position":{"middle":{"x":0,"y":0},"axis":2,"points":[{"x":1,"y":0},{"x":-1,"y":0},{"x":0,"y":1}]}}}}}],"index":39,"mockup":{"body":{"type":7,"id":39,"index":39,"x":0,"y":0,"vx":0,"vy":0,"size":12,"rsize":12,"status":1,"health":1,"shield":1,"facing":0,"vfacing":0,"twiggle":false,"layer":5,"color":16,"name":"","score":0,"guns":[{"time":0,"power":0},{"time":0,"power":0},{"time":0,"power":0}],"turrets":[],"position":{"middle":{"x":0.634034,"y":0},"axis":3.2741,"points":[{"x":2.2,"y":0.4},{"x":-1,"y":0},{"x":1.5802,"y":-1.21365},{"x":2.2,"y":-0.4}]}},"position":{"middle":{"x":0.634034,"y":0},"axis":3.2741,"points":[{"x":2.2,"y":0.4},{"x":-1,"y":0},{"x":1.5802,"y":-1.21365},{"x":2.2,"y":-0.4}]}}}},{"POSITION":[13,8,0,120,170,0],"TYPE":{"PARENT":[{"LABEL":"Unknown Class","TYPE":"tank","DAMAGE_CLASS":2,"DANGER":5,"MOTION_TYPE":"motor","FACING_TYPE":"toTarget","SIZE":12,"MAX_CHILDREN":0,"DAMAGE_EFFECTS":false,"BODY":{"ACCELERATION":1.6,"SPEED":5.25,"HEALTH":20,"DAMAGE":3,"PENETRATION":1.05,"SHIELD":8,"REGEN":0.025,"FOV":1,"DENSITY":0.5,"PUSHABILITY":0.9,"HETERO":3},"GUNS":[],"TURRETS":[],"GIVE_KILL_MESSAGE":true,"DRAW_HEALTH":true,"HAS_NO_SKILL_POINTS":false,"index":29,"mockup":{"body":{"type":7,"id":29,"index":29,"x":0,"y":0,"vx":0,"vy":0,"size":12,"rsize":12,"status":1,"health":1,"shield":1,"facing":0,"vfacing":0,"twiggle":false,"layer":5,"color":16,"name":"Unknown Class","score":0,"guns":[],"turrets":[],"position":{"middle":{"x":0,"y":0},"axis":2,"points":[{"x":1,"y":0},{"x":-1,"y":0},{"x":0,"y":1}]}},"position":{"middle":{"x":0,"y":0},"axis":2,"points":[{"x":1,"y":0},{"x":-1,"y":0},{"x":0,"y":1}]}}}],"LABEL":"","COLOR":16,"BODY":{"FOV":2.5},"CONTROLLERS":["canRepel","onlyAcceptInArc","mapAltToFire","nearestDifferentMaster"],"GUNS":[{"POSITION":[19,8,1,0,-2,-20,0.5],"PROPERTIES":{"SHOOT_SETTINGS":{"reload":39.6,"recoil":0.7,"shudder":0.07200000000000001,"size":1,"health":0.81,"damage":0.5249999999999999,"pen":0.8,"speed":4.5,"maxSpeed":1,"range":1,"density":0.8,"spray":9,"resist":1},"TYPE":{"LABEL":"Bullet","TYPE":"bullet","ACCEPTS_SCORE":false,"BODY":{"PENETRATION":1,"SPEED":3.75,"RANGE":90,"DENSITY":1.25,"HEALTH":0.165,"DAMAGE":6,"PUSHABILITY":0.3},"FACING_TYPE":"smoothWithMotion","CAN_GO_OUTSIDE_ROOM":true,"HITS_OWN_TYPE":"never","DIE_AT_RANGE":true,"index":13,"mockup":{"body":{"type":1,"id":13,"index":13,"x":0,"y":0,"vx":0,"vy":0,"size":1,"rsize":1,"status":1,"health":1,"shield":null,"facing":0,"vfacing":0,"twiggle":false,"layer":0,"color":16,"name":"Bullet","score":0,"guns":[],"turrets":[],"position":{"middle":{"x":0,"y":0},"axis":2,"points":[{"x":1,"y":0},{"x":-1,"y":0},{"x":0,"y":1}]}},"position":{"middle":{"x":0,"y":0},"axis":2,"points":[{"x":1,"y":0},{"x":-1,"y":0},{"x":0,"y":1}]}}}}},{"POSITION":[19,8,1,0,2,20,0.5],"PROPERTIES":{"SHOOT_SETTINGS":{"reload":39.6,"recoil":0.7,"shudder":0.07200000000000001,"size":1,"health":0.81,"damage":0.5249999999999999,"pen":0.8,"speed":4.5,"maxSpeed":1,"range":1,"density":0.8,"spray":9,"resist":1},"TYPE":{"LABEL":"Bullet","TYPE":"bullet","ACCEPTS_SCORE":false,"BODY":{"PENETRATION":1,"SPEED":3.75,"RANGE":90,"DENSITY":1.25,"HEALTH":0.165,"DAMAGE":6,"PUSHABILITY":0.3},"FACING_TYPE":"smoothWithMotion","CAN_GO_OUTSIDE_ROOM":true,"HITS_OWN_TYPE":"never","DIE_AT_RANGE":true,"index":13,"mockup":{"body":{"type":1,"id":13,"index":13,"x":0,"y":0,"vx":0,"vy":0,"size":1,"rsize":1,"status":1,"health":1,"shield":null,"facing":0,"vfacing":0,"twiggle":false,"layer":0,"color":16,"name":"Bullet","score":0,"guns":[],"turrets":[],"position":{"middle":{"x":0,"y":0},"axis":2,"points":[{"x":1,"y":0},{"x":-1,"y":0},{"x":0,"y":1}]}},"position":{"middle":{"x":0,"y":0},"axis":2,"points":[{"x":1,"y":0},{"x":-1,"y":0},{"x":0,"y":1}]}}}}},{"POSITION":[22,8,1,0,0,0,0],"PROPERTIES":{"SHOOT_SETTINGS":{"reload":39.6,"recoil":0.7,"shudder":0.07200000000000001,"size":1,"health":0.81,"damage":0.5249999999999999,"pen":0.8,"speed":4.5,"maxSpeed":1,"range":1,"density":0.8,"spray":9,"resist":1},"TYPE":{"LABEL":"Bullet","TYPE":"bullet","ACCEPTS_SCORE":false,"BODY":{"PENETRATION":1,"SPEED":3.75,"RANGE":90,"DENSITY":1.25,"HEALTH":0.165,"DAMAGE":6,"PUSHABILITY":0.3},"FACING_TYPE":"smoothWithMotion","CAN_GO_OUTSIDE_ROOM":true,"HITS_OWN_TYPE":"never","DIE_AT_RANGE":true,"index":13,"mockup":{"body":{"type":1,"id":13,"index":13,"x":0,"y":0,"vx":0,"vy":0,"size":1,"rsize":1,"status":1,"health":1,"shield":null,"facing":0,"vfacing":0,"twiggle":false,"layer":0,"color":16,"name":"Bullet","score":0,"guns":[],"turrets":[],"position":{"middle":{"x":0,"y":0},"axis":2,"points":[{"x":1,"y":0},{"x":-1,"y":0},{"x":0,"y":1}]}},"position":{"middle":{"x":0,"y":0},"axis":2,"points":[{"x":1,"y":0},{"x":-1,"y":0},{"x":0,"y":1}]}}}}}],"index":39,"mockup":{"body":{"type":7,"id":39,"index":39,"x":0,"y":0,"vx":0,"vy":0,"size":12,"rsize":12,"status":1,"health":1,"shield":1,"facing":0,"vfacing":0,"twiggle":false,"layer":5,"color":16,"name":"","score":0,"guns":[{"time":0,"power":0},{"time":0,"power":0},{"time":0,"power":0}],"turrets":[],"position":{"middle":{"x":0.634034,"y":0},"axis":3.2741,"points":[{"x":2.2,"y":0.4},{"x":-1,"y":0},{"x":1.5802,"y":-1.21365},{"x":2.2,"y":-0.4}]}},"position":{"middle":{"x":0.634034,"y":0},"axis":3.2741,"points":[{"x":2.2,"y":0.4},{"x":-1,"y":0},{"x":1.5802,"y":-1.21365},{"x":2.2,"y":-0.4}]}}}},{"POSITION":[13,8,0,240,170,0],"TYPE":{"PARENT":[{"LABEL":"Unknown Class","TYPE":"tank","DAMAGE_CLASS":2,"DANGER":5,"MOTION_TYPE":"motor","FACING_TYPE":"toTarget","SIZE":12,"MAX_CHILDREN":0,"DAMAGE_EFFECTS":false,"BODY":{"ACCELERATION":1.6,"SPEED":5.25,"HEALTH":20,"DAMAGE":3,"PENETRATION":1.05,"SHIELD":8,"REGEN":0.025,"FOV":1,"DENSITY":0.5,"PUSHABILITY":0.9,"HETERO":3},"GUNS":[],"TURRETS":[],"GIVE_KILL_MESSAGE":true,"DRAW_HEALTH":true,"HAS_NO_SKILL_POINTS":false,"index":29,"mockup":{"body":{"type":7,"id":29,"index":29,"x":0,"y":0,"vx":0,"vy":0,"size":12,"rsize":12,"status":1,"health":1,"shield":1,"facing":0,"vfacing":0,"twiggle":false,"layer":5,"color":16,"name":"Unknown Class","score":0,"guns":[],"turrets":[],"position":{"middle":{"x":0,"y":0},"axis":2,"points":[{"x":1,"y":0},{"x":-1,"y":0},{"x":0,"y":1}]}},"position":{"middle":{"x":0,"y":0},"axis":2,"points":[{"x":1,"y":0},{"x":-1,"y":0},{"x":0,"y":1}]}}}],"LABEL":"","COLOR":16,"BODY":{"FOV":2.5},"CONTROLLERS":["canRepel","onlyAcceptInArc","mapAltToFire","nearestDifferentMaster"],"GUNS":[{"POSITION":[19,8,1,0,-2,-20,0.5],"PROPERTIES":{"SHOOT_SETTINGS":{"reload":39.6,"recoil":0.7,"shudder":0.07200000000000001,"size":1,"health":0.81,"damage":0.5249999999999999,"pen":0.8,"speed":4.5,"maxSpeed":1,"range":1,"density":0.8,"spray":9,"resist":1},"TYPE":{"LABEL":"Bullet","TYPE":"bullet","ACCEPTS_SCORE":false,"BODY":{"PENETRATION":1,"SPEED":3.75,"RANGE":90,"DENSITY":1.25,"HEALTH":0.165,"DAMAGE":6,"PUSHABILITY":0.3},"FACING_TYPE":"smoothWithMotion","CAN_GO_OUTSIDE_ROOM":true,"HITS_OWN_TYPE":"never","DIE_AT_RANGE":true,"index":13,"mockup":{"body":{"type":1,"id":13,"index":13,"x":0,"y":0,"vx":0,"vy":0,"size":1,"rsize":1,"status":1,"health":1,"shield":null,"facing":0,"vfacing":0,"twiggle":false,"layer":0,"color":16,"name":"Bullet","score":0,"guns":[],"turrets":[],"position":{"middle":{"x":0,"y":0},"axis":2,"points":[{"x":1,"y":0},{"x":-1,"y":0},{"x":0,"y":1}]}},"position":{"middle":{"x":0,"y":0},"axis":2,"points":[{"x":1,"y":0},{"x":-1,"y":0},{"x":0,"y":1}]}}}}},{"POSITION":[19,8,1,0,2,20,0.5],"PROPERTIES":{"SHOOT_SETTINGS":{"reload":39.6,"recoil":0.7,"shudder":0.07200000000000001,"size":1,"health":0.81,"damage":0.5249999999999999,"pen":0.8,"speed":4.5,"maxSpeed":1,"range":1,"density":0.8,"spray":9,"resist":1},"TYPE":{"LABEL":"Bullet","TYPE":"bullet","ACCEPTS_SCORE":false,"BODY":{"PENETRATION":1,"SPEED":3.75,"RANGE":90,"DENSITY":1.25,"HEALTH":0.165,"DAMAGE":6,"PUSHABILITY":0.3},"FACING_TYPE":"smoothWithMotion","CAN_GO_OUTSIDE_ROOM":true,"HITS_OWN_TYPE":"never","DIE_AT_RANGE":true,"index":13,"mockup":{"body":{"type":1,"id":13,"index":13,"x":0,"y":0,"vx":0,"vy":0,"size":1,"rsize":1,"status":1,"health":1,"shield":null,"facing":0,"vfacing":0,"twiggle":false,"layer":0,"color":16,"name":"Bullet","score":0,"guns":[],"turrets":[],"position":{"middle":{"x":0,"y":0},"axis":2,"points":[{"x":1,"y":0},{"x":-1,"y":0},{"x":0,"y":1}]}},"position":{"middle":{"x":0,"y":0},"axis":2,"points":[{"x":1,"y":0},{"x":-1,"y":0},{"x":0,"y":1}]}}}}},{"POSITION":[22,8,1,0,0,0,0],"PROPERTIES":{"SHOOT_SETTINGS":{"reload":39.6,"recoil":0.7,"shudder":0.07200000000000001,"size":1,"health":0.81,"damage":0.5249999999999999,"pen":0.8,"speed":4.5,"maxSpeed":1,"range":1,"density":0.8,"spray":9,"resist":1},"TYPE":{"LABEL":"Bullet","TYPE":"bullet","ACCEPTS_SCORE":false,"BODY":{"PENETRATION":1,"SPEED":3.75,"RANGE":90,"DENSITY":1.25,"HEALTH":0.165,"DAMAGE":6,"PUSHABILITY":0.3},"FACING_TYPE":"smoothWithMotion","CAN_GO_OUTSIDE_ROOM":true,"HITS_OWN_TYPE":"never","DIE_AT_RANGE":true,"index":13,"mockup":{"body":{"type":1,"id":13,"index":13,"x":0,"y":0,"vx":0,"vy":0,"size":1,"rsize":1,"status":1,"health":1,"shield":null,"facing":0,"vfacing":0,"twiggle":false,"layer":0,"color":16,"name":"Bullet","score":0,"guns":[],"turrets":[],"position":{"middle":{"x":0,"y":0},"axis":2,"points":[{"x":1,"y":0},{"x":-1,"y":0},{"x":0,"y":1}]}},"position":{"middle":{"x":0,"y":0},"axis":2,"points":[{"x":1,"y":0},{"x":-1,"y":0},{"x":0,"y":1}]}}}}}],"index":39,"mockup":{"body":{"type":7,"id":39,"index":39,"x":0,"y":0,"vx":0,"vy":0,"size":12,"rsize":12,"status":1,"health":1,"shield":1,"facing":0,"vfacing":0,"twiggle":false,"layer":5,"color":16,"name":"","score":0,"guns":[{"time":0,"power":0},{"time":0,"power":0},{"time":0,"power":0}],"turrets":[],"position":{"middle":{"x":0.634034,"y":0},"axis":3.2741,"points":[{"x":2.2,"y":0.4},{"x":-1,"y":0},{"x":1.5802,"y":-1.21365},{"x":2.2,"y":-0.4}]}},"position":{"middle":{"x":0.634034,"y":0},"axis":3.2741,"points":[{"x":2.2,"y":0.4},{"x":-1,"y":0},{"x":1.5802,"y":-1.21365},{"x":2.2,"y":-0.4}]}}}}],"index":158,"mockup":{"body":{"type":7,"id":211,"index":158,"x":0,"y":0,"vx":0,"vy":0,"size":12,"rsize":12,"status":1,"health":1,"shield":1,"facing":0,"vfacing":0,"twiggle":true,"layer":5,"color":16,"name":"Triple-Shot-3","score":0,"guns":[],"turrets":[{"type":7,"id":212,"index":39,"x":9.600000000000001,"y":0,"vx":0,"vy":0,"size":7.800000000000001,"rsize":7.800000000000001,"status":1,"health":1,"shield":1,"facing":0,"vfacing":0,"twiggle":false,"layer":0,"color":16,"name":"","score":0,"guns":[{"time":0,"power":0},{"time":0,"power":0},{"time":0,"power":0}],"turrets":[]},{"type":7,"id":213,"index":39,"x":-4.799999999999999,"y":8.313843876330612,"vx":0,"vy":0,"size":7.800000000000001,"rsize":7.800000000000001,"status":1,"health":1,"shield":1,"facing":2.0943951023931953,"vfacing":0,"twiggle":false,"layer":0,"color":16,"name":"","score":0,"guns":[{"time":0,"power":0},{"time":0,"power":0},{"time":0,"power":0}],"turrets":[]},{"type":7,"id":214,"index":39,"x":-4.800000000000005,"y":-8.31384387633061,"vx":0,"vy":0,"size":7.800000000000001,"rsize":7.800000000000001,"status":1,"health":1,"shield":1,"facing":4.1887902047863905,"vfacing":0,"twiggle":false,"layer":0,"color":16,"name":"","score":0,"guns":[{"time":0,"power":0},{"time":0,"power":0},{"time":0,"power":0}],"turrets":[]}],"position":{"middle":{"x":0.0157505,"y":0},"axis":4.56969,"points":[{"x":2.23,"y":0.26},{"x":-1.2625,"y":-1.58625},{"x":-1.34017,"y":1.80124},{"x":-0.889833,"y":-2.06124}]}},"position":{"middle":{"x":0.0157505,"y":0},"axis":4.56969,"points":[{"x":2.23,"y":0.26},{"x":-1.2625,"y":-1.58625},{"x":-1.34017,"y":1.80124},{"x":-0.889833,"y":-2.06124}]}}},null],"UPGRADES_TIER_$":[{"PARENT":[{"LABEL":"Unknown Class","TYPE":"tank","DAMAGE_CLASS":2,"DANGER":5,"MOTION_TYPE":"motor","FACING_TYPE":"toTarget","SIZE":12,"MAX_CHILDREN":0,"DAMAGE_EFFECTS":false,"BODY":{"ACCELERATION":1.6,"SPEED":5.25,"HEALTH":20,"DAMAGE":3,"PENETRATION":1.05,"SHIELD":8,"REGEN":0.025,"FOV":1,"DENSITY":0.5,"PUSHABILITY":0.9,"HETERO":3},"GUNS":[],"TURRETS":[],"GIVE_KILL_MESSAGE":true,"DRAW_HEALTH":true,"HAS_NO_SKILL_POINTS":false,"index":29,"mockup":{"body":{"type":7,"id":29,"index":29,"x":0,"y":0,"vx":0,"vy":0,"size":12,"rsize":12,"status":1,"health":1,"shield":1,"facing":0,"vfacing":0,"twiggle":false,"layer":5,"color":16,"name":"Unknown Class","score":0,"guns":[],"turrets":[],"position":{"middle":{"x":0,"y":0},"axis":2,"points":[{"x":1,"y":0},{"x":-1,"y":0},{"x":0,"y":1}]}},"position":{"middle":{"x":0,"y":0},"axis":2,"points":[{"x":1,"y":0},{"x":-1,"y":0},{"x":0,"y":1}]}}}],"LABEL":"Seeker","DANGER":6,"GUNS":[{"POSITION":[24,8.5,1,0,0,-20,0.5],"PROPERTIES":{"SHOOT_SETTINGS":{"reload":24.3,"recoil":1.4,"shudder":0.025,"size":1,"health":1,"damage":0.6000000000000001,"pen":1.1,"speed":6.75,"maxSpeed":1.5,"range":1,"density":1.5,"spray":3,"resist":1.15},"TYPE":{"LABEL":"Bullet","TYPE":"bullet","ACCEPTS_SCORE":false,"BODY":{"PENETRATION":1,"SPEED":3.75,"RANGE":90,"DENSITY":1.25,"HEALTH":0.165,"DAMAGE":6,"PUSHABILITY":0.3},"FACING_TYPE":"smoothWithMotion","CAN_GO_OUTSIDE_ROOM":true,"HITS_OWN_TYPE":"never","DIE_AT_RANGE":true,"index":13,"mockup":{"body":{"type":1,"id":13,"index":13,"x":0,"y":0,"vx":0,"vy":0,"size":1,"rsize":1,"status":1,"health":1,"shield":null,"facing":0,"vfacing":0,"twiggle":false,"layer":0,"color":16,"name":"Bullet","score":0,"guns":[],"turrets":[],"position":{"middle":{"x":0,"y":0},"axis":2,"points":[{"x":1,"y":0},{"x":-1,"y":0},{"x":0,"y":1}]}},"position":{"middle":{"x":0,"y":0},"axis":2,"points":[{"x":1,"y":0},{"x":-1,"y":0},{"x":0,"y":1}]}}}}},{"POSITION":[24,8.5,1,0,0,20,0.5],"PROPERTIES":{"SHOOT_SETTINGS":{"reload":24.3,"recoil":1.4,"shudder":0.025,"size":1,"health":1,"damage":0.6000000000000001,"pen":1.1,"speed":6.75,"maxSpeed":1.5,"range":1,"density":1.5,"spray":3,"resist":1.15},"TYPE":{"LABEL":"Bullet","TYPE":"bullet","ACCEPTS_SCORE":false,"BODY":{"PENETRATION":1,"SPEED":3.75,"RANGE":90,"DENSITY":1.25,"HEALTH":0.165,"DAMAGE":6,"PUSHABILITY":0.3},"FACING_TYPE":"smoothWithMotion","CAN_GO_OUTSIDE_ROOM":true,"HITS_OWN_TYPE":"never","DIE_AT_RANGE":true,"index":13,"mockup":{"body":{"type":1,"id":13,"index":13,"x":0,"y":0,"vx":0,"vy":0,"size":1,"rsize":1,"status":1,"health":1,"shield":null,"facing":0,"vfacing":0,"twiggle":false,"layer":0,"color":16,"name":"Bullet","score":0,"guns":[],"turrets":[],"position":{"middle":{"x":0,"y":0},"axis":2,"points":[{"x":1,"y":0},{"x":-1,"y":0},{"x":0,"y":1}]}},"position":{"middle":{"x":0,"y":0},"axis":2,"points":[{"x":1,"y":0},{"x":-1,"y":0},{"x":0,"y":1}]}}}}},{"POSITION":[25,8.5,1,0,0,0,0],"PROPERTIES":{"SHOOT_SETTINGS":{"reload":24.3,"recoil":1.4,"shudder":0.025,"size":1,"health":1,"damage":0.6000000000000001,"pen":1.1,"speed":6.75,"maxSpeed":1.5,"range":1,"density":1.5,"spray":3,"resist":1.15},"TYPE":{"LABEL":"Bullet","TYPE":"bullet","ACCEPTS_SCORE":false,"BODY":{"PENETRATION":1,"SPEED":3.75,"RANGE":90,"DENSITY":1.25,"HEALTH":0.165,"DAMAGE":6,"PUSHABILITY":0.3},"FACING_TYPE":"smoothWithMotion","CAN_GO_OUTSIDE_ROOM":true,"HITS_OWN_TYPE":"never","DIE_AT_RANGE":true,"index":13,"mockup":{"body":{"type":1,"id":13,"index":13,"x":0,"y":0,"vx":0,"vy":0,"size":1,"rsize":1,"status":1,"health":1,"shield":null,"facing":0,"vfacing":0,"twiggle":false,"layer":0,"color":16,"name":"Bullet","score":0,"guns":[],"turrets":[],"position":{"middle":{"x":0,"y":0},"axis":2,"points":[{"x":1,"y":0},{"x":-1,"y":0},{"x":0,"y":1}]}},"position":{"middle":{"x":0,"y":0},"axis":2,"points":[{"x":1,"y":0},{"x":-1,"y":0},{"x":0,"y":1}]}}}}}],"index":215,"mockup":{"body":{"type":7,"id":340,"index":215,"x":0,"y":0,"vx":0,"vy":0,"size":12,"rsize":12,"status":1,"health":1,"shield":1,"facing":0,"vfacing":0,"twiggle":false,"layer":5,"color":16,"name":"Seeker","score":0,"guns":[{"time":0,"power":0},{"time":0,"power":0},{"time":0,"power":0}],"turrets":[],"position":{"middle":{"x":0.79791,"y":0},"axis":3.60987,"points":[{"x":2.5,"y":0.425},{"x":-1,"y":0},{"x":2.1099,"y":-1.22022},{"x":2.1099,"y":1.22022}]}},"position":{"middle":{"x":0.79791,"y":0},"axis":3.60987,"points":[{"x":2.5,"y":0.425},{"x":-1,"y":0},{"x":2.1099,"y":-1.22022},{"x":2.1099,"y":1.22022}]}}},{"PARENT":[{"LABEL":"Unknown Class","TYPE":"tank","DAMAGE_CLASS":2,"DANGER":5,"MOTION_TYPE":"motor","FACING_TYPE":"toTarget","SIZE":12,"MAX_CHILDREN":0,"DAMAGE_EFFECTS":false,"BODY":{"ACCELERATION":1.6,"SPEED":5.25,"HEALTH":20,"DAMAGE":3,"PENETRATION":1.05,"SHIELD":8,"REGEN":0.025,"FOV":1,"DENSITY":0.5,"PUSHABILITY":0.9,"HETERO":3},"GUNS":[],"TURRETS":[],"GIVE_KILL_MESSAGE":true,"DRAW_HEALTH":true,"HAS_NO_SKILL_POINTS":false,"index":29,"mockup":{"body":{"type":7,"id":29,"index":29,"x":0,"y":0,"vx":0,"vy":0,"size":12,"rsize":12,"status":1,"health":1,"shield":1,"facing":0,"vfacing":0,"twiggle":false,"layer":5,"color":16,"name":"Unknown Class","score":0,"guns":[],"turrets":[],"position":{"middle":{"x":0,"y":0},"axis":2,"points":[{"x":1,"y":0},{"x":-1,"y":0},{"x":0,"y":1}]}},"position":{"middle":{"x":0,"y":0},"axis":2,"points":[{"x":1,"y":0},{"x":-1,"y":0},{"x":0,"y":1}]}}}],"LABEL":"Sentinel","DANGER":7,"STAT_NAMES":2,"BODY":{"ACCELERATION":1.2000000000000002,"SPEED":4.2,"FOV":1.1},"SHAPE":4,"GUNS":[{"POSITION":[32,8.5,1,0,0,0,0],"PROPERTIES":{"SHOOT_SETTINGS":{"reload":40.095,"recoil":1.4,"shudder":0.00625,"size":1,"health":1.1,"damage":0.51,"pen":1.2100000000000002,"speed":7.965,"maxSpeed":1.77,"range":1,"density":4.5,"spray":3,"resist":1.4949999999999999},"TYPE":{"LABEL":"Bullet","TYPE":"bullet","ACCEPTS_SCORE":false,"BODY":{"PENETRATION":1,"SPEED":3.75,"RANGE":90,"DENSITY":1.25,"HEALTH":0.165,"DAMAGE":6,"PUSHABILITY":0.3},"FACING_TYPE":"smoothWithMotion","CAN_GO_OUTSIDE_ROOM":true,"HITS_OWN_TYPE":"never","DIE_AT_RANGE":true,"index":13,"mockup":{"body":{"type":1,"id":13,"index":13,"x":0,"y":0,"vx":0,"vy":0,"size":1,"rsize":1,"status":1,"health":1,"shield":null,"facing":0,"vfacing":0,"twiggle":false,"layer":0,"color":16,"name":"Bullet","score":0,"guns":[],"turrets":[],"position":{"middle":{"x":0,"y":0},"axis":2,"points":[{"x":1,"y":0},{"x":-1,"y":0},{"x":0,"y":1}]}},"position":{"middle":{"x":0,"y":0},"axis":2,"points":[{"x":1,"y":0},{"x":-1,"y":0},{"x":0,"y":1}]}}}}},{"POSITION":[5,8.5,-1.6,8,0,0,0]},{"POSITION":[5,12,1.2,8,0,180,0],"PROPERTIES":{"SHOOT_SETTINGS":{"reload":250,"recoil":0.25,"shudder":0.1,"size":0.84,"health":0.4,"damage":0.35,"pen":0.5,"speed":1.95,"maxSpeed":1,"range":1,"density":0.8,"spray":0.1,"resist":1},"TYPE":{"PARENT":[{"LABEL":"Drone","TYPE":"drone","ACCEPTS_SCORE":false,"DANGER":2,"CONTROL_RANGE":0,"SHAPE":3,"MOTION_TYPE":"chase","FACING_TYPE":"smoothToTarget","CONTROLLERS":["nearestDifferentMaster","canRepel","mapTargetToGoal","hangOutNearMaster"],"AI":{"BLIND":true},"BODY":{"PENETRATION":1.2,"PUSHABILITY":0.6,"ACCELERATION":0.05,"HEALTH":0.3,"DAMAGE":3.375,"SPEED":3.8,"RANGE":200,"DENSITY":0.03,"RESIST":1.5,"FOV":0.8},"HITS_OWN_TYPE":"hard","DRAW_HEALTH":false,"CLEAR_ON_MASTER_UPGRADE":true,"BUFF_VS_FOOD":true,"index":23,"mockup":{"body":{"type":1,"id":23,"index":23,"x":0,"y":0,"vx":0,"vy":0,"size":1,"rsize":1.555120301556214,"status":1,"health":1,"shield":null,"facing":0,"vfacing":0,"twiggle":false,"layer":0,"color":16,"name":"Drone","score":0,"guns":[],"turrets":[],"position":{"middle":{"x":0,"y":0},"axis":3.11024,"points":[{"x":1.55512,"y":0},{"x":-0.77756,"y":-1.34677},{"x":-0.77756,"y":1.34677}]}},"position":{"middle":{"x":0,"y":0},"axis":3.11024,"points":[{"x":1.55512,"y":0},{"x":-0.77756,"y":-1.34677},{"x":-0.77756,"y":1.34677}]}}}],"SHAPE":4,"NECRO":true,"HITS_OWN_TYPE":"hard","BODY":{"FOV":0.5},"AI":{"BLIND":true,"FARMER":true},"DRAW_HEALTH":false,"index":25,"mockup":{"body":{"type":1,"id":25,"index":25,"x":0,"y":0,"vx":0,"vy":0,"size":1,"rsize":1.2533141373155001,"status":1,"health":1,"shield":null,"facing":0,"vfacing":0,"twiggle":false,"layer":0,"color":16,"score":0,"guns":[],"turrets":[],"position":{"middle":{"x":0,"y":0},"axis":2.50663,"points":[{"x":0.414531,"y":1.18278},{"x":-0.414531,"y":-1.18278},{"x":1.18278,"y":-0.414531}]}},"position":{"middle":{"x":0,"y":0},"axis":2.50663,"points":[{"x":0.414531,"y":1.18278},{"x":-0.414531,"y":-1.18278},{"x":1.18278,"y":-0.414531}]}}},"AUTOFIRE":true,"SYNCS_SKILLS":true,"STAT_CALCULATOR":7,"MAX_CHILDREN":10}}],"index":214,"mockup":{"body":{"type":7,"id":339,"index":214,"x":0,"y":0,"vx":0,"vy":0,"size":12,"rsize":15.039769647786002,"status":1,"health":1,"shield":1,"facing":0,"vfacing":0,"twiggle":false,"layer":5,"color":16,"name":"Sentinel","score":0,"guns":[{"time":0,"power":0},{"time":0,"power":0},{"time":0,"power":0}],"turrets":[],"position":{"middle":{"x":0.912469,"y":0},"axis":4.65335,"points":[{"x":3.2,"y":0.425},{"x":-1.3,"y":-0.72},{"x":-1.3,"y":0.72}]}},"position":{"middle":{"x":0.912469,"y":0},"axis":4.65335,"points":[{"x":3.2,"y":0.425},{"x":-1.3,"y":-0.72},{"x":-1.3,"y":0.72}]}}}],"index":184} 
16:43:35.032 WARN  Malformed command packet! Kicking player and giving 1 warning. 
16:47:03.175 WARN  Malformed command packet! Kicking player and giving 1 warning. 
16:47:46.036 WARN  Malformed command packet! Kicking. Player now has 2 warnings. 
16:48:03.555 WARN  Malformed command packet! Kicking. Player now has 3 warnings. 
16:48:06.378 WARN  Malformed command packet! Kicking. Player now has 4 warnings. 
16:48:06.378 WARN  127.0.0.1 has been banned! 
17:54:45.713 WARN  ~~ LOOPS: 14. ENTITY #: 921//593. VIEW #: 7. BACKLOGGED :: 124.286%! ~~ 
17:54:46.752 WARN  ~~ LOOPS: 14. ENTITY #: 923//683. VIEW #: 6. BACKLOGGED :: 115.929%! ~~ 
17:55:14.165 WARN  ~~ LOOPS: 14. ENTITY #: 780//598. VIEW #: 7. BACKLOGGED :: 115.071%! ~~ 
17:55:18.234 WARN  ~~ LOOPS: 13. ENTITY #: 1116//565. VIEW #: 7. BACKLOGGED :: 128.769%! ~~ 
17:55:19.281 WARN  ~~ LOOPS: 9. ENTITY #: 1194//948. VIEW #: 7. BACKLOGGED :: 235.000%! ~~ 
17:56:17.877 WARN  ~~ LOOPS: 15. ENTITY #: 951//407. VIEW #: 7. BACKLOGGED :: 115.000%! ~~ 
17:56:18.942 WARN  ~~ LOOPS: 14. ENTITY #: 961//716. VIEW #: 7. BACKLOGGED :: 120.000%! ~~ 
17:56:39.253 WARN  ~~ LOOPS: 11. ENTITY #: 1079//711. VIEW #: 7. BACKLOGGED :: 165.273%! ~~ 
17:56:40.309 WARN  ~~ LOOPS: 15. ENTITY #: 804//672. VIEW #: 7. BACKLOGGED :: 114.600%! ~~ 
17:56:41.340 WARN  ~~ LOOPS: 12. ENTITY #: 1055//638. VIEW #: 7. BACKLOGGED :: 139.500%! ~~ 
17:56:50.459 WARN  ~~ LOOPS: 13. ENTITY #: 1085//744. VIEW #: 7. BACKLOGGED :: 130.154%! ~~ 
17:57:13.740 WARN  ~~ LOOPS: 13. ENTITY #: 1070//452. VIEW #: 6. BACKLOGGED :: 115.846%! ~~ 
17:57:14.785 WARN  ~~ LOOPS: 13. ENTITY #: 861//743. VIEW #: 6. BACKLOGGED :: 142.154%! ~~ 
17:58:01.229 WARN  ~~ LOOPS: 10. ENTITY #: 1187//668. VIEW #: 7. BACKLOGGED :: 191.400%! ~~ 
17:58:02.343 WARN  ~~ LOOPS: 7. ENTITY #: 1456//1046. VIEW #: 7. BACKLOGGED :: 336.857%! ~~ 
17:58:03.433 WARN  ~~ LOOPS: 7. ENTITY #: 1454//1179. VIEW #: 7. BACKLOGGED :: 318.429%! ~~ 
17:58:04.537 WARN  ~~ LOOPS: 9. ENTITY #: 1455//1179. VIEW #: 7. BACKLOGGED :: 225.667%! ~~ 
17:58:05.643 WARN  ~~ LOOPS: 12. ENTITY #: 1456//1181. VIEW #: 7. BACKLOGGED :: 163.250%! ~~ 
17:58:06.719 WARN  ~~ LOOPS: 12. ENTITY #: 1458//1181. VIEW #: 7. BACKLOGGED :: 159.500%! ~~ 
17:58:07.813 WARN  ~~ LOOPS: 14. ENTITY #: 1457//1180. VIEW #: 7. BACKLOGGED :: 117.857%! ~~ 
17:58:08.901 WARN  ~~ LOOPS: 14. ENTITY #: 1456//1179. VIEW #: 7. BACKLOGGED :: 114.857%! ~~ 
17:58:10.041 WARN  ~~ LOOPS: 15. ENTITY #: 1454//1177. VIEW #: 7. BACKLOGGED :: 117.000%! ~~ 
17:58:11.140 WARN  ~~ LOOPS: 14. ENTITY #: 1377//1137. VIEW #: 7. BACKLOGGED :: 122.357%! ~~ 
17:58:12.141 WARN  ~~ LOOPS: 12. ENTITY #: 679//795. VIEW #: 7. BACKLOGGED :: 141.000%! ~~ 
17:58:37.423 WARN  ~~ LOOPS: 9. ENTITY #: 1305//759. VIEW #: 7. BACKLOGGED :: 247.000%! ~~ 
17:58:38.491 WARN  ~~ LOOPS: 6. ENTITY #: 1569//1097. VIEW #: 7. BACKLOGGED :: 375.000%! ~~ 
17:58:39.684 WARN  ~~ LOOPS: 5. ENTITY #: 1794//1335. VIEW #: 7. BACKLOGGED :: 530.400%! ~~ 
17:58:40.809 WARN  ~~ LOOPS: 4. ENTITY #: 1928//1538. VIEW #: 7. BACKLOGGED :: 607.500%! ~~ 
17:58:42.003 WARN  ~~ LOOPS: 4. ENTITY #: 1927//1613. VIEW #: 7. BACKLOGGED :: 723.750%! ~~ 
17:58:43.257 WARN  ~~ LOOPS: 4. ENTITY #: 1928//1600. VIEW #: 7. BACKLOGGED :: 774.750%! ~~ 
17:58:44.464 WARN  ~~ LOOPS: 5. ENTITY #: 1927//1603. VIEW #: 7. BACKLOGGED :: 452.400%! ~~ 
17:58:45.605 WARN  ~~ LOOPS: 6. ENTITY #: 1925//1603. VIEW #: 7. BACKLOGGED :: 348.500%! ~~ 
17:58:46.803 WARN  ~~ LOOPS: 7. ENTITY #: 1927//1607. VIEW #: 7. BACKLOGGED :: 315.429%! ~~ 
17:58:47.922 WARN  ~~ LOOPS: 8. ENTITY #: 1926//1604. VIEW #: 7. BACKLOGGED :: 225.750%! ~~ 
17:58:49.077 WARN  ~~ LOOPS: 9. ENTITY #: 1928//1608. VIEW #: 7. BACKLOGGED :: 218.333%! ~~ 
17:58:50.185 WARN  ~~ LOOPS: 9. ENTITY #: 1929//1604. VIEW #: 7. BACKLOGGED :: 204.000%! ~~ 
17:58:51.340 WARN  ~~ LOOPS: 11. ENTITY #: 1930//1610. VIEW #: 7. BACKLOGGED :: 170.182%! ~~ 
17:58:52.479 WARN  ~~ LOOPS: 11. ENTITY #: 1926//1609. VIEW #: 7. BACKLOGGED :: 159.000%! ~~ 
17:58:53.604 WARN  ~~ LOOPS: 11. ENTITY #: 1923//1605. VIEW #: 7. BACKLOGGED :: 163.636%! ~~ 
17:58:54.826 WARN  ~~ LOOPS: 12. ENTITY #: 1769//1575. VIEW #: 7. BACKLOGGED :: 162.250%! ~~ 
17:58:55.929 WARN  ~~ LOOPS: 10. ENTITY #: 856//944. VIEW #: 7. BACKLOGGED :: 207.900%! ~~ 
18:10:48.175 WARN  Malformed command packet! Kicking player and giving 1 warning. 
18:14:16.305 WARN  Malformed command packet! Kicking. Player now has 2 warnings. 
20:10:52.375 WARN  ~~ LOOPS: 12. ENTITY #: 1064//706. VIEW #: 5. BACKLOGGED :: 154.750%! ~~ 
20:10:53.427 WARN  ~~ LOOPS: 14. ENTITY #: 926//621. VIEW #: 5. BACKLOGGED :: 124.071%! ~~ 
