00:01:08.094 WARN  ~~ LOOPS: 15. ENTITY #: 762//477. VIEW #: 3. BACKLOGGED :: 102.600%! ~~ 
00:01:09.189 WARN  ~~ LOOPS: 15. ENTITY #: 761//482. VIEW #: 3. BACKLOGGED :: 104.600%! ~~ 
00:01:10.267 WARN  ~~ LOOPS: 15. ENTITY #: 770//488. VIEW #: 3. BACKLOGGED :: 106.800%! ~~ 
00:01:12.409 WARN  ~~ LOOPS: 14. ENTITY #: 788//501. VIEW #: 3. BACKLOGGED :: 114.214%! ~~ 
00:01:13.498 WARN  ~~ LOOPS: 15. ENTITY #: 775//492. VIEW #: 3. BACKLOGGED :: 109.000%! ~~ 
03:22:01.369 WARN  Malformed command packet! Player has been disconnected. 
03:23:01.029 WARN  Malformed command packet! Player has been disconnected. 
03:36:42.261 WARN  ~~ LOOPS: 14. ENTITY #: 805//500. VIEW #: 6. BACKLOGGED :: 107.786%! ~~ 
03:36:44.347 WARN  ~~ LOOPS: 14. ENTITY #: 809//508. VIEW #: 6. BACKLOGGED :: 112.714%! ~~ 
03:38:27.624 WARN  ~~ LOOPS: 15. ENTITY #: 758//493. VIEW #: 6. BACKLOGGED :: 101.600%! ~~ 
03:44:34.196 WARN  ~~ LOOPS: 14. ENTITY #: 879//338. VIEW #: 6. BACKLOGGED :: 112.929%! ~~ 
03:44:46.708 WARN  ~~ LOOPS: 15. ENTITY #: 925//348. VIEW #: 6. BACKLOGGED :: 101.200%! ~~ 
03:44:47.767 WARN  ~~ LOOPS: 15. ENTITY #: 927//350. VIEW #: 6. BACKLOGGED :: 102.200%! ~~ 
03:44:48.805 WARN  ~~ LOOPS: 13. ENTITY #: 924//344. VIEW #: 6. BACKLOGGED :: 123.923%! ~~ 
03:44:49.848 WARN  ~~ LOOPS: 14. ENTITY #: 919//335. VIEW #: 6. BACKLOGGED :: 115.500%! ~~ 
03:44:50.911 WARN  ~~ LOOPS: 14. ENTITY #: 913//337. VIEW #: 6. BACKLOGGED :: 124.286%! ~~ 
03:44:51.968 WARN  ~~ LOOPS: 14. ENTITY #: 920//357. VIEW #: 6. BACKLOGGED :: 123.000%! ~~ 
03:44:53.015 WARN  ~~ LOOPS: 11. ENTITY #: 998//374. VIEW #: 6. BACKLOGGED :: 174.000%! ~~ 
03:44:54.122 WARN  ~~ LOOPS: 11. ENTITY #: 1069//417. VIEW #: 6. BACKLOGGED :: 191.727%! ~~ 
03:44:55.194 WARN  ~~ LOOPS: 10. ENTITY #: 1070//431. VIEW #: 6. BACKLOGGED :: 204.900%! ~~ 
03:44:56.316 WARN  ~~ LOOPS: 10. ENTITY #: 1076//436. VIEW #: 6. BACKLOGGED :: 231.000%! ~~ 
03:44:57.378 WARN  ~~ LOOPS: 9. ENTITY #: 1082//441. VIEW #: 6. BACKLOGGED :: 238.333%! ~~ 
03:44:58.494 WARN  ~~ LOOPS: 9. ENTITY #: 1087//436. VIEW #: 6. BACKLOGGED :: 266.333%! ~~ 
03:44:59.603 WARN  ~~ LOOPS: 7. ENTITY #: 1090//429. VIEW #: 6. BACKLOGGED :: 349.714%! ~~ 
03:45:00.770 WARN  ~~ LOOPS: 8. ENTITY #: 1083//432. VIEW #: 6. BACKLOGGED :: 326.250%! ~~ 
03:45:01.919 WARN  ~~ LOOPS: 7. ENTITY #: 1082//463. VIEW #: 6. BACKLOGGED :: 376.286%! ~~ 
03:45:02.990 WARN  ~~ LOOPS: 6. ENTITY #: 1057//465. VIEW #: 6. BACKLOGGED :: 401.000%! ~~ 
03:45:04.044 WARN  ~~ LOOPS: 6. ENTITY #: 1046//466. VIEW #: 6. BACKLOGGED :: 412.000%! ~~ 
03:45:05.217 WARN  ~~ LOOPS: 6. ENTITY #: 1042//474. VIEW #: 6. BACKLOGGED :: 475.500%! ~~ 
03:45:06.257 WARN  ~~ LOOPS: 5. ENTITY #: 1028//473. VIEW #: 6. BACKLOGGED :: 490.800%! ~~ 
03:45:07.491 WARN  ~~ LOOPS: 5. ENTITY #: 1001//462. VIEW #: 6. BACKLOGGED :: 609.000%! ~~ 
03:45:08.580 WARN  ~~ LOOPS: 5. ENTITY #: 999//435. VIEW #: 6. BACKLOGGED :: 524.400%! ~~ 
03:45:09.663 WARN  ~~ LOOPS: 5. ENTITY #: 1009//433. VIEW #: 6. BACKLOGGED :: 519.000%! ~~ 
03:45:10.745 WARN  ~~ LOOPS: 5. ENTITY #: 1008//437. VIEW #: 6. BACKLOGGED :: 537.000%! ~~ 
03:45:11.878 WARN  ~~ LOOPS: 5. ENTITY #: 1013//434. VIEW #: 6. BACKLOGGED :: 559.200%! ~~ 
03:45:13.074 WARN  ~~ LOOPS: 5. ENTITY #: 1010//438. VIEW #: 6. BACKLOGGED :: 586.800%! ~~ 
03:45:14.356 WARN  ~~ LOOPS: 5. ENTITY #: 1012//438. VIEW #: 6. BACKLOGGED :: 647.400%! ~~ 
03:45:15.538 WARN  ~~ LOOPS: 4. ENTITY #: 1011//438. VIEW #: 6. BACKLOGGED :: 758.250%! ~~ 
03:45:16.693 WARN  ~~ LOOPS: 4. ENTITY #: 1010//433. VIEW #: 6. BACKLOGGED :: 735.750%! ~~ 
03:45:17.940 WARN  ~~ LOOPS: 4. ENTITY #: 1011//433. VIEW #: 6. BACKLOGGED :: 807.000%! ~~ 
03:45:19.104 WARN  ~~ LOOPS: 4. ENTITY #: 1007//429. VIEW #: 6. BACKLOGGED :: 748.500%! ~~ 
03:45:20.298 WARN  ~~ LOOPS: 4. ENTITY #: 1008//430. VIEW #: 6. BACKLOGGED :: 763.500%! ~~ 
03:45:21.511 WARN  ~~ LOOPS: 4. ENTITY #: 1003//425. VIEW #: 6. BACKLOGGED :: 780.000%! ~~ 
03:45:22.717 WARN  ~~ LOOPS: 4. ENTITY #: 1002//419. VIEW #: 6. BACKLOGGED :: 777.000%! ~~ 
03:45:23.908 WARN  ~~ LOOPS: 4. ENTITY #: 1006//415. VIEW #: 6. BACKLOGGED :: 768.750%! ~~ 
03:45:25.072 WARN  ~~ LOOPS: 4. ENTITY #: 1010//422. VIEW #: 6. BACKLOGGED :: 729.750%! ~~ 
03:45:26.180 WARN  ~~ LOOPS: 3. ENTITY #: 1082//455. VIEW #: 6. BACKLOGGED :: 887.000%! ~~ 
03:45:27.433 WARN  ~~ LOOPS: 3. ENTITY #: 1148//522. VIEW #: 6. BACKLOGGED :: 1060.000%! ~~ 
03:45:28.847 WARN  ~~ LOOPS: 3. ENTITY #: 1250//578. VIEW #: 6. BACKLOGGED :: 1183.000%! ~~ 
03:45:30.281 WARN  ~~ LOOPS: 3. ENTITY #: 1290//625. VIEW #: 6. BACKLOGGED :: 1229.000%! ~~ 
03:45:31.526 WARN  ~~ LOOPS: 3. ENTITY #: 1061//400. VIEW #: 6. BACKLOGGED :: 1097.000%! ~~ 
03:45:32.814 WARN  ~~ LOOPS: 4. ENTITY #: 1051//412. VIEW #: 5. BACKLOGGED :: 825.750%! ~~ 
03:45:33.879 WARN  ~~ LOOPS: 3. ENTITY #: 1051//422. VIEW #: 5. BACKLOGGED :: 896.000%! ~~ 
03:45:34.982 WARN  ~~ LOOPS: 3. ENTITY #: 1058//439. VIEW #: 5. BACKLOGGED :: 979.000%! ~~ 
03:45:36.132 WARN  ~~ LOOPS: 3. ENTITY #: 1045//460. VIEW #: 5. BACKLOGGED :: 1009.000%! ~~ 
03:45:37.284 WARN  ~~ LOOPS: 3. ENTITY #: 1004//428. VIEW #: 5. BACKLOGGED :: 1028.000%! ~~ 
03:45:37.669 WARN  Malformed command packet! Player has been disconnected. 
03:45:37.669 WARN  Malformed command packet! Player has been disconnected. 
03:45:38.462 WARN  ~~ LOOPS: 3. ENTITY #: 1008//405. VIEW #: 6. BACKLOGGED :: 1052.000%! ~~ 
03:45:38.473 WARN  Malformed command packet! Player has been disconnected. 
03:45:38.473 WARN  Malformed command packet! Player has been disconnected. 
03:45:38.473 WARN  Malformed command packet! Player has been disconnected. 
03:45:39.579 WARN  ~~ LOOPS: 3. ENTITY #: 1012//407. VIEW #: 5. BACKLOGGED :: 969.000%! ~~ 
03:45:40.795 WARN  ~~ LOOPS: 3. ENTITY #: 1010//407. VIEW #: 5. BACKLOGGED :: 1070.000%! ~~ 
03:45:42.077 WARN  ~~ LOOPS: 3. ENTITY #: 1010//401. VIEW #: 5. BACKLOGGED :: 1179.000%! ~~ 
03:45:43.418 WARN  ~~ LOOPS: 3. ENTITY #: 1126//447. VIEW #: 5. BACKLOGGED :: 1115.000%! ~~ 
03:45:44.914 WARN  ~~ LOOPS: 3. ENTITY #: 1255//455. VIEW #: 5. BACKLOGGED :: 1241.000%! ~~ 
03:45:46.046 WARN  ~~ LOOPS: 2. ENTITY #: 1364//458. VIEW #: 5. BACKLOGGED :: 1297.500%! ~~ 
03:45:47.420 WARN  ~~ LOOPS: 3. ENTITY #: 1348//421. VIEW #: 5. BACKLOGGED :: 1263.000%! ~~ 
03:45:48.934 WARN  ~~ LOOPS: 2. ENTITY #: 1652//539. VIEW #: 5. BACKLOGGED :: 1563.000%! ~~ 
03:45:50.292 WARN  ~~ LOOPS: 2. ENTITY #: 1687//468. VIEW #: 5. BACKLOGGED :: 1582.500%! ~~ 
03:45:51.484 WARN  ~~ LOOPS: 2. ENTITY #: 1671//431. VIEW #: 5. BACKLOGGED :: 1570.500%! ~~ 
03:45:52.684 WARN  ~~ LOOPS: 2. ENTITY #: 1673//507. VIEW #: 5. BACKLOGGED :: 1579.500%! ~~ 
03:45:54.024 WARN  ~~ LOOPS: 2. ENTITY #: 1686//472. VIEW #: 5. BACKLOGGED :: 1779.000%! ~~ 
03:45:55.412 WARN  ~~ LOOPS: 2. ENTITY #: 1694//473. VIEW #: 5. BACKLOGGED :: 1840.500%! ~~ 
03:45:56.858 WARN  ~~ LOOPS: 2. ENTITY #: 1701//490. VIEW #: 5. BACKLOGGED :: 1921.500%! ~~ 
03:47:20.071 WARN  ~~ LOOPS: 13. ENTITY #: 1229//92. VIEW #: 1. BACKLOGGED :: 144.462%! ~~ 
03:47:21.282 WARN  ~~ LOOPS: 9. ENTITY #: 1337//137. VIEW #: 1. BACKLOGGED :: 300.000%! ~~ 
03:47:22.445 WARN  ~~ LOOPS: 6. ENTITY #: 1446//194. VIEW #: 1. BACKLOGGED :: 465.500%! ~~ 
03:47:23.585 WARN  ~~ LOOPS: 6. ENTITY #: 1562//231. VIEW #: 1. BACKLOGGED :: 458.000%! ~~ 
03:47:24.756 WARN  ~~ LOOPS: 4. ENTITY #: 1631//234. VIEW #: 1. BACKLOGGED :: 763.500%! ~~ 
03:47:25.883 WARN  ~~ LOOPS: 4. ENTITY #: 1635//263. VIEW #: 1. BACKLOGGED :: 747.000%! ~~ 
03:47:27.138 WARN  ~~ LOOPS: 4. ENTITY #: 1654//272. VIEW #: 1. BACKLOGGED :: 834.000%! ~~ 
03:47:28.342 WARN  ~~ LOOPS: 4. ENTITY #: 1672//264. VIEW #: 1. BACKLOGGED :: 789.000%! ~~ 
03:47:29.385 WARN  ~~ LOOPS: 3. ENTITY #: 1681//253. VIEW #: 1. BACKLOGGED :: 931.000%! ~~ 
03:47:30.665 WARN  ~~ LOOPS: 3. ENTITY #: 1682//268. VIEW #: 1. BACKLOGGED :: 1070.000%! ~~ 
03:47:32.054 WARN  ~~ LOOPS: 3. ENTITY #: 1715//260. VIEW #: 1. BACKLOGGED :: 1278.000%! ~~ 
03:47:33.385 WARN  ~~ LOOPS: 2. ENTITY #: 1744//332. VIEW #: 1. BACKLOGGED :: 1857.000%! ~~ 
03:47:34.918 WARN  ~~ LOOPS: 2. ENTITY #: 1754//296. VIEW #: 1. BACKLOGGED :: 2175.000%! ~~ 
03:47:36.512 WARN  ~~ LOOPS: 2. ENTITY #: 1764//300. VIEW #: 1. BACKLOGGED :: 2274.000%! ~~ 
03:47:38.239 WARN  ~~ LOOPS: 2. ENTITY #: 1772//344. VIEW #: 1. BACKLOGGED :: 2466.000%! ~~ 
03:47:40.191 WARN  ~~ LOOPS: 2. ENTITY #: 1683//280. VIEW #: 1. BACKLOGGED :: 2823.000%! ~~ 
03:47:41.422 WARN  ~~ LOOPS: 2. ENTITY #: 1687//193. VIEW #: 1. BACKLOGGED :: 1719.000%! ~~ 
03:47:42.688 WARN  ~~ LOOPS: 2. ENTITY #: 1684//233. VIEW #: 1. BACKLOGGED :: 1786.500%! ~~ 
03:47:44.055 WARN  ~~ LOOPS: 2. ENTITY #: 1686//218. VIEW #: 1. BACKLOGGED :: 1918.500%! ~~ 
03:47:45.555 WARN  ~~ LOOPS: 2. ENTITY #: 1707//251. VIEW #: 1. BACKLOGGED :: 1936.500%! ~~ 
03:47:46.954 WARN  ~~ LOOPS: 2. ENTITY #: 1706//238. VIEW #: 1. BACKLOGGED :: 1977.000%! ~~ 
03:47:48.432 WARN  ~~ LOOPS: 2. ENTITY #: 1728//218. VIEW #: 1. BACKLOGGED :: 2091.000%! ~~ 
03:47:50.160 WARN  ~~ LOOPS: 2. ENTITY #: 1737//248. VIEW #: 1. BACKLOGGED :: 2479.500%! ~~ 
03:47:52.111 WARN  ~~ LOOPS: 2. ENTITY #: 1740//262. VIEW #: 1. BACKLOGGED :: 2805.000%! ~~ 
03:47:54.121 WARN  ~~ LOOPS: 2. ENTITY #: 1752//245. VIEW #: 1. BACKLOGGED :: 2898.000%! ~~ 
19:28:57.952 WARN  Malformed command packet! Player has been disconnected. 
21:16:39.899 WARN  Malformed command packet! Player has been disconnected. 
21:16:48.666 WARN  Malformed command packet! Player has been disconnected. 
21:19:44.848 WARN  ~~ LOOPS: 14. ENTITY #: 893//617. VIEW #: 7. BACKLOGGED :: 105.857%! ~~ 
21:19:45.871 WARN  ~~ LOOPS: 13. ENTITY #: 754//592. VIEW #: 7. BACKLOGGED :: 134.308%! ~~ 
21:19:52.054 WARN  ~~ LOOPS: 13. ENTITY #: 1153//755. VIEW #: 7. BACKLOGGED :: 141.462%! ~~ 
21:19:53.125 WARN  ~~ LOOPS: 10. ENTITY #: 1174//937. VIEW #: 7. BACKLOGGED :: 190.800%! ~~ 
21:19:54.248 WARN  ~~ LOOPS: 11. ENTITY #: 1357//1006. VIEW #: 7. BACKLOGGED :: 194.455%! ~~ 
21:19:55.310 WARN  ~~ LOOPS: 8. ENTITY #: 1601//1263. VIEW #: 7. BACKLOGGED :: 229.125%! ~~ 
21:19:56.415 WARN  ~~ LOOPS: 8. ENTITY #: 1743//1465. VIEW #: 7. BACKLOGGED :: 252.375%! ~~ 
21:19:57.555 WARN  ~~ LOOPS: 9. ENTITY #: 1710//1506. VIEW #: 7. BACKLOGGED :: 247.000%! ~~ 
21:19:58.808 WARN  ~~ LOOPS: 6. ENTITY #: 1705//1485. VIEW #: 7. BACKLOGGED :: 404.500%! ~~ 
21:20:00.083 WARN  ~~ LOOPS: 5. ENTITY #: 1701//1475. VIEW #: 7. BACKLOGGED :: 496.200%! ~~ 
21:20:01.422 WARN  ~~ LOOPS: 5. ENTITY #: 1699//1468. VIEW #: 7. BACKLOGGED :: 519.000%! ~~ 
21:20:02.713 WARN  ~~ LOOPS: 4. ENTITY #: 1702//1473. VIEW #: 7. BACKLOGGED :: 529.500%! ~~ 
21:20:03.884 WARN  ~~ LOOPS: 7. ENTITY #: 1703//1493. VIEW #: 7. BACKLOGGED :: 348.429%! ~~ 
21:20:05.105 WARN  ~~ LOOPS: 7. ENTITY #: 1697//1488. VIEW #: 7. BACKLOGGED :: 336.429%! ~~ 
21:20:06.242 WARN  ~~ LOOPS: 6. ENTITY #: 1691//1480. VIEW #: 6. BACKLOGGED :: 366.500%! ~~ 
21:20:07.446 WARN  ~~ LOOPS: 6. ENTITY #: 1621//1454. VIEW #: 5. BACKLOGGED :: 404.500%! ~~ 
21:20:08.545 WARN  ~~ LOOPS: 6. ENTITY #: 1485//1301. VIEW #: 5. BACKLOGGED :: 385.000%! ~~ 
21:20:09.631 WARN  ~~ LOOPS: 6. ENTITY #: 1367//1185. VIEW #: 5. BACKLOGGED :: 324.000%! ~~ 
21:20:10.684 WARN  ~~ LOOPS: 10. ENTITY #: 1158//1014. VIEW #: 6. BACKLOGGED :: 200.700%! ~~ 
21:20:11.789 WARN  ~~ LOOPS: 14. ENTITY #: 1080//853. VIEW #: 5. BACKLOGGED :: 123.643%! ~~ 
21:20:12.838 WARN  ~~ LOOPS: 14. ENTITY #: 725//682. VIEW #: 6. BACKLOGGED :: 123.643%! ~~ 
21:33:09.502 WARN  ~~ LOOPS: 11. ENTITY #: 676//306. VIEW #: 7. BACKLOGGED :: 127.091%! ~~ 
21:36:31.695 WARN  ~~ LOOPS: 15. ENTITY #: 880//503. VIEW #: 8. BACKLOGGED :: 101.600%! ~~ 
21:36:32.734 WARN  ~~ LOOPS: 13. ENTITY #: 930//555. VIEW #: 8. BACKLOGGED :: 127.154%! ~~ 
21:36:33.922 WARN  ~~ LOOPS: 13. ENTITY #: 965//594. VIEW #: 8. BACKLOGGED :: 118.615%! ~~ 
21:36:34.982 WARN  ~~ LOOPS: 12. ENTITY #: 954//609. VIEW #: 8. BACKLOGGED :: 137.750%! ~~ 
21:36:36.014 WARN  ~~ LOOPS: 14. ENTITY #: 848//538. VIEW #: 8. BACKLOGGED :: 112.071%! ~~ 
21:36:37.075 WARN  ~~ LOOPS: 15. ENTITY #: 788//470. VIEW #: 8. BACKLOGGED :: 109.000%! ~~ 
21:36:44.376 WARN  ~~ LOOPS: 14. ENTITY #: 830//466. VIEW #: 8. BACKLOGGED :: 111.643%! ~~ 
21:36:45.413 WARN  ~~ LOOPS: 14. ENTITY #: 848//491. VIEW #: 8. BACKLOGGED :: 101.786%! ~~ 
21:36:46.469 WARN  ~~ LOOPS: 15. ENTITY #: 828//487. VIEW #: 8. BACKLOGGED :: 109.400%! ~~ 
21:36:47.507 WARN  ~~ LOOPS: 14. ENTITY #: 789//462. VIEW #: 8. BACKLOGGED :: 110.143%! ~~ 
21:36:53.803 WARN  ~~ LOOPS: 14. ENTITY #: 865//498. VIEW #: 8. BACKLOGGED :: 106.929%! ~~ 
21:36:54.889 WARN  ~~ LOOPS: 15. ENTITY #: 938//559. VIEW #: 8. BACKLOGGED :: 113.000%! ~~ 
21:36:55.968 WARN  ~~ LOOPS: 11. ENTITY #: 966//610. VIEW #: 8. BACKLOGGED :: 126.545%! ~~ 
21:36:57.017 WARN  ~~ LOOPS: 12. ENTITY #: 995//639. VIEW #: 8. BACKLOGGED :: 142.500%! ~~ 
21:36:58.085 WARN  ~~ LOOPS: 13. ENTITY #: 1006//656. VIEW #: 7. BACKLOGGED :: 137.308%! ~~ 
21:36:59.130 WARN  ~~ LOOPS: 13. ENTITY #: 981//645. VIEW #: 6. BACKLOGGED :: 123.000%! ~~ 
21:37:00.176 WARN  ~~ LOOPS: 12. ENTITY #: 982//643. VIEW #: 6. BACKLOGGED :: 141.500%! ~~ 
21:37:01.239 WARN  ~~ LOOPS: 12. ENTITY #: 982//641. VIEW #: 6. BACKLOGGED :: 139.250%! ~~ 
21:37:02.316 WARN  ~~ LOOPS: 13. ENTITY #: 980//638. VIEW #: 6. BACKLOGGED :: 140.308%! ~~ 
21:37:03.362 WARN  ~~ LOOPS: 10. ENTITY #: 734//545. VIEW #: 6. BACKLOGGED :: 149.100%! ~~ 
21:37:17.541 ERROR read ECONNRESET
Error: read ECONNRESET
    at _errnoException (util.js:1019:11)
    at TCP.onread (net.js:608:25) 
21:40:00.182 WARN  ~~ LOOPS: 14. ENTITY #: 968//605. VIEW #: 6. BACKLOGGED :: 116.357%! ~~ 
21:40:01.258 WARN  ~~ LOOPS: 13. ENTITY #: 971//627. VIEW #: 6. BACKLOGGED :: 134.077%! ~~ 
21:40:02.312 WARN  ~~ LOOPS: 12. ENTITY #: 908//593. VIEW #: 6. BACKLOGGED :: 135.750%! ~~ 
21:40:03.376 WARN  ~~ LOOPS: 10. ENTITY #: 843//522. VIEW #: 6. BACKLOGGED :: 127.500%! ~~ 
21:40:31.253 WARN  ~~ LOOPS: 11. ENTITY #: 793//452. VIEW #: 6. BACKLOGGED :: 107.455%! ~~ 
21:40:32.288 WARN  ~~ LOOPS: 14. ENTITY #: 827//506. VIEW #: 6. BACKLOGGED :: 115.929%! ~~ 
21:40:33.333 WARN  ~~ LOOPS: 14. ENTITY #: 784//496. VIEW #: 6. BACKLOGGED :: 111.429%! ~~ 
21:40:53.469 WARN  ~~ LOOPS: 6. ENTITY #: 611//285. VIEW #: 6. BACKLOGGED :: 145.000%! ~~ 
21:40:54.513 WARN  ~~ LOOPS: 8. ENTITY #: 609//290. VIEW #: 6. BACKLOGGED :: 240.750%! ~~ 
21:40:55.636 WARN  ~~ LOOPS: 10. ENTITY #: 606//295. VIEW #: 6. BACKLOGGED :: 112.500%! ~~ 
21:40:56.830 WARN  ~~ LOOPS: 6. ENTITY #: 603//293. VIEW #: 6. BACKLOGGED :: 356.500%! ~~ 
21:40:58.028 WARN  ~~ LOOPS: 7. ENTITY #: 587//284. VIEW #: 6. BACKLOGGED :: 227.143%! ~~ 
21:40:59.619 WARN  ~~ LOOPS: 5. ENTITY #: 574//266. VIEW #: 6. BACKLOGGED :: 163.200%! ~~ 
21:41:01.230 WARN  ~~ LOOPS: 3. ENTITY #: 571//263. VIEW #: 6. BACKLOGGED :: 770.000%! ~~ 
21:41:02.634 WARN  ~~ LOOPS: 4. ENTITY #: 556//255. VIEW #: 6. BACKLOGGED :: 315.750%! ~~ 
21:41:04.025 WARN  ~~ LOOPS: 4. ENTITY #: 546//244. VIEW #: 6. BACKLOGGED :: 441.000%! ~~ 
21:41:05.073 WARN  ~~ LOOPS: 7. ENTITY #: 526//234. VIEW #: 6. BACKLOGGED :: 173.571%! ~~ 
21:41:10.324 WARN  ~~ LOOPS: 13. ENTITY #: 510//239. VIEW #: 6. BACKLOGGED :: 122.077%! ~~ 
21:41:15.035 WARN  ~~ LOOPS: 2. ENTITY #: 496//238. VIEW #: 6. BACKLOGGED :: 1152.000%! ~~ 
21:41:27.471 WARN  ~~ LOOPS: 14. ENTITY #: 505//195. VIEW #: 6. BACKLOGGED :: 108.214%! ~~ 
21:41:32.658 WARN  ~~ LOOPS: 12. ENTITY #: 492//213. VIEW #: 6. BACKLOGGED :: 125.250%! ~~ 
21:41:33.677 WARN  ~~ LOOPS: 14. ENTITY #: 493//196. VIEW #: 6. BACKLOGGED :: 110.357%! ~~ 
21:41:54.516 WARN  ~~ LOOPS: 14. ENTITY #: 495//289. VIEW #: 6. BACKLOGGED :: 121.071%! ~~ 
21:41:55.655 WARN  ~~ LOOPS: 12. ENTITY #: 512//289. VIEW #: 6. BACKLOGGED :: 156.500%! ~~ 
21:41:56.672 WARN  ~~ LOOPS: 12. ENTITY #: 521//309. VIEW #: 6. BACKLOGGED :: 120.750%! ~~ 
21:41:57.702 WARN  ~~ LOOPS: 13. ENTITY #: 535//324. VIEW #: 6. BACKLOGGED :: 126.231%! ~~ 
21:41:58.724 WARN  ~~ LOOPS: 12. ENTITY #: 542//336. VIEW #: 6. BACKLOGGED :: 129.750%! ~~ 
21:41:59.852 WARN  ~~ LOOPS: 13. ENTITY #: 559//352. VIEW #: 6. BACKLOGGED :: 137.077%! ~~ 
21:42:00.881 WARN  ~~ LOOPS: 11. ENTITY #: 561//363. VIEW #: 6. BACKLOGGED :: 171.273%! ~~ 
21:42:02.053 WARN  ~~ LOOPS: 10. ENTITY #: 562//367. VIEW #: 6. BACKLOGGED :: 172.800%! ~~ 
21:42:03.072 WARN  ~~ LOOPS: 10. ENTITY #: 528//345. VIEW #: 6. BACKLOGGED :: 128.400%! ~~ 
21:42:04.082 WARN  ~~ LOOPS: 11. ENTITY #: 538//342. VIEW #: 6. BACKLOGGED :: 143.727%! ~~ 
21:42:05.103 WARN  ~~ LOOPS: 10. ENTITY #: 548//361. VIEW #: 6. BACKLOGGED :: 147.300%! ~~ 
21:42:06.251 WARN  ~~ LOOPS: 11. ENTITY #: 562//386. VIEW #: 6. BACKLOGGED :: 143.727%! ~~ 
21:42:07.287 WARN  ~~ LOOPS: 9. ENTITY #: 577//410. VIEW #: 6. BACKLOGGED :: 200.000%! ~~ 
21:42:08.423 WARN  ~~ LOOPS: 9. ENTITY #: 593//433. VIEW #: 6. BACKLOGGED :: 166.333%! ~~ 
21:42:09.471 WARN  ~~ LOOPS: 10. ENTITY #: 602//453. VIEW #: 6. BACKLOGGED :: 213.900%! ~~ 
21:42:10.627 WARN  ~~ LOOPS: 9. ENTITY #: 609//470. VIEW #: 6. BACKLOGGED :: 210.000%! ~~ 
21:42:11.666 WARN  ~~ LOOPS: 9. ENTITY #: 614//469. VIEW #: 6. BACKLOGGED :: 151.333%! ~~ 
21:42:12.703 WARN  ~~ LOOPS: 7. ENTITY #: 627//470. VIEW #: 6. BACKLOGGED :: 234.000%! ~~ 
21:42:13.869 WARN  ~~ LOOPS: 8. ENTITY #: 636//492. VIEW #: 6. BACKLOGGED :: 241.875%! ~~ 
21:42:55.442 WARN  ~~ LOOPS: 7. ENTITY #: 239//22. VIEW #: 3. BACKLOGGED :: 136.714%! ~~ 
21:49:57.235 WARN  ~~ LOOPS: 9. ENTITY #: 770//431. VIEW #: 5. BACKLOGGED :: 175.333%! ~~ 
21:49:58.288 WARN  ~~ LOOPS: 9. ENTITY #: 879//541. VIEW #: 5. BACKLOGGED :: 220.667%! ~~ 
21:49:59.421 WARN  ~~ LOOPS: 7. ENTITY #: 869//581. VIEW #: 5. BACKLOGGED :: 198.857%! ~~ 
21:50:00.483 WARN  ~~ LOOPS: 10. ENTITY #: 874//566. VIEW #: 5. BACKLOGGED :: 151.200%! ~~ 
21:50:01.646 WARN  ~~ LOOPS: 9. ENTITY #: 885//555. VIEW #: 5. BACKLOGGED :: 256.000%! ~~ 
21:50:05.838 WARN  ~~ LOOPS: 11. ENTITY #: 682//348. VIEW #: 5. BACKLOGGED :: 114.000%! ~~ 
21:50:06.839 WARN  ~~ LOOPS: 12. ENTITY #: 699//344. VIEW #: 5. BACKLOGGED :: 102.750%! ~~ 
21:50:07.857 WARN  ~~ LOOPS: 11. ENTITY #: 619//329. VIEW #: 5. BACKLOGGED :: 152.182%! ~~ 
21:50:36.641 WARN  ~~ LOOPS: 9. ENTITY #: 686//281. VIEW #: 5. BACKLOGGED :: 227.667%! ~~ 
21:50:38.694 WARN  ~~ LOOPS: 13. ENTITY #: 678//284. VIEW #: 5. BACKLOGGED :: 109.154%! ~~ 
21:50:44.933 WARN  ~~ LOOPS: 12. ENTITY #: 604//219. VIEW #: 5. BACKLOGGED :: 112.750%! ~~ 
21:50:58.277 WARN  ~~ LOOPS: 10. ENTITY #: 683//260. VIEW #: 5. BACKLOGGED :: 149.400%! ~~ 
21:50:59.305 WARN  ~~ LOOPS: 13. ENTITY #: 669//278. VIEW #: 5. BACKLOGGED :: 125.077%! ~~ 
21:51:00.324 WARN  ~~ LOOPS: 12. ENTITY #: 711//286. VIEW #: 5. BACKLOGGED :: 122.000%! ~~ 
21:51:01.432 WARN  ~~ LOOPS: 12. ENTITY #: 744//314. VIEW #: 5. BACKLOGGED :: 136.750%! ~~ 
21:51:02.470 WARN  ~~ LOOPS: 10. ENTITY #: 776//344. VIEW #: 5. BACKLOGGED :: 123.000%! ~~ 
21:51:03.513 WARN  ~~ LOOPS: 9. ENTITY #: 809//381. VIEW #: 5. BACKLOGGED :: 128.667%! ~~ 
21:51:04.626 WARN  ~~ LOOPS: 11. ENTITY #: 813//378. VIEW #: 5. BACKLOGGED :: 111.818%! ~~ 
21:51:05.652 WARN  ~~ LOOPS: 12. ENTITY #: 797//366. VIEW #: 5. BACKLOGGED :: 123.250%! ~~ 
21:51:06.672 WARN  ~~ LOOPS: 8. ENTITY #: 830//366. VIEW #: 5. BACKLOGGED :: 109.875%! ~~ 
21:51:07.830 WARN  ~~ LOOPS: 9. ENTITY #: 806//367. VIEW #: 5. BACKLOGGED :: 171.333%! ~~ 
21:51:09.043 WARN  ~~ LOOPS: 9. ENTITY #: 694//357. VIEW #: 5. BACKLOGGED :: 229.333%! ~~ 
21:51:10.075 WARN  ~~ LOOPS: 13. ENTITY #: 682//232. VIEW #: 5. BACKLOGGED :: 140.538%! ~~ 
21:51:20.448 WARN  ~~ LOOPS: 9. ENTITY #: 853//312. VIEW #: 5. BACKLOGGED :: 139.333%! ~~ 
21:51:21.491 WARN  ~~ LOOPS: 5. ENTITY #: 974//429. VIEW #: 5. BACKLOGGED :: 181.200%! ~~ 
21:51:22.654 WARN  ~~ LOOPS: 7. ENTITY #: 981//474. VIEW #: 6. BACKLOGGED :: 291.857%! ~~ 
21:51:23.678 WARN  ~~ LOOPS: 4. ENTITY #: 910//468. VIEW #: 6. BACKLOGGED :: 529.500%! ~~ 
21:51:24.829 WARN  ~~ LOOPS: 8. ENTITY #: 926//429. VIEW #: 6. BACKLOGGED :: 135.000%! ~~ 
21:51:26.042 WARN  ~~ LOOPS: 10. ENTITY #: 934//434. VIEW #: 6. BACKLOGGED :: 143.100%! ~~ 
21:51:27.062 WARN  ~~ LOOPS: 9. ENTITY #: 935//435. VIEW #: 6. BACKLOGGED :: 239.333%! ~~ 
21:51:28.082 WARN  ~~ LOOPS: 8. ENTITY #: 957//432. VIEW #: 6. BACKLOGGED :: 234.000%! ~~ 
21:51:29.233 WARN  ~~ LOOPS: 9. ENTITY #: 974//436. VIEW #: 6. BACKLOGGED :: 210.000%! ~~ 
21:51:30.256 WARN  ~~ LOOPS: 9. ENTITY #: 967//422. VIEW #: 6. BACKLOGGED :: 238.333%! ~~ 
21:51:31.425 WARN  ~~ LOOPS: 7. ENTITY #: 946//401. VIEW #: 6. BACKLOGGED :: 122.571%! ~~ 
21:51:32.463 WARN  ~~ LOOPS: 9. ENTITY #: 958//384. VIEW #: 6. BACKLOGGED :: 109.667%! ~~ 
21:51:33.618 WARN  ~~ LOOPS: 9. ENTITY #: 926//380. VIEW #: 6. BACKLOGGED :: 252.667%! ~~ 
21:51:35.039 WARN  ~~ LOOPS: 9. ENTITY #: 933//339. VIEW #: 6. BACKLOGGED :: 162.333%! ~~ 
21:51:36.061 WARN  ~~ LOOPS: 7. ENTITY #: 771//255. VIEW #: 6. BACKLOGGED :: 282.857%! ~~ 
21:51:45.300 WARN  ~~ LOOPS: 13. ENTITY #: 845//203. VIEW #: 6. BACKLOGGED :: 116.538%! ~~ 
21:51:46.434 WARN  ~~ LOOPS: 10. ENTITY #: 939//293. VIEW #: 6. BACKLOGGED :: 123.900%! ~~ 
21:51:47.463 WARN  ~~ LOOPS: 7. ENTITY #: 1096//404. VIEW #: 7. BACKLOGGED :: 280.714%! ~~ 
21:51:48.504 WARN  ~~ LOOPS: 7. ENTITY #: 1116//492. VIEW #: 7. BACKLOGGED :: 314.571%! ~~ 
21:51:49.663 WARN  ~~ LOOPS: 6. ENTITY #: 1200//535. VIEW #: 7. BACKLOGGED :: 336.000%! ~~ 
21:51:50.821 WARN  ~~ LOOPS: 6. ENTITY #: 1212//592. VIEW #: 7. BACKLOGGED :: 289.500%! ~~ 
21:51:51.875 WARN  ~~ LOOPS: 5. ENTITY #: 1142//530. VIEW #: 7. BACKLOGGED :: 447.000%! ~~ 
21:51:53.053 WARN  ~~ LOOPS: 6. ENTITY #: 1110//500. VIEW #: 7. BACKLOGGED :: 301.500%! ~~ 
21:51:54.087 WARN  ~~ LOOPS: 6. ENTITY #: 1034//421. VIEW #: 7. BACKLOGGED :: 298.500%! ~~ 
21:51:55.107 WARN  ~~ LOOPS: 8. ENTITY #: 778//140. VIEW #: 7. BACKLOGGED :: 281.250%! ~~ 
21:52:13.836 WARN  ~~ LOOPS: 9. ENTITY #: 1017//328. VIEW #: 6. BACKLOGGED :: 206.000%! ~~ 
21:52:15.018 WARN  ~~ LOOPS: 7. ENTITY #: 1176//467. VIEW #: 6. BACKLOGGED :: 189.857%! ~~ 
21:52:16.237 WARN  ~~ LOOPS: 5. ENTITY #: 1341//625. VIEW #: 6. BACKLOGGED :: 429.000%! ~~ 
21:52:17.424 WARN  ~~ LOOPS: 6. ENTITY #: 1447//754. VIEW #: 6. BACKLOGGED :: 241.500%! ~~ 
21:52:18.618 WARN  ~~ LOOPS: 4. ENTITY #: 1441//804. VIEW #: 6. BACKLOGGED :: 495.000%! ~~ 
21:52:19.667 WARN  ~~ LOOPS: 6. ENTITY #: 1454//803. VIEW #: 6. BACKLOGGED :: 298.000%! ~~ 
21:52:20.825 WARN  ~~ LOOPS: 5. ENTITY #: 1461//808. VIEW #: 6. BACKLOGGED :: 450.000%! ~~ 
21:52:22.073 WARN  ~~ LOOPS: 6. ENTITY #: 1469//814. VIEW #: 6. BACKLOGGED :: 451.000%! ~~ 
21:52:23.242 WARN  ~~ LOOPS: 6. ENTITY #: 1491//817. VIEW #: 6. BACKLOGGED :: 349.500%! ~~ 
21:52:24.435 WARN  ~~ LOOPS: 5. ENTITY #: 1495//822. VIEW #: 6. BACKLOGGED :: 312.600%! ~~ 
21:52:25.669 WARN  ~~ LOOPS: 6. ENTITY #: 1501//826. VIEW #: 6. BACKLOGGED :: 373.000%! ~~ 
21:52:26.864 WARN  ~~ LOOPS: 6. ENTITY #: 1504//823. VIEW #: 6. BACKLOGGED :: 366.000%! ~~ 
21:52:27.905 WARN  ~~ LOOPS: 4. ENTITY #: 1498//805. VIEW #: 6. BACKLOGGED :: 613.500%! ~~ 
21:52:29.282 WARN  ~~ LOOPS: 7. ENTITY #: 1472//793. VIEW #: 6. BACKLOGGED :: 346.714%! ~~ 
21:52:30.486 WARN  ~~ LOOPS: 6. ENTITY #: 1437//753. VIEW #: 6. BACKLOGGED :: 395.500%! ~~ 
21:52:31.683 WARN  ~~ LOOPS: 5. ENTITY #: 1389//700. VIEW #: 6. BACKLOGGED :: 612.000%! ~~ 
21:52:33.060 WARN  ~~ LOOPS: 6. ENTITY #: 1327//646. VIEW #: 6. BACKLOGGED :: 519.000%! ~~ 
21:52:34.454 WARN  ~~ LOOPS: 2. ENTITY #: 925//410. VIEW #: 6. BACKLOGGED :: 1527.000%! ~~ 
21:52:35.474 WARN  ~~ LOOPS: 11. ENTITY #: 923//213. VIEW #: 6. BACKLOGGED :: 127.364%! ~~ 
21:52:38.646 WARN  ~~ LOOPS: 14. ENTITY #: 921//212. VIEW #: 6. BACKLOGGED :: 103.500%! ~~ 
21:52:43.892 WARN  ~~ LOOPS: 12. ENTITY #: 923//206. VIEW #: 6. BACKLOGGED :: 101.250%! ~~ 
21:52:44.921 WARN  ~~ LOOPS: 12. ENTITY #: 922//202. VIEW #: 6. BACKLOGGED :: 105.000%! ~~ 
21:52:46.021 WARN  ~~ LOOPS: 13. ENTITY #: 922//193. VIEW #: 6. BACKLOGGED :: 102.692%! ~~ 
21:52:47.051 WARN  ~~ LOOPS: 14. ENTITY #: 922//196. VIEW #: 6. BACKLOGGED :: 104.143%! ~~ 
21:52:48.073 WARN  ~~ LOOPS: 12. ENTITY #: 923//194. VIEW #: 6. BACKLOGGED :: 126.500%! ~~ 
21:53:15.285 WARN  ~~ LOOPS: 11. ENTITY #: 982//178. VIEW #: 6. BACKLOGGED :: 105.273%! ~~ 
21:53:16.423 WARN  ~~ LOOPS: 11. ENTITY #: 982//189. VIEW #: 6. BACKLOGGED :: 146.455%! ~~ 
21:53:17.479 WARN  ~~ LOOPS: 13. ENTITY #: 982//187. VIEW #: 6. BACKLOGGED :: 109.154%! ~~ 
21:53:18.506 WARN  ~~ LOOPS: 9. ENTITY #: 982//184. VIEW #: 6. BACKLOGGED :: 163.333%! ~~ 
21:53:19.657 WARN  ~~ LOOPS: 12. ENTITY #: 984//196. VIEW #: 6. BACKLOGGED :: 100.500%! ~~ 
21:53:20.659 WARN  ~~ LOOPS: 11. ENTITY #: 985//194. VIEW #: 6. BACKLOGGED :: 138.545%! ~~ 
21:53:21.896 WARN  ~~ LOOPS: 5. ENTITY #: 984//190. VIEW #: 6. BACKLOGGED :: 236.400%! ~~ 
21:53:23.030 WARN  ~~ LOOPS: 8. ENTITY #: 985//169. VIEW #: 6. BACKLOGGED :: 191.625%! ~~ 
21:53:24.045 WARN  ~~ LOOPS: 10. ENTITY #: 985//180. VIEW #: 6. BACKLOGGED :: 115.200%! ~~ 
21:53:25.218 WARN  ~~ LOOPS: 12. ENTITY #: 984//174. VIEW #: 6. BACKLOGGED :: 100.250%! ~~ 
21:53:29.632 WARN  ~~ LOOPS: 9. ENTITY #: 977//172. VIEW #: 6. BACKLOGGED :: 120.333%! ~~ 
21:53:30.665 WARN  ~~ LOOPS: 6. ENTITY #: 972//163. VIEW #: 6. BACKLOGGED :: 162.500%! ~~ 
21:53:31.696 WARN  ~~ LOOPS: 9. ENTITY #: 957//177. VIEW #: 6. BACKLOGGED :: 135.000%! ~~ 
21:53:32.831 WARN  ~~ LOOPS: 12. ENTITY #: 899//132. VIEW #: 6. BACKLOGGED :: 147.000%! ~~ 
21:53:39.469 WARN  ~~ LOOPS: 13. ENTITY #: 942//223. VIEW #: 6. BACKLOGGED :: 101.538%! ~~ 
21:53:45.840 WARN  ~~ LOOPS: 13. ENTITY #: 923//177. VIEW #: 6. BACKLOGGED :: 128.769%! ~~ 
21:53:54.273 WARN  ~~ LOOPS: 14. ENTITY #: 913//202. VIEW #: 6. BACKLOGGED :: 101.357%! ~~ 
21:54:03.710 WARN  ~~ LOOPS: 14. ENTITY #: 921//257. VIEW #: 6. BACKLOGGED :: 116.357%! ~~ 
21:54:07.083 WARN  ~~ LOOPS: 10. ENTITY #: 941//309. VIEW #: 6. BACKLOGGED :: 144.000%! ~~ 
21:54:08.114 WARN  ~~ LOOPS: 12. ENTITY #: 932//293. VIEW #: 6. BACKLOGGED :: 126.750%! ~~ 
21:54:10.280 WARN  ~~ LOOPS: 12. ENTITY #: 931//315. VIEW #: 6. BACKLOGGED :: 107.750%! ~~ 
21:54:11.316 WARN  ~~ LOOPS: 11. ENTITY #: 929//372. VIEW #: 6. BACKLOGGED :: 114.273%! ~~ 
21:54:12.434 WARN  ~~ LOOPS: 12. ENTITY #: 931//445. VIEW #: 6. BACKLOGGED :: 155.000%! ~~ 
21:54:13.469 WARN  ~~ LOOPS: 13. ENTITY #: 930//455. VIEW #: 6. BACKLOGGED :: 109.154%! ~~ 
21:54:14.504 WARN  ~~ LOOPS: 11. ENTITY #: 927//450. VIEW #: 6. BACKLOGGED :: 104.182%! ~~ 
21:54:15.622 WARN  ~~ LOOPS: 12. ENTITY #: 924//419. VIEW #: 6. BACKLOGGED :: 113.000%! ~~ 
21:54:17.823 WARN  ~~ LOOPS: 10. ENTITY #: 959//414. VIEW #: 6. BACKLOGGED :: 153.600%! ~~ 
21:54:18.884 WARN  ~~ LOOPS: 7. ENTITY #: 989//519. VIEW #: 6. BACKLOGGED :: 156.857%! ~~ 
21:54:20.057 WARN  ~~ LOOPS: 8. ENTITY #: 1025//567. VIEW #: 6. BACKLOGGED :: 172.875%! ~~ 
21:54:21.244 WARN  ~~ LOOPS: 8. ENTITY #: 1048//597. VIEW #: 6. BACKLOGGED :: 199.500%! ~~ 
21:54:22.420 WARN  ~~ LOOPS: 7. ENTITY #: 1086//608. VIEW #: 6. BACKLOGGED :: 182.571%! ~~ 
21:54:23.460 WARN  ~~ LOOPS: 8. ENTITY #: 1113//655. VIEW #: 6. BACKLOGGED :: 166.500%! ~~ 
21:54:24.494 WARN  ~~ LOOPS: 8. ENTITY #: 1137//675. VIEW #: 6. BACKLOGGED :: 208.125%! ~~ 
21:54:25.654 WARN  ~~ LOOPS: 7. ENTITY #: 1171//692. VIEW #: 6. BACKLOGGED :: 228.000%! ~~ 
21:54:26.834 WARN  ~~ LOOPS: 6. ENTITY #: 1200//711. VIEW #: 6. BACKLOGGED :: 328.000%! ~~ 
21:54:27.890 WARN  ~~ LOOPS: 6. ENTITY #: 1222//732. VIEW #: 6. BACKLOGGED :: 221.500%! ~~ 
21:54:29.052 WARN  ~~ LOOPS: 4. ENTITY #: 1232//756. VIEW #: 6. BACKLOGGED :: 207.000%! ~~ 
21:54:30.254 WARN  ~~ LOOPS: 6. ENTITY #: 1271//775. VIEW #: 6. BACKLOGGED :: 284.500%! ~~ 
21:54:31.470 WARN  ~~ LOOPS: 6. ENTITY #: 1231//795. VIEW #: 6. BACKLOGGED :: 484.000%! ~~ 
21:54:32.828 WARN  ~~ LOOPS: 6. ENTITY #: 1229//754. VIEW #: 6. BACKLOGGED :: 332.500%! ~~ 
21:54:34.046 WARN  ~~ LOOPS: 6. ENTITY #: 1229//735. VIEW #: 6. BACKLOGGED :: 234.500%! ~~ 
21:54:35.229 WARN  ~~ LOOPS: 6. ENTITY #: 1229//730. VIEW #: 6. BACKLOGGED :: 215.500%! ~~ 
21:54:36.433 WARN  ~~ LOOPS: 6. ENTITY #: 1228//728. VIEW #: 6. BACKLOGGED :: 159.500%! ~~ 
21:54:37.496 WARN  ~~ LOOPS: 6. ENTITY #: 1227//718. VIEW #: 6. BACKLOGGED :: 202.000%! ~~ 
21:54:38.680 WARN  ~~ LOOPS: 6. ENTITY #: 1228//719. VIEW #: 6. BACKLOGGED :: 336.000%! ~~ 
21:54:40.062 WARN  ~~ LOOPS: 6. ENTITY #: 1228//718. VIEW #: 6. BACKLOGGED :: 346.000%! ~~ 
21:54:41.080 WARN  ~~ LOOPS: 6. ENTITY #: 1226//703. VIEW #: 6. BACKLOGGED :: 250.500%! ~~ 
21:54:42.263 WARN  ~~ LOOPS: 7. ENTITY #: 1224//717. VIEW #: 6. BACKLOGGED :: 251.571%! ~~ 
21:54:43.459 WARN  ~~ LOOPS: 7. ENTITY #: 1224//760. VIEW #: 6. BACKLOGGED :: 231.857%! ~~ 
21:54:44.467 WARN  ~~ LOOPS: 5. ENTITY #: 1223//758. VIEW #: 6. BACKLOGGED :: 438.000%! ~~ 
21:54:45.484 WARN  ~~ LOOPS: 7. ENTITY #: 1219//763. VIEW #: 6. BACKLOGGED :: 229.286%! ~~ 
22:21:39.373 WARN  Malformed command packet! Player has been disconnected. 
22:21:39.373 WARN  Malformed command packet! Player has been disconnected. 
22:21:39.373 WARN  Malformed command packet! Player has been disconnected. 
22:21:39.427 WARN  Malformed command packet! Player has been disconnected. 
22:35:33.389 WARN  ~~ LOOPS: 15. ENTITY #: 755//618. VIEW #: 7. BACKLOGGED :: 102.200%! ~~ 
22:35:34.415 WARN  ~~ LOOPS: 14. ENTITY #: 791//642. VIEW #: 7. BACKLOGGED :: 105.429%! ~~ 
22:35:35.454 WARN  ~~ LOOPS: 14. ENTITY #: 791//668. VIEW #: 7. BACKLOGGED :: 103.286%! ~~ 
22:35:51.014 WARN  ~~ LOOPS: 15. ENTITY #: 816//706. VIEW #: 7. BACKLOGGED :: 103.400%! ~~ 
22:37:21.380 WARN  ~~ LOOPS: 15. ENTITY #: 770//634. VIEW #: 9. BACKLOGGED :: 100.800%! ~~ 
22:37:23.469 WARN  ~~ LOOPS: 15. ENTITY #: 781//638. VIEW #: 9. BACKLOGGED :: 110.400%! ~~ 
22:37:29.708 WARN  ~~ LOOPS: 15. ENTITY #: 788//648. VIEW #: 9. BACKLOGGED :: 102.600%! ~~ 
22:37:44.224 WARN  ~~ LOOPS: 15. ENTITY #: 838//689. VIEW #: 9. BACKLOGGED :: 101.800%! ~~ 
22:37:45.280 WARN  ~~ LOOPS: 15. ENTITY #: 858//716. VIEW #: 9. BACKLOGGED :: 104.800%! ~~ 
22:38:09.107 WARN  ~~ LOOPS: 12. ENTITY #: 770//579. VIEW #: 9. BACKLOGGED :: 152.250%! ~~ 
22:38:16.344 WARN  ~~ LOOPS: 15. ENTITY #: 859//661. VIEW #: 10. BACKLOGGED :: 102.800%! ~~ 
22:38:17.379 WARN  ~~ LOOPS: 15. ENTITY #: 878//671. VIEW #: 10. BACKLOGGED :: 103.200%! ~~ 
22:38:19.463 WARN  ~~ LOOPS: 15. ENTITY #: 908//722. VIEW #: 10. BACKLOGGED :: 101.400%! ~~ 
22:38:20.489 WARN  ~~ LOOPS: 15. ENTITY #: 879//715. VIEW #: 10. BACKLOGGED :: 102.600%! ~~ 
22:38:22.634 WARN  ~~ LOOPS: 14. ENTITY #: 866//689. VIEW #: 10. BACKLOGGED :: 112.286%! ~~ 
22:38:23.700 WARN  ~~ LOOPS: 15. ENTITY #: 888//692. VIEW #: 10. BACKLOGGED :: 102.200%! ~~ 
22:38:24.706 WARN  ~~ LOOPS: 14. ENTITY #: 889//718. VIEW #: 10. BACKLOGGED :: 104.571%! ~~ 
22:38:25.759 WARN  ~~ LOOPS: 14. ENTITY #: 871//719. VIEW #: 10. BACKLOGGED :: 112.714%! ~~ 
22:38:26.806 WARN  ~~ LOOPS: 15. ENTITY #: 875//709. VIEW #: 9. BACKLOGGED :: 107.200%! ~~ 
22:38:27.832 WARN  ~~ LOOPS: 14. ENTITY #: 870//703. VIEW #: 9. BACKLOGGED :: 109.929%! ~~ 
22:38:28.862 WARN  ~~ LOOPS: 14. ENTITY #: 869//703. VIEW #: 9. BACKLOGGED :: 102.429%! ~~ 
22:38:30.926 WARN  ~~ LOOPS: 15. ENTITY #: 888//701. VIEW #: 9. BACKLOGGED :: 103.600%! ~~ 
22:38:31.958 WARN  ~~ LOOPS: 14. ENTITY #: 861//715. VIEW #: 9. BACKLOGGED :: 114.643%! ~~ 
22:38:33.003 WARN  ~~ LOOPS: 14. ENTITY #: 898//695. VIEW #: 9. BACKLOGGED :: 108.857%! ~~ 
22:38:34.060 WARN  ~~ LOOPS: 15. ENTITY #: 887//727. VIEW #: 9. BACKLOGGED :: 106.400%! ~~ 
22:38:35.098 WARN  ~~ LOOPS: 15. ENTITY #: 902//732. VIEW #: 9. BACKLOGGED :: 103.600%! ~~ 
22:38:36.191 WARN  ~~ LOOPS: 15. ENTITY #: 913//733. VIEW #: 9. BACKLOGGED :: 109.600%! ~~ 
22:38:37.224 WARN  ~~ LOOPS: 14. ENTITY #: 863//727. VIEW #: 9. BACKLOGGED :: 116.143%! ~~ 
22:38:39.320 WARN  ~~ LOOPS: 12. ENTITY #: 791//646. VIEW #: 9. BACKLOGGED :: 155.250%! ~~ 
22:38:48.612 WARN  ~~ LOOPS: 15. ENTITY #: 901//712. VIEW #: 9. BACKLOGGED :: 101.800%! ~~ 
22:38:49.635 WARN  ~~ LOOPS: 15. ENTITY #: 860//691. VIEW #: 9. BACKLOGGED :: 102.000%! ~~ 
22:38:52.747 WARN  ~~ LOOPS: 15. ENTITY #: 864//669. VIEW #: 9. BACKLOGGED :: 102.200%! ~~ 
22:38:53.770 WARN  ~~ LOOPS: 14. ENTITY #: 881//707. VIEW #: 9. BACKLOGGED :: 116.357%! ~~ 
22:38:55.850 WARN  ~~ LOOPS: 15. ENTITY #: 823//664. VIEW #: 9. BACKLOGGED :: 111.200%! ~~ 
22:38:58.973 WARN  ~~ LOOPS: 14. ENTITY #: 1217//714. VIEW #: 9. BACKLOGGED :: 116.143%! ~~ 
22:39:00.059 WARN  ~~ LOOPS: 10. ENTITY #: 1799//1296. VIEW #: 9. BACKLOGGED :: 192.000%! ~~ 
22:39:01.224 WARN  ~~ LOOPS: 8. ENTITY #: 2268//1823. VIEW #: 9. BACKLOGGED :: 261.000%! ~~ 
22:39:02.419 WARN  ~~ LOOPS: 6. ENTITY #: 2616//2225. VIEW #: 9. BACKLOGGED :: 309.000%! ~~ 
